running egg_info
writing ../../../build/yolo_ros/yolo_ros.egg-info/PKG-INFO
writing dependency_links to ../../../build/yolo_ros/yolo_ros.egg-info/dependency_links.txt
writing entry points to ../../../build/yolo_ros/yolo_ros.egg-info/entry_points.txt
writing requirements to ../../../build/yolo_ros/yolo_ros.egg-info/requires.txt
writing top-level names to ../../../build/yolo_ros/yolo_ros.egg-info/top_level.txt
reading manifest file '../../../build/yolo_ros/yolo_ros.egg-info/SOURCES.txt'
writing manifest file '../../../build/yolo_ros/yolo_ros.egg-info/SOURCES.txt'
running build
running build_py
copying yolo_ros/yolo_node.py -> /home/nicks1811/muas_ros_workspace/build/yolo_ros/build/lib/yolo_ros
copying yolo_ros/debug_node.py -> /home/nicks1811/muas_ros_workspace/build/yolo_ros/build/lib/yolo_ros
copying yolo_ros/tracking_node.py -> /home/nicks1811/muas_ros_workspace/build/yolo_ros/build/lib/yolo_ros
copying yolo_ros/__init__.py -> /home/nicks1811/muas_ros_workspace/build/yolo_ros/build/lib/yolo_ros
copying yolo_ros/detect_3d_node.py -> /home/nicks1811/muas_ros_workspace/build/yolo_ros/build/lib/yolo_ros
running install
running install_lib
running install_data
copying resource/yolo_ros -> /home/nicks1811/muas_ros_workspace/install/yolo_ros/share/ament_index/resource_index/packages
copying package.xml -> /home/nicks1811/muas_ros_workspace/install/yolo_ros/share/yolo_ros
running install_egg_info
removing '/home/nicks1811/muas_ros_workspace/install/yolo_ros/lib/python3.10/site-packages/yolo_ros-0.0.0-py3.10.egg-info' (and everything under it)
Copying ../../../build/yolo_ros/yolo_ros.egg-info to /home/nicks1811/muas_ros_workspace/install/yolo_ros/lib/python3.10/site-packages/yolo_ros-0.0.0-py3.10.egg-info
running install_scripts
Installing debug_node script to /home/nicks1811/muas_ros_workspace/install/yolo_ros/lib/yolo_ros
Installing detect_3d_node script to /home/nicks1811/muas_ros_workspace/install/yolo_ros/lib/yolo_ros
Installing tracking_node script to /home/nicks1811/muas_ros_workspace/install/yolo_ros/lib/yolo_ros
Installing yolo_node script to /home/nicks1811/muas_ros_workspace/install/yolo_ros/lib/yolo_ros
writing list of installed files to '/home/nicks1811/muas_ros_workspace/build/yolo_ros/install.log'
