[0.946s] Invoking command in '/home/nicks1811/muas_ros_workspace/src/yolo_ros/yolo_ros': AMENT_PREFIX_PATH=/home/nicks1811/muas_ros_workspace/install/yolo_msgs:${AMENT_PREFIX_PATH} CMAKE_PREFIX_PATH=/home/nicks1811/muas_ros_workspace/install/yolo_msgs:${CMAKE_PREFIX_PATH} LD_LIBRARY_PATH=/home/nicks1811/muas_ros_workspace/install/yolo_msgs/lib:${LD_LIBRARY_PATH} PYTHONPATH=/home/nicks1811/muas_ros_workspace/build/yolo_ros/prefix_override:/usr/lib/python3/dist-packages/colcon_core/task/python/colcon_distutils_commands:/home/nicks1811/muas_ros_workspace/install/yolo_ros/lib/python3.10/site-packages:/home/nicks1811/muas_ros_workspace/install/yolo_msgs/local/lib/python3.10/dist-packages:${PYTHONPATH} /usr/bin/python3 -W ignore:setup.py install is deprecated -W ignore:easy_install command is deprecated setup.py egg_info --egg-base ../../../build/yolo_ros build --build-base /home/nicks1811/muas_ros_workspace/build/yolo_ros/build install --record /home/nicks1811/muas_ros_workspace/build/yolo_ros/install.log --single-version-externally-managed install_data
[1.087s] running egg_info
[1.095s] writing ../../../build/yolo_ros/yolo_ros.egg-info/PKG-INFO
[1.096s] writing dependency_links to ../../../build/yolo_ros/yolo_ros.egg-info/dependency_links.txt
[1.096s] writing entry points to ../../../build/yolo_ros/yolo_ros.egg-info/entry_points.txt
[1.096s] writing requirements to ../../../build/yolo_ros/yolo_ros.egg-info/requires.txt
[1.096s] writing top-level names to ../../../build/yolo_ros/yolo_ros.egg-info/top_level.txt
[1.113s] reading manifest file '../../../build/yolo_ros/yolo_ros.egg-info/SOURCES.txt'
[1.116s] writing manifest file '../../../build/yolo_ros/yolo_ros.egg-info/SOURCES.txt'
[1.116s] running build
[1.116s] running build_py
[1.116s] copying yolo_ros/yolo_node.py -> /home/nicks1811/muas_ros_workspace/build/yolo_ros/build/lib/yolo_ros
[1.117s] copying yolo_ros/debug_node.py -> /home/nicks1811/muas_ros_workspace/build/yolo_ros/build/lib/yolo_ros
[1.118s] copying yolo_ros/tracking_node.py -> /home/nicks1811/muas_ros_workspace/build/yolo_ros/build/lib/yolo_ros
[1.118s] copying yolo_ros/__init__.py -> /home/nicks1811/muas_ros_workspace/build/yolo_ros/build/lib/yolo_ros
[1.118s] copying yolo_ros/detect_3d_node.py -> /home/nicks1811/muas_ros_workspace/build/yolo_ros/build/lib/yolo_ros
[1.119s] running install
[1.122s] running install_lib
[1.134s] running install_data
[1.134s] copying resource/yolo_ros -> /home/nicks1811/muas_ros_workspace/install/yolo_ros/share/ament_index/resource_index/packages
[1.134s] copying package.xml -> /home/nicks1811/muas_ros_workspace/install/yolo_ros/share/yolo_ros
[1.134s] running install_egg_info
[1.143s] removing '/home/nicks1811/muas_ros_workspace/install/yolo_ros/lib/python3.10/site-packages/yolo_ros-0.0.0-py3.10.egg-info' (and everything under it)
[1.144s] Copying ../../../build/yolo_ros/yolo_ros.egg-info to /home/nicks1811/muas_ros_workspace/install/yolo_ros/lib/python3.10/site-packages/yolo_ros-0.0.0-py3.10.egg-info
[1.146s] running install_scripts
[1.220s] Installing debug_node script to /home/nicks1811/muas_ros_workspace/install/yolo_ros/lib/yolo_ros
[1.220s] Installing detect_3d_node script to /home/nicks1811/muas_ros_workspace/install/yolo_ros/lib/yolo_ros
[1.221s] Installing tracking_node script to /home/nicks1811/muas_ros_workspace/install/yolo_ros/lib/yolo_ros
[1.221s] Installing yolo_node script to /home/nicks1811/muas_ros_workspace/install/yolo_ros/lib/yolo_ros
[1.221s] writing list of installed files to '/home/nicks1811/muas_ros_workspace/build/yolo_ros/install.log'
[1.242s] Invoked command in '/home/nicks1811/muas_ros_workspace/src/yolo_ros/yolo_ros' returned '0': AMENT_PREFIX_PATH=/home/nicks1811/muas_ros_workspace/install/yolo_msgs:${AMENT_PREFIX_PATH} CMAKE_PREFIX_PATH=/home/nicks1811/muas_ros_workspace/install/yolo_msgs:${CMAKE_PREFIX_PATH} LD_LIBRARY_PATH=/home/nicks1811/muas_ros_workspace/install/yolo_msgs/lib:${LD_LIBRARY_PATH} PYTHONPATH=/home/nicks1811/muas_ros_workspace/build/yolo_ros/prefix_override:/usr/lib/python3/dist-packages/colcon_core/task/python/colcon_distutils_commands:/home/nicks1811/muas_ros_workspace/install/yolo_ros/lib/python3.10/site-packages:/home/nicks1811/muas_ros_workspace/install/yolo_msgs/local/lib/python3.10/dist-packages:${PYTHONPATH} /usr/bin/python3 -W ignore:setup.py install is deprecated -W ignore:easy_install command is deprecated setup.py egg_info --egg-base ../../../build/yolo_ros build --build-base /home/nicks1811/muas_ros_workspace/build/yolo_ros/build install --record /home/nicks1811/muas_ros_workspace/build/yolo_ros/install.log --single-version-externally-managed install_data
