[0.782s] Invoking command in '/home/nicks1811/muas_ros_workspace/src/yolo_ros/yolo_ros': AMENT_PREFIX_PATH=/home/nicks1811/muas_ros_workspace/install/yolo_msgs:${AMENT_PREFIX_PATH} CMAKE_PREFIX_PATH=/home/nicks1811/muas_ros_workspace/install/yolo_msgs:${CMAKE_PREFIX_PATH} LD_LIBRARY_PATH=/home/nicks1811/muas_ros_workspace/install/yolo_msgs/lib:${LD_LIBRARY_PATH} PYTHONPATH=/home/nicks1811/muas_ros_workspace/build/yolo_ros/prefix_override:/usr/lib/python3/dist-packages/colcon_core/task/python/colcon_distutils_commands:/home/nicks1811/muas_ros_workspace/install/yolo_ros/lib/python3.10/site-packages:/home/nicks1811/muas_ros_workspace/install/yolo_msgs/local/lib/python3.10/dist-packages:${PYTHONPATH} /usr/bin/python3 -W ignore:setup.py install is deprecated -W ignore:easy_install command is deprecated setup.py egg_info --egg-base ../../../build/yolo_ros build --build-base /home/nicks1811/muas_ros_workspace/build/yolo_ros/build install --record /home/nicks1811/muas_ros_workspace/build/yolo_ros/install.log --single-version-externally-managed install_data
[0.961s] running egg_info
[0.961s] creating ../../../build/yolo_ros/yolo_ros.egg-info
[0.971s] writing ../../../build/yolo_ros/yolo_ros.egg-info/PKG-INFO
[0.971s] writing dependency_links to ../../../build/yolo_ros/yolo_ros.egg-info/dependency_links.txt
[0.972s] writing entry points to ../../../build/yolo_ros/yolo_ros.egg-info/entry_points.txt
[0.972s] writing requirements to ../../../build/yolo_ros/yolo_ros.egg-info/requires.txt
[0.972s] writing top-level names to ../../../build/yolo_ros/yolo_ros.egg-info/top_level.txt
[0.972s] writing manifest file '../../../build/yolo_ros/yolo_ros.egg-info/SOURCES.txt'
[0.992s] reading manifest file '../../../build/yolo_ros/yolo_ros.egg-info/SOURCES.txt'
[0.992s] writing manifest file '../../../build/yolo_ros/yolo_ros.egg-info/SOURCES.txt'
[0.992s] running build
[0.992s] running build_py
[0.993s] creating /home/nicks1811/muas_ros_workspace/build/yolo_ros/build
[0.993s] creating /home/nicks1811/muas_ros_workspace/build/yolo_ros/build/lib
[0.993s] creating /home/nicks1811/muas_ros_workspace/build/yolo_ros/build/lib/yolo_ros
[0.993s] copying yolo_ros/yolo_node.py -> /home/nicks1811/muas_ros_workspace/build/yolo_ros/build/lib/yolo_ros
[0.995s] copying yolo_ros/debug_node.py -> /home/nicks1811/muas_ros_workspace/build/yolo_ros/build/lib/yolo_ros
[0.996s] copying yolo_ros/tracking_node.py -> /home/nicks1811/muas_ros_workspace/build/yolo_ros/build/lib/yolo_ros
[0.996s] copying yolo_ros/__init__.py -> /home/nicks1811/muas_ros_workspace/build/yolo_ros/build/lib/yolo_ros
[0.996s] copying yolo_ros/detect_3d_node.py -> /home/nicks1811/muas_ros_workspace/build/yolo_ros/build/lib/yolo_ros
[0.997s] running install
[1.002s] running install_lib
[1.013s] creating /home/nicks1811/muas_ros_workspace/install/yolo_ros/lib/python3.10/site-packages/yolo_ros
[1.013s] copying /home/nicks1811/muas_ros_workspace/build/yolo_ros/build/lib/yolo_ros/yolo_node.py -> /home/nicks1811/muas_ros_workspace/install/yolo_ros/lib/python3.10/site-packages/yolo_ros
[1.013s] copying /home/nicks1811/muas_ros_workspace/build/yolo_ros/build/lib/yolo_ros/debug_node.py -> /home/nicks1811/muas_ros_workspace/install/yolo_ros/lib/python3.10/site-packages/yolo_ros
[1.014s] copying /home/nicks1811/muas_ros_workspace/build/yolo_ros/build/lib/yolo_ros/tracking_node.py -> /home/nicks1811/muas_ros_workspace/install/yolo_ros/lib/python3.10/site-packages/yolo_ros
[1.014s] copying /home/nicks1811/muas_ros_workspace/build/yolo_ros/build/lib/yolo_ros/__init__.py -> /home/nicks1811/muas_ros_workspace/install/yolo_ros/lib/python3.10/site-packages/yolo_ros
[1.014s] copying /home/nicks1811/muas_ros_workspace/build/yolo_ros/build/lib/yolo_ros/detect_3d_node.py -> /home/nicks1811/muas_ros_workspace/install/yolo_ros/lib/python3.10/site-packages/yolo_ros
[1.014s] byte-compiling /home/nicks1811/muas_ros_workspace/install/yolo_ros/lib/python3.10/site-packages/yolo_ros/yolo_node.py to yolo_node.cpython-310.pyc
[1.016s] byte-compiling /home/nicks1811/muas_ros_workspace/install/yolo_ros/lib/python3.10/site-packages/yolo_ros/debug_node.py to debug_node.cpython-310.pyc
[1.018s] byte-compiling /home/nicks1811/muas_ros_workspace/install/yolo_ros/lib/python3.10/site-packages/yolo_ros/tracking_node.py to tracking_node.cpython-310.pyc
[1.020s] byte-compiling /home/nicks1811/muas_ros_workspace/install/yolo_ros/lib/python3.10/site-packages/yolo_ros/__init__.py to __init__.cpython-310.pyc
[1.020s] byte-compiling /home/nicks1811/muas_ros_workspace/install/yolo_ros/lib/python3.10/site-packages/yolo_ros/detect_3d_node.py to detect_3d_node.cpython-310.pyc
[1.022s] running install_data
[1.023s] creating /home/nicks1811/muas_ros_workspace/install/yolo_ros/share/ament_index
[1.023s] creating /home/nicks1811/muas_ros_workspace/install/yolo_ros/share/ament_index/resource_index
[1.023s] creating /home/nicks1811/muas_ros_workspace/install/yolo_ros/share/ament_index/resource_index/packages
[1.023s] copying resource/yolo_ros -> /home/nicks1811/muas_ros_workspace/install/yolo_ros/share/ament_index/resource_index/packages
[1.023s] copying package.xml -> /home/nicks1811/muas_ros_workspace/install/yolo_ros/share/yolo_ros
[1.023s] running install_egg_info
[1.035s] Copying ../../../build/yolo_ros/yolo_ros.egg-info to /home/nicks1811/muas_ros_workspace/install/yolo_ros/lib/python3.10/site-packages/yolo_ros-0.0.0-py3.10.egg-info
[1.039s] running install_scripts
[1.133s] Installing debug_node script to /home/nicks1811/muas_ros_workspace/install/yolo_ros/lib/yolo_ros
[1.134s] Installing detect_3d_node script to /home/nicks1811/muas_ros_workspace/install/yolo_ros/lib/yolo_ros
[1.134s] Installing tracking_node script to /home/nicks1811/muas_ros_workspace/install/yolo_ros/lib/yolo_ros
[1.134s] Installing yolo_node script to /home/nicks1811/muas_ros_workspace/install/yolo_ros/lib/yolo_ros
[1.134s] writing list of installed files to '/home/nicks1811/muas_ros_workspace/build/yolo_ros/install.log'
[1.161s] Invoked command in '/home/nicks1811/muas_ros_workspace/src/yolo_ros/yolo_ros' returned '0': AMENT_PREFIX_PATH=/home/nicks1811/muas_ros_workspace/install/yolo_msgs:${AMENT_PREFIX_PATH} CMAKE_PREFIX_PATH=/home/nicks1811/muas_ros_workspace/install/yolo_msgs:${CMAKE_PREFIX_PATH} LD_LIBRARY_PATH=/home/nicks1811/muas_ros_workspace/install/yolo_msgs/lib:${LD_LIBRARY_PATH} PYTHONPATH=/home/nicks1811/muas_ros_workspace/build/yolo_ros/prefix_override:/usr/lib/python3/dist-packages/colcon_core/task/python/colcon_distutils_commands:/home/nicks1811/muas_ros_workspace/install/yolo_ros/lib/python3.10/site-packages:/home/nicks1811/muas_ros_workspace/install/yolo_msgs/local/lib/python3.10/dist-packages:${PYTHONPATH} /usr/bin/python3 -W ignore:setup.py install is deprecated -W ignore:easy_install command is deprecated setup.py egg_info --egg-base ../../../build/yolo_ros build --build-base /home/nicks1811/muas_ros_workspace/build/yolo_ros/build install --record /home/nicks1811/muas_ros_workspace/build/yolo_ros/install.log --single-version-externally-managed install_data
