[0.022s] Invoking command in '/home/nicks1811/muas_ros_workspace/build/yolo_msgs': /usr/bin/cmake /home/nicks1811/muas_ros_workspace/src/yolo_ros/yolo_msgs -DCMAKE_INSTALL_PREFIX=/home/nicks1811/muas_ros_workspace/install/yolo_msgs
[0.234s] -- The C compiler identification is GNU 11.4.0
[0.982s] -- The CXX compiler identification is GNU 11.4.0
[1.622s] -- Detecting C compiler ABI info
[1.893s] -- Detecting C compiler ABI info - done
[1.903s] -- Check for working C compiler: /usr/bin/cc - skipped
[1.903s] -- Detecting C compile features
[1.904s] -- Detecting C compile features - done
[1.908s] -- Detecting CXX compiler ABI info
[2.192s] -- Detecting CXX compiler ABI info - done
[2.202s] -- Check for working CXX compiler: /usr/bin/c++ - skipped
[2.202s] -- Detecting CXX compile features
[2.203s] -- Detecting CXX compile features - done
[3.119s] [31mCMake Error at CMakeLists.txt:5 (find_package):
[3.119s]   By not providing "Findament_cmake.cmake" in CMAKE_MODULE_PATH this project
[3.119s]   has asked CMake to find a package configuration file provided by
[3.119s]   "ament_cmake", but CMake did not find one.
[3.119s] 
[3.119s]   Could not find a package configuration file provided by "ament_cmake" with
[3.119s]   any of the following names:
[3.119s] 
[3.119s]     ament_cmakeConfig.cmake
[3.119s]     ament_cmake-config.cmake
[3.119s] 
[3.120s]   Add the installation prefix of "ament_cmake" to CMAKE_PREFIX_PATH or set
[3.120s]   "ament_cmake_DIR" to a directory containing one of the above files.  If
[3.120s]   "ament_cmake" provides a separate development package or SDK, be sure it
[3.120s]   has been installed.
[3.120s] 
[3.120s] [0m
[3.120s] -- Configuring incomplete, errors occurred!
[3.120s] See also "/home/nicks1811/muas_ros_workspace/build/yolo_msgs/CMakeFiles/CMakeOutput.log".
[3.128s] Invoked command in '/home/nicks1811/muas_ros_workspace/build/yolo_msgs' returned '1': /usr/bin/cmake /home/nicks1811/muas_ros_workspace/src/yolo_ros/yolo_msgs -DCMAKE_INSTALL_PREFIX=/home/nicks1811/muas_ros_workspace/install/yolo_msgs
