[0.008s] Invoking command in '/home/nicks1811/muas_ros_workspace/build/yolo_msgs': CMAKE_PREFIX_PATH=/home/nicks1811/muas_ros_workspace/install/vision_pkg:/home/nicks1811/muas_ros_workspace/install/gnc_trajectory:/opt/ros/humble:/home/nicks1811/muas_ros_workspace/install/gnc_msgs /usr/bin/cmake /home/nicks1811/muas_ros_workspace/src/yolo_ros/yolo_msgs -DCMAKE_INSTALL_PREFIX=/home/nicks1811/muas_ros_workspace/install/yolo_msgs
[0.115s] -- The C compiler identification is GNU 11.4.0
[0.487s] -- The CXX compiler identification is GNU 11.4.0
[0.815s] -- Detecting C compiler ABI info
[0.924s] -- Detecting C compiler ABI info - done
[0.929s] -- Check for working C compiler: /usr/bin/cc - skipped
[0.929s] -- Detecting C compile features
[0.929s] -- Detecting C compile features - done
[0.931s] -- Detecting CXX compiler ABI info
[1.055s] -- Detecting CXX compiler ABI info - done
[1.059s] -- Check for working CXX compiler: /usr/bin/c++ - skipped
[1.059s] -- Detecting CXX compile features
[1.060s] -- Detecting CXX compile features - done
[1.061s] -- Found ament_cmake: 1.3.12 (/opt/ros/humble/share/ament_cmake/cmake)
[1.290s] -- Found Python3: /usr/bin/python3 (found version "3.10.12") found components: Interpreter 
[1.343s] -- Found rosidl_default_generators: 1.2.0 (/opt/ros/humble/share/rosidl_default_generators/cmake)
[1.345s] -- Using all available rosidl_typesupport_c: rosidl_typesupport_fastrtps_c;rosidl_typesupport_introspection_c
[1.348s] -- Found rosidl_adapter: 3.1.7 (/opt/ros/humble/share/rosidl_adapter/cmake)
[1.507s] -- Using all available rosidl_typesupport_cpp: rosidl_typesupport_fastrtps_cpp;rosidl_typesupport_introspection_cpp
[1.524s] -- Found std_msgs: 4.9.0 (/opt/ros/humble/share/std_msgs/cmake)
[1.539s] -- Found geometry_msgs: 4.9.0 (/opt/ros/humble/share/geometry_msgs/cmake)
[1.765s] -- Found ament_cmake_ros: 0.10.0 (/opt/ros/humble/share/ament_cmake_ros/cmake)
[1.917s] -- Using all available rosidl_typesupport_c: rosidl_typesupport_fastrtps_c;rosidl_typesupport_introspection_c
[2.131s] -- Using all available rosidl_typesupport_cpp: rosidl_typesupport_fastrtps_cpp;rosidl_typesupport_introspection_cpp
[2.257s] -- Found PythonInterp: /usr/bin/python3 (found suitable version "3.10.12", minimum required is "3.6") 
[2.258s] -- Found python_cmake_module: 0.10.0 (/opt/ros/humble/share/python_cmake_module/cmake)
[2.631s] -- Found PythonLibs: /usr/lib/x86_64-linux-gnu/libpython3.10.so (found suitable version "3.10.12", minimum required is "3.5") 
[2.631s] -- Using PYTHON_EXECUTABLE: /usr/bin/python3
[2.631s] -- Using PYTHON_INCLUDE_DIRS: /usr/include/python3.10
[2.631s] -- Using PYTHON_LIBRARIES: /usr/lib/x86_64-linux-gnu/libpython3.10.so
[2.646s] -- Found PythonExtra: .so  
[2.729s] -- Configuring done
[2.760s] -- Generating done
[2.768s] -- Build files have been written to: /home/nicks1811/muas_ros_workspace/build/yolo_msgs
[2.773s] Invoked command in '/home/nicks1811/muas_ros_workspace/build/yolo_msgs' returned '0': CMAKE_PREFIX_PATH=/home/nicks1811/muas_ros_workspace/install/vision_pkg:/home/nicks1811/muas_ros_workspace/install/gnc_trajectory:/opt/ros/humble:/home/nicks1811/muas_ros_workspace/install/gnc_msgs /usr/bin/cmake /home/nicks1811/muas_ros_workspace/src/yolo_ros/yolo_msgs -DCMAKE_INSTALL_PREFIX=/home/nicks1811/muas_ros_workspace/install/yolo_msgs
[2.776s] Invoking command in '/home/nicks1811/muas_ros_workspace/build/yolo_msgs': CMAKE_PREFIX_PATH=/home/nicks1811/muas_ros_workspace/install/vision_pkg:/home/nicks1811/muas_ros_workspace/install/gnc_trajectory:/opt/ros/humble:/home/nicks1811/muas_ros_workspace/install/gnc_msgs /usr/bin/cmake --build /home/nicks1811/muas_ros_workspace/build/yolo_msgs -- -j12 -l12
[2.802s] [35m[1mConsolidate compiler generated dependencies of target yolo_msgs__rosidl_generator_c[0m
[2.808s] [  0%] Built target yolo_msgs__cpp
[2.814s] [  0%] Built target ament_cmake_python_copy_yolo_msgs
[2.820s] [ 12%] Built target yolo_msgs__rosidl_generator_c
[2.853s] [35m[1mConsolidate compiler generated dependencies of target yolo_msgs__rosidl_typesupport_cpp[0m
[2.868s] [35m[1mConsolidate compiler generated dependencies of target yolo_msgs__rosidl_typesupport_fastrtps_cpp[0m
[2.871s] [ 13%] [32mBuilding CXX object CMakeFiles/yolo_msgs__rosidl_typesupport_cpp.dir/rosidl_typesupport_cpp/yolo_msgs/msg/vector2__type_support.cpp.o[0m
[2.873s] [ 13%] [32mBuilding CXX object CMakeFiles/yolo_msgs__rosidl_typesupport_cpp.dir/rosidl_typesupport_cpp/yolo_msgs/msg/pose2_d__type_support.cpp.o[0m
[2.873s] [ 14%] [32mBuilding CXX object CMakeFiles/yolo_msgs__rosidl_typesupport_cpp.dir/rosidl_typesupport_cpp/yolo_msgs/msg/point2_d__type_support.cpp.o[0m
[2.874s] [ 15%] [32mBuilding CXX object CMakeFiles/yolo_msgs__rosidl_typesupport_cpp.dir/rosidl_typesupport_cpp/yolo_msgs/msg/mask__type_support.cpp.o[0m
[2.875s] [ 16%] [32mBuilding CXX object CMakeFiles/yolo_msgs__rosidl_typesupport_cpp.dir/rosidl_typesupport_cpp/yolo_msgs/msg/bounding_box2_d__type_support.cpp.o[0m
[2.876s] [ 17%] [32mBuilding CXX object CMakeFiles/yolo_msgs__rosidl_typesupport_cpp.dir/rosidl_typesupport_cpp/yolo_msgs/msg/bounding_box3_d__type_support.cpp.o[0m
[2.876s] [35m[1mConsolidate compiler generated dependencies of target yolo_msgs__rosidl_typesupport_introspection_cpp[0m
[2.881s] [ 17%] [32mBuilding CXX object CMakeFiles/yolo_msgs__rosidl_typesupport_cpp.dir/rosidl_typesupport_cpp/yolo_msgs/msg/key_point2_d_array__type_support.cpp.o[0m
[2.883s] [ 18%] [32mBuilding CXX object CMakeFiles/yolo_msgs__rosidl_typesupport_cpp.dir/rosidl_typesupport_cpp/yolo_msgs/msg/key_point2_d__type_support.cpp.o[0m
[2.887s] [ 19%] [32mBuilding CXX object CMakeFiles/yolo_msgs__rosidl_typesupport_cpp.dir/rosidl_typesupport_cpp/yolo_msgs/msg/key_point3_d__type_support.cpp.o[0m
[2.902s] [ 20%] [32mBuilding CXX object CMakeFiles/yolo_msgs__rosidl_typesupport_fastrtps_cpp.dir/rosidl_typesupport_fastrtps_cpp/yolo_msgs/msg/detail/dds_fastrtps/point2_d__type_support.cpp.o[0m
[2.910s] [ 21%] [32mBuilding CXX object CMakeFiles/yolo_msgs__rosidl_typesupport_introspection_cpp.dir/rosidl_typesupport_introspection_cpp/yolo_msgs/msg/detail/point2_d__type_support.cpp.o[0m
[3.137s] running egg_info
[3.157s] writing yolo_msgs.egg-info/PKG-INFO
[3.158s] writing dependency_links to yolo_msgs.egg-info/dependency_links.txt
[3.159s] writing top-level names to yolo_msgs.egg-info/top_level.txt
[3.220s] reading manifest file 'yolo_msgs.egg-info/SOURCES.txt'
[3.221s] writing manifest file 'yolo_msgs.egg-info/SOURCES.txt'
[3.222s] [ 22%] [32mBuilding CXX object CMakeFiles/yolo_msgs__rosidl_typesupport_cpp.dir/rosidl_typesupport_cpp/yolo_msgs/msg/key_point3_d_array__type_support.cpp.o[0m
[3.225s] [ 23%] [32mBuilding CXX object CMakeFiles/yolo_msgs__rosidl_typesupport_introspection_cpp.dir/rosidl_typesupport_introspection_cpp/yolo_msgs/msg/detail/vector2__type_support.cpp.o[0m
[3.263s] [ 23%] Built target ament_cmake_python_build_yolo_msgs_egg
[3.396s] [ 24%] [32mBuilding CXX object CMakeFiles/yolo_msgs__rosidl_typesupport_cpp.dir/rosidl_typesupport_cpp/yolo_msgs/msg/detection__type_support.cpp.o[0m
[3.445s] [ 25%] [32mBuilding CXX object CMakeFiles/yolo_msgs__rosidl_typesupport_cpp.dir/rosidl_typesupport_cpp/yolo_msgs/msg/detection_array__type_support.cpp.o[0m
[3.449s] [ 26%] [32mBuilding CXX object CMakeFiles/yolo_msgs__rosidl_typesupport_introspection_cpp.dir/rosidl_typesupport_introspection_cpp/yolo_msgs/msg/detail/pose2_d__type_support.cpp.o[0m
[3.466s] [ 26%] [32mBuilding CXX object CMakeFiles/yolo_msgs__rosidl_typesupport_cpp.dir/rosidl_typesupport_cpp/yolo_msgs/srv/set_classes__type_support.cpp.o[0m
[3.469s] [ 27%] [32mBuilding CXX object CMakeFiles/yolo_msgs__rosidl_typesupport_fastrtps_cpp.dir/rosidl_typesupport_fastrtps_cpp/yolo_msgs/msg/detail/dds_fastrtps/vector2__type_support.cpp.o[0m
[3.471s] [ 28%] [32mBuilding CXX object CMakeFiles/yolo_msgs__rosidl_typesupport_introspection_cpp.dir/rosidl_typesupport_introspection_cpp/yolo_msgs/msg/detail/bounding_box2_d__type_support.cpp.o[0m
[3.494s] [ 28%] [32mBuilding CXX object CMakeFiles/yolo_msgs__rosidl_typesupport_fastrtps_cpp.dir/rosidl_typesupport_fastrtps_cpp/yolo_msgs/msg/detail/dds_fastrtps/bounding_box2_d__type_support.cpp.o[0m
[3.514s] [ 29%] [32mBuilding CXX object CMakeFiles/yolo_msgs__rosidl_typesupport_fastrtps_cpp.dir/rosidl_typesupport_fastrtps_cpp/yolo_msgs/msg/detail/dds_fastrtps/pose2_d__type_support.cpp.o[0m
[3.544s] [35m[1mConsolidate compiler generated dependencies of target yolo_msgs__rosidl_typesupport_fastrtps_c[0m
[3.574s] [ 30%] [32mBuilding CXX object CMakeFiles/yolo_msgs__rosidl_typesupport_fastrtps_c.dir/rosidl_typesupport_fastrtps_c/yolo_msgs/msg/detail/point2_d__type_support_c.cpp.o[0m
[3.604s] [ 30%] [32mBuilding CXX object CMakeFiles/yolo_msgs__rosidl_typesupport_fastrtps_c.dir/rosidl_typesupport_fastrtps_c/yolo_msgs/msg/detail/vector2__type_support_c.cpp.o[0m
[3.714s] [ 31%] [32mBuilding CXX object CMakeFiles/yolo_msgs__rosidl_typesupport_fastrtps_cpp.dir/rosidl_typesupport_fastrtps_cpp/yolo_msgs/msg/detail/dds_fastrtps/bounding_box3_d__type_support.cpp.o[0m
[3.749s] [ 31%] [32mBuilding CXX object CMakeFiles/yolo_msgs__rosidl_typesupport_introspection_cpp.dir/rosidl_typesupport_introspection_cpp/yolo_msgs/msg/detail/bounding_box3_d__type_support.cpp.o[0m
[3.766s] [ 32%] [32mBuilding CXX object CMakeFiles/yolo_msgs__rosidl_typesupport_introspection_cpp.dir/rosidl_typesupport_introspection_cpp/yolo_msgs/msg/detail/mask__type_support.cpp.o[0m
[4.002s] [ 33%] [32mBuilding CXX object CMakeFiles/yolo_msgs__rosidl_typesupport_fastrtps_c.dir/rosidl_typesupport_fastrtps_c/yolo_msgs/msg/detail/pose2_d__type_support_c.cpp.o[0m
[4.020s] [ 34%] [32mBuilding CXX object CMakeFiles/yolo_msgs__rosidl_typesupport_fastrtps_c.dir/rosidl_typesupport_fastrtps_c/yolo_msgs/msg/detail/bounding_box2_d__type_support_c.cpp.o[0m
[4.259s] [ 35%] [32mBuilding CXX object CMakeFiles/yolo_msgs__rosidl_typesupport_introspection_cpp.dir/rosidl_typesupport_introspection_cpp/yolo_msgs/msg/detail/key_point2_d__type_support.cpp.o[0m
[4.280s] [ 36%] [32m[1mLinking CXX shared library libyolo_msgs__rosidl_typesupport_cpp.so[0m
[4.281s] [ 37%] [32mBuilding CXX object CMakeFiles/yolo_msgs__rosidl_typesupport_introspection_cpp.dir/rosidl_typesupport_introspection_cpp/yolo_msgs/msg/detail/key_point2_d_array__type_support.cpp.o[0m
[4.324s] [ 38%] [32mBuilding CXX object CMakeFiles/yolo_msgs__rosidl_typesupport_introspection_cpp.dir/rosidl_typesupport_introspection_cpp/yolo_msgs/msg/detail/key_point3_d__type_support.cpp.o[0m
[4.453s] [ 39%] Built target yolo_msgs__rosidl_typesupport_cpp
[4.456s] [ 40%] [32mBuilding CXX object CMakeFiles/yolo_msgs__rosidl_typesupport_fastrtps_c.dir/rosidl_typesupport_fastrtps_c/yolo_msgs/msg/detail/bounding_box3_d__type_support_c.cpp.o[0m
[4.475s] [ 40%] [32mBuilding CXX object CMakeFiles/yolo_msgs__rosidl_typesupport_introspection_cpp.dir/rosidl_typesupport_introspection_cpp/yolo_msgs/msg/detail/key_point3_d_array__type_support.cpp.o[0m
[4.497s] [ 41%] [32mBuilding CXX object CMakeFiles/yolo_msgs__rosidl_typesupport_introspection_cpp.dir/rosidl_typesupport_introspection_cpp/yolo_msgs/msg/detail/detection__type_support.cpp.o[0m
[4.500s] [ 42%] [32mBuilding CXX object CMakeFiles/yolo_msgs__rosidl_typesupport_fastrtps_c.dir/rosidl_typesupport_fastrtps_c/yolo_msgs/msg/detail/mask__type_support_c.cpp.o[0m
[4.583s] [ 43%] [32mBuilding CXX object CMakeFiles/yolo_msgs__rosidl_typesupport_fastrtps_cpp.dir/rosidl_typesupport_fastrtps_cpp/yolo_msgs/msg/detail/dds_fastrtps/mask__type_support.cpp.o[0m
[4.613s] [ 44%] [32mBuilding CXX object CMakeFiles/yolo_msgs__rosidl_typesupport_fastrtps_cpp.dir/rosidl_typesupport_fastrtps_cpp/yolo_msgs/msg/detail/dds_fastrtps/key_point2_d__type_support.cpp.o[0m
[4.657s] [ 45%] [32mBuilding CXX object CMakeFiles/yolo_msgs__rosidl_typesupport_fastrtps_cpp.dir/rosidl_typesupport_fastrtps_cpp/yolo_msgs/msg/detail/dds_fastrtps/key_point2_d_array__type_support.cpp.o[0m
[4.749s] [ 46%] [32mBuilding CXX object CMakeFiles/yolo_msgs__rosidl_typesupport_introspection_cpp.dir/rosidl_typesupport_introspection_cpp/yolo_msgs/msg/detail/detection_array__type_support.cpp.o[0m
[4.812s] [35m[1mConsolidate compiler generated dependencies of target yolo_msgs__rosidl_typesupport_introspection_c[0m
[4.815s] [ 46%] [32mBuilding CXX object CMakeFiles/yolo_msgs__rosidl_typesupport_fastrtps_cpp.dir/rosidl_typesupport_fastrtps_cpp/yolo_msgs/msg/detail/dds_fastrtps/key_point3_d__type_support.cpp.o[0m
[4.842s] [ 47%] [32mBuilding C object CMakeFiles/yolo_msgs__rosidl_typesupport_introspection_c.dir/rosidl_typesupport_introspection_c/yolo_msgs/msg/detail/point2_d__type_support.c.o[0m
[4.860s] [ 48%] [32mBuilding CXX object CMakeFiles/yolo_msgs__rosidl_typesupport_introspection_cpp.dir/rosidl_typesupport_introspection_cpp/yolo_msgs/srv/detail/set_classes__type_support.cpp.o[0m
[4.901s] [ 48%] [32mBuilding CXX object CMakeFiles/yolo_msgs__rosidl_typesupport_fastrtps_c.dir/rosidl_typesupport_fastrtps_c/yolo_msgs/msg/detail/key_point2_d__type_support_c.cpp.o[0m
[4.901s] [ 49%] [32mBuilding C object CMakeFiles/yolo_msgs__rosidl_typesupport_introspection_c.dir/rosidl_typesupport_introspection_c/yolo_msgs/msg/detail/vector2__type_support.c.o[0m
[4.928s] [ 50%] [32mBuilding CXX object CMakeFiles/yolo_msgs__rosidl_typesupport_fastrtps_c.dir/rosidl_typesupport_fastrtps_c/yolo_msgs/msg/detail/key_point2_d_array__type_support_c.cpp.o[0m
[4.960s] [ 50%] [32mBuilding C object CMakeFiles/yolo_msgs__rosidl_typesupport_introspection_c.dir/rosidl_typesupport_introspection_c/yolo_msgs/msg/detail/pose2_d__type_support.c.o[0m
[5.014s] [ 51%] [32mBuilding C object CMakeFiles/yolo_msgs__rosidl_typesupport_introspection_c.dir/rosidl_typesupport_introspection_c/yolo_msgs/msg/detail/bounding_box2_d__type_support.c.o[0m
[5.084s] [ 52%] [32mBuilding C object CMakeFiles/yolo_msgs__rosidl_typesupport_introspection_c.dir/rosidl_typesupport_introspection_c/yolo_msgs/msg/detail/bounding_box3_d__type_support.c.o[0m
[5.156s] [ 53%] [32mBuilding C object CMakeFiles/yolo_msgs__rosidl_typesupport_introspection_c.dir/rosidl_typesupport_introspection_c/yolo_msgs/msg/detail/mask__type_support.c.o[0m
[5.226s] [ 54%] [32mBuilding C object CMakeFiles/yolo_msgs__rosidl_typesupport_introspection_c.dir/rosidl_typesupport_introspection_c/yolo_msgs/msg/detail/key_point2_d__type_support.c.o[0m
[5.230s] [ 54%] [32mBuilding C object CMakeFiles/yolo_msgs__rosidl_typesupport_introspection_c.dir/rosidl_typesupport_introspection_c/yolo_msgs/msg/detail/key_point2_d_array__type_support.c.o[0m
[5.286s] [ 55%] [32mBuilding C object CMakeFiles/yolo_msgs__rosidl_typesupport_introspection_c.dir/rosidl_typesupport_introspection_c/yolo_msgs/msg/detail/key_point3_d__type_support.c.o[0m
[5.291s] [ 56%] [32mBuilding C object CMakeFiles/yolo_msgs__rosidl_typesupport_introspection_c.dir/rosidl_typesupport_introspection_c/yolo_msgs/msg/detail/key_point3_d_array__type_support.c.o[0m
[5.352s] [ 57%] [32mBuilding C object CMakeFiles/yolo_msgs__rosidl_typesupport_introspection_c.dir/rosidl_typesupport_introspection_c/yolo_msgs/msg/detail/detection__type_support.c.o[0m
[5.355s] [ 58%] [32mBuilding CXX object CMakeFiles/yolo_msgs__rosidl_typesupport_fastrtps_c.dir/rosidl_typesupport_fastrtps_c/yolo_msgs/msg/detail/key_point3_d__type_support_c.cpp.o[0m
[5.360s] [ 59%] [32mBuilding C object CMakeFiles/yolo_msgs__rosidl_typesupport_introspection_c.dir/rosidl_typesupport_introspection_c/yolo_msgs/msg/detail/detection_array__type_support.c.o[0m
[5.361s] [ 60%] [32mBuilding CXX object CMakeFiles/yolo_msgs__rosidl_typesupport_fastrtps_c.dir/rosidl_typesupport_fastrtps_c/yolo_msgs/msg/detail/key_point3_d_array__type_support_c.cpp.o[0m
[5.379s] [ 61%] [32mBuilding CXX object CMakeFiles/yolo_msgs__rosidl_typesupport_fastrtps_c.dir/rosidl_typesupport_fastrtps_c/yolo_msgs/msg/detail/detection__type_support_c.cpp.o[0m
[5.410s] [ 61%] [32mBuilding C object CMakeFiles/yolo_msgs__rosidl_typesupport_introspection_c.dir/rosidl_typesupport_introspection_c/yolo_msgs/srv/detail/set_classes__type_support.c.o[0m
[5.424s] [ 61%] [32mBuilding CXX object CMakeFiles/yolo_msgs__rosidl_typesupport_fastrtps_c.dir/rosidl_typesupport_fastrtps_c/yolo_msgs/msg/detail/detection_array__type_support_c.cpp.o[0m
[5.476s] [ 62%] [32m[1mLinking C shared library libyolo_msgs__rosidl_typesupport_introspection_c.so[0m
[5.481s] [ 63%] [32mBuilding CXX object CMakeFiles/yolo_msgs__rosidl_typesupport_fastrtps_cpp.dir/rosidl_typesupport_fastrtps_cpp/yolo_msgs/msg/detail/dds_fastrtps/key_point3_d_array__type_support.cpp.o[0m
[5.487s] [ 64%] [32mBuilding CXX object CMakeFiles/yolo_msgs__rosidl_typesupport_fastrtps_cpp.dir/rosidl_typesupport_fastrtps_cpp/yolo_msgs/msg/detail/dds_fastrtps/detection__type_support.cpp.o[0m
[5.497s] [ 65%] [32mBuilding CXX object CMakeFiles/yolo_msgs__rosidl_typesupport_fastrtps_cpp.dir/rosidl_typesupport_fastrtps_cpp/yolo_msgs/msg/detail/dds_fastrtps/detection_array__type_support.cpp.o[0m
[5.516s] [ 66%] [32mBuilding CXX object CMakeFiles/yolo_msgs__rosidl_typesupport_fastrtps_cpp.dir/rosidl_typesupport_fastrtps_cpp/yolo_msgs/srv/detail/dds_fastrtps/set_classes__type_support.cpp.o[0m
[5.559s] [ 67%] [32mBuilding CXX object CMakeFiles/yolo_msgs__rosidl_typesupport_fastrtps_c.dir/rosidl_typesupport_fastrtps_c/yolo_msgs/srv/detail/set_classes__type_support_c.cpp.o[0m
[5.571s] [ 68%] [32m[1mLinking CXX shared library libyolo_msgs__rosidl_typesupport_introspection_cpp.so[0m
[5.602s] [ 69%] Built target yolo_msgs__rosidl_typesupport_introspection_c
[5.692s] [35m[1mConsolidate compiler generated dependencies of target yolo_msgs__rosidl_typesupport_c[0m
[5.711s] [ 70%] [32mBuilding CXX object CMakeFiles/yolo_msgs__rosidl_typesupport_c.dir/rosidl_typesupport_c/yolo_msgs/msg/vector2__type_support.cpp.o[0m
[5.712s] [ 70%] [32mBuilding CXX object CMakeFiles/yolo_msgs__rosidl_typesupport_c.dir/rosidl_typesupport_c/yolo_msgs/msg/point2_d__type_support.cpp.o[0m
[5.750s] [ 71%] [32mBuilding CXX object CMakeFiles/yolo_msgs__rosidl_typesupport_c.dir/rosidl_typesupport_c/yolo_msgs/msg/pose2_d__type_support.cpp.o[0m
[5.764s] [ 72%] [32mBuilding CXX object CMakeFiles/yolo_msgs__rosidl_typesupport_c.dir/rosidl_typesupport_c/yolo_msgs/msg/bounding_box2_d__type_support.cpp.o[0m
[5.796s] [ 73%] [32mBuilding CXX object CMakeFiles/yolo_msgs__rosidl_typesupport_c.dir/rosidl_typesupport_c/yolo_msgs/msg/bounding_box3_d__type_support.cpp.o[0m
[5.801s] [ 73%] Built target yolo_msgs__rosidl_typesupport_introspection_cpp
[5.811s] [ 73%] [32mBuilding CXX object CMakeFiles/yolo_msgs__rosidl_typesupport_c.dir/rosidl_typesupport_c/yolo_msgs/msg/mask__type_support.cpp.o[0m
[5.828s] [ 74%] [32mBuilding CXX object CMakeFiles/yolo_msgs__rosidl_typesupport_c.dir/rosidl_typesupport_c/yolo_msgs/msg/key_point2_d__type_support.cpp.o[0m
[5.834s] [ 75%] [32mBuilding CXX object CMakeFiles/yolo_msgs__rosidl_typesupport_c.dir/rosidl_typesupport_c/yolo_msgs/msg/key_point2_d_array__type_support.cpp.o[0m
[5.855s] [ 76%] [32mBuilding CXX object CMakeFiles/yolo_msgs__rosidl_typesupport_c.dir/rosidl_typesupport_c/yolo_msgs/msg/key_point3_d__type_support.cpp.o[0m
[5.883s] [ 77%] [32mBuilding CXX object CMakeFiles/yolo_msgs__rosidl_typesupport_c.dir/rosidl_typesupport_c/yolo_msgs/msg/key_point3_d_array__type_support.cpp.o[0m
[5.905s] [ 77%] [32mBuilding CXX object CMakeFiles/yolo_msgs__rosidl_typesupport_c.dir/rosidl_typesupport_c/yolo_msgs/msg/detection__type_support.cpp.o[0m
[5.910s] [ 78%] [32mBuilding CXX object CMakeFiles/yolo_msgs__rosidl_typesupport_c.dir/rosidl_typesupport_c/yolo_msgs/srv/set_classes__type_support.cpp.o[0m
[5.911s] [ 79%] [32mBuilding CXX object CMakeFiles/yolo_msgs__rosidl_typesupport_c.dir/rosidl_typesupport_c/yolo_msgs/msg/detection_array__type_support.cpp.o[0m
[5.969s] [ 80%] [32m[1mLinking CXX shared library libyolo_msgs__rosidl_typesupport_c.so[0m
[6.164s] [ 81%] Built target yolo_msgs__rosidl_typesupport_c
[6.245s] [ 82%] [32m[1mLinking CXX shared library libyolo_msgs__rosidl_typesupport_fastrtps_c.so[0m
[6.416s] [ 83%] Built target yolo_msgs__rosidl_typesupport_fastrtps_c
[6.448s] [ 83%] [32m[1mLinking CXX shared library libyolo_msgs__rosidl_typesupport_fastrtps_cpp.so[0m
[6.619s] [ 84%] Built target yolo_msgs__rosidl_typesupport_fastrtps_cpp
[6.637s] [ 84%] Built target yolo_msgs
[6.653s] [ 85%] Built target yolo_msgs__py
[6.663s] [35m[1mConsolidate compiler generated dependencies of target yolo_msgs__rosidl_generator_py[0m
[6.681s] [ 86%] [32m[1mLinking C shared library rosidl_generator_py/yolo_msgs/libyolo_msgs__rosidl_generator_py.so[0m
[6.801s] [ 96%] Built target yolo_msgs__rosidl_generator_py
[6.809s] [35m[1mConsolidate compiler generated dependencies of target yolo_msgs__rosidl_typesupport_c__pyext[0m
[6.810s] [35m[1mConsolidate compiler generated dependencies of target yolo_msgs__rosidl_typesupport_fastrtps_c__pyext[0m
[6.812s] [35m[1mConsolidate compiler generated dependencies of target yolo_msgs__rosidl_typesupport_introspection_c__pyext[0m
[6.822s] [ 96%] [32m[1mLinking C shared library rosidl_generator_py/yolo_msgs/yolo_msgs_s__rosidl_typesupport_c.cpython-310-x86_64-linux-gnu.so[0m
[6.824s] [ 96%] [32m[1mLinking C shared library rosidl_generator_py/yolo_msgs/yolo_msgs_s__rosidl_typesupport_fastrtps_c.cpython-310-x86_64-linux-gnu.so[0m
[6.827s] [ 97%] [32m[1mLinking C shared library rosidl_generator_py/yolo_msgs/yolo_msgs_s__rosidl_typesupport_introspection_c.cpython-310-x86_64-linux-gnu.so[0m
[6.910s] [ 98%] Built target yolo_msgs__rosidl_typesupport_c__pyext
[6.917s] [ 99%] Built target yolo_msgs__rosidl_typesupport_fastrtps_c__pyext
[6.938s] [100%] Built target yolo_msgs__rosidl_typesupport_introspection_c__pyext
[6.949s] Invoked command in '/home/nicks1811/muas_ros_workspace/build/yolo_msgs' returned '0': CMAKE_PREFIX_PATH=/home/nicks1811/muas_ros_workspace/install/vision_pkg:/home/nicks1811/muas_ros_workspace/install/gnc_trajectory:/opt/ros/humble:/home/nicks1811/muas_ros_workspace/install/gnc_msgs /usr/bin/cmake --build /home/nicks1811/muas_ros_workspace/build/yolo_msgs -- -j12 -l12
[6.957s] Invoking command in '/home/nicks1811/muas_ros_workspace/build/yolo_msgs': CMAKE_PREFIX_PATH=/home/nicks1811/muas_ros_workspace/install/vision_pkg:/home/nicks1811/muas_ros_workspace/install/gnc_trajectory:/opt/ros/humble:/home/nicks1811/muas_ros_workspace/install/gnc_msgs /usr/bin/cmake --install /home/nicks1811/muas_ros_workspace/build/yolo_msgs
[6.963s] -- Install configuration: ""
[6.964s] -- Up-to-date: /home/nicks1811/muas_ros_workspace/install/yolo_msgs/share/ament_index/resource_index/rosidl_interfaces/yolo_msgs
[6.965s] -- Up-to-date: /home/nicks1811/muas_ros_workspace/install/yolo_msgs/include/yolo_msgs/yolo_msgs
[6.965s] -- Up-to-date: /home/nicks1811/muas_ros_workspace/install/yolo_msgs/include/yolo_msgs/yolo_msgs/srv
[6.965s] -- Up-to-date: /home/nicks1811/muas_ros_workspace/install/yolo_msgs/include/yolo_msgs/yolo_msgs/srv/detail
[6.966s] -- Up-to-date: /home/nicks1811/muas_ros_workspace/install/yolo_msgs/include/yolo_msgs/yolo_msgs/srv/detail/set_classes__functions.c
[6.966s] -- Up-to-date: /home/nicks1811/muas_ros_workspace/install/yolo_msgs/include/yolo_msgs/yolo_msgs/srv/detail/set_classes__struct.h
[6.966s] -- Up-to-date: /home/nicks1811/muas_ros_workspace/install/yolo_msgs/include/yolo_msgs/yolo_msgs/srv/detail/set_classes__functions.h
[6.966s] -- Up-to-date: /home/nicks1811/muas_ros_workspace/install/yolo_msgs/include/yolo_msgs/yolo_msgs/srv/detail/set_classes__type_support.h
[6.967s] -- Up-to-date: /home/nicks1811/muas_ros_workspace/install/yolo_msgs/include/yolo_msgs/yolo_msgs/srv/set_classes.h
[6.967s] -- Up-to-date: /home/nicks1811/muas_ros_workspace/install/yolo_msgs/include/yolo_msgs/yolo_msgs/msg
[6.967s] -- Up-to-date: /home/nicks1811/muas_ros_workspace/install/yolo_msgs/include/yolo_msgs/yolo_msgs/msg/pose2_d.h
[6.968s] -- Up-to-date: /home/nicks1811/muas_ros_workspace/install/yolo_msgs/include/yolo_msgs/yolo_msgs/msg/detection_array.h
[6.968s] -- Up-to-date: /home/nicks1811/muas_ros_workspace/install/yolo_msgs/include/yolo_msgs/yolo_msgs/msg/mask.h
[6.968s] -- Up-to-date: /home/nicks1811/muas_ros_workspace/install/yolo_msgs/include/yolo_msgs/yolo_msgs/msg/detail
[6.968s] -- Up-to-date: /home/nicks1811/muas_ros_workspace/install/yolo_msgs/include/yolo_msgs/yolo_msgs/msg/detail/pose2_d__functions.c
[6.968s] -- Up-to-date: /home/nicks1811/muas_ros_workspace/install/yolo_msgs/include/yolo_msgs/yolo_msgs/msg/detail/key_point2_d_array__functions.h
[6.968s] -- Up-to-date: /home/nicks1811/muas_ros_workspace/install/yolo_msgs/include/yolo_msgs/yolo_msgs/msg/detail/key_point3_d__functions.c
[6.968s] -- Up-to-date: /home/nicks1811/muas_ros_workspace/install/yolo_msgs/include/yolo_msgs/yolo_msgs/msg/detail/bounding_box2_d__type_support.h
[6.968s] -- Up-to-date: /home/nicks1811/muas_ros_workspace/install/yolo_msgs/include/yolo_msgs/yolo_msgs/msg/detail/mask__functions.h
[6.969s] -- Up-to-date: /home/nicks1811/muas_ros_workspace/install/yolo_msgs/include/yolo_msgs/yolo_msgs/msg/detail/mask__functions.c
[6.969s] -- Up-to-date: /home/nicks1811/muas_ros_workspace/install/yolo_msgs/include/yolo_msgs/yolo_msgs/msg/detail/key_point2_d_array__type_support.h
[6.969s] -- Up-to-date: /home/nicks1811/muas_ros_workspace/install/yolo_msgs/include/yolo_msgs/yolo_msgs/msg/detail/point2_d__type_support.h
[6.969s] -- Up-to-date: /home/nicks1811/muas_ros_workspace/install/yolo_msgs/include/yolo_msgs/yolo_msgs/msg/detail/key_point3_d_array__type_support.h
[6.969s] -- Up-to-date: /home/nicks1811/muas_ros_workspace/install/yolo_msgs/include/yolo_msgs/yolo_msgs/msg/detail/detection__functions.h
[6.970s] -- Up-to-date: /home/nicks1811/muas_ros_workspace/install/yolo_msgs/include/yolo_msgs/yolo_msgs/msg/detail/key_point2_d__type_support.h
[6.970s] -- Up-to-date: /home/nicks1811/muas_ros_workspace/install/yolo_msgs/include/yolo_msgs/yolo_msgs/msg/detail/mask__struct.h
[6.970s] -- Up-to-date: /home/nicks1811/muas_ros_workspace/install/yolo_msgs/include/yolo_msgs/yolo_msgs/msg/detail/key_point2_d_array__struct.h
[6.971s] -- Up-to-date: /home/nicks1811/muas_ros_workspace/install/yolo_msgs/include/yolo_msgs/yolo_msgs/msg/detail/key_point3_d_array__functions.h
[6.971s] -- Up-to-date: /home/nicks1811/muas_ros_workspace/install/yolo_msgs/include/yolo_msgs/yolo_msgs/msg/detail/detection__type_support.h
[6.971s] -- Up-to-date: /home/nicks1811/muas_ros_workspace/install/yolo_msgs/include/yolo_msgs/yolo_msgs/msg/detail/point2_d__struct.h
[6.972s] -- Up-to-date: /home/nicks1811/muas_ros_workspace/install/yolo_msgs/include/yolo_msgs/yolo_msgs/msg/detail/key_point2_d_array__functions.c
[6.972s] -- Up-to-date: /home/nicks1811/muas_ros_workspace/install/yolo_msgs/include/yolo_msgs/yolo_msgs/msg/detail/pose2_d__functions.h
[6.972s] -- Up-to-date: /home/nicks1811/muas_ros_workspace/install/yolo_msgs/include/yolo_msgs/yolo_msgs/msg/detail/vector2__functions.c
[6.972s] -- Up-to-date: /home/nicks1811/muas_ros_workspace/install/yolo_msgs/include/yolo_msgs/yolo_msgs/msg/detail/detection_array__functions.h
[6.973s] -- Up-to-date: /home/nicks1811/muas_ros_workspace/install/yolo_msgs/include/yolo_msgs/yolo_msgs/msg/detail/bounding_box2_d__functions.h
[6.973s] -- Up-to-date: /home/nicks1811/muas_ros_workspace/install/yolo_msgs/include/yolo_msgs/yolo_msgs/msg/detail/key_point2_d__functions.c
[6.973s] -- Up-to-date: /home/nicks1811/muas_ros_workspace/install/yolo_msgs/include/yolo_msgs/yolo_msgs/msg/detail/bounding_box2_d__functions.c
[6.973s] -- Up-to-date: /home/nicks1811/muas_ros_workspace/install/yolo_msgs/include/yolo_msgs/yolo_msgs/msg/detail/detection__struct.h
[6.974s] -- Up-to-date: /home/nicks1811/muas_ros_workspace/install/yolo_msgs/include/yolo_msgs/yolo_msgs/msg/detail/detection_array__functions.c
[6.974s] -- Up-to-date: /home/nicks1811/muas_ros_workspace/install/yolo_msgs/include/yolo_msgs/yolo_msgs/msg/detail/vector2__functions.h
[6.974s] -- Up-to-date: /home/nicks1811/muas_ros_workspace/install/yolo_msgs/include/yolo_msgs/yolo_msgs/msg/detail/key_point2_d__struct.h
[6.975s] -- Up-to-date: /home/nicks1811/muas_ros_workspace/install/yolo_msgs/include/yolo_msgs/yolo_msgs/msg/detail/pose2_d__type_support.h
[6.976s] -- Up-to-date: /home/nicks1811/muas_ros_workspace/install/yolo_msgs/include/yolo_msgs/yolo_msgs/msg/detail/vector2__type_support.h
[6.976s] -- Up-to-date: /home/nicks1811/muas_ros_workspace/install/yolo_msgs/include/yolo_msgs/yolo_msgs/msg/detail/bounding_box3_d__type_support.h
[6.976s] -- Up-to-date: /home/nicks1811/muas_ros_workspace/install/yolo_msgs/include/yolo_msgs/yolo_msgs/msg/detail/key_point3_d__type_support.h
[6.977s] -- Up-to-date: /home/nicks1811/muas_ros_workspace/install/yolo_msgs/include/yolo_msgs/yolo_msgs/msg/detail/mask__type_support.h
[6.977s] -- Up-to-date: /home/nicks1811/muas_ros_workspace/install/yolo_msgs/include/yolo_msgs/yolo_msgs/msg/detail/pose2_d__struct.h
[6.977s] -- Up-to-date: /home/nicks1811/muas_ros_workspace/install/yolo_msgs/include/yolo_msgs/yolo_msgs/msg/detail/key_point2_d__functions.h
[6.978s] -- Up-to-date: /home/nicks1811/muas_ros_workspace/install/yolo_msgs/include/yolo_msgs/yolo_msgs/msg/detail/detection__functions.c
[6.978s] -- Up-to-date: /home/nicks1811/muas_ros_workspace/install/yolo_msgs/include/yolo_msgs/yolo_msgs/msg/detail/key_point3_d__functions.h
[6.978s] -- Up-to-date: /home/nicks1811/muas_ros_workspace/install/yolo_msgs/include/yolo_msgs/yolo_msgs/msg/detail/detection_array__struct.h
[6.978s] -- Up-to-date: /home/nicks1811/muas_ros_workspace/install/yolo_msgs/include/yolo_msgs/yolo_msgs/msg/detail/point2_d__functions.c
[6.978s] -- Up-to-date: /home/nicks1811/muas_ros_workspace/install/yolo_msgs/include/yolo_msgs/yolo_msgs/msg/detail/point2_d__functions.h
[6.979s] -- Up-to-date: /home/nicks1811/muas_ros_workspace/install/yolo_msgs/include/yolo_msgs/yolo_msgs/msg/detail/key_point3_d__struct.h
[6.979s] -- Up-to-date: /home/nicks1811/muas_ros_workspace/install/yolo_msgs/include/yolo_msgs/yolo_msgs/msg/detail/bounding_box2_d__struct.h
[6.979s] -- Up-to-date: /home/nicks1811/muas_ros_workspace/install/yolo_msgs/include/yolo_msgs/yolo_msgs/msg/detail/bounding_box3_d__functions.h
[6.979s] -- Up-to-date: /home/nicks1811/muas_ros_workspace/install/yolo_msgs/include/yolo_msgs/yolo_msgs/msg/detail/bounding_box3_d__functions.c
[6.979s] -- Up-to-date: /home/nicks1811/muas_ros_workspace/install/yolo_msgs/include/yolo_msgs/yolo_msgs/msg/detail/detection_array__type_support.h
[6.979s] -- Up-to-date: /home/nicks1811/muas_ros_workspace/install/yolo_msgs/include/yolo_msgs/yolo_msgs/msg/detail/bounding_box3_d__struct.h
[6.980s] -- Up-to-date: /home/nicks1811/muas_ros_workspace/install/yolo_msgs/include/yolo_msgs/yolo_msgs/msg/detail/key_point3_d_array__struct.h
[6.980s] -- Up-to-date: /home/nicks1811/muas_ros_workspace/install/yolo_msgs/include/yolo_msgs/yolo_msgs/msg/detail/vector2__struct.h
[6.980s] -- Up-to-date: /home/nicks1811/muas_ros_workspace/install/yolo_msgs/include/yolo_msgs/yolo_msgs/msg/detail/key_point3_d_array__functions.c
[6.980s] -- Up-to-date: /home/nicks1811/muas_ros_workspace/install/yolo_msgs/include/yolo_msgs/yolo_msgs/msg/point2_d.h
[6.981s] -- Up-to-date: /home/nicks1811/muas_ros_workspace/install/yolo_msgs/include/yolo_msgs/yolo_msgs/msg/key_point2_d_array.h
[6.981s] -- Up-to-date: /home/nicks1811/muas_ros_workspace/install/yolo_msgs/include/yolo_msgs/yolo_msgs/msg/detection.h
[6.981s] -- Up-to-date: /home/nicks1811/muas_ros_workspace/install/yolo_msgs/include/yolo_msgs/yolo_msgs/msg/bounding_box2_d.h
[6.981s] -- Up-to-date: /home/nicks1811/muas_ros_workspace/install/yolo_msgs/include/yolo_msgs/yolo_msgs/msg/bounding_box3_d.h
[6.982s] -- Up-to-date: /home/nicks1811/muas_ros_workspace/install/yolo_msgs/include/yolo_msgs/yolo_msgs/msg/rosidl_generator_c__visibility_control.h
[6.982s] -- Up-to-date: /home/nicks1811/muas_ros_workspace/install/yolo_msgs/include/yolo_msgs/yolo_msgs/msg/key_point3_d.h
[6.982s] -- Up-to-date: /home/nicks1811/muas_ros_workspace/install/yolo_msgs/include/yolo_msgs/yolo_msgs/msg/key_point2_d.h
[6.982s] -- Up-to-date: /home/nicks1811/muas_ros_workspace/install/yolo_msgs/include/yolo_msgs/yolo_msgs/msg/key_point3_d_array.h
[6.982s] -- Up-to-date: /home/nicks1811/muas_ros_workspace/install/yolo_msgs/include/yolo_msgs/yolo_msgs/msg/vector2.h
[6.982s] -- Up-to-date: /home/nicks1811/muas_ros_workspace/install/yolo_msgs/share/yolo_msgs/environment/library_path.sh
[6.983s] -- Installing: /home/nicks1811/muas_ros_workspace/install/yolo_msgs/share/yolo_msgs/environment/library_path.dsv
[6.983s] -- Up-to-date: /home/nicks1811/muas_ros_workspace/install/yolo_msgs/lib/libyolo_msgs__rosidl_generator_c.so
[6.983s] -- Up-to-date: /home/nicks1811/muas_ros_workspace/install/yolo_msgs/include/yolo_msgs/yolo_msgs
[6.983s] -- Up-to-date: /home/nicks1811/muas_ros_workspace/install/yolo_msgs/include/yolo_msgs/yolo_msgs/srv
[6.983s] -- Up-to-date: /home/nicks1811/muas_ros_workspace/install/yolo_msgs/include/yolo_msgs/yolo_msgs/srv/detail
[6.983s] -- Installing: /home/nicks1811/muas_ros_workspace/install/yolo_msgs/include/yolo_msgs/yolo_msgs/srv/detail/set_classes__rosidl_typesupport_fastrtps_c.h
[6.983s] -- Up-to-date: /home/nicks1811/muas_ros_workspace/install/yolo_msgs/include/yolo_msgs/yolo_msgs/msg
[6.983s] -- Up-to-date: /home/nicks1811/muas_ros_workspace/install/yolo_msgs/include/yolo_msgs/yolo_msgs/msg/detail
[6.983s] -- Installing: /home/nicks1811/muas_ros_workspace/install/yolo_msgs/include/yolo_msgs/yolo_msgs/msg/detail/key_point3_d__rosidl_typesupport_fastrtps_c.h
[6.983s] -- Installing: /home/nicks1811/muas_ros_workspace/install/yolo_msgs/include/yolo_msgs/yolo_msgs/msg/detail/key_point3_d_array__rosidl_typesupport_fastrtps_c.h
[6.984s] -- Installing: /home/nicks1811/muas_ros_workspace/install/yolo_msgs/include/yolo_msgs/yolo_msgs/msg/detail/detection_array__rosidl_typesupport_fastrtps_c.h
[6.984s] -- Installing: /home/nicks1811/muas_ros_workspace/install/yolo_msgs/include/yolo_msgs/yolo_msgs/msg/detail/bounding_box2_d__rosidl_typesupport_fastrtps_c.h
[6.984s] -- Installing: /home/nicks1811/muas_ros_workspace/install/yolo_msgs/include/yolo_msgs/yolo_msgs/msg/detail/detection__rosidl_typesupport_fastrtps_c.h
[6.984s] -- Installing: /home/nicks1811/muas_ros_workspace/install/yolo_msgs/include/yolo_msgs/yolo_msgs/msg/detail/mask__rosidl_typesupport_fastrtps_c.h
[6.984s] -- Installing: /home/nicks1811/muas_ros_workspace/install/yolo_msgs/include/yolo_msgs/yolo_msgs/msg/detail/pose2_d__rosidl_typesupport_fastrtps_c.h
[6.984s] -- Installing: /home/nicks1811/muas_ros_workspace/install/yolo_msgs/include/yolo_msgs/yolo_msgs/msg/detail/key_point2_d__rosidl_typesupport_fastrtps_c.h
[6.984s] -- Installing: /home/nicks1811/muas_ros_workspace/install/yolo_msgs/include/yolo_msgs/yolo_msgs/msg/detail/vector2__rosidl_typesupport_fastrtps_c.h
[6.984s] -- Installing: /home/nicks1811/muas_ros_workspace/install/yolo_msgs/include/yolo_msgs/yolo_msgs/msg/detail/key_point2_d_array__rosidl_typesupport_fastrtps_c.h
[6.984s] -- Up-to-date: /home/nicks1811/muas_ros_workspace/install/yolo_msgs/include/yolo_msgs/yolo_msgs/msg/detail/point2_d__rosidl_typesupport_fastrtps_c.h
[6.984s] -- Installing: /home/nicks1811/muas_ros_workspace/install/yolo_msgs/include/yolo_msgs/yolo_msgs/msg/detail/bounding_box3_d__rosidl_typesupport_fastrtps_c.h
[6.984s] -- Up-to-date: /home/nicks1811/muas_ros_workspace/install/yolo_msgs/include/yolo_msgs/yolo_msgs/msg/rosidl_typesupport_fastrtps_c__visibility_control.h
[6.984s] -- Installing: /home/nicks1811/muas_ros_workspace/install/yolo_msgs/lib/libyolo_msgs__rosidl_typesupport_fastrtps_c.so
[6.985s] -- Set runtime path of "/home/nicks1811/muas_ros_workspace/install/yolo_msgs/lib/libyolo_msgs__rosidl_typesupport_fastrtps_c.so" to ""
[6.985s] -- Up-to-date: /home/nicks1811/muas_ros_workspace/install/yolo_msgs/include/yolo_msgs/yolo_msgs
[6.985s] -- Up-to-date: /home/nicks1811/muas_ros_workspace/install/yolo_msgs/include/yolo_msgs/yolo_msgs/srv
[6.985s] -- Up-to-date: /home/nicks1811/muas_ros_workspace/install/yolo_msgs/include/yolo_msgs/yolo_msgs/srv/detail
[6.985s] -- Installing: /home/nicks1811/muas_ros_workspace/install/yolo_msgs/include/yolo_msgs/yolo_msgs/srv/detail/set_classes__type_support.c
[6.985s] -- Installing: /home/nicks1811/muas_ros_workspace/install/yolo_msgs/include/yolo_msgs/yolo_msgs/srv/detail/set_classes__rosidl_typesupport_introspection_c.h
[6.985s] -- Up-to-date: /home/nicks1811/muas_ros_workspace/install/yolo_msgs/include/yolo_msgs/yolo_msgs/msg
[6.985s] -- Up-to-date: /home/nicks1811/muas_ros_workspace/install/yolo_msgs/include/yolo_msgs/yolo_msgs/msg/detail
[6.986s] -- Installing: /home/nicks1811/muas_ros_workspace/install/yolo_msgs/include/yolo_msgs/yolo_msgs/msg/detail/bounding_box2_d__rosidl_typesupport_introspection_c.h
[6.986s] -- Installing: /home/nicks1811/muas_ros_workspace/install/yolo_msgs/include/yolo_msgs/yolo_msgs/msg/detail/mask__rosidl_typesupport_introspection_c.h
[6.986s] -- Installing: /home/nicks1811/muas_ros_workspace/install/yolo_msgs/include/yolo_msgs/yolo_msgs/msg/detail/key_point3_d__rosidl_typesupport_introspection_c.h
[6.986s] -- Installing: /home/nicks1811/muas_ros_workspace/install/yolo_msgs/include/yolo_msgs/yolo_msgs/msg/detail/key_point2_d__rosidl_typesupport_introspection_c.h
[6.986s] -- Installing: /home/nicks1811/muas_ros_workspace/install/yolo_msgs/include/yolo_msgs/yolo_msgs/msg/detail/key_point3_d_array__type_support.c
[6.986s] -- Installing: /home/nicks1811/muas_ros_workspace/install/yolo_msgs/include/yolo_msgs/yolo_msgs/msg/detail/bounding_box3_d__rosidl_typesupport_introspection_c.h
[6.986s] -- Installing: /home/nicks1811/muas_ros_workspace/install/yolo_msgs/include/yolo_msgs/yolo_msgs/msg/detail/pose2_d__rosidl_typesupport_introspection_c.h
[6.986s] -- Installing: /home/nicks1811/muas_ros_workspace/install/yolo_msgs/include/yolo_msgs/yolo_msgs/msg/detail/detection__rosidl_typesupport_introspection_c.h
[6.986s] -- Up-to-date: /home/nicks1811/muas_ros_workspace/install/yolo_msgs/include/yolo_msgs/yolo_msgs/msg/detail/point2_d__rosidl_typesupport_introspection_c.h
[6.986s] -- Installing: /home/nicks1811/muas_ros_workspace/install/yolo_msgs/include/yolo_msgs/yolo_msgs/msg/detail/point2_d__type_support.c
[6.986s] -- Installing: /home/nicks1811/muas_ros_workspace/install/yolo_msgs/include/yolo_msgs/yolo_msgs/msg/detail/detection__type_support.c
[6.987s] -- Installing: /home/nicks1811/muas_ros_workspace/install/yolo_msgs/include/yolo_msgs/yolo_msgs/msg/detail/vector2__rosidl_typesupport_introspection_c.h
[6.987s] -- Installing: /home/nicks1811/muas_ros_workspace/install/yolo_msgs/include/yolo_msgs/yolo_msgs/msg/detail/detection_array__rosidl_typesupport_introspection_c.h
[6.987s] -- Installing: /home/nicks1811/muas_ros_workspace/install/yolo_msgs/include/yolo_msgs/yolo_msgs/msg/detail/pose2_d__type_support.c
[6.987s] -- Installing: /home/nicks1811/muas_ros_workspace/install/yolo_msgs/include/yolo_msgs/yolo_msgs/msg/detail/key_point2_d_array__rosidl_typesupport_introspection_c.h
[6.987s] -- Installing: /home/nicks1811/muas_ros_workspace/install/yolo_msgs/include/yolo_msgs/yolo_msgs/msg/detail/vector2__type_support.c
[6.987s] -- Installing: /home/nicks1811/muas_ros_workspace/install/yolo_msgs/include/yolo_msgs/yolo_msgs/msg/detail/key_point2_d_array__type_support.c
[6.987s] -- Installing: /home/nicks1811/muas_ros_workspace/install/yolo_msgs/include/yolo_msgs/yolo_msgs/msg/detail/bounding_box3_d__type_support.c
[6.987s] -- Installing: /home/nicks1811/muas_ros_workspace/install/yolo_msgs/include/yolo_msgs/yolo_msgs/msg/detail/detection_array__type_support.c
[6.988s] -- Installing: /home/nicks1811/muas_ros_workspace/install/yolo_msgs/include/yolo_msgs/yolo_msgs/msg/detail/bounding_box2_d__type_support.c
[6.988s] -- Installing: /home/nicks1811/muas_ros_workspace/install/yolo_msgs/include/yolo_msgs/yolo_msgs/msg/detail/key_point3_d__type_support.c
[6.988s] -- Installing: /home/nicks1811/muas_ros_workspace/install/yolo_msgs/include/yolo_msgs/yolo_msgs/msg/detail/key_point3_d_array__rosidl_typesupport_introspection_c.h
[6.988s] -- Installing: /home/nicks1811/muas_ros_workspace/install/yolo_msgs/include/yolo_msgs/yolo_msgs/msg/detail/mask__type_support.c
[6.988s] -- Installing: /home/nicks1811/muas_ros_workspace/install/yolo_msgs/include/yolo_msgs/yolo_msgs/msg/detail/key_point2_d__type_support.c
[6.988s] -- Up-to-date: /home/nicks1811/muas_ros_workspace/install/yolo_msgs/include/yolo_msgs/yolo_msgs/msg/rosidl_typesupport_introspection_c__visibility_control.h
[6.988s] -- Installing: /home/nicks1811/muas_ros_workspace/install/yolo_msgs/lib/libyolo_msgs__rosidl_typesupport_introspection_c.so
[6.988s] -- Set runtime path of "/home/nicks1811/muas_ros_workspace/install/yolo_msgs/lib/libyolo_msgs__rosidl_typesupport_introspection_c.so" to ""
[6.988s] -- Installing: /home/nicks1811/muas_ros_workspace/install/yolo_msgs/lib/libyolo_msgs__rosidl_typesupport_c.so
[6.988s] -- Set runtime path of "/home/nicks1811/muas_ros_workspace/install/yolo_msgs/lib/libyolo_msgs__rosidl_typesupport_c.so" to ""
[6.988s] -- Up-to-date: /home/nicks1811/muas_ros_workspace/install/yolo_msgs/include/yolo_msgs/yolo_msgs
[6.988s] -- Up-to-date: /home/nicks1811/muas_ros_workspace/install/yolo_msgs/include/yolo_msgs/yolo_msgs/srv
[6.988s] -- Up-to-date: /home/nicks1811/muas_ros_workspace/install/yolo_msgs/include/yolo_msgs/yolo_msgs/srv/detail
[6.988s] -- Up-to-date: /home/nicks1811/muas_ros_workspace/install/yolo_msgs/include/yolo_msgs/yolo_msgs/srv/detail/set_classes__builder.hpp
[6.988s] -- Up-to-date: /home/nicks1811/muas_ros_workspace/install/yolo_msgs/include/yolo_msgs/yolo_msgs/srv/detail/set_classes__type_support.hpp
[6.988s] -- Up-to-date: /home/nicks1811/muas_ros_workspace/install/yolo_msgs/include/yolo_msgs/yolo_msgs/srv/detail/set_classes__struct.hpp
[6.988s] -- Up-to-date: /home/nicks1811/muas_ros_workspace/install/yolo_msgs/include/yolo_msgs/yolo_msgs/srv/detail/set_classes__traits.hpp
[6.988s] -- Up-to-date: /home/nicks1811/muas_ros_workspace/install/yolo_msgs/include/yolo_msgs/yolo_msgs/srv/set_classes.hpp
[6.988s] -- Up-to-date: /home/nicks1811/muas_ros_workspace/install/yolo_msgs/include/yolo_msgs/yolo_msgs/msg
[6.988s] -- Up-to-date: /home/nicks1811/muas_ros_workspace/install/yolo_msgs/include/yolo_msgs/yolo_msgs/msg/bounding_box3_d.hpp
[6.988s] -- Up-to-date: /home/nicks1811/muas_ros_workspace/install/yolo_msgs/include/yolo_msgs/yolo_msgs/msg/mask.hpp
[6.988s] -- Up-to-date: /home/nicks1811/muas_ros_workspace/install/yolo_msgs/include/yolo_msgs/yolo_msgs/msg/detection_array.hpp
[6.988s] -- Up-to-date: /home/nicks1811/muas_ros_workspace/install/yolo_msgs/include/yolo_msgs/yolo_msgs/msg/detail
[6.988s] -- Up-to-date: /home/nicks1811/muas_ros_workspace/install/yolo_msgs/include/yolo_msgs/yolo_msgs/msg/detail/key_point3_d__builder.hpp
[6.988s] -- Up-to-date: /home/nicks1811/muas_ros_workspace/install/yolo_msgs/include/yolo_msgs/yolo_msgs/msg/detail/key_point3_d__traits.hpp
[6.988s] -- Up-to-date: /home/nicks1811/muas_ros_workspace/install/yolo_msgs/include/yolo_msgs/yolo_msgs/msg/detail/point2_d__traits.hpp
[6.988s] -- Up-to-date: /home/nicks1811/muas_ros_workspace/install/yolo_msgs/include/yolo_msgs/yolo_msgs/msg/detail/detection__traits.hpp
[6.989s] -- Up-to-date: /home/nicks1811/muas_ros_workspace/install/yolo_msgs/include/yolo_msgs/yolo_msgs/msg/detail/detection__struct.hpp
[6.989s] -- Up-to-date: /home/nicks1811/muas_ros_workspace/install/yolo_msgs/include/yolo_msgs/yolo_msgs/msg/detail/bounding_box3_d__type_support.hpp
[6.989s] -- Up-to-date: /home/nicks1811/muas_ros_workspace/install/yolo_msgs/include/yolo_msgs/yolo_msgs/msg/detail/detection__builder.hpp
[6.989s] -- Up-to-date: /home/nicks1811/muas_ros_workspace/install/yolo_msgs/include/yolo_msgs/yolo_msgs/msg/detail/key_point3_d_array__builder.hpp
[6.989s] -- Up-to-date: /home/nicks1811/muas_ros_workspace/install/yolo_msgs/include/yolo_msgs/yolo_msgs/msg/detail/mask__builder.hpp
[6.989s] -- Up-to-date: /home/nicks1811/muas_ros_workspace/install/yolo_msgs/include/yolo_msgs/yolo_msgs/msg/detail/detection__type_support.hpp
[6.989s] -- Up-to-date: /home/nicks1811/muas_ros_workspace/install/yolo_msgs/include/yolo_msgs/yolo_msgs/msg/detail/key_point2_d__type_support.hpp
[6.989s] -- Up-to-date: /home/nicks1811/muas_ros_workspace/install/yolo_msgs/include/yolo_msgs/yolo_msgs/msg/detail/key_point3_d_array__struct.hpp
[6.989s] -- Up-to-date: /home/nicks1811/muas_ros_workspace/install/yolo_msgs/include/yolo_msgs/yolo_msgs/msg/detail/bounding_box2_d__builder.hpp
[6.989s] -- Up-to-date: /home/nicks1811/muas_ros_workspace/install/yolo_msgs/include/yolo_msgs/yolo_msgs/msg/detail/key_point2_d_array__traits.hpp
[6.989s] -- Up-to-date: /home/nicks1811/muas_ros_workspace/install/yolo_msgs/include/yolo_msgs/yolo_msgs/msg/detail/key_point2_d__builder.hpp
[6.989s] -- Up-to-date: /home/nicks1811/muas_ros_workspace/install/yolo_msgs/include/yolo_msgs/yolo_msgs/msg/detail/key_point2_d_array__type_support.hpp
[6.989s] -- Up-to-date: /home/nicks1811/muas_ros_workspace/install/yolo_msgs/include/yolo_msgs/yolo_msgs/msg/detail/pose2_d__type_support.hpp
[6.989s] -- Up-to-date: /home/nicks1811/muas_ros_workspace/install/yolo_msgs/include/yolo_msgs/yolo_msgs/msg/detail/key_point3_d_array__type_support.hpp
[6.989s] -- Up-to-date: /home/nicks1811/muas_ros_workspace/install/yolo_msgs/include/yolo_msgs/yolo_msgs/msg/detail/key_point2_d_array__builder.hpp
[6.989s] -- Up-to-date: /home/nicks1811/muas_ros_workspace/install/yolo_msgs/include/yolo_msgs/yolo_msgs/msg/detail/vector2__struct.hpp
[6.989s] -- Up-to-date: /home/nicks1811/muas_ros_workspace/install/yolo_msgs/include/yolo_msgs/yolo_msgs/msg/detail/bounding_box3_d__builder.hpp
[6.989s] -- Up-to-date: /home/nicks1811/muas_ros_workspace/install/yolo_msgs/include/yolo_msgs/yolo_msgs/msg/detail/vector2__builder.hpp
[6.989s] -- Up-to-date: /home/nicks1811/muas_ros_workspace/install/yolo_msgs/include/yolo_msgs/yolo_msgs/msg/detail/detection_array__type_support.hpp
[6.989s] -- Up-to-date: /home/nicks1811/muas_ros_workspace/install/yolo_msgs/include/yolo_msgs/yolo_msgs/msg/detail/bounding_box3_d__struct.hpp
[6.989s] -- Up-to-date: /home/nicks1811/muas_ros_workspace/install/yolo_msgs/include/yolo_msgs/yolo_msgs/msg/detail/pose2_d__struct.hpp
[6.989s] -- Up-to-date: /home/nicks1811/muas_ros_workspace/install/yolo_msgs/include/yolo_msgs/yolo_msgs/msg/detail/key_point3_d__struct.hpp
[6.989s] -- Up-to-date: /home/nicks1811/muas_ros_workspace/install/yolo_msgs/include/yolo_msgs/yolo_msgs/msg/detail/key_point2_d__struct.hpp
[6.989s] -- Up-to-date: /home/nicks1811/muas_ros_workspace/install/yolo_msgs/include/yolo_msgs/yolo_msgs/msg/detail/detection_array__traits.hpp
[6.989s] -- Up-to-date: /home/nicks1811/muas_ros_workspace/install/yolo_msgs/include/yolo_msgs/yolo_msgs/msg/detail/key_point3_d__type_support.hpp
[6.989s] -- Up-to-date: /home/nicks1811/muas_ros_workspace/install/yolo_msgs/include/yolo_msgs/yolo_msgs/msg/detail/point2_d__type_support.hpp
[6.989s] -- Up-to-date: /home/nicks1811/muas_ros_workspace/install/yolo_msgs/include/yolo_msgs/yolo_msgs/msg/detail/point2_d__struct.hpp
[6.990s] -- Up-to-date: /home/nicks1811/muas_ros_workspace/install/yolo_msgs/include/yolo_msgs/yolo_msgs/msg/detail/bounding_box3_d__traits.hpp
[6.990s] -- Up-to-date: /home/nicks1811/muas_ros_workspace/install/yolo_msgs/include/yolo_msgs/yolo_msgs/msg/detail/mask__traits.hpp
[6.990s] -- Up-to-date: /home/nicks1811/muas_ros_workspace/install/yolo_msgs/include/yolo_msgs/yolo_msgs/msg/detail/bounding_box2_d__type_support.hpp
[6.990s] -- Up-to-date: /home/nicks1811/muas_ros_workspace/install/yolo_msgs/include/yolo_msgs/yolo_msgs/msg/detail/bounding_box2_d__traits.hpp
[6.990s] -- Up-to-date: /home/nicks1811/muas_ros_workspace/install/yolo_msgs/include/yolo_msgs/yolo_msgs/msg/detail/key_point2_d__traits.hpp
[6.990s] -- Up-to-date: /home/nicks1811/muas_ros_workspace/install/yolo_msgs/include/yolo_msgs/yolo_msgs/msg/detail/bounding_box2_d__struct.hpp
[6.990s] -- Up-to-date: /home/nicks1811/muas_ros_workspace/install/yolo_msgs/include/yolo_msgs/yolo_msgs/msg/detail/vector2__traits.hpp
[6.990s] -- Up-to-date: /home/nicks1811/muas_ros_workspace/install/yolo_msgs/include/yolo_msgs/yolo_msgs/msg/detail/mask__struct.hpp
[6.990s] -- Up-to-date: /home/nicks1811/muas_ros_workspace/install/yolo_msgs/include/yolo_msgs/yolo_msgs/msg/detail/pose2_d__builder.hpp
[6.990s] -- Up-to-date: /home/nicks1811/muas_ros_workspace/install/yolo_msgs/include/yolo_msgs/yolo_msgs/msg/detail/detection_array__builder.hpp
[6.990s] -- Up-to-date: /home/nicks1811/muas_ros_workspace/install/yolo_msgs/include/yolo_msgs/yolo_msgs/msg/detail/key_point2_d_array__struct.hpp
[6.990s] -- Up-to-date: /home/nicks1811/muas_ros_workspace/install/yolo_msgs/include/yolo_msgs/yolo_msgs/msg/detail/key_point3_d_array__traits.hpp
[6.990s] -- Up-to-date: /home/nicks1811/muas_ros_workspace/install/yolo_msgs/include/yolo_msgs/yolo_msgs/msg/detail/vector2__type_support.hpp
[6.990s] -- Up-to-date: /home/nicks1811/muas_ros_workspace/install/yolo_msgs/include/yolo_msgs/yolo_msgs/msg/detail/point2_d__builder.hpp
[6.990s] -- Up-to-date: /home/nicks1811/muas_ros_workspace/install/yolo_msgs/include/yolo_msgs/yolo_msgs/msg/detail/detection_array__struct.hpp
[6.990s] -- Up-to-date: /home/nicks1811/muas_ros_workspace/install/yolo_msgs/include/yolo_msgs/yolo_msgs/msg/detail/pose2_d__traits.hpp
[6.990s] -- Up-to-date: /home/nicks1811/muas_ros_workspace/install/yolo_msgs/include/yolo_msgs/yolo_msgs/msg/detail/mask__type_support.hpp
[6.990s] -- Up-to-date: /home/nicks1811/muas_ros_workspace/install/yolo_msgs/include/yolo_msgs/yolo_msgs/msg/rosidl_generator_cpp__visibility_control.hpp
[6.990s] -- Up-to-date: /home/nicks1811/muas_ros_workspace/install/yolo_msgs/include/yolo_msgs/yolo_msgs/msg/pose2_d.hpp
[6.990s] -- Up-to-date: /home/nicks1811/muas_ros_workspace/install/yolo_msgs/include/yolo_msgs/yolo_msgs/msg/key_point3_d_array.hpp
[6.990s] -- Up-to-date: /home/nicks1811/muas_ros_workspace/install/yolo_msgs/include/yolo_msgs/yolo_msgs/msg/key_point2_d.hpp
[6.990s] -- Up-to-date: /home/nicks1811/muas_ros_workspace/install/yolo_msgs/include/yolo_msgs/yolo_msgs/msg/bounding_box2_d.hpp
[6.990s] -- Up-to-date: /home/nicks1811/muas_ros_workspace/install/yolo_msgs/include/yolo_msgs/yolo_msgs/msg/key_point3_d.hpp
[6.990s] -- Up-to-date: /home/nicks1811/muas_ros_workspace/install/yolo_msgs/include/yolo_msgs/yolo_msgs/msg/point2_d.hpp
[6.990s] -- Up-to-date: /home/nicks1811/muas_ros_workspace/install/yolo_msgs/include/yolo_msgs/yolo_msgs/msg/detection.hpp
[6.990s] -- Up-to-date: /home/nicks1811/muas_ros_workspace/install/yolo_msgs/include/yolo_msgs/yolo_msgs/msg/vector2.hpp
[6.990s] -- Up-to-date: /home/nicks1811/muas_ros_workspace/install/yolo_msgs/include/yolo_msgs/yolo_msgs/msg/key_point2_d_array.hpp
[6.990s] -- Up-to-date: /home/nicks1811/muas_ros_workspace/install/yolo_msgs/include/yolo_msgs/yolo_msgs
[6.990s] -- Up-to-date: /home/nicks1811/muas_ros_workspace/install/yolo_msgs/include/yolo_msgs/yolo_msgs/srv
[6.990s] -- Up-to-date: /home/nicks1811/muas_ros_workspace/install/yolo_msgs/include/yolo_msgs/yolo_msgs/srv/detail
[6.991s] -- Installing: /home/nicks1811/muas_ros_workspace/install/yolo_msgs/include/yolo_msgs/yolo_msgs/srv/detail/set_classes__rosidl_typesupport_fastrtps_cpp.hpp
[6.991s] -- Up-to-date: /home/nicks1811/muas_ros_workspace/install/yolo_msgs/include/yolo_msgs/yolo_msgs/srv/detail/dds_fastrtps
[6.991s] -- Up-to-date: /home/nicks1811/muas_ros_workspace/install/yolo_msgs/include/yolo_msgs/yolo_msgs/msg
[6.991s] -- Up-to-date: /home/nicks1811/muas_ros_workspace/install/yolo_msgs/include/yolo_msgs/yolo_msgs/msg/rosidl_typesupport_fastrtps_cpp__visibility_control.h
[6.991s] -- Up-to-date: /home/nicks1811/muas_ros_workspace/install/yolo_msgs/include/yolo_msgs/yolo_msgs/msg/detail
[6.991s] -- Installing: /home/nicks1811/muas_ros_workspace/install/yolo_msgs/include/yolo_msgs/yolo_msgs/msg/detail/pose2_d__rosidl_typesupport_fastrtps_cpp.hpp
[6.991s] -- Installing: /home/nicks1811/muas_ros_workspace/install/yolo_msgs/include/yolo_msgs/yolo_msgs/msg/detail/key_point3_d_array__rosidl_typesupport_fastrtps_cpp.hpp
[6.991s] -- Installing: /home/nicks1811/muas_ros_workspace/install/yolo_msgs/include/yolo_msgs/yolo_msgs/msg/detail/key_point2_d_array__rosidl_typesupport_fastrtps_cpp.hpp
[6.991s] -- Installing: /home/nicks1811/muas_ros_workspace/install/yolo_msgs/include/yolo_msgs/yolo_msgs/msg/detail/point2_d__rosidl_typesupport_fastrtps_cpp.hpp
[6.991s] -- Installing: /home/nicks1811/muas_ros_workspace/install/yolo_msgs/include/yolo_msgs/yolo_msgs/msg/detail/key_point2_d__rosidl_typesupport_fastrtps_cpp.hpp
[6.991s] -- Installing: /home/nicks1811/muas_ros_workspace/install/yolo_msgs/include/yolo_msgs/yolo_msgs/msg/detail/mask__rosidl_typesupport_fastrtps_cpp.hpp
[6.991s] -- Installing: /home/nicks1811/muas_ros_workspace/install/yolo_msgs/include/yolo_msgs/yolo_msgs/msg/detail/bounding_box2_d__rosidl_typesupport_fastrtps_cpp.hpp
[6.991s] -- Installing: /home/nicks1811/muas_ros_workspace/install/yolo_msgs/include/yolo_msgs/yolo_msgs/msg/detail/vector2__rosidl_typesupport_fastrtps_cpp.hpp
[6.991s] -- Installing: /home/nicks1811/muas_ros_workspace/install/yolo_msgs/include/yolo_msgs/yolo_msgs/msg/detail/detection__rosidl_typesupport_fastrtps_cpp.hpp
[6.991s] -- Installing: /home/nicks1811/muas_ros_workspace/install/yolo_msgs/include/yolo_msgs/yolo_msgs/msg/detail/bounding_box3_d__rosidl_typesupport_fastrtps_cpp.hpp
[6.991s] -- Installing: /home/nicks1811/muas_ros_workspace/install/yolo_msgs/include/yolo_msgs/yolo_msgs/msg/detail/detection_array__rosidl_typesupport_fastrtps_cpp.hpp
[6.991s] -- Installing: /home/nicks1811/muas_ros_workspace/install/yolo_msgs/include/yolo_msgs/yolo_msgs/msg/detail/key_point3_d__rosidl_typesupport_fastrtps_cpp.hpp
[6.991s] -- Up-to-date: /home/nicks1811/muas_ros_workspace/install/yolo_msgs/include/yolo_msgs/yolo_msgs/msg/detail/dds_fastrtps
[6.991s] -- Installing: /home/nicks1811/muas_ros_workspace/install/yolo_msgs/lib/libyolo_msgs__rosidl_typesupport_fastrtps_cpp.so
[6.991s] -- Set runtime path of "/home/nicks1811/muas_ros_workspace/install/yolo_msgs/lib/libyolo_msgs__rosidl_typesupport_fastrtps_cpp.so" to ""
[6.991s] -- Up-to-date: /home/nicks1811/muas_ros_workspace/install/yolo_msgs/include/yolo_msgs/yolo_msgs
[6.991s] -- Up-to-date: /home/nicks1811/muas_ros_workspace/install/yolo_msgs/include/yolo_msgs/yolo_msgs/srv
[6.991s] -- Up-to-date: /home/nicks1811/muas_ros_workspace/install/yolo_msgs/include/yolo_msgs/yolo_msgs/srv/detail
[6.991s] -- Installing: /home/nicks1811/muas_ros_workspace/install/yolo_msgs/include/yolo_msgs/yolo_msgs/srv/detail/set_classes__rosidl_typesupport_introspection_cpp.hpp
[6.991s] -- Installing: /home/nicks1811/muas_ros_workspace/install/yolo_msgs/include/yolo_msgs/yolo_msgs/srv/detail/set_classes__type_support.cpp
[6.991s] -- Up-to-date: /home/nicks1811/muas_ros_workspace/install/yolo_msgs/include/yolo_msgs/yolo_msgs/msg
[6.991s] -- Up-to-date: /home/nicks1811/muas_ros_workspace/install/yolo_msgs/include/yolo_msgs/yolo_msgs/msg/detail
[6.991s] -- Installing: /home/nicks1811/muas_ros_workspace/install/yolo_msgs/include/yolo_msgs/yolo_msgs/msg/detail/mask__rosidl_typesupport_introspection_cpp.hpp
[6.991s] -- Installing: /home/nicks1811/muas_ros_workspace/install/yolo_msgs/include/yolo_msgs/yolo_msgs/msg/detail/pose2_d__rosidl_typesupport_introspection_cpp.hpp
[6.992s] -- Up-to-date: /home/nicks1811/muas_ros_workspace/install/yolo_msgs/include/yolo_msgs/yolo_msgs/msg/detail/point2_d__rosidl_typesupport_introspection_cpp.hpp
[6.992s] -- Installing: /home/nicks1811/muas_ros_workspace/install/yolo_msgs/include/yolo_msgs/yolo_msgs/msg/detail/key_point3_d__type_support.cpp
[6.992s] -- Installing: /home/nicks1811/muas_ros_workspace/install/yolo_msgs/include/yolo_msgs/yolo_msgs/msg/detail/vector2__type_support.cpp
[6.992s] -- Installing: /home/nicks1811/muas_ros_workspace/install/yolo_msgs/include/yolo_msgs/yolo_msgs/msg/detail/key_point2_d__type_support.cpp
[6.992s] -- Installing: /home/nicks1811/muas_ros_workspace/install/yolo_msgs/include/yolo_msgs/yolo_msgs/msg/detail/detection_array__type_support.cpp
[6.992s] -- Installing: /home/nicks1811/muas_ros_workspace/install/yolo_msgs/include/yolo_msgs/yolo_msgs/msg/detail/pose2_d__type_support.cpp
[6.992s] -- Installing: /home/nicks1811/muas_ros_workspace/install/yolo_msgs/include/yolo_msgs/yolo_msgs/msg/detail/key_point3_d_array__rosidl_typesupport_introspection_cpp.hpp
[6.992s] -- Installing: /home/nicks1811/muas_ros_workspace/install/yolo_msgs/include/yolo_msgs/yolo_msgs/msg/detail/bounding_box2_d__type_support.cpp
[6.992s] -- Installing: /home/nicks1811/muas_ros_workspace/install/yolo_msgs/include/yolo_msgs/yolo_msgs/msg/detail/mask__type_support.cpp
[6.992s] -- Installing: /home/nicks1811/muas_ros_workspace/install/yolo_msgs/include/yolo_msgs/yolo_msgs/msg/detail/key_point2_d_array__type_support.cpp
[6.992s] -- Installing: /home/nicks1811/muas_ros_workspace/install/yolo_msgs/include/yolo_msgs/yolo_msgs/msg/detail/point2_d__type_support.cpp
[6.992s] -- Installing: /home/nicks1811/muas_ros_workspace/install/yolo_msgs/include/yolo_msgs/yolo_msgs/msg/detail/bounding_box3_d__type_support.cpp
[6.992s] -- Installing: /home/nicks1811/muas_ros_workspace/install/yolo_msgs/include/yolo_msgs/yolo_msgs/msg/detail/key_point2_d_array__rosidl_typesupport_introspection_cpp.hpp
[6.992s] -- Installing: /home/nicks1811/muas_ros_workspace/install/yolo_msgs/include/yolo_msgs/yolo_msgs/msg/detail/bounding_box3_d__rosidl_typesupport_introspection_cpp.hpp
[6.992s] -- Installing: /home/nicks1811/muas_ros_workspace/install/yolo_msgs/include/yolo_msgs/yolo_msgs/msg/detail/detection_array__rosidl_typesupport_introspection_cpp.hpp
[6.992s] -- Installing: /home/nicks1811/muas_ros_workspace/install/yolo_msgs/include/yolo_msgs/yolo_msgs/msg/detail/detection__type_support.cpp
[6.992s] -- Installing: /home/nicks1811/muas_ros_workspace/install/yolo_msgs/include/yolo_msgs/yolo_msgs/msg/detail/vector2__rosidl_typesupport_introspection_cpp.hpp
[6.992s] -- Installing: /home/nicks1811/muas_ros_workspace/install/yolo_msgs/include/yolo_msgs/yolo_msgs/msg/detail/key_point3_d__rosidl_typesupport_introspection_cpp.hpp
[6.992s] -- Installing: /home/nicks1811/muas_ros_workspace/install/yolo_msgs/include/yolo_msgs/yolo_msgs/msg/detail/bounding_box2_d__rosidl_typesupport_introspection_cpp.hpp
[6.992s] -- Installing: /home/nicks1811/muas_ros_workspace/install/yolo_msgs/include/yolo_msgs/yolo_msgs/msg/detail/key_point3_d_array__type_support.cpp
[6.992s] -- Installing: /home/nicks1811/muas_ros_workspace/install/yolo_msgs/include/yolo_msgs/yolo_msgs/msg/detail/detection__rosidl_typesupport_introspection_cpp.hpp
[6.992s] -- Installing: /home/nicks1811/muas_ros_workspace/install/yolo_msgs/include/yolo_msgs/yolo_msgs/msg/detail/key_point2_d__rosidl_typesupport_introspection_cpp.hpp
[6.992s] -- Installing: /home/nicks1811/muas_ros_workspace/install/yolo_msgs/lib/libyolo_msgs__rosidl_typesupport_introspection_cpp.so
[6.992s] -- Set runtime path of "/home/nicks1811/muas_ros_workspace/install/yolo_msgs/lib/libyolo_msgs__rosidl_typesupport_introspection_cpp.so" to ""
[6.992s] -- Installing: /home/nicks1811/muas_ros_workspace/install/yolo_msgs/lib/libyolo_msgs__rosidl_typesupport_cpp.so
[6.992s] -- Set runtime path of "/home/nicks1811/muas_ros_workspace/install/yolo_msgs/lib/libyolo_msgs__rosidl_typesupport_cpp.so" to ""
[6.992s] -- Up-to-date: /home/nicks1811/muas_ros_workspace/install/yolo_msgs/share/yolo_msgs/environment/pythonpath.sh
[6.992s] -- Installing: /home/nicks1811/muas_ros_workspace/install/yolo_msgs/share/yolo_msgs/environment/pythonpath.dsv
[6.992s] -- Up-to-date: /home/nicks1811/muas_ros_workspace/install/yolo_msgs/local/lib/python3.10/dist-packages/yolo_msgs-4.3.1-py3.10.egg-info
[6.992s] -- Installing: /home/nicks1811/muas_ros_workspace/install/yolo_msgs/local/lib/python3.10/dist-packages/yolo_msgs-4.3.1-py3.10.egg-info/PKG-INFO
[6.992s] -- Installing: /home/nicks1811/muas_ros_workspace/install/yolo_msgs/local/lib/python3.10/dist-packages/yolo_msgs-4.3.1-py3.10.egg-info/top_level.txt
[6.993s] -- Installing: /home/nicks1811/muas_ros_workspace/install/yolo_msgs/local/lib/python3.10/dist-packages/yolo_msgs-4.3.1-py3.10.egg-info/dependency_links.txt
[6.993s] -- Installing: /home/nicks1811/muas_ros_workspace/install/yolo_msgs/local/lib/python3.10/dist-packages/yolo_msgs-4.3.1-py3.10.egg-info/SOURCES.txt
[6.993s] -- Up-to-date: /home/nicks1811/muas_ros_workspace/install/yolo_msgs/local/lib/python3.10/dist-packages/yolo_msgs
[6.993s] -- Up-to-date: /home/nicks1811/muas_ros_workspace/install/yolo_msgs/local/lib/python3.10/dist-packages/yolo_msgs/_yolo_msgs_s.ep.rosidl_typesupport_c.c
[6.993s] -- Installing: /home/nicks1811/muas_ros_workspace/install/yolo_msgs/local/lib/python3.10/dist-packages/yolo_msgs/yolo_msgs_s__rosidl_typesupport_introspection_c.cpython-310-x86_64-linux-gnu.so
[6.993s] -- Installing: /home/nicks1811/muas_ros_workspace/install/yolo_msgs/local/lib/python3.10/dist-packages/yolo_msgs/libyolo_msgs__rosidl_generator_py.so
[6.993s] -- Up-to-date: /home/nicks1811/muas_ros_workspace/install/yolo_msgs/local/lib/python3.10/dist-packages/yolo_msgs/_yolo_msgs_s.ep.rosidl_typesupport_introspection_c.c
[6.993s] -- Installing: /home/nicks1811/muas_ros_workspace/install/yolo_msgs/local/lib/python3.10/dist-packages/yolo_msgs/__init__.py
[6.993s] -- Installing: /home/nicks1811/muas_ros_workspace/install/yolo_msgs/local/lib/python3.10/dist-packages/yolo_msgs/yolo_msgs_s__rosidl_typesupport_c.cpython-310-x86_64-linux-gnu.so
[6.993s] -- Up-to-date: /home/nicks1811/muas_ros_workspace/install/yolo_msgs/local/lib/python3.10/dist-packages/yolo_msgs/_yolo_msgs_s.ep.rosidl_typesupport_fastrtps_c.c
[6.993s] -- Up-to-date: /home/nicks1811/muas_ros_workspace/install/yolo_msgs/local/lib/python3.10/dist-packages/yolo_msgs/srv
[6.993s] -- Up-to-date: /home/nicks1811/muas_ros_workspace/install/yolo_msgs/local/lib/python3.10/dist-packages/yolo_msgs/srv/_set_classes.py
[6.993s] -- Up-to-date: /home/nicks1811/muas_ros_workspace/install/yolo_msgs/local/lib/python3.10/dist-packages/yolo_msgs/srv/__init__.py
[6.993s] -- Up-to-date: /home/nicks1811/muas_ros_workspace/install/yolo_msgs/local/lib/python3.10/dist-packages/yolo_msgs/srv/_set_classes_s.c
[6.993s] -- Up-to-date: /home/nicks1811/muas_ros_workspace/install/yolo_msgs/local/lib/python3.10/dist-packages/yolo_msgs/msg
[6.993s] -- Up-to-date: /home/nicks1811/muas_ros_workspace/install/yolo_msgs/local/lib/python3.10/dist-packages/yolo_msgs/msg/_vector2.py
[6.993s] -- Up-to-date: /home/nicks1811/muas_ros_workspace/install/yolo_msgs/local/lib/python3.10/dist-packages/yolo_msgs/msg/_mask_s.c
[6.993s] -- Up-to-date: /home/nicks1811/muas_ros_workspace/install/yolo_msgs/local/lib/python3.10/dist-packages/yolo_msgs/msg/_key_point2_d_array_s.c
[6.993s] -- Up-to-date: /home/nicks1811/muas_ros_workspace/install/yolo_msgs/local/lib/python3.10/dist-packages/yolo_msgs/msg/_bounding_box2_d_s.c
[6.993s] -- Up-to-date: /home/nicks1811/muas_ros_workspace/install/yolo_msgs/local/lib/python3.10/dist-packages/yolo_msgs/msg/_key_point3_d.py
[6.993s] -- Up-to-date: /home/nicks1811/muas_ros_workspace/install/yolo_msgs/local/lib/python3.10/dist-packages/yolo_msgs/msg/_key_point2_d.py
[6.993s] -- Up-to-date: /home/nicks1811/muas_ros_workspace/install/yolo_msgs/local/lib/python3.10/dist-packages/yolo_msgs/msg/_mask.py
[6.993s] -- Up-to-date: /home/nicks1811/muas_ros_workspace/install/yolo_msgs/local/lib/python3.10/dist-packages/yolo_msgs/msg/_key_point2_d_array.py
[6.993s] -- Up-to-date: /home/nicks1811/muas_ros_workspace/install/yolo_msgs/local/lib/python3.10/dist-packages/yolo_msgs/msg/_bounding_box3_d.py
[6.993s] -- Up-to-date: /home/nicks1811/muas_ros_workspace/install/yolo_msgs/local/lib/python3.10/dist-packages/yolo_msgs/msg/_key_point3_d_array_s.c
[6.993s] -- Up-to-date: /home/nicks1811/muas_ros_workspace/install/yolo_msgs/local/lib/python3.10/dist-packages/yolo_msgs/msg/_detection_array.py
[6.993s] -- Up-to-date: /home/nicks1811/muas_ros_workspace/install/yolo_msgs/local/lib/python3.10/dist-packages/yolo_msgs/msg/_pose2_d_s.c
[6.993s] -- Up-to-date: /home/nicks1811/muas_ros_workspace/install/yolo_msgs/local/lib/python3.10/dist-packages/yolo_msgs/msg/_bounding_box3_d_s.c
[6.993s] -- Up-to-date: /home/nicks1811/muas_ros_workspace/install/yolo_msgs/local/lib/python3.10/dist-packages/yolo_msgs/msg/_key_point3_d_s.c
[6.993s] -- Up-to-date: /home/nicks1811/muas_ros_workspace/install/yolo_msgs/local/lib/python3.10/dist-packages/yolo_msgs/msg/__init__.py
[6.993s] -- Up-to-date: /home/nicks1811/muas_ros_workspace/install/yolo_msgs/local/lib/python3.10/dist-packages/yolo_msgs/msg/_detection.py
[6.993s] -- Up-to-date: /home/nicks1811/muas_ros_workspace/install/yolo_msgs/local/lib/python3.10/dist-packages/yolo_msgs/msg/_bounding_box2_d.py
[6.993s] -- Up-to-date: /home/nicks1811/muas_ros_workspace/install/yolo_msgs/local/lib/python3.10/dist-packages/yolo_msgs/msg/_point2_d.py
[6.994s] -- Up-to-date: /home/nicks1811/muas_ros_workspace/install/yolo_msgs/local/lib/python3.10/dist-packages/yolo_msgs/msg/_key_point2_d_s.c
[6.994s] -- Up-to-date: /home/nicks1811/muas_ros_workspace/install/yolo_msgs/local/lib/python3.10/dist-packages/yolo_msgs/msg/_detection_s.c
[6.994s] -- Up-to-date: /home/nicks1811/muas_ros_workspace/install/yolo_msgs/local/lib/python3.10/dist-packages/yolo_msgs/msg/_vector2_s.c
[6.994s] -- Up-to-date: /home/nicks1811/muas_ros_workspace/install/yolo_msgs/local/lib/python3.10/dist-packages/yolo_msgs/msg/_key_point3_d_array.py
[6.994s] -- Up-to-date: /home/nicks1811/muas_ros_workspace/install/yolo_msgs/local/lib/python3.10/dist-packages/yolo_msgs/msg/_pose2_d.py
[6.994s] -- Up-to-date: /home/nicks1811/muas_ros_workspace/install/yolo_msgs/local/lib/python3.10/dist-packages/yolo_msgs/msg/_point2_d_s.c
[6.994s] -- Up-to-date: /home/nicks1811/muas_ros_workspace/install/yolo_msgs/local/lib/python3.10/dist-packages/yolo_msgs/msg/_detection_array_s.c
[6.994s] -- Installing: /home/nicks1811/muas_ros_workspace/install/yolo_msgs/local/lib/python3.10/dist-packages/yolo_msgs/yolo_msgs_s__rosidl_typesupport_fastrtps_c.cpython-310-x86_64-linux-gnu.so
[7.008s] Listing '/home/nicks1811/muas_ros_workspace/install/yolo_msgs/local/lib/python3.10/dist-packages/yolo_msgs'...
[7.008s] Compiling '/home/nicks1811/muas_ros_workspace/install/yolo_msgs/local/lib/python3.10/dist-packages/yolo_msgs/__init__.py'...
[7.008s] Listing '/home/nicks1811/muas_ros_workspace/install/yolo_msgs/local/lib/python3.10/dist-packages/yolo_msgs/msg'...
[7.008s] Listing '/home/nicks1811/muas_ros_workspace/install/yolo_msgs/local/lib/python3.10/dist-packages/yolo_msgs/srv'...
[7.012s] -- Installing: /home/nicks1811/muas_ros_workspace/install/yolo_msgs/local/lib/python3.10/dist-packages/yolo_msgs/yolo_msgs_s__rosidl_typesupport_fastrtps_c.cpython-310-x86_64-linux-gnu.so
[7.013s] -- Set runtime path of "/home/nicks1811/muas_ros_workspace/install/yolo_msgs/local/lib/python3.10/dist-packages/yolo_msgs/yolo_msgs_s__rosidl_typesupport_fastrtps_c.cpython-310-x86_64-linux-gnu.so" to ""
[7.013s] -- Installing: /home/nicks1811/muas_ros_workspace/install/yolo_msgs/local/lib/python3.10/dist-packages/yolo_msgs/yolo_msgs_s__rosidl_typesupport_introspection_c.cpython-310-x86_64-linux-gnu.so
[7.013s] -- Set runtime path of "/home/nicks1811/muas_ros_workspace/install/yolo_msgs/local/lib/python3.10/dist-packages/yolo_msgs/yolo_msgs_s__rosidl_typesupport_introspection_c.cpython-310-x86_64-linux-gnu.so" to ""
[7.013s] -- Installing: /home/nicks1811/muas_ros_workspace/install/yolo_msgs/local/lib/python3.10/dist-packages/yolo_msgs/yolo_msgs_s__rosidl_typesupport_c.cpython-310-x86_64-linux-gnu.so
[7.014s] -- Set runtime path of "/home/nicks1811/muas_ros_workspace/install/yolo_msgs/local/lib/python3.10/dist-packages/yolo_msgs/yolo_msgs_s__rosidl_typesupport_c.cpython-310-x86_64-linux-gnu.so" to ""
[7.014s] -- Installing: /home/nicks1811/muas_ros_workspace/install/yolo_msgs/lib/libyolo_msgs__rosidl_generator_py.so
[7.014s] -- Set runtime path of "/home/nicks1811/muas_ros_workspace/install/yolo_msgs/lib/libyolo_msgs__rosidl_generator_py.so" to ""
[7.014s] -- Up-to-date: /home/nicks1811/muas_ros_workspace/install/yolo_msgs/share/yolo_msgs/msg/Point2D.idl
[7.015s] -- Up-to-date: /home/nicks1811/muas_ros_workspace/install/yolo_msgs/share/yolo_msgs/msg/Vector2.idl
[7.015s] -- Up-to-date: /home/nicks1811/muas_ros_workspace/install/yolo_msgs/share/yolo_msgs/msg/Pose2D.idl
[7.015s] -- Up-to-date: /home/nicks1811/muas_ros_workspace/install/yolo_msgs/share/yolo_msgs/msg/BoundingBox2D.idl
[7.015s] -- Up-to-date: /home/nicks1811/muas_ros_workspace/install/yolo_msgs/share/yolo_msgs/msg/BoundingBox3D.idl
[7.015s] -- Up-to-date: /home/nicks1811/muas_ros_workspace/install/yolo_msgs/share/yolo_msgs/msg/Mask.idl
[7.015s] -- Up-to-date: /home/nicks1811/muas_ros_workspace/install/yolo_msgs/share/yolo_msgs/msg/KeyPoint2D.idl
[7.015s] -- Up-to-date: /home/nicks1811/muas_ros_workspace/install/yolo_msgs/share/yolo_msgs/msg/KeyPoint2DArray.idl
[7.015s] -- Up-to-date: /home/nicks1811/muas_ros_workspace/install/yolo_msgs/share/yolo_msgs/msg/KeyPoint3D.idl
[7.016s] -- Up-to-date: /home/nicks1811/muas_ros_workspace/install/yolo_msgs/share/yolo_msgs/msg/KeyPoint3DArray.idl
[7.016s] -- Up-to-date: /home/nicks1811/muas_ros_workspace/install/yolo_msgs/share/yolo_msgs/msg/Detection.idl
[7.016s] -- Up-to-date: /home/nicks1811/muas_ros_workspace/install/yolo_msgs/share/yolo_msgs/msg/DetectionArray.idl
[7.016s] -- Up-to-date: /home/nicks1811/muas_ros_workspace/install/yolo_msgs/share/yolo_msgs/srv/SetClasses.idl
[7.016s] -- Up-to-date: /home/nicks1811/muas_ros_workspace/install/yolo_msgs/share/yolo_msgs/msg/Point2D.msg
[7.016s] -- Up-to-date: /home/nicks1811/muas_ros_workspace/install/yolo_msgs/share/yolo_msgs/msg/Vector2.msg
[7.016s] -- Up-to-date: /home/nicks1811/muas_ros_workspace/install/yolo_msgs/share/yolo_msgs/msg/Pose2D.msg
[7.016s] -- Up-to-date: /home/nicks1811/muas_ros_workspace/install/yolo_msgs/share/yolo_msgs/msg/BoundingBox2D.msg
[7.016s] -- Up-to-date: /home/nicks1811/muas_ros_workspace/install/yolo_msgs/share/yolo_msgs/msg/BoundingBox3D.msg
[7.016s] -- Up-to-date: /home/nicks1811/muas_ros_workspace/install/yolo_msgs/share/yolo_msgs/msg/Mask.msg
[7.016s] -- Up-to-date: /home/nicks1811/muas_ros_workspace/install/yolo_msgs/share/yolo_msgs/msg/KeyPoint2D.msg
[7.017s] -- Up-to-date: /home/nicks1811/muas_ros_workspace/install/yolo_msgs/share/yolo_msgs/msg/KeyPoint2DArray.msg
[7.017s] -- Up-to-date: /home/nicks1811/muas_ros_workspace/install/yolo_msgs/share/yolo_msgs/msg/KeyPoint3D.msg
[7.017s] -- Up-to-date: /home/nicks1811/muas_ros_workspace/install/yolo_msgs/share/yolo_msgs/msg/KeyPoint3DArray.msg
[7.017s] -- Up-to-date: /home/nicks1811/muas_ros_workspace/install/yolo_msgs/share/yolo_msgs/msg/Detection.msg
[7.017s] -- Up-to-date: /home/nicks1811/muas_ros_workspace/install/yolo_msgs/share/yolo_msgs/msg/DetectionArray.msg
[7.017s] -- Up-to-date: /home/nicks1811/muas_ros_workspace/install/yolo_msgs/share/yolo_msgs/srv/SetClasses.srv
[7.017s] -- Up-to-date: /home/nicks1811/muas_ros_workspace/install/yolo_msgs/share/yolo_msgs/srv/SetClasses_Request.msg
[7.017s] -- Up-to-date: /home/nicks1811/muas_ros_workspace/install/yolo_msgs/share/yolo_msgs/srv/SetClasses_Response.msg
[7.017s] -- Up-to-date: /home/nicks1811/muas_ros_workspace/install/yolo_msgs/share/ament_index/resource_index/package_run_dependencies/yolo_msgs
[7.018s] -- Up-to-date: /home/nicks1811/muas_ros_workspace/install/yolo_msgs/share/ament_index/resource_index/parent_prefix_path/yolo_msgs
[7.018s] -- Up-to-date: /home/nicks1811/muas_ros_workspace/install/yolo_msgs/share/yolo_msgs/environment/ament_prefix_path.sh
[7.018s] -- Installing: /home/nicks1811/muas_ros_workspace/install/yolo_msgs/share/yolo_msgs/environment/ament_prefix_path.dsv
[7.018s] -- Up-to-date: /home/nicks1811/muas_ros_workspace/install/yolo_msgs/share/yolo_msgs/environment/path.sh
[7.018s] -- Installing: /home/nicks1811/muas_ros_workspace/install/yolo_msgs/share/yolo_msgs/environment/path.dsv
[7.018s] -- Up-to-date: /home/nicks1811/muas_ros_workspace/install/yolo_msgs/share/yolo_msgs/local_setup.bash
[7.018s] -- Up-to-date: /home/nicks1811/muas_ros_workspace/install/yolo_msgs/share/yolo_msgs/local_setup.sh
[7.018s] -- Up-to-date: /home/nicks1811/muas_ros_workspace/install/yolo_msgs/share/yolo_msgs/local_setup.zsh
[7.018s] -- Installing: /home/nicks1811/muas_ros_workspace/install/yolo_msgs/share/yolo_msgs/local_setup.dsv
[7.018s] -- Installing: /home/nicks1811/muas_ros_workspace/install/yolo_msgs/share/yolo_msgs/package.dsv
[7.018s] -- Up-to-date: /home/nicks1811/muas_ros_workspace/install/yolo_msgs/share/ament_index/resource_index/packages/yolo_msgs
[7.018s] -- Up-to-date: /home/nicks1811/muas_ros_workspace/install/yolo_msgs/share/yolo_msgs/cmake/export_yolo_msgs__rosidl_generator_cExport.cmake
[7.018s] -- Up-to-date: /home/nicks1811/muas_ros_workspace/install/yolo_msgs/share/yolo_msgs/cmake/export_yolo_msgs__rosidl_generator_cExport-noconfig.cmake
[7.018s] -- Up-to-date: /home/nicks1811/muas_ros_workspace/install/yolo_msgs/share/yolo_msgs/cmake/export_yolo_msgs__rosidl_typesupport_fastrtps_cExport.cmake
[7.018s] -- Up-to-date: /home/nicks1811/muas_ros_workspace/install/yolo_msgs/share/yolo_msgs/cmake/export_yolo_msgs__rosidl_typesupport_fastrtps_cExport-noconfig.cmake
[7.018s] -- Up-to-date: /home/nicks1811/muas_ros_workspace/install/yolo_msgs/share/yolo_msgs/cmake/yolo_msgs__rosidl_typesupport_introspection_cExport.cmake
[7.018s] -- Up-to-date: /home/nicks1811/muas_ros_workspace/install/yolo_msgs/share/yolo_msgs/cmake/yolo_msgs__rosidl_typesupport_introspection_cExport-noconfig.cmake
[7.018s] -- Up-to-date: /home/nicks1811/muas_ros_workspace/install/yolo_msgs/share/yolo_msgs/cmake/yolo_msgs__rosidl_typesupport_cExport.cmake
[7.018s] -- Up-to-date: /home/nicks1811/muas_ros_workspace/install/yolo_msgs/share/yolo_msgs/cmake/yolo_msgs__rosidl_typesupport_cExport-noconfig.cmake
[7.018s] -- Up-to-date: /home/nicks1811/muas_ros_workspace/install/yolo_msgs/share/yolo_msgs/cmake/export_yolo_msgs__rosidl_generator_cppExport.cmake
[7.019s] -- Up-to-date: /home/nicks1811/muas_ros_workspace/install/yolo_msgs/share/yolo_msgs/cmake/export_yolo_msgs__rosidl_typesupport_fastrtps_cppExport.cmake
[7.019s] -- Up-to-date: /home/nicks1811/muas_ros_workspace/install/yolo_msgs/share/yolo_msgs/cmake/export_yolo_msgs__rosidl_typesupport_fastrtps_cppExport-noconfig.cmake
[7.019s] -- Up-to-date: /home/nicks1811/muas_ros_workspace/install/yolo_msgs/share/yolo_msgs/cmake/yolo_msgs__rosidl_typesupport_introspection_cppExport.cmake
[7.019s] -- Up-to-date: /home/nicks1811/muas_ros_workspace/install/yolo_msgs/share/yolo_msgs/cmake/yolo_msgs__rosidl_typesupport_introspection_cppExport-noconfig.cmake
[7.019s] -- Up-to-date: /home/nicks1811/muas_ros_workspace/install/yolo_msgs/share/yolo_msgs/cmake/yolo_msgs__rosidl_typesupport_cppExport.cmake
[7.019s] -- Up-to-date: /home/nicks1811/muas_ros_workspace/install/yolo_msgs/share/yolo_msgs/cmake/yolo_msgs__rosidl_typesupport_cppExport-noconfig.cmake
[7.019s] -- Up-to-date: /home/nicks1811/muas_ros_workspace/install/yolo_msgs/share/yolo_msgs/cmake/export_yolo_msgs__rosidl_generator_pyExport.cmake
[7.019s] -- Up-to-date: /home/nicks1811/muas_ros_workspace/install/yolo_msgs/share/yolo_msgs/cmake/export_yolo_msgs__rosidl_generator_pyExport-noconfig.cmake
[7.019s] -- Up-to-date: /home/nicks1811/muas_ros_workspace/install/yolo_msgs/share/yolo_msgs/cmake/rosidl_cmake-extras.cmake
[7.020s] -- Up-to-date: /home/nicks1811/muas_ros_workspace/install/yolo_msgs/share/yolo_msgs/cmake/ament_cmake_export_dependencies-extras.cmake
[7.020s] -- Up-to-date: /home/nicks1811/muas_ros_workspace/install/yolo_msgs/share/yolo_msgs/cmake/ament_cmake_export_include_directories-extras.cmake
[7.020s] -- Up-to-date: /home/nicks1811/muas_ros_workspace/install/yolo_msgs/share/yolo_msgs/cmake/ament_cmake_export_libraries-extras.cmake
[7.020s] -- Up-to-date: /home/nicks1811/muas_ros_workspace/install/yolo_msgs/share/yolo_msgs/cmake/ament_cmake_export_targets-extras.cmake
[7.020s] -- Up-to-date: /home/nicks1811/muas_ros_workspace/install/yolo_msgs/share/yolo_msgs/cmake/rosidl_cmake_export_typesupport_targets-extras.cmake
[7.020s] -- Up-to-date: /home/nicks1811/muas_ros_workspace/install/yolo_msgs/share/yolo_msgs/cmake/rosidl_cmake_export_typesupport_libraries-extras.cmake
[7.020s] -- Up-to-date: /home/nicks1811/muas_ros_workspace/install/yolo_msgs/share/yolo_msgs/cmake/yolo_msgsConfig.cmake
[7.020s] -- Up-to-date: /home/nicks1811/muas_ros_workspace/install/yolo_msgs/share/yolo_msgs/cmake/yolo_msgsConfig-version.cmake
[7.020s] -- Up-to-date: /home/nicks1811/muas_ros_workspace/install/yolo_msgs/share/yolo_msgs/package.xml
[7.022s] Invoked command in '/home/nicks1811/muas_ros_workspace/build/yolo_msgs' returned '0': CMAKE_PREFIX_PATH=/home/nicks1811/muas_ros_workspace/install/vision_pkg:/home/nicks1811/muas_ros_workspace/install/gnc_trajectory:/opt/ros/humble:/home/nicks1811/muas_ros_workspace/install/gnc_msgs /usr/bin/cmake --install /home/nicks1811/muas_ros_workspace/build/yolo_msgs
