[0.249s] DEBUG:colcon:Command line arguments: ['/usr/bin/colcon', 'build']
[0.249s] DEBUG:colcon:Parsed command line arguments: Namespace(log_base=None, log_level=None, verb_name='build', build_base='build', install_base='install', merge_install=False, symlink_install=False, test_result_base=None, continue_on_error=False, executor='parallel', parallel_workers=12, event_handlers=None, ignore_user_meta=False, metas=['./colcon.meta'], base_paths=['.'], packages_ignore=None, packages_ignore_regex=None, paths=None, packages_up_to=None, packages_up_to_regex=None, packages_above=None, packages_above_and_dependencies=None, packages_above_depth=None, packages_select_by_dep=None, packages_skip_by_dep=None, packages_skip_up_to=None, packages_select_build_failed=False, packages_skip_build_finished=False, packages_select_test_failures=False, packages_skip_test_passed=False, packages_select=None, packages_skip=None, packages_select_regex=None, packages_skip_regex=None, packages_start=None, packages_end=None, allow_overriding=[], cmake_args=None, cmake_target=None, cmake_target_skip_unavailable=False, cmake_clean_cache=False, cmake_clean_first=False, cmake_force_configure=False, ament_cmake_args=None, catkin_cmake_args=None, catkin_skip_building_tests=False, mixin_files=None, mixin=None, verb_parser=<colcon_mixin.mixin.mixin_argument.MixinArgumentDecorator object at 0x7fcabe1d7490>, verb_extension=<colcon_core.verb.build.BuildVerb object at 0x7fcabe1d6aa0>, main=<bound method BuildVerb.main of <colcon_core.verb.build.BuildVerb object at 0x7fcabe1d6aa0>>, mixin_verb=('build',))
[0.281s] Level 1:colcon.colcon_core.package_discovery:discover_packages(colcon_meta) check parameters
[0.281s] Level 1:colcon.colcon_core.package_discovery:discover_packages(recursive) check parameters
[0.281s] Level 1:colcon.colcon_core.package_discovery:discover_packages(ignore) check parameters
[0.281s] Level 1:colcon.colcon_core.package_discovery:discover_packages(path) check parameters
[0.281s] Level 1:colcon.colcon_core.package_discovery:discover_packages(colcon_meta) discover
[0.281s] Level 1:colcon.colcon_core.package_discovery:discover_packages(recursive) discover
[0.281s] INFO:colcon.colcon_core.package_discovery:Crawling recursively for packages in '/home/nicks1811/muas_ros_workspace'
[0.282s] Level 1:colcon.colcon_core.package_identification:_identify(.) by extensions ['ignore', 'ignore_ament_install']
[0.282s] Level 1:colcon.colcon_core.package_identification:_identify(.) by extension 'ignore'
[0.282s] Level 1:colcon.colcon_core.package_identification:_identify(.) by extension 'ignore_ament_install'
[0.282s] Level 1:colcon.colcon_core.package_identification:_identify(.) by extensions ['colcon_pkg']
[0.282s] Level 1:colcon.colcon_core.package_identification:_identify(.) by extension 'colcon_pkg'
[0.282s] Level 1:colcon.colcon_core.package_identification:_identify(.) by extensions ['colcon_meta']
[0.282s] Level 1:colcon.colcon_core.package_identification:_identify(.) by extension 'colcon_meta'
[0.282s] Level 1:colcon.colcon_core.package_identification:_identify(.) by extensions ['ros']
[0.282s] Level 1:colcon.colcon_core.package_identification:_identify(.) by extension 'ros'
[0.291s] Level 1:colcon.colcon_core.package_identification:_identify(.) by extensions ['cmake', 'python']
[0.291s] Level 1:colcon.colcon_core.package_identification:_identify(.) by extension 'cmake'
[0.291s] Level 1:colcon.colcon_core.package_identification:_identify(.) by extension 'python'
[0.291s] Level 1:colcon.colcon_core.package_identification:_identify(.) by extensions ['python_setup_py']
[0.291s] Level 1:colcon.colcon_core.package_identification:_identify(.) by extension 'python_setup_py'
[0.291s] Level 1:colcon.colcon_core.package_identification:_identify(build) by extensions ['ignore', 'ignore_ament_install']
[0.291s] Level 1:colcon.colcon_core.package_identification:_identify(build) by extension 'ignore'
[0.291s] Level 1:colcon.colcon_core.package_identification:_identify(build) ignored
[0.291s] Level 1:colcon.colcon_core.package_identification:_identify(install) by extensions ['ignore', 'ignore_ament_install']
[0.292s] Level 1:colcon.colcon_core.package_identification:_identify(install) by extension 'ignore'
[0.292s] Level 1:colcon.colcon_core.package_identification:_identify(install) ignored
[0.292s] Level 1:colcon.colcon_core.package_identification:_identify(log) by extensions ['ignore', 'ignore_ament_install']
[0.292s] Level 1:colcon.colcon_core.package_identification:_identify(log) by extension 'ignore'
[0.292s] Level 1:colcon.colcon_core.package_identification:_identify(log) ignored
[0.292s] Level 1:colcon.colcon_core.package_identification:_identify(src) by extensions ['ignore', 'ignore_ament_install']
[0.292s] Level 1:colcon.colcon_core.package_identification:_identify(src) by extension 'ignore'
[0.292s] Level 1:colcon.colcon_core.package_identification:_identify(src) by extension 'ignore_ament_install'
[0.292s] Level 1:colcon.colcon_core.package_identification:_identify(src) by extensions ['colcon_pkg']
[0.292s] Level 1:colcon.colcon_core.package_identification:_identify(src) by extension 'colcon_pkg'
[0.292s] Level 1:colcon.colcon_core.package_identification:_identify(src) by extensions ['colcon_meta']
[0.292s] Level 1:colcon.colcon_core.package_identification:_identify(src) by extension 'colcon_meta'
[0.292s] Level 1:colcon.colcon_core.package_identification:_identify(src) by extensions ['ros']
[0.292s] Level 1:colcon.colcon_core.package_identification:_identify(src) by extension 'ros'
[0.292s] Level 1:colcon.colcon_core.package_identification:_identify(src) by extensions ['cmake', 'python']
[0.292s] Level 1:colcon.colcon_core.package_identification:_identify(src) by extension 'cmake'
[0.292s] Level 1:colcon.colcon_core.package_identification:_identify(src) by extension 'python'
[0.292s] Level 1:colcon.colcon_core.package_identification:_identify(src) by extensions ['python_setup_py']
[0.292s] Level 1:colcon.colcon_core.package_identification:_identify(src) by extension 'python_setup_py'
[0.292s] Level 1:colcon.colcon_core.package_identification:_identify(src/vision_pkg) by extensions ['ignore', 'ignore_ament_install']
[0.292s] Level 1:colcon.colcon_core.package_identification:_identify(src/vision_pkg) by extension 'ignore'
[0.292s] Level 1:colcon.colcon_core.package_identification:_identify(src/vision_pkg) by extension 'ignore_ament_install'
[0.292s] Level 1:colcon.colcon_core.package_identification:_identify(src/vision_pkg) by extensions ['colcon_pkg']
[0.292s] Level 1:colcon.colcon_core.package_identification:_identify(src/vision_pkg) by extension 'colcon_pkg'
[0.292s] Level 1:colcon.colcon_core.package_identification:_identify(src/vision_pkg) by extensions ['colcon_meta']
[0.292s] Level 1:colcon.colcon_core.package_identification:_identify(src/vision_pkg) by extension 'colcon_meta'
[0.292s] Level 1:colcon.colcon_core.package_identification:_identify(src/vision_pkg) by extensions ['ros']
[0.292s] Level 1:colcon.colcon_core.package_identification:_identify(src/vision_pkg) by extension 'ros'
[0.294s] DEBUG:colcon.colcon_core.package_identification:Package 'src/vision_pkg' with type 'ros.ament_cmake' and name 'vision_pkg'
[0.294s] Level 1:colcon.colcon_core.package_identification:_identify(src/yolo_ros) by extensions ['ignore', 'ignore_ament_install']
[0.294s] Level 1:colcon.colcon_core.package_identification:_identify(src/yolo_ros) by extension 'ignore'
[0.294s] Level 1:colcon.colcon_core.package_identification:_identify(src/yolo_ros) by extension 'ignore_ament_install'
[0.294s] Level 1:colcon.colcon_core.package_identification:_identify(src/yolo_ros) by extensions ['colcon_pkg']
[0.294s] Level 1:colcon.colcon_core.package_identification:_identify(src/yolo_ros) by extension 'colcon_pkg'
[0.294s] Level 1:colcon.colcon_core.package_identification:_identify(src/yolo_ros) by extensions ['colcon_meta']
[0.294s] Level 1:colcon.colcon_core.package_identification:_identify(src/yolo_ros) by extension 'colcon_meta'
[0.294s] Level 1:colcon.colcon_core.package_identification:_identify(src/yolo_ros) by extensions ['ros']
[0.294s] Level 1:colcon.colcon_core.package_identification:_identify(src/yolo_ros) by extension 'ros'
[0.294s] Level 1:colcon.colcon_core.package_identification:_identify(src/yolo_ros) by extensions ['cmake', 'python']
[0.294s] Level 1:colcon.colcon_core.package_identification:_identify(src/yolo_ros) by extension 'cmake'
[0.294s] Level 1:colcon.colcon_core.package_identification:_identify(src/yolo_ros) by extension 'python'
[0.294s] Level 1:colcon.colcon_core.package_identification:_identify(src/yolo_ros) by extensions ['python_setup_py']
[0.294s] Level 1:colcon.colcon_core.package_identification:_identify(src/yolo_ros) by extension 'python_setup_py'
[0.294s] Level 1:colcon.colcon_core.package_identification:_identify(src/yolo_ros/docs) by extensions ['ignore', 'ignore_ament_install']
[0.294s] Level 1:colcon.colcon_core.package_identification:_identify(src/yolo_ros/docs) by extension 'ignore'
[0.294s] Level 1:colcon.colcon_core.package_identification:_identify(src/yolo_ros/docs) by extension 'ignore_ament_install'
[0.294s] Level 1:colcon.colcon_core.package_identification:_identify(src/yolo_ros/docs) by extensions ['colcon_pkg']
[0.294s] Level 1:colcon.colcon_core.package_identification:_identify(src/yolo_ros/docs) by extension 'colcon_pkg'
[0.294s] Level 1:colcon.colcon_core.package_identification:_identify(src/yolo_ros/docs) by extensions ['colcon_meta']
[0.294s] Level 1:colcon.colcon_core.package_identification:_identify(src/yolo_ros/docs) by extension 'colcon_meta'
[0.294s] Level 1:colcon.colcon_core.package_identification:_identify(src/yolo_ros/docs) by extensions ['ros']
[0.294s] Level 1:colcon.colcon_core.package_identification:_identify(src/yolo_ros/docs) by extension 'ros'
[0.294s] Level 1:colcon.colcon_core.package_identification:_identify(src/yolo_ros/docs) by extensions ['cmake', 'python']
[0.294s] Level 1:colcon.colcon_core.package_identification:_identify(src/yolo_ros/docs) by extension 'cmake'
[0.294s] Level 1:colcon.colcon_core.package_identification:_identify(src/yolo_ros/docs) by extension 'python'
[0.294s] Level 1:colcon.colcon_core.package_identification:_identify(src/yolo_ros/docs) by extensions ['python_setup_py']
[0.294s] Level 1:colcon.colcon_core.package_identification:_identify(src/yolo_ros/docs) by extension 'python_setup_py'
[0.294s] Level 1:colcon.colcon_core.package_identification:_identify(src/yolo_ros/yolo_bringup) by extensions ['ignore', 'ignore_ament_install']
[0.294s] Level 1:colcon.colcon_core.package_identification:_identify(src/yolo_ros/yolo_bringup) by extension 'ignore'
[0.294s] Level 1:colcon.colcon_core.package_identification:_identify(src/yolo_ros/yolo_bringup) by extension 'ignore_ament_install'
[0.294s] Level 1:colcon.colcon_core.package_identification:_identify(src/yolo_ros/yolo_bringup) by extensions ['colcon_pkg']
[0.294s] Level 1:colcon.colcon_core.package_identification:_identify(src/yolo_ros/yolo_bringup) by extension 'colcon_pkg'
[0.294s] Level 1:colcon.colcon_core.package_identification:_identify(src/yolo_ros/yolo_bringup) by extensions ['colcon_meta']
[0.294s] Level 1:colcon.colcon_core.package_identification:_identify(src/yolo_ros/yolo_bringup) by extension 'colcon_meta'
[0.294s] Level 1:colcon.colcon_core.package_identification:_identify(src/yolo_ros/yolo_bringup) by extensions ['ros']
[0.294s] Level 1:colcon.colcon_core.package_identification:_identify(src/yolo_ros/yolo_bringup) by extension 'ros'
[0.295s] DEBUG:colcon.colcon_core.package_identification:Package 'src/yolo_ros/yolo_bringup' with type 'ros.ament_cmake' and name 'yolo_bringup'
[0.295s] Level 1:colcon.colcon_core.package_identification:_identify(src/yolo_ros/yolo_msgs) by extensions ['ignore', 'ignore_ament_install']
[0.295s] Level 1:colcon.colcon_core.package_identification:_identify(src/yolo_ros/yolo_msgs) by extension 'ignore'
[0.295s] Level 1:colcon.colcon_core.package_identification:_identify(src/yolo_ros/yolo_msgs) by extension 'ignore_ament_install'
[0.295s] Level 1:colcon.colcon_core.package_identification:_identify(src/yolo_ros/yolo_msgs) by extensions ['colcon_pkg']
[0.295s] Level 1:colcon.colcon_core.package_identification:_identify(src/yolo_ros/yolo_msgs) by extension 'colcon_pkg'
[0.295s] Level 1:colcon.colcon_core.package_identification:_identify(src/yolo_ros/yolo_msgs) by extensions ['colcon_meta']
[0.295s] Level 1:colcon.colcon_core.package_identification:_identify(src/yolo_ros/yolo_msgs) by extension 'colcon_meta'
[0.295s] Level 1:colcon.colcon_core.package_identification:_identify(src/yolo_ros/yolo_msgs) by extensions ['ros']
[0.295s] Level 1:colcon.colcon_core.package_identification:_identify(src/yolo_ros/yolo_msgs) by extension 'ros'
[0.296s] DEBUG:colcon.colcon_core.package_identification:Package 'src/yolo_ros/yolo_msgs' with type 'ros.ament_cmake' and name 'yolo_msgs'
[0.296s] Level 1:colcon.colcon_core.package_identification:_identify(src/yolo_ros/yolo_ros) by extensions ['ignore', 'ignore_ament_install']
[0.296s] Level 1:colcon.colcon_core.package_identification:_identify(src/yolo_ros/yolo_ros) by extension 'ignore'
[0.296s] Level 1:colcon.colcon_core.package_identification:_identify(src/yolo_ros/yolo_ros) by extension 'ignore_ament_install'
[0.296s] Level 1:colcon.colcon_core.package_identification:_identify(src/yolo_ros/yolo_ros) by extensions ['colcon_pkg']
[0.296s] Level 1:colcon.colcon_core.package_identification:_identify(src/yolo_ros/yolo_ros) by extension 'colcon_pkg'
[0.296s] Level 1:colcon.colcon_core.package_identification:_identify(src/yolo_ros/yolo_ros) by extensions ['colcon_meta']
[0.296s] Level 1:colcon.colcon_core.package_identification:_identify(src/yolo_ros/yolo_ros) by extension 'colcon_meta'
[0.296s] Level 1:colcon.colcon_core.package_identification:_identify(src/yolo_ros/yolo_ros) by extensions ['ros']
[0.296s] Level 1:colcon.colcon_core.package_identification:_identify(src/yolo_ros/yolo_ros) by extension 'ros'
[0.296s] DEBUG:colcon.colcon_core.package_identification:Package 'src/yolo_ros/yolo_ros' with type 'ros.ament_python' and name 'yolo_ros'
[0.296s] Level 1:colcon.colcon_core.package_discovery:discover_packages(recursive) using defaults
[0.297s] Level 1:colcon.colcon_core.package_discovery:discover_packages(ignore) discover
[0.297s] Level 1:colcon.colcon_core.package_discovery:discover_packages(ignore) using defaults
[0.297s] Level 1:colcon.colcon_core.package_discovery:discover_packages(path) discover
[0.297s] Level 1:colcon.colcon_core.package_discovery:discover_packages(path) using defaults
[0.320s] Level 1:colcon.colcon_core.package_discovery:discover_packages(prefix_path) check parameters
[0.320s] Level 1:colcon.colcon_core.package_discovery:discover_packages(prefix_path) discover
[0.325s] DEBUG:colcon.colcon_installed_package_information.package_discovery:Found 6 installed packages in /home/nicks1811/muas_ros_workspace/install
[0.325s] DEBUG:colcon.colcon_installed_package_information.package_discovery:Found 271 installed packages in /opt/ros/humble
[0.326s] Level 1:colcon.colcon_core.package_discovery:discover_packages(prefix_path) using defaults
[0.396s] Level 5:colcon.colcon_core.verb:set package 'vision_pkg' build argument 'cmake_args' from command line to 'None'
[0.396s] Level 5:colcon.colcon_core.verb:set package 'vision_pkg' build argument 'cmake_target' from command line to 'None'
[0.396s] Level 5:colcon.colcon_core.verb:set package 'vision_pkg' build argument 'cmake_target_skip_unavailable' from command line to 'False'
[0.396s] Level 5:colcon.colcon_core.verb:set package 'vision_pkg' build argument 'cmake_clean_cache' from command line to 'False'
[0.396s] Level 5:colcon.colcon_core.verb:set package 'vision_pkg' build argument 'cmake_clean_first' from command line to 'False'
[0.396s] Level 5:colcon.colcon_core.verb:set package 'vision_pkg' build argument 'cmake_force_configure' from command line to 'False'
[0.396s] Level 5:colcon.colcon_core.verb:set package 'vision_pkg' build argument 'ament_cmake_args' from command line to 'None'
[0.396s] Level 5:colcon.colcon_core.verb:set package 'vision_pkg' build argument 'catkin_cmake_args' from command line to 'None'
[0.396s] Level 5:colcon.colcon_core.verb:set package 'vision_pkg' build argument 'catkin_skip_building_tests' from command line to 'False'
[0.396s] DEBUG:colcon.colcon_core.verb:Building package 'vision_pkg' with the following arguments: {'ament_cmake_args': None, 'build_base': '/home/nicks1811/muas_ros_workspace/build/vision_pkg', 'catkin_cmake_args': None, 'catkin_skip_building_tests': False, 'cmake_args': None, 'cmake_clean_cache': False, 'cmake_clean_first': False, 'cmake_force_configure': False, 'cmake_target': None, 'cmake_target_skip_unavailable': False, 'install_base': '/home/nicks1811/muas_ros_workspace/install/vision_pkg', 'merge_install': False, 'path': '/home/nicks1811/muas_ros_workspace/src/vision_pkg', 'symlink_install': False, 'test_result_base': None}
[0.396s] Level 5:colcon.colcon_core.verb:set package 'yolo_msgs' build argument 'cmake_args' from command line to 'None'
[0.396s] Level 5:colcon.colcon_core.verb:set package 'yolo_msgs' build argument 'cmake_target' from command line to 'None'
[0.396s] Level 5:colcon.colcon_core.verb:set package 'yolo_msgs' build argument 'cmake_target_skip_unavailable' from command line to 'False'
[0.396s] Level 5:colcon.colcon_core.verb:set package 'yolo_msgs' build argument 'cmake_clean_cache' from command line to 'False'
[0.396s] Level 5:colcon.colcon_core.verb:set package 'yolo_msgs' build argument 'cmake_clean_first' from command line to 'False'
[0.396s] Level 5:colcon.colcon_core.verb:set package 'yolo_msgs' build argument 'cmake_force_configure' from command line to 'False'
[0.396s] Level 5:colcon.colcon_core.verb:set package 'yolo_msgs' build argument 'ament_cmake_args' from command line to 'None'
[0.396s] Level 5:colcon.colcon_core.verb:set package 'yolo_msgs' build argument 'catkin_cmake_args' from command line to 'None'
[0.396s] Level 5:colcon.colcon_core.verb:set package 'yolo_msgs' build argument 'catkin_skip_building_tests' from command line to 'False'
[0.396s] DEBUG:colcon.colcon_core.verb:Building package 'yolo_msgs' with the following arguments: {'ament_cmake_args': None, 'build_base': '/home/nicks1811/muas_ros_workspace/build/yolo_msgs', 'catkin_cmake_args': None, 'catkin_skip_building_tests': False, 'cmake_args': None, 'cmake_clean_cache': False, 'cmake_clean_first': False, 'cmake_force_configure': False, 'cmake_target': None, 'cmake_target_skip_unavailable': False, 'install_base': '/home/nicks1811/muas_ros_workspace/install/yolo_msgs', 'merge_install': False, 'path': '/home/nicks1811/muas_ros_workspace/src/yolo_ros/yolo_msgs', 'symlink_install': False, 'test_result_base': None}
[0.397s] Level 5:colcon.colcon_core.verb:set package 'yolo_ros' build argument 'cmake_args' from command line to 'None'
[0.397s] Level 5:colcon.colcon_core.verb:set package 'yolo_ros' build argument 'cmake_target' from command line to 'None'
[0.397s] Level 5:colcon.colcon_core.verb:set package 'yolo_ros' build argument 'cmake_target_skip_unavailable' from command line to 'False'
[0.397s] Level 5:colcon.colcon_core.verb:set package 'yolo_ros' build argument 'cmake_clean_cache' from command line to 'False'
[0.397s] Level 5:colcon.colcon_core.verb:set package 'yolo_ros' build argument 'cmake_clean_first' from command line to 'False'
[0.397s] Level 5:colcon.colcon_core.verb:set package 'yolo_ros' build argument 'cmake_force_configure' from command line to 'False'
[0.397s] Level 5:colcon.colcon_core.verb:set package 'yolo_ros' build argument 'ament_cmake_args' from command line to 'None'
[0.397s] Level 5:colcon.colcon_core.verb:set package 'yolo_ros' build argument 'catkin_cmake_args' from command line to 'None'
[0.397s] Level 5:colcon.colcon_core.verb:set package 'yolo_ros' build argument 'catkin_skip_building_tests' from command line to 'False'
[0.397s] DEBUG:colcon.colcon_core.verb:Building package 'yolo_ros' with the following arguments: {'ament_cmake_args': None, 'build_base': '/home/nicks1811/muas_ros_workspace/build/yolo_ros', 'catkin_cmake_args': None, 'catkin_skip_building_tests': False, 'cmake_args': None, 'cmake_clean_cache': False, 'cmake_clean_first': False, 'cmake_force_configure': False, 'cmake_target': None, 'cmake_target_skip_unavailable': False, 'install_base': '/home/nicks1811/muas_ros_workspace/install/yolo_ros', 'merge_install': False, 'path': '/home/nicks1811/muas_ros_workspace/src/yolo_ros/yolo_ros', 'symlink_install': False, 'test_result_base': None}
[0.397s] Level 5:colcon.colcon_core.verb:set package 'yolo_bringup' build argument 'cmake_args' from command line to 'None'
[0.397s] Level 5:colcon.colcon_core.verb:set package 'yolo_bringup' build argument 'cmake_target' from command line to 'None'
[0.397s] Level 5:colcon.colcon_core.verb:set package 'yolo_bringup' build argument 'cmake_target_skip_unavailable' from command line to 'False'
[0.397s] Level 5:colcon.colcon_core.verb:set package 'yolo_bringup' build argument 'cmake_clean_cache' from command line to 'False'
[0.397s] Level 5:colcon.colcon_core.verb:set package 'yolo_bringup' build argument 'cmake_clean_first' from command line to 'False'
[0.397s] Level 5:colcon.colcon_core.verb:set package 'yolo_bringup' build argument 'cmake_force_configure' from command line to 'False'
[0.397s] Level 5:colcon.colcon_core.verb:set package 'yolo_bringup' build argument 'ament_cmake_args' from command line to 'None'
[0.397s] Level 5:colcon.colcon_core.verb:set package 'yolo_bringup' build argument 'catkin_cmake_args' from command line to 'None'
[0.397s] Level 5:colcon.colcon_core.verb:set package 'yolo_bringup' build argument 'catkin_skip_building_tests' from command line to 'False'
[0.397s] DEBUG:colcon.colcon_core.verb:Building package 'yolo_bringup' with the following arguments: {'ament_cmake_args': None, 'build_base': '/home/nicks1811/muas_ros_workspace/build/yolo_bringup', 'catkin_cmake_args': None, 'catkin_skip_building_tests': False, 'cmake_args': None, 'cmake_clean_cache': False, 'cmake_clean_first': False, 'cmake_force_configure': False, 'cmake_target': None, 'cmake_target_skip_unavailable': False, 'install_base': '/home/nicks1811/muas_ros_workspace/install/yolo_bringup', 'merge_install': False, 'path': '/home/nicks1811/muas_ros_workspace/src/yolo_ros/yolo_bringup', 'symlink_install': False, 'test_result_base': None}
[0.397s] INFO:colcon.colcon_core.executor:Executing jobs using 'parallel' executor
[0.398s] DEBUG:colcon.colcon_parallel_executor.executor.parallel:run_until_complete
[0.398s] INFO:colcon.colcon_ros.task.ament_cmake.build:Building ROS package in '/home/nicks1811/muas_ros_workspace/src/yolo_ros/yolo_msgs' with build type 'ament_cmake'
[0.398s] INFO:colcon.colcon_cmake.task.cmake.build:Building CMake package in '/home/nicks1811/muas_ros_workspace/src/yolo_ros/yolo_msgs'
[0.405s] INFO:colcon.colcon_core.plugin_system:Skipping extension 'colcon_core.shell.bat': Not used on non-Windows systems
[0.405s] INFO:colcon.colcon_core.shell:Skip shell extension 'powershell' for command environment: Not usable outside of PowerShell
[0.405s] DEBUG:colcon.colcon_core.shell:Skip shell extension 'dsv' for command environment
[0.408s] INFO:colcon.colcon_ros.task.ament_cmake.build:Building ROS package in '/home/nicks1811/muas_ros_workspace/src/vision_pkg' with build type 'ament_cmake'
[0.409s] INFO:colcon.colcon_cmake.task.cmake.build:Building CMake package in '/home/nicks1811/muas_ros_workspace/src/vision_pkg'
[0.409s] INFO:colcon.colcon_core.shell:Skip shell extension 'powershell' for command environment: Not usable outside of PowerShell
[0.409s] DEBUG:colcon.colcon_core.shell:Skip shell extension 'dsv' for command environment
[0.415s] DEBUG:colcon.colcon_core.event_handler.log_command:Invoking command in '/home/nicks1811/muas_ros_workspace/build/yolo_msgs': CMAKE_PREFIX_PATH=/home/nicks1811/muas_ros_workspace/install/vision_pkg:/home/nicks1811/muas_ros_workspace/install/gnc_trajectory:/opt/ros/humble:/home/nicks1811/muas_ros_workspace/install/gnc_msgs /usr/bin/cmake --build /home/nicks1811/muas_ros_workspace/build/yolo_msgs -- -j12 -l12
[0.421s] DEBUG:colcon.colcon_core.event_handler.log_command:Invoking command in '/home/nicks1811/muas_ros_workspace/build/vision_pkg': CMAKE_PREFIX_PATH=/home/nicks1811/muas_ros_workspace/install/vision_pkg:/home/nicks1811/muas_ros_workspace/install/gnc_trajectory:/opt/ros/humble:/home/nicks1811/muas_ros_workspace/install/gnc_msgs /usr/bin/cmake --build /home/nicks1811/muas_ros_workspace/build/vision_pkg -- -j12 -l12
[0.504s] DEBUG:colcon.colcon_core.event_handler.log_command:Invoked command in '/home/nicks1811/muas_ros_workspace/build/vision_pkg' returned '0': CMAKE_PREFIX_PATH=/home/nicks1811/muas_ros_workspace/install/vision_pkg:/home/nicks1811/muas_ros_workspace/install/gnc_trajectory:/opt/ros/humble:/home/nicks1811/muas_ros_workspace/install/gnc_msgs /usr/bin/cmake --build /home/nicks1811/muas_ros_workspace/build/vision_pkg -- -j12 -l12
[0.512s] DEBUG:colcon.colcon_core.event_handler.log_command:Invoking command in '/home/nicks1811/muas_ros_workspace/build/vision_pkg': CMAKE_PREFIX_PATH=/home/nicks1811/muas_ros_workspace/install/vision_pkg:/home/nicks1811/muas_ros_workspace/install/gnc_trajectory:/opt/ros/humble:/home/nicks1811/muas_ros_workspace/install/gnc_msgs /usr/bin/cmake --install /home/nicks1811/muas_ros_workspace/build/vision_pkg
[0.529s] Level 1:colcon.colcon_core.environment:create_environment_scripts_only(vision_pkg)
[0.530s] DEBUG:colcon.colcon_core.event_handler.log_command:Invoked command in '/home/nicks1811/muas_ros_workspace/build/vision_pkg' returned '0': CMAKE_PREFIX_PATH=/home/nicks1811/muas_ros_workspace/install/vision_pkg:/home/nicks1811/muas_ros_workspace/install/gnc_trajectory:/opt/ros/humble:/home/nicks1811/muas_ros_workspace/install/gnc_msgs /usr/bin/cmake --install /home/nicks1811/muas_ros_workspace/build/vision_pkg
[0.541s] Level 1:colcon.colcon_core.environment:checking '/home/nicks1811/muas_ros_workspace/install/vision_pkg' for CMake module files
[0.542s] Level 1:colcon.colcon_core.environment:checking '/home/nicks1811/muas_ros_workspace/install/vision_pkg' for CMake config files
[0.542s] Level 1:colcon.colcon_core.shell:create_environment_hook('vision_pkg', 'cmake_prefix_path')
[0.543s] INFO:colcon.colcon_core.shell:Creating environment hook '/home/nicks1811/muas_ros_workspace/install/vision_pkg/share/vision_pkg/hook/cmake_prefix_path.ps1'
[0.544s] INFO:colcon.colcon_core.shell:Creating environment descriptor '/home/nicks1811/muas_ros_workspace/install/vision_pkg/share/vision_pkg/hook/cmake_prefix_path.dsv'
[0.545s] INFO:colcon.colcon_core.shell:Creating environment hook '/home/nicks1811/muas_ros_workspace/install/vision_pkg/share/vision_pkg/hook/cmake_prefix_path.sh'
[0.546s] Level 1:colcon.colcon_core.environment:checking '/home/nicks1811/muas_ros_workspace/install/vision_pkg/lib'
[0.546s] Level 1:colcon.colcon_core.environment:checking '/home/nicks1811/muas_ros_workspace/install/vision_pkg/bin'
[0.546s] Level 1:colcon.colcon_core.environment:checking '/home/nicks1811/muas_ros_workspace/install/vision_pkg/lib/pkgconfig/vision_pkg.pc'
[0.547s] Level 1:colcon.colcon_core.environment:checking '/home/nicks1811/muas_ros_workspace/install/vision_pkg/lib/python3.10/site-packages'
[0.547s] Level 1:colcon.colcon_core.environment:checking '/home/nicks1811/muas_ros_workspace/install/vision_pkg/bin'
[0.547s] INFO:colcon.colcon_core.shell:Creating package script '/home/nicks1811/muas_ros_workspace/install/vision_pkg/share/vision_pkg/package.ps1'
[0.549s] INFO:colcon.colcon_core.shell:Creating package descriptor '/home/nicks1811/muas_ros_workspace/install/vision_pkg/share/vision_pkg/package.dsv'
[0.550s] INFO:colcon.colcon_core.shell:Creating package script '/home/nicks1811/muas_ros_workspace/install/vision_pkg/share/vision_pkg/package.sh'
[0.552s] INFO:colcon.colcon_core.shell:Creating package script '/home/nicks1811/muas_ros_workspace/install/vision_pkg/share/vision_pkg/package.bash'
[0.553s] INFO:colcon.colcon_core.shell:Creating package script '/home/nicks1811/muas_ros_workspace/install/vision_pkg/share/vision_pkg/package.zsh'
[0.554s] Level 1:colcon.colcon_core.environment:create_file_with_runtime_dependencies(/home/nicks1811/muas_ros_workspace/install/vision_pkg/share/colcon-core/packages/vision_pkg)
[0.555s] Level 1:colcon.colcon_core.environment:create_environment_scripts_only(vision_pkg)
[0.556s] Level 1:colcon.colcon_core.environment:checking '/home/nicks1811/muas_ros_workspace/install/vision_pkg' for CMake module files
[0.556s] Level 1:colcon.colcon_core.environment:checking '/home/nicks1811/muas_ros_workspace/install/vision_pkg' for CMake config files
[0.556s] Level 1:colcon.colcon_core.shell:create_environment_hook('vision_pkg', 'cmake_prefix_path')
[0.556s] INFO:colcon.colcon_core.shell:Creating environment hook '/home/nicks1811/muas_ros_workspace/install/vision_pkg/share/vision_pkg/hook/cmake_prefix_path.ps1'
[0.557s] INFO:colcon.colcon_core.shell:Creating environment descriptor '/home/nicks1811/muas_ros_workspace/install/vision_pkg/share/vision_pkg/hook/cmake_prefix_path.dsv'
[0.557s] INFO:colcon.colcon_core.shell:Creating environment hook '/home/nicks1811/muas_ros_workspace/install/vision_pkg/share/vision_pkg/hook/cmake_prefix_path.sh'
[0.558s] Level 1:colcon.colcon_core.environment:checking '/home/nicks1811/muas_ros_workspace/install/vision_pkg/lib'
[0.558s] Level 1:colcon.colcon_core.environment:checking '/home/nicks1811/muas_ros_workspace/install/vision_pkg/bin'
[0.558s] Level 1:colcon.colcon_core.environment:checking '/home/nicks1811/muas_ros_workspace/install/vision_pkg/lib/pkgconfig/vision_pkg.pc'
[0.558s] Level 1:colcon.colcon_core.environment:checking '/home/nicks1811/muas_ros_workspace/install/vision_pkg/lib/python3.10/site-packages'
[0.559s] Level 1:colcon.colcon_core.environment:checking '/home/nicks1811/muas_ros_workspace/install/vision_pkg/bin'
[0.559s] INFO:colcon.colcon_core.shell:Creating package script '/home/nicks1811/muas_ros_workspace/install/vision_pkg/share/vision_pkg/package.ps1'
[0.559s] INFO:colcon.colcon_core.shell:Creating package descriptor '/home/nicks1811/muas_ros_workspace/install/vision_pkg/share/vision_pkg/package.dsv'
[0.560s] INFO:colcon.colcon_core.shell:Creating package script '/home/nicks1811/muas_ros_workspace/install/vision_pkg/share/vision_pkg/package.sh'
[0.560s] INFO:colcon.colcon_core.shell:Creating package script '/home/nicks1811/muas_ros_workspace/install/vision_pkg/share/vision_pkg/package.bash'
[0.560s] INFO:colcon.colcon_core.shell:Creating package script '/home/nicks1811/muas_ros_workspace/install/vision_pkg/share/vision_pkg/package.zsh'
[0.560s] Level 1:colcon.colcon_core.environment:create_file_with_runtime_dependencies(/home/nicks1811/muas_ros_workspace/install/vision_pkg/share/colcon-core/packages/vision_pkg)
[0.722s] DEBUG:colcon.colcon_core.event_handler.log_command:Invoked command in '/home/nicks1811/muas_ros_workspace/build/yolo_msgs' returned '0': CMAKE_PREFIX_PATH=/home/nicks1811/muas_ros_workspace/install/vision_pkg:/home/nicks1811/muas_ros_workspace/install/gnc_trajectory:/opt/ros/humble:/home/nicks1811/muas_ros_workspace/install/gnc_msgs /usr/bin/cmake --build /home/nicks1811/muas_ros_workspace/build/yolo_msgs -- -j12 -l12
[0.724s] DEBUG:colcon.colcon_core.event_handler.log_command:Invoking command in '/home/nicks1811/muas_ros_workspace/build/yolo_msgs': CMAKE_PREFIX_PATH=/home/nicks1811/muas_ros_workspace/install/vision_pkg:/home/nicks1811/muas_ros_workspace/install/gnc_trajectory:/opt/ros/humble:/home/nicks1811/muas_ros_workspace/install/gnc_msgs /usr/bin/cmake --install /home/nicks1811/muas_ros_workspace/build/yolo_msgs
[0.767s] Level 1:colcon.colcon_core.environment:create_environment_scripts_only(yolo_msgs)
[0.767s] Level 1:colcon.colcon_core.environment:checking '/home/nicks1811/muas_ros_workspace/install/yolo_msgs' for CMake module files
[0.768s] DEBUG:colcon.colcon_core.event_handler.log_command:Invoked command in '/home/nicks1811/muas_ros_workspace/build/yolo_msgs' returned '0': CMAKE_PREFIX_PATH=/home/nicks1811/muas_ros_workspace/install/vision_pkg:/home/nicks1811/muas_ros_workspace/install/gnc_trajectory:/opt/ros/humble:/home/nicks1811/muas_ros_workspace/install/gnc_msgs /usr/bin/cmake --install /home/nicks1811/muas_ros_workspace/build/yolo_msgs
[0.768s] Level 1:colcon.colcon_core.environment:checking '/home/nicks1811/muas_ros_workspace/install/yolo_msgs' for CMake config files
[0.769s] Level 1:colcon.colcon_core.shell:create_environment_hook('yolo_msgs', 'cmake_prefix_path')
[0.769s] INFO:colcon.colcon_core.shell:Creating environment hook '/home/nicks1811/muas_ros_workspace/install/yolo_msgs/share/yolo_msgs/hook/cmake_prefix_path.ps1'
[0.769s] INFO:colcon.colcon_core.shell:Creating environment descriptor '/home/nicks1811/muas_ros_workspace/install/yolo_msgs/share/yolo_msgs/hook/cmake_prefix_path.dsv'
[0.769s] INFO:colcon.colcon_core.shell:Creating environment hook '/home/nicks1811/muas_ros_workspace/install/yolo_msgs/share/yolo_msgs/hook/cmake_prefix_path.sh'
[0.770s] Level 1:colcon.colcon_core.environment:checking '/home/nicks1811/muas_ros_workspace/install/yolo_msgs/lib'
[0.770s] Level 1:colcon.colcon_core.shell:create_environment_hook('yolo_msgs', 'ld_library_path_lib')
[0.770s] INFO:colcon.colcon_core.shell:Creating environment hook '/home/nicks1811/muas_ros_workspace/install/yolo_msgs/share/yolo_msgs/hook/ld_library_path_lib.ps1'
[0.770s] INFO:colcon.colcon_core.shell:Creating environment descriptor '/home/nicks1811/muas_ros_workspace/install/yolo_msgs/share/yolo_msgs/hook/ld_library_path_lib.dsv'
[0.770s] INFO:colcon.colcon_core.shell:Creating environment hook '/home/nicks1811/muas_ros_workspace/install/yolo_msgs/share/yolo_msgs/hook/ld_library_path_lib.sh'
[0.770s] Level 1:colcon.colcon_core.environment:checking '/home/nicks1811/muas_ros_workspace/install/yolo_msgs/bin'
[0.770s] Level 1:colcon.colcon_core.environment:checking '/home/nicks1811/muas_ros_workspace/install/yolo_msgs/lib/pkgconfig/yolo_msgs.pc'
[0.771s] Level 1:colcon.colcon_core.environment:checking '/home/nicks1811/muas_ros_workspace/install/yolo_msgs/lib/python3.10/site-packages'
[0.771s] Level 1:colcon.colcon_core.environment:checking '/home/nicks1811/muas_ros_workspace/install/yolo_msgs/bin'
[0.771s] INFO:colcon.colcon_core.shell:Creating package script '/home/nicks1811/muas_ros_workspace/install/yolo_msgs/share/yolo_msgs/package.ps1'
[0.771s] INFO:colcon.colcon_core.shell:Creating package descriptor '/home/nicks1811/muas_ros_workspace/install/yolo_msgs/share/yolo_msgs/package.dsv'
[0.771s] INFO:colcon.colcon_core.shell:Creating package script '/home/nicks1811/muas_ros_workspace/install/yolo_msgs/share/yolo_msgs/package.sh'
[0.772s] INFO:colcon.colcon_core.shell:Creating package script '/home/nicks1811/muas_ros_workspace/install/yolo_msgs/share/yolo_msgs/package.bash'
[0.772s] INFO:colcon.colcon_core.shell:Creating package script '/home/nicks1811/muas_ros_workspace/install/yolo_msgs/share/yolo_msgs/package.zsh'
[0.772s] Level 1:colcon.colcon_core.environment:create_file_with_runtime_dependencies(/home/nicks1811/muas_ros_workspace/install/yolo_msgs/share/colcon-core/packages/yolo_msgs)
[0.772s] Level 1:colcon.colcon_core.environment:create_environment_scripts_only(yolo_msgs)
[0.772s] Level 1:colcon.colcon_core.environment:checking '/home/nicks1811/muas_ros_workspace/install/yolo_msgs' for CMake module files
[0.773s] Level 1:colcon.colcon_core.environment:checking '/home/nicks1811/muas_ros_workspace/install/yolo_msgs' for CMake config files
[0.773s] Level 1:colcon.colcon_core.shell:create_environment_hook('yolo_msgs', 'cmake_prefix_path')
[0.773s] INFO:colcon.colcon_core.shell:Creating environment hook '/home/nicks1811/muas_ros_workspace/install/yolo_msgs/share/yolo_msgs/hook/cmake_prefix_path.ps1'
[0.773s] INFO:colcon.colcon_core.shell:Creating environment descriptor '/home/nicks1811/muas_ros_workspace/install/yolo_msgs/share/yolo_msgs/hook/cmake_prefix_path.dsv'
[0.773s] INFO:colcon.colcon_core.shell:Creating environment hook '/home/nicks1811/muas_ros_workspace/install/yolo_msgs/share/yolo_msgs/hook/cmake_prefix_path.sh'
[0.774s] Level 1:colcon.colcon_core.environment:checking '/home/nicks1811/muas_ros_workspace/install/yolo_msgs/lib'
[0.774s] Level 1:colcon.colcon_core.shell:create_environment_hook('yolo_msgs', 'ld_library_path_lib')
[0.774s] INFO:colcon.colcon_core.shell:Creating environment hook '/home/nicks1811/muas_ros_workspace/install/yolo_msgs/share/yolo_msgs/hook/ld_library_path_lib.ps1'
[0.774s] INFO:colcon.colcon_core.shell:Creating environment descriptor '/home/nicks1811/muas_ros_workspace/install/yolo_msgs/share/yolo_msgs/hook/ld_library_path_lib.dsv'
[0.774s] INFO:colcon.colcon_core.shell:Creating environment hook '/home/nicks1811/muas_ros_workspace/install/yolo_msgs/share/yolo_msgs/hook/ld_library_path_lib.sh'
[0.774s] Level 1:colcon.colcon_core.environment:checking '/home/nicks1811/muas_ros_workspace/install/yolo_msgs/bin'
[0.774s] Level 1:colcon.colcon_core.environment:checking '/home/nicks1811/muas_ros_workspace/install/yolo_msgs/lib/pkgconfig/yolo_msgs.pc'
[0.775s] Level 1:colcon.colcon_core.environment:checking '/home/nicks1811/muas_ros_workspace/install/yolo_msgs/lib/python3.10/site-packages'
[0.775s] Level 1:colcon.colcon_core.environment:checking '/home/nicks1811/muas_ros_workspace/install/yolo_msgs/bin'
[0.775s] INFO:colcon.colcon_core.shell:Creating package script '/home/nicks1811/muas_ros_workspace/install/yolo_msgs/share/yolo_msgs/package.ps1'
[0.776s] INFO:colcon.colcon_core.shell:Creating package descriptor '/home/nicks1811/muas_ros_workspace/install/yolo_msgs/share/yolo_msgs/package.dsv'
[0.776s] INFO:colcon.colcon_core.shell:Creating package script '/home/nicks1811/muas_ros_workspace/install/yolo_msgs/share/yolo_msgs/package.sh'
[0.776s] INFO:colcon.colcon_core.shell:Creating package script '/home/nicks1811/muas_ros_workspace/install/yolo_msgs/share/yolo_msgs/package.bash'
[0.777s] INFO:colcon.colcon_core.shell:Creating package script '/home/nicks1811/muas_ros_workspace/install/yolo_msgs/share/yolo_msgs/package.zsh'
[0.777s] Level 1:colcon.colcon_core.environment:create_file_with_runtime_dependencies(/home/nicks1811/muas_ros_workspace/install/yolo_msgs/share/colcon-core/packages/yolo_msgs)
[0.777s] INFO:colcon.colcon_ros.task.ament_python.build:Building ROS package in '/home/nicks1811/muas_ros_workspace/src/yolo_ros/yolo_ros' with build type 'ament_python'
[0.777s] Level 1:colcon.colcon_core.shell:create_environment_hook('yolo_ros', 'ament_prefix_path')
[0.777s] INFO:colcon.colcon_core.shell:Creating environment hook '/home/nicks1811/muas_ros_workspace/install/yolo_ros/share/yolo_ros/hook/ament_prefix_path.ps1'
[0.778s] INFO:colcon.colcon_core.shell:Creating environment descriptor '/home/nicks1811/muas_ros_workspace/install/yolo_ros/share/yolo_ros/hook/ament_prefix_path.dsv'
[0.779s] INFO:colcon.colcon_core.shell:Creating environment hook '/home/nicks1811/muas_ros_workspace/install/yolo_ros/share/yolo_ros/hook/ament_prefix_path.sh'
[0.780s] INFO:colcon.colcon_core.shell:Skip shell extension 'powershell' for command environment: Not usable outside of PowerShell
[0.780s] DEBUG:colcon.colcon_core.shell:Skip shell extension 'dsv' for command environment
[0.985s] INFO:colcon.colcon_core.task.python.build:Building Python package in '/home/nicks1811/muas_ros_workspace/src/yolo_ros/yolo_ros'
[0.986s] INFO:colcon.colcon_core.shell:Skip shell extension 'powershell' for command environment: Not usable outside of PowerShell
[0.986s] DEBUG:colcon.colcon_core.shell:Skip shell extension 'dsv' for command environment
[1.475s] DEBUG:colcon.colcon_core.event_handler.log_command:Invoking command in '/home/nicks1811/muas_ros_workspace/src/yolo_ros/yolo_ros': AMENT_PREFIX_PATH=/home/nicks1811/muas_ros_workspace/install/yolo_msgs:${AMENT_PREFIX_PATH} CMAKE_PREFIX_PATH=/home/nicks1811/muas_ros_workspace/install/yolo_msgs:${CMAKE_PREFIX_PATH} LD_LIBRARY_PATH=/home/nicks1811/muas_ros_workspace/install/yolo_msgs/lib:${LD_LIBRARY_PATH} PYTHONPATH=/home/nicks1811/muas_ros_workspace/build/yolo_ros/prefix_override:/usr/lib/python3/dist-packages/colcon_core/task/python/colcon_distutils_commands:/home/nicks1811/muas_ros_workspace/install/yolo_ros/lib/python3.10/site-packages:/home/nicks1811/muas_ros_workspace/install/yolo_msgs/local/lib/python3.10/dist-packages:${PYTHONPATH} /usr/bin/python3 -W ignore:setup.py install is deprecated -W ignore:easy_install command is deprecated setup.py egg_info --egg-base ../../../build/yolo_ros build --build-base /home/nicks1811/muas_ros_workspace/build/yolo_ros/build install --record /home/nicks1811/muas_ros_workspace/build/yolo_ros/install.log --single-version-externally-managed install_data
[1.756s] Level 1:colcon.colcon_core.environment:checking '/home/nicks1811/muas_ros_workspace/install/yolo_ros' for CMake module files
[1.758s] DEBUG:colcon.colcon_core.event_handler.log_command:Invoked command in '/home/nicks1811/muas_ros_workspace/src/yolo_ros/yolo_ros' returned '0': AMENT_PREFIX_PATH=/home/nicks1811/muas_ros_workspace/install/yolo_msgs:${AMENT_PREFIX_PATH} CMAKE_PREFIX_PATH=/home/nicks1811/muas_ros_workspace/install/yolo_msgs:${CMAKE_PREFIX_PATH} LD_LIBRARY_PATH=/home/nicks1811/muas_ros_workspace/install/yolo_msgs/lib:${LD_LIBRARY_PATH} PYTHONPATH=/home/nicks1811/muas_ros_workspace/build/yolo_ros/prefix_override:/usr/lib/python3/dist-packages/colcon_core/task/python/colcon_distutils_commands:/home/nicks1811/muas_ros_workspace/install/yolo_ros/lib/python3.10/site-packages:/home/nicks1811/muas_ros_workspace/install/yolo_msgs/local/lib/python3.10/dist-packages:${PYTHONPATH} /usr/bin/python3 -W ignore:setup.py install is deprecated -W ignore:easy_install command is deprecated setup.py egg_info --egg-base ../../../build/yolo_ros build --build-base /home/nicks1811/muas_ros_workspace/build/yolo_ros/build install --record /home/nicks1811/muas_ros_workspace/build/yolo_ros/install.log --single-version-externally-managed install_data
[1.758s] Level 1:colcon.colcon_core.environment:checking '/home/nicks1811/muas_ros_workspace/install/yolo_ros' for CMake config files
[1.758s] Level 1:colcon.colcon_core.environment:checking '/home/nicks1811/muas_ros_workspace/install/yolo_ros/lib'
[1.758s] Level 1:colcon.colcon_core.environment:checking '/home/nicks1811/muas_ros_workspace/install/yolo_ros/bin'
[1.758s] Level 1:colcon.colcon_core.environment:checking '/home/nicks1811/muas_ros_workspace/install/yolo_ros/lib/pkgconfig/yolo_ros.pc'
[1.759s] Level 1:colcon.colcon_core.environment:checking '/home/nicks1811/muas_ros_workspace/install/yolo_ros/lib/python3.10/site-packages'
[1.759s] Level 1:colcon.colcon_core.shell:create_environment_hook('yolo_ros', 'pythonpath')
[1.759s] INFO:colcon.colcon_core.shell:Creating environment hook '/home/nicks1811/muas_ros_workspace/install/yolo_ros/share/yolo_ros/hook/pythonpath.ps1'
[1.759s] INFO:colcon.colcon_core.shell:Creating environment descriptor '/home/nicks1811/muas_ros_workspace/install/yolo_ros/share/yolo_ros/hook/pythonpath.dsv'
[1.759s] INFO:colcon.colcon_core.shell:Creating environment hook '/home/nicks1811/muas_ros_workspace/install/yolo_ros/share/yolo_ros/hook/pythonpath.sh'
[1.760s] Level 1:colcon.colcon_core.environment:checking '/home/nicks1811/muas_ros_workspace/install/yolo_ros/bin'
[1.760s] Level 1:colcon.colcon_core.environment:create_environment_scripts_only(yolo_ros)
[1.760s] INFO:colcon.colcon_core.shell:Creating package script '/home/nicks1811/muas_ros_workspace/install/yolo_ros/share/yolo_ros/package.ps1'
[1.760s] INFO:colcon.colcon_core.shell:Creating package descriptor '/home/nicks1811/muas_ros_workspace/install/yolo_ros/share/yolo_ros/package.dsv'
[1.760s] INFO:colcon.colcon_core.shell:Creating package script '/home/nicks1811/muas_ros_workspace/install/yolo_ros/share/yolo_ros/package.sh'
[1.761s] INFO:colcon.colcon_core.shell:Creating package script '/home/nicks1811/muas_ros_workspace/install/yolo_ros/share/yolo_ros/package.bash'
[1.761s] INFO:colcon.colcon_core.shell:Creating package script '/home/nicks1811/muas_ros_workspace/install/yolo_ros/share/yolo_ros/package.zsh'
[1.761s] Level 1:colcon.colcon_core.environment:create_file_with_runtime_dependencies(/home/nicks1811/muas_ros_workspace/install/yolo_ros/share/colcon-core/packages/yolo_ros)
[1.761s] INFO:colcon.colcon_ros.task.ament_cmake.build:Building ROS package in '/home/nicks1811/muas_ros_workspace/src/yolo_ros/yolo_bringup' with build type 'ament_cmake'
[1.761s] INFO:colcon.colcon_cmake.task.cmake.build:Building CMake package in '/home/nicks1811/muas_ros_workspace/src/yolo_ros/yolo_bringup'
[1.762s] INFO:colcon.colcon_core.shell:Skip shell extension 'powershell' for command environment: Not usable outside of PowerShell
[1.762s] DEBUG:colcon.colcon_core.shell:Skip shell extension 'dsv' for command environment
[1.919s] DEBUG:colcon.colcon_core.event_handler.log_command:Invoking command in '/home/nicks1811/muas_ros_workspace/build/yolo_bringup': AMENT_PREFIX_PATH=/home/nicks1811/muas_ros_workspace/install/yolo_ros:/home/nicks1811/muas_ros_workspace/install/yolo_msgs:${AMENT_PREFIX_PATH} CMAKE_PREFIX_PATH=/home/nicks1811/muas_ros_workspace/install/yolo_msgs:/home/nicks1811/muas_ros_workspace/install/vision_pkg:/home/nicks1811/muas_ros_workspace/install/gnc_trajectory:/opt/ros/humble:/home/nicks1811/muas_ros_workspace/install/gnc_msgs LD_LIBRARY_PATH=/home/nicks1811/muas_ros_workspace/install/yolo_msgs/lib:${LD_LIBRARY_PATH} PYTHONPATH=/home/nicks1811/muas_ros_workspace/install/yolo_ros/lib/python3.10/site-packages:/home/nicks1811/muas_ros_workspace/install/yolo_msgs/local/lib/python3.10/dist-packages:${PYTHONPATH} /usr/bin/cmake --build /home/nicks1811/muas_ros_workspace/build/yolo_bringup -- -j12 -l12
[1.939s] DEBUG:colcon.colcon_core.event_handler.log_command:Invoked command in '/home/nicks1811/muas_ros_workspace/build/yolo_bringup' returned '0': AMENT_PREFIX_PATH=/home/nicks1811/muas_ros_workspace/install/yolo_ros:/home/nicks1811/muas_ros_workspace/install/yolo_msgs:${AMENT_PREFIX_PATH} CMAKE_PREFIX_PATH=/home/nicks1811/muas_ros_workspace/install/yolo_msgs:/home/nicks1811/muas_ros_workspace/install/vision_pkg:/home/nicks1811/muas_ros_workspace/install/gnc_trajectory:/opt/ros/humble:/home/nicks1811/muas_ros_workspace/install/gnc_msgs LD_LIBRARY_PATH=/home/nicks1811/muas_ros_workspace/install/yolo_msgs/lib:${LD_LIBRARY_PATH} PYTHONPATH=/home/nicks1811/muas_ros_workspace/install/yolo_ros/lib/python3.10/site-packages:/home/nicks1811/muas_ros_workspace/install/yolo_msgs/local/lib/python3.10/dist-packages:${PYTHONPATH} /usr/bin/cmake --build /home/nicks1811/muas_ros_workspace/build/yolo_bringup -- -j12 -l12
[1.941s] DEBUG:colcon.colcon_core.event_handler.log_command:Invoking command in '/home/nicks1811/muas_ros_workspace/build/yolo_bringup': AMENT_PREFIX_PATH=/home/nicks1811/muas_ros_workspace/install/yolo_ros:/home/nicks1811/muas_ros_workspace/install/yolo_msgs:${AMENT_PREFIX_PATH} CMAKE_PREFIX_PATH=/home/nicks1811/muas_ros_workspace/install/yolo_msgs:/home/nicks1811/muas_ros_workspace/install/vision_pkg:/home/nicks1811/muas_ros_workspace/install/gnc_trajectory:/opt/ros/humble:/home/nicks1811/muas_ros_workspace/install/gnc_msgs LD_LIBRARY_PATH=/home/nicks1811/muas_ros_workspace/install/yolo_msgs/lib:${LD_LIBRARY_PATH} PYTHONPATH=/home/nicks1811/muas_ros_workspace/install/yolo_ros/lib/python3.10/site-packages:/home/nicks1811/muas_ros_workspace/install/yolo_msgs/local/lib/python3.10/dist-packages:${PYTHONPATH} /usr/bin/cmake --install /home/nicks1811/muas_ros_workspace/build/yolo_bringup
[1.949s] Level 1:colcon.colcon_core.environment:create_environment_scripts_only(yolo_bringup)
[1.949s] Level 1:colcon.colcon_core.environment:checking '/home/nicks1811/muas_ros_workspace/install/yolo_bringup' for CMake module files
[1.950s] DEBUG:colcon.colcon_core.event_handler.log_command:Invoked command in '/home/nicks1811/muas_ros_workspace/build/yolo_bringup' returned '0': AMENT_PREFIX_PATH=/home/nicks1811/muas_ros_workspace/install/yolo_ros:/home/nicks1811/muas_ros_workspace/install/yolo_msgs:${AMENT_PREFIX_PATH} CMAKE_PREFIX_PATH=/home/nicks1811/muas_ros_workspace/install/yolo_msgs:/home/nicks1811/muas_ros_workspace/install/vision_pkg:/home/nicks1811/muas_ros_workspace/install/gnc_trajectory:/opt/ros/humble:/home/nicks1811/muas_ros_workspace/install/gnc_msgs LD_LIBRARY_PATH=/home/nicks1811/muas_ros_workspace/install/yolo_msgs/lib:${LD_LIBRARY_PATH} PYTHONPATH=/home/nicks1811/muas_ros_workspace/install/yolo_ros/lib/python3.10/site-packages:/home/nicks1811/muas_ros_workspace/install/yolo_msgs/local/lib/python3.10/dist-packages:${PYTHONPATH} /usr/bin/cmake --install /home/nicks1811/muas_ros_workspace/build/yolo_bringup
[1.951s] Level 1:colcon.colcon_core.environment:checking '/home/nicks1811/muas_ros_workspace/install/yolo_bringup' for CMake config files
[1.951s] Level 1:colcon.colcon_core.shell:create_environment_hook('yolo_bringup', 'cmake_prefix_path')
[1.951s] INFO:colcon.colcon_core.shell:Creating environment hook '/home/nicks1811/muas_ros_workspace/install/yolo_bringup/share/yolo_bringup/hook/cmake_prefix_path.ps1'
[1.952s] INFO:colcon.colcon_core.shell:Creating environment descriptor '/home/nicks1811/muas_ros_workspace/install/yolo_bringup/share/yolo_bringup/hook/cmake_prefix_path.dsv'
[1.952s] INFO:colcon.colcon_core.shell:Creating environment hook '/home/nicks1811/muas_ros_workspace/install/yolo_bringup/share/yolo_bringup/hook/cmake_prefix_path.sh'
[1.953s] Level 1:colcon.colcon_core.environment:checking '/home/nicks1811/muas_ros_workspace/install/yolo_bringup/bin'
[1.953s] Level 1:colcon.colcon_core.environment:checking '/home/nicks1811/muas_ros_workspace/install/yolo_bringup/lib/pkgconfig/yolo_bringup.pc'
[1.953s] Level 1:colcon.colcon_core.environment:checking '/home/nicks1811/muas_ros_workspace/install/yolo_bringup/lib/python3.10/site-packages'
[1.953s] Level 1:colcon.colcon_core.environment:checking '/home/nicks1811/muas_ros_workspace/install/yolo_bringup/bin'
[1.953s] INFO:colcon.colcon_core.shell:Creating package script '/home/nicks1811/muas_ros_workspace/install/yolo_bringup/share/yolo_bringup/package.ps1'
[1.953s] INFO:colcon.colcon_core.shell:Creating package descriptor '/home/nicks1811/muas_ros_workspace/install/yolo_bringup/share/yolo_bringup/package.dsv'
[1.953s] INFO:colcon.colcon_core.shell:Creating package script '/home/nicks1811/muas_ros_workspace/install/yolo_bringup/share/yolo_bringup/package.sh'
[1.954s] INFO:colcon.colcon_core.shell:Creating package script '/home/nicks1811/muas_ros_workspace/install/yolo_bringup/share/yolo_bringup/package.bash'
[1.954s] INFO:colcon.colcon_core.shell:Creating package script '/home/nicks1811/muas_ros_workspace/install/yolo_bringup/share/yolo_bringup/package.zsh'
[1.954s] Level 1:colcon.colcon_core.environment:create_file_with_runtime_dependencies(/home/nicks1811/muas_ros_workspace/install/yolo_bringup/share/colcon-core/packages/yolo_bringup)
[1.954s] Level 1:colcon.colcon_core.environment:create_environment_scripts_only(yolo_bringup)
[1.954s] Level 1:colcon.colcon_core.environment:checking '/home/nicks1811/muas_ros_workspace/install/yolo_bringup' for CMake module files
[1.955s] Level 1:colcon.colcon_core.environment:checking '/home/nicks1811/muas_ros_workspace/install/yolo_bringup' for CMake config files
[1.955s] Level 1:colcon.colcon_core.shell:create_environment_hook('yolo_bringup', 'cmake_prefix_path')
[1.955s] INFO:colcon.colcon_core.shell:Creating environment hook '/home/nicks1811/muas_ros_workspace/install/yolo_bringup/share/yolo_bringup/hook/cmake_prefix_path.ps1'
[1.955s] INFO:colcon.colcon_core.shell:Creating environment descriptor '/home/nicks1811/muas_ros_workspace/install/yolo_bringup/share/yolo_bringup/hook/cmake_prefix_path.dsv'
[1.955s] INFO:colcon.colcon_core.shell:Creating environment hook '/home/nicks1811/muas_ros_workspace/install/yolo_bringup/share/yolo_bringup/hook/cmake_prefix_path.sh'
[1.955s] Level 1:colcon.colcon_core.environment:checking '/home/nicks1811/muas_ros_workspace/install/yolo_bringup/bin'
[1.955s] Level 1:colcon.colcon_core.environment:checking '/home/nicks1811/muas_ros_workspace/install/yolo_bringup/lib/pkgconfig/yolo_bringup.pc'
[1.956s] Level 1:colcon.colcon_core.environment:checking '/home/nicks1811/muas_ros_workspace/install/yolo_bringup/lib/python3.10/site-packages'
[1.956s] Level 1:colcon.colcon_core.environment:checking '/home/nicks1811/muas_ros_workspace/install/yolo_bringup/bin'
[1.956s] INFO:colcon.colcon_core.shell:Creating package script '/home/nicks1811/muas_ros_workspace/install/yolo_bringup/share/yolo_bringup/package.ps1'
[1.956s] INFO:colcon.colcon_core.shell:Creating package descriptor '/home/nicks1811/muas_ros_workspace/install/yolo_bringup/share/yolo_bringup/package.dsv'
[1.956s] INFO:colcon.colcon_core.shell:Creating package script '/home/nicks1811/muas_ros_workspace/install/yolo_bringup/share/yolo_bringup/package.sh'
[1.957s] INFO:colcon.colcon_core.shell:Creating package script '/home/nicks1811/muas_ros_workspace/install/yolo_bringup/share/yolo_bringup/package.bash'
[1.957s] INFO:colcon.colcon_core.shell:Creating package script '/home/nicks1811/muas_ros_workspace/install/yolo_bringup/share/yolo_bringup/package.zsh'
[1.957s] Level 1:colcon.colcon_core.environment:create_file_with_runtime_dependencies(/home/nicks1811/muas_ros_workspace/install/yolo_bringup/share/colcon-core/packages/yolo_bringup)
[1.958s] DEBUG:colcon.colcon_parallel_executor.executor.parallel:closing loop
[1.958s] DEBUG:colcon.colcon_parallel_executor.executor.parallel:loop closed
[1.958s] DEBUG:colcon.colcon_parallel_executor.executor.parallel:run_until_complete finished with '0'
[1.958s] DEBUG:colcon.colcon_core.event_reactor:joining thread
[2.009s] INFO:colcon.colcon_core.plugin_system:Skipping extension 'colcon_notification.desktop_notification.notify_send': Could not find 'notify-send'
[2.009s] INFO:colcon.colcon_core.plugin_system:Skipping extension 'colcon_notification.desktop_notification.terminal_notifier': Not used on non-Darwin systems
[2.009s] INFO:colcon.colcon_core.plugin_system:Skipping extension 'colcon_notification.desktop_notification.win32': Not used on non-Windows systems
[2.009s] INFO:colcon.colcon_notification.desktop_notification:Sending desktop notification using 'notify2'
[2.009s] DEBUG:colcon.colcon_notification.desktop_notification.notify2:Failed to initialize notify2: org.freedesktop.DBus.Error.FileNotFound: Failed to connect to socket /run/user/1000/bus: No such file or directory
[2.009s] DEBUG:colcon.colcon_core.event_reactor:joined thread
[2.010s] INFO:colcon.colcon_core.shell:Creating prefix script '/home/nicks1811/muas_ros_workspace/install/local_setup.ps1'
[2.013s] INFO:colcon.colcon_core.shell:Creating prefix util module '/home/nicks1811/muas_ros_workspace/install/_local_setup_util_ps1.py'
[2.014s] INFO:colcon.colcon_core.shell:Creating prefix chain script '/home/nicks1811/muas_ros_workspace/install/setup.ps1'
[2.015s] INFO:colcon.colcon_core.shell:Creating prefix script '/home/nicks1811/muas_ros_workspace/install/local_setup.sh'
[2.016s] INFO:colcon.colcon_core.shell:Creating prefix util module '/home/nicks1811/muas_ros_workspace/install/_local_setup_util_sh.py'
[2.016s] INFO:colcon.colcon_core.shell:Creating prefix chain script '/home/nicks1811/muas_ros_workspace/install/setup.sh'
[2.018s] INFO:colcon.colcon_core.shell:Creating prefix script '/home/nicks1811/muas_ros_workspace/install/local_setup.bash'
[2.018s] INFO:colcon.colcon_core.shell:Creating prefix chain script '/home/nicks1811/muas_ros_workspace/install/setup.bash'
[2.019s] INFO:colcon.colcon_core.shell:Creating prefix script '/home/nicks1811/muas_ros_workspace/install/local_setup.zsh'
[2.020s] INFO:colcon.colcon_core.shell:Creating prefix chain script '/home/nicks1811/muas_ros_workspace/install/setup.zsh'
