[0.034s] Invoking command in '/home/nicks1811/muas_ros_workspace/build/vision_pkg': CMAKE_PREFIX_PATH=/opt/ros/humble /usr/bin/cmake --build /home/nicks1811/muas_ros_workspace/build/vision_pkg -- -j12 -l12
[0.189s] [100%] Built target my_node
[0.201s] Invoked command in '/home/nicks1811/muas_ros_workspace/build/vision_pkg' returned '0': CMAKE_PREFIX_PATH=/opt/ros/humble /usr/bin/cmake --build /home/nicks1811/muas_ros_workspace/build/vision_pkg -- -j12 -l12
[0.216s] Invoking command in '/home/nicks1811/muas_ros_workspace/build/vision_pkg': CMAKE_PREFIX_PATH=/opt/ros/humble /usr/bin/cmake --install /home/nicks1811/muas_ros_workspace/build/vision_pkg
[0.226s] -- Install configuration: ""
[0.228s] -- Up-to-date: /home/nicks1811/muas_ros_workspace/install/vision_pkg/lib/vision_pkg/my_node
[0.229s] -- Up-to-date: /home/nicks1811/muas_ros_workspace/install/vision_pkg/share/ament_index/resource_index/package_run_dependencies/vision_pkg
[0.230s] -- Up-to-date: /home/nicks1811/muas_ros_workspace/install/vision_pkg/share/ament_index/resource_index/parent_prefix_path/vision_pkg
[0.231s] -- Up-to-date: /home/nicks1811/muas_ros_workspace/install/vision_pkg/share/vision_pkg/environment/ament_prefix_path.sh
[0.231s] -- Up-to-date: /home/nicks1811/muas_ros_workspace/install/vision_pkg/share/vision_pkg/environment/ament_prefix_path.dsv
[0.231s] -- Up-to-date: /home/nicks1811/muas_ros_workspace/install/vision_pkg/share/vision_pkg/environment/path.sh
[0.231s] -- Up-to-date: /home/nicks1811/muas_ros_workspace/install/vision_pkg/share/vision_pkg/environment/path.dsv
[0.232s] -- Up-to-date: /home/nicks1811/muas_ros_workspace/install/vision_pkg/share/vision_pkg/local_setup.bash
[0.232s] -- Up-to-date: /home/nicks1811/muas_ros_workspace/install/vision_pkg/share/vision_pkg/local_setup.sh
[0.232s] -- Up-to-date: /home/nicks1811/muas_ros_workspace/install/vision_pkg/share/vision_pkg/local_setup.zsh
[0.232s] -- Up-to-date: /home/nicks1811/muas_ros_workspace/install/vision_pkg/share/vision_pkg/local_setup.dsv
[0.232s] -- Installing: /home/nicks1811/muas_ros_workspace/install/vision_pkg/share/vision_pkg/package.dsv
[0.234s] -- Up-to-date: /home/nicks1811/muas_ros_workspace/install/vision_pkg/share/ament_index/resource_index/packages/vision_pkg
[0.234s] -- Up-to-date: /home/nicks1811/muas_ros_workspace/install/vision_pkg/share/vision_pkg/cmake/vision_pkgConfig.cmake
[0.234s] -- Up-to-date: /home/nicks1811/muas_ros_workspace/install/vision_pkg/share/vision_pkg/cmake/vision_pkgConfig-version.cmake
[0.234s] -- Up-to-date: /home/nicks1811/muas_ros_workspace/install/vision_pkg/share/vision_pkg/package.xml
[0.238s] Invoked command in '/home/nicks1811/muas_ros_workspace/build/vision_pkg' returned '0': CMAKE_PREFIX_PATH=/opt/ros/humble /usr/bin/cmake --install /home/nicks1811/muas_ros_workspace/build/vision_pkg
