[0.019s] Invoking command in '/home/nicks1811/muas_ros_workspace/build/yolo_msgs': CMAKE_PREFIX_PATH=/opt/ros/humble /usr/bin/cmake /home/nicks1811/muas_ros_workspace/src/yolo_ros/yolo_msgs -DCMAKE_INSTALL_PREFIX=/home/nicks1811/muas_ros_workspace/install/yolo_msgs
[0.049s] -- Found ament_cmake: 1.3.12 (/opt/ros/humble/share/ament_cmake/cmake)
[0.538s] -- Found Python3: /usr/bin/python3 (found version "3.10.12") found components: Interpreter 
[0.726s] -- Found rosidl_default_generators: 1.2.0 (/opt/ros/humble/share/rosidl_default_generators/cmake)
[0.736s] -- Using all available rosidl_typesupport_c: rosidl_typesupport_fastrtps_c;rosidl_typesupport_introspection_c
[0.752s] -- Found rosidl_adapter: 3.1.7 (/opt/ros/humble/share/rosidl_adapter/cmake)
[1.054s] -- Using all available rosidl_typesupport_cpp: rosidl_typesupport_fastrtps_cpp;rosidl_typesupport_introspection_cpp
[1.110s] -- Found std_msgs: 4.9.0 (/opt/ros/humble/share/std_msgs/cmake)
[1.155s] -- Found geometry_msgs: 4.9.0 (/opt/ros/humble/share/geometry_msgs/cmake)
[1.692s] -- Found ament_cmake_ros: 0.10.0 (/opt/ros/humble/share/ament_cmake_ros/cmake)
[2.065s] -- Using all available rosidl_typesupport_c: rosidl_typesupport_fastrtps_c;rosidl_typesupport_introspection_c
[2.897s] -- Using all available rosidl_typesupport_cpp: rosidl_typesupport_fastrtps_cpp;rosidl_typesupport_introspection_cpp
[3.133s] -- Found PythonInterp: /usr/bin/python3 (found suitable version "3.10.12", minimum required is "3.6") 
[3.136s] -- Found python_cmake_module: 0.10.0 (/opt/ros/humble/share/python_cmake_module/cmake)
[3.882s] -- Found PythonLibs: /usr/lib/x86_64-linux-gnu/libpython3.10.so (found suitable version "3.10.12", minimum required is "3.5") 
[3.882s] -- Using PYTHON_EXECUTABLE: /usr/bin/python3
[3.882s] -- Using PYTHON_INCLUDE_DIRS: /usr/include/python3.10
[3.882s] -- Using PYTHON_LIBRARIES: /usr/lib/x86_64-linux-gnu/libpython3.10.so
[3.910s] -- Found PythonExtra: .so  
[4.114s] -- Configuring done
[4.251s] -- Generating done
[4.270s] -- Build files have been written to: /home/nicks1811/muas_ros_workspace/build/yolo_msgs
[4.283s] Invoked command in '/home/nicks1811/muas_ros_workspace/build/yolo_msgs' returned '0': CMAKE_PREFIX_PATH=/opt/ros/humble /usr/bin/cmake /home/nicks1811/muas_ros_workspace/src/yolo_ros/yolo_msgs -DCMAKE_INSTALL_PREFIX=/home/nicks1811/muas_ros_workspace/install/yolo_msgs
[4.285s] Invoking command in '/home/nicks1811/muas_ros_workspace/build/yolo_msgs': CMAKE_PREFIX_PATH=/opt/ros/humble /usr/bin/cmake --build /home/nicks1811/muas_ros_workspace/build/yolo_msgs -- -j16 -l16
[4.354s] [  1%] [34m[1mGenerating C code for ROS interfaces[0m
[4.371s] [  1%] [34m[1mGenerating C++ code for ROS interfaces[0m
[4.384s] [  1%] Built target ament_cmake_python_copy_yolo_msgs
[4.694s] running egg_info
[4.717s] creating yolo_msgs.egg-info
[4.718s] writing yolo_msgs.egg-info/PKG-INFO
[4.719s] writing dependency_links to yolo_msgs.egg-info/dependency_links.txt
[4.719s] writing top-level names to yolo_msgs.egg-info/top_level.txt
[4.719s] writing manifest file 'yolo_msgs.egg-info/SOURCES.txt'
[4.793s] reading manifest file 'yolo_msgs.egg-info/SOURCES.txt'
[4.795s] writing manifest file 'yolo_msgs.egg-info/SOURCES.txt'
[4.841s] [  1%] Built target ament_cmake_python_build_yolo_msgs_egg
[5.988s] [  1%] Built target yolo_msgs__cpp
[6.007s] [  2%] [34m[1mGenerating C++ type support dispatch for ROS interfaces[0m
[6.007s] [  3%] [34m[1mGenerating C++ type support for eProsima Fast-RTPS[0m
[6.007s] [  3%] [34m[1mGenerating C++ introspection for ROS interfaces[0m
[6.244s] [  3%] [32mBuilding C object CMakeFiles/yolo_msgs__rosidl_generator_c.dir/rosidl_generator_c/yolo_msgs/msg/detail/vector2__functions.c.o[0m
[6.244s] [  4%] [32mBuilding C object CMakeFiles/yolo_msgs__rosidl_generator_c.dir/rosidl_generator_c/yolo_msgs/msg/detail/pose2_d__functions.c.o[0m
[6.244s] [  5%] [32mBuilding C object CMakeFiles/yolo_msgs__rosidl_generator_c.dir/rosidl_generator_c/yolo_msgs/msg/detail/bounding_box3_d__functions.c.o[0m
[6.247s] [  6%] [32mBuilding C object CMakeFiles/yolo_msgs__rosidl_generator_c.dir/rosidl_generator_c/yolo_msgs/msg/detail/point2_d__functions.c.o[0m
[6.247s] [  7%] [32mBuilding C object CMakeFiles/yolo_msgs__rosidl_generator_c.dir/rosidl_generator_c/yolo_msgs/msg/detail/bounding_box2_d__functions.c.o[0m
[6.247s] [  7%] [32mBuilding C object CMakeFiles/yolo_msgs__rosidl_generator_c.dir/rosidl_generator_c/yolo_msgs/msg/detail/key_point2_d__functions.c.o[0m
[6.248s] [  8%] [32mBuilding C object CMakeFiles/yolo_msgs__rosidl_generator_c.dir/rosidl_generator_c/yolo_msgs/msg/detail/key_point2_d_array__functions.c.o[0m
[6.250s] [  9%] [32mBuilding C object CMakeFiles/yolo_msgs__rosidl_generator_c.dir/rosidl_generator_c/yolo_msgs/msg/detail/mask__functions.c.o[0m
[6.250s] [  9%] [32mBuilding C object CMakeFiles/yolo_msgs__rosidl_generator_c.dir/rosidl_generator_c/yolo_msgs/msg/detail/detection_array__functions.c.o[0m
[6.250s] [ 11%] [32mBuilding C object CMakeFiles/yolo_msgs__rosidl_generator_c.dir/rosidl_generator_c/yolo_msgs/msg/detail/key_point3_d_array__functions.c.o[0m
[6.251s] [ 11%] [32mBuilding C object CMakeFiles/yolo_msgs__rosidl_generator_c.dir/rosidl_generator_c/yolo_msgs/srv/detail/set_classes__functions.c.o[0m
[6.251s] [ 12%] [32mBuilding C object CMakeFiles/yolo_msgs__rosidl_generator_c.dir/rosidl_generator_c/yolo_msgs/msg/detail/key_point3_d__functions.c.o[0m
[6.255s] [ 13%] [32mBuilding C object CMakeFiles/yolo_msgs__rosidl_generator_c.dir/rosidl_generator_c/yolo_msgs/msg/detail/detection__functions.c.o[0m
[6.471s] [ 14%] [32m[1mLinking C shared library libyolo_msgs__rosidl_generator_c.so[0m
[6.703s] [ 14%] Built target yolo_msgs__rosidl_generator_c
[6.722s] [ 15%] [34m[1mGenerating C introspection for ROS interfaces[0m
[6.726s] [ 16%] [34m[1mGenerating C type support for eProsima Fast-RTPS[0m
[6.726s] [ 17%] [34m[1mGenerating C type support dispatch for ROS interfaces[0m
[7.400s] [ 18%] [32mBuilding CXX object CMakeFiles/yolo_msgs__rosidl_typesupport_cpp.dir/rosidl_typesupport_cpp/yolo_msgs/msg/pose2_d__type_support.cpp.o[0m
[7.400s] [ 18%] [32mBuilding CXX object CMakeFiles/yolo_msgs__rosidl_typesupport_cpp.dir/rosidl_typesupport_cpp/yolo_msgs/msg/mask__type_support.cpp.o[0m
[7.400s] [ 20%] [32mBuilding CXX object CMakeFiles/yolo_msgs__rosidl_typesupport_cpp.dir/rosidl_typesupport_cpp/yolo_msgs/msg/point2_d__type_support.cpp.o[0m
[7.400s] [ 20%] [32mBuilding CXX object CMakeFiles/yolo_msgs__rosidl_typesupport_cpp.dir/rosidl_typesupport_cpp/yolo_msgs/msg/bounding_box2_d__type_support.cpp.o[0m
[7.400s] [ 21%] [32mBuilding CXX object CMakeFiles/yolo_msgs__rosidl_typesupport_cpp.dir/rosidl_typesupport_cpp/yolo_msgs/msg/key_point2_d__type_support.cpp.o[0m
[7.401s] [ 22%] [32mBuilding CXX object CMakeFiles/yolo_msgs__rosidl_typesupport_cpp.dir/rosidl_typesupport_cpp/yolo_msgs/msg/bounding_box3_d__type_support.cpp.o[0m
[7.403s] [ 22%] [32mBuilding CXX object CMakeFiles/yolo_msgs__rosidl_typesupport_cpp.dir/rosidl_typesupport_cpp/yolo_msgs/msg/key_point2_d_array__type_support.cpp.o[0m
[7.406s] [ 23%] [32mBuilding CXX object CMakeFiles/yolo_msgs__rosidl_typesupport_cpp.dir/rosidl_typesupport_cpp/yolo_msgs/msg/vector2__type_support.cpp.o[0m
[7.411s] [ 24%] [32mBuilding CXX object CMakeFiles/yolo_msgs__rosidl_typesupport_cpp.dir/rosidl_typesupport_cpp/yolo_msgs/msg/key_point3_d__type_support.cpp.o[0m
[7.415s] [ 25%] [32mBuilding CXX object CMakeFiles/yolo_msgs__rosidl_typesupport_cpp.dir/rosidl_typesupport_cpp/yolo_msgs/msg/detection__type_support.cpp.o[0m
[7.422s] [ 26%] [32mBuilding CXX object CMakeFiles/yolo_msgs__rosidl_typesupport_cpp.dir/rosidl_typesupport_cpp/yolo_msgs/msg/key_point3_d_array__type_support.cpp.o[0m
[8.443s] [ 27%] [32mBuilding CXX object CMakeFiles/yolo_msgs__rosidl_typesupport_introspection_cpp.dir/rosidl_typesupport_introspection_cpp/yolo_msgs/msg/detail/point2_d__type_support.cpp.o[0m
[8.478s] [ 28%] [32mBuilding CXX object CMakeFiles/yolo_msgs__rosidl_typesupport_cpp.dir/rosidl_typesupport_cpp/yolo_msgs/msg/detection_array__type_support.cpp.o[0m
[8.491s] [ 28%] [32mBuilding CXX object CMakeFiles/yolo_msgs__rosidl_typesupport_cpp.dir/rosidl_typesupport_cpp/yolo_msgs/srv/set_classes__type_support.cpp.o[0m
[8.496s] [ 29%] [32mBuilding CXX object CMakeFiles/yolo_msgs__rosidl_typesupport_introspection_cpp.dir/rosidl_typesupport_introspection_cpp/yolo_msgs/msg/detail/vector2__type_support.cpp.o[0m
[8.502s] [ 30%] [32mBuilding CXX object CMakeFiles/yolo_msgs__rosidl_typesupport_introspection_cpp.dir/rosidl_typesupport_introspection_cpp/yolo_msgs/msg/detail/bounding_box2_d__type_support.cpp.o[0m
[8.511s] [ 30%] [32mBuilding CXX object CMakeFiles/yolo_msgs__rosidl_typesupport_introspection_cpp.dir/rosidl_typesupport_introspection_cpp/yolo_msgs/msg/detail/bounding_box3_d__type_support.cpp.o[0m
[8.522s] [ 31%] [32mBuilding CXX object CMakeFiles/yolo_msgs__rosidl_typesupport_introspection_cpp.dir/rosidl_typesupport_introspection_cpp/yolo_msgs/msg/detail/pose2_d__type_support.cpp.o[0m
[8.522s] [ 32%] [32mBuilding CXX object CMakeFiles/yolo_msgs__rosidl_typesupport_introspection_cpp.dir/rosidl_typesupport_introspection_cpp/yolo_msgs/msg/detail/key_point2_d__type_support.cpp.o[0m
[8.540s] [ 33%] [32mBuilding CXX object CMakeFiles/yolo_msgs__rosidl_typesupport_introspection_cpp.dir/rosidl_typesupport_introspection_cpp/yolo_msgs/msg/detail/mask__type_support.cpp.o[0m
[8.541s] [ 34%] [32mBuilding CXX object CMakeFiles/yolo_msgs__rosidl_typesupport_introspection_cpp.dir/rosidl_typesupport_introspection_cpp/yolo_msgs/msg/detail/key_point2_d_array__type_support.cpp.o[0m
[8.556s] [ 35%] [32mBuilding CXX object CMakeFiles/yolo_msgs__rosidl_typesupport_introspection_cpp.dir/rosidl_typesupport_introspection_cpp/yolo_msgs/msg/detail/key_point3_d__type_support.cpp.o[0m
[8.573s] [ 35%] [32mBuilding CXX object CMakeFiles/yolo_msgs__rosidl_typesupport_introspection_cpp.dir/rosidl_typesupport_introspection_cpp/yolo_msgs/msg/detail/key_point3_d_array__type_support.cpp.o[0m
[9.001s] [ 35%] [32mBuilding CXX object CMakeFiles/yolo_msgs__rosidl_typesupport_c.dir/rosidl_typesupport_c/yolo_msgs/msg/point2_d__type_support.cpp.o[0m
[9.087s] [ 36%] [32mBuilding CXX object CMakeFiles/yolo_msgs__rosidl_typesupport_fastrtps_cpp.dir/rosidl_typesupport_fastrtps_cpp/yolo_msgs/msg/detail/dds_fastrtps/point2_d__type_support.cpp.o[0m
[9.132s] [ 37%] [32mBuilding CXX object CMakeFiles/yolo_msgs__rosidl_typesupport_c.dir/rosidl_typesupport_c/yolo_msgs/msg/vector2__type_support.cpp.o[0m
[9.204s] [ 38%] [32mBuilding CXX object CMakeFiles/yolo_msgs__rosidl_typesupport_c.dir/rosidl_typesupport_c/yolo_msgs/msg/pose2_d__type_support.cpp.o[0m
[9.229s] [ 39%] [32mBuilding CXX object CMakeFiles/yolo_msgs__rosidl_typesupport_c.dir/rosidl_typesupport_c/yolo_msgs/msg/bounding_box2_d__type_support.cpp.o[0m
[9.238s] [ 40%] [32m[1mLinking CXX shared library libyolo_msgs__rosidl_typesupport_cpp.so[0m
[9.318s] [ 41%] [32mBuilding CXX object CMakeFiles/yolo_msgs__rosidl_typesupport_fastrtps_cpp.dir/rosidl_typesupport_fastrtps_cpp/yolo_msgs/msg/detail/dds_fastrtps/vector2__type_support.cpp.o[0m
[9.397s] [ 42%] [32mBuilding CXX object CMakeFiles/yolo_msgs__rosidl_typesupport_c.dir/rosidl_typesupport_c/yolo_msgs/msg/bounding_box3_d__type_support.cpp.o[0m
[9.523s] [ 42%] [32mBuilding CXX object CMakeFiles/yolo_msgs__rosidl_typesupport_c.dir/rosidl_typesupport_c/yolo_msgs/msg/mask__type_support.cpp.o[0m
[9.572s] [ 43%] [32mBuilding CXX object CMakeFiles/yolo_msgs__rosidl_typesupport_introspection_cpp.dir/rosidl_typesupport_introspection_cpp/yolo_msgs/msg/detail/detection_array__type_support.cpp.o[0m
[9.572s] [ 44%] [32mBuilding CXX object CMakeFiles/yolo_msgs__rosidl_typesupport_introspection_cpp.dir/rosidl_typesupport_introspection_cpp/yolo_msgs/msg/detail/detection__type_support.cpp.o[0m
[9.604s] [ 45%] [32mBuilding C object CMakeFiles/yolo_msgs__rosidl_typesupport_introspection_c.dir/rosidl_typesupport_introspection_c/yolo_msgs/msg/detail/point2_d__type_support.c.o[0m
[9.608s] [ 46%] [32mBuilding CXX object CMakeFiles/yolo_msgs__rosidl_typesupport_introspection_cpp.dir/rosidl_typesupport_introspection_cpp/yolo_msgs/srv/detail/set_classes__type_support.cpp.o[0m
[9.629s] [ 47%] [32mBuilding CXX object CMakeFiles/yolo_msgs__rosidl_typesupport_fastrtps_cpp.dir/rosidl_typesupport_fastrtps_cpp/yolo_msgs/msg/detail/dds_fastrtps/pose2_d__type_support.cpp.o[0m
[9.630s] [ 48%] [32mBuilding CXX object CMakeFiles/yolo_msgs__rosidl_typesupport_c.dir/rosidl_typesupport_c/yolo_msgs/msg/key_point2_d__type_support.cpp.o[0m
[9.630s] [ 49%] [32mBuilding CXX object CMakeFiles/yolo_msgs__rosidl_typesupport_c.dir/rosidl_typesupport_c/yolo_msgs/msg/key_point2_d_array__type_support.cpp.o[0m
[9.659s] [ 51%] [32mBuilding CXX object CMakeFiles/yolo_msgs__rosidl_typesupport_c.dir/rosidl_typesupport_c/yolo_msgs/msg/key_point3_d__type_support.cpp.o[0m
[9.659s] [ 51%] [32mBuilding C object CMakeFiles/yolo_msgs__rosidl_typesupport_introspection_c.dir/rosidl_typesupport_introspection_c/yolo_msgs/msg/detail/vector2__type_support.c.o[0m
[9.721s] [ 51%] [32mBuilding C object CMakeFiles/yolo_msgs__rosidl_typesupport_introspection_c.dir/rosidl_typesupport_introspection_c/yolo_msgs/msg/detail/pose2_d__type_support.c.o[0m
[9.745s] [ 52%] [32mBuilding CXX object CMakeFiles/yolo_msgs__rosidl_typesupport_fastrtps_cpp.dir/rosidl_typesupport_fastrtps_cpp/yolo_msgs/msg/detail/dds_fastrtps/bounding_box2_d__type_support.cpp.o[0m
[9.745s] [ 52%] [32mBuilding C object CMakeFiles/yolo_msgs__rosidl_typesupport_introspection_c.dir/rosidl_typesupport_introspection_c/yolo_msgs/msg/detail/bounding_box2_d__type_support.c.o[0m
[9.752s] [ 53%] [32mBuilding CXX object CMakeFiles/yolo_msgs__rosidl_typesupport_c.dir/rosidl_typesupport_c/yolo_msgs/msg/key_point3_d_array__type_support.cpp.o[0m
[9.762s] [ 54%] [32mBuilding CXX object CMakeFiles/yolo_msgs__rosidl_typesupport_fastrtps_cpp.dir/rosidl_typesupport_fastrtps_cpp/yolo_msgs/msg/detail/dds_fastrtps/bounding_box3_d__type_support.cpp.o[0m
[9.781s] [ 55%] [32mBuilding CXX object CMakeFiles/yolo_msgs__rosidl_typesupport_fastrtps_cpp.dir/rosidl_typesupport_fastrtps_cpp/yolo_msgs/msg/detail/dds_fastrtps/mask__type_support.cpp.o[0m
[9.811s] [ 55%] [32mBuilding CXX object CMakeFiles/yolo_msgs__rosidl_typesupport_c.dir/rosidl_typesupport_c/yolo_msgs/msg/detection__type_support.cpp.o[0m
[9.857s] [ 56%] [32mBuilding CXX object CMakeFiles/yolo_msgs__rosidl_typesupport_fastrtps_cpp.dir/rosidl_typesupport_fastrtps_cpp/yolo_msgs/msg/detail/dds_fastrtps/key_point2_d__type_support.cpp.o[0m
[9.860s] [ 57%] [32mBuilding C object CMakeFiles/yolo_msgs__rosidl_typesupport_introspection_c.dir/rosidl_typesupport_introspection_c/yolo_msgs/msg/detail/bounding_box3_d__type_support.c.o[0m
[9.861s] [ 58%] [32mBuilding CXX object CMakeFiles/yolo_msgs__rosidl_typesupport_c.dir/rosidl_typesupport_c/yolo_msgs/msg/detection_array__type_support.cpp.o[0m
[9.862s] [ 59%] [32mBuilding CXX object CMakeFiles/yolo_msgs__rosidl_typesupport_fastrtps_cpp.dir/rosidl_typesupport_fastrtps_cpp/yolo_msgs/msg/detail/dds_fastrtps/key_point2_d_array__type_support.cpp.o[0m
[9.867s] [ 59%] Built target yolo_msgs__rosidl_typesupport_cpp
[9.912s] [ 59%] [32mBuilding CXX object CMakeFiles/yolo_msgs__rosidl_typesupport_fastrtps_cpp.dir/rosidl_typesupport_fastrtps_cpp/yolo_msgs/msg/detail/dds_fastrtps/key_point3_d__type_support.cpp.o[0m
[9.919s] [ 60%] [32mBuilding CXX object CMakeFiles/yolo_msgs__rosidl_typesupport_c.dir/rosidl_typesupport_c/yolo_msgs/srv/set_classes__type_support.cpp.o[0m
[10.024s] [ 61%] [32mBuilding CXX object CMakeFiles/yolo_msgs__rosidl_typesupport_fastrtps_cpp.dir/rosidl_typesupport_fastrtps_cpp/yolo_msgs/msg/detail/dds_fastrtps/key_point3_d_array__type_support.cpp.o[0m
[10.063s] [ 62%] [32mBuilding C object CMakeFiles/yolo_msgs__rosidl_typesupport_introspection_c.dir/rosidl_typesupport_introspection_c/yolo_msgs/msg/detail/mask__type_support.c.o[0m
[10.077s] [ 63%] [32mBuilding CXX object CMakeFiles/yolo_msgs__rosidl_typesupport_fastrtps_c.dir/rosidl_typesupport_fastrtps_c/yolo_msgs/msg/detail/point2_d__type_support_c.cpp.o[0m
[10.100s] [ 64%] [32m[1mLinking CXX shared library libyolo_msgs__rosidl_typesupport_c.so[0m
[10.270s] [ 65%] [32mBuilding C object CMakeFiles/yolo_msgs__rosidl_typesupport_introspection_c.dir/rosidl_typesupport_introspection_c/yolo_msgs/msg/detail/key_point2_d__type_support.c.o[0m
[10.412s] [ 65%] [32mBuilding C object CMakeFiles/yolo_msgs__rosidl_typesupport_introspection_c.dir/rosidl_typesupport_introspection_c/yolo_msgs/msg/detail/key_point2_d_array__type_support.c.o[0m
[10.416s] [ 66%] [32mBuilding CXX object CMakeFiles/yolo_msgs__rosidl_typesupport_fastrtps_cpp.dir/rosidl_typesupport_fastrtps_cpp/yolo_msgs/msg/detail/dds_fastrtps/detection__type_support.cpp.o[0m
[10.437s] [ 67%] [32mBuilding C object CMakeFiles/yolo_msgs__rosidl_typesupport_introspection_c.dir/rosidl_typesupport_introspection_c/yolo_msgs/msg/detail/key_point3_d__type_support.c.o[0m
[10.520s] [ 67%] [32mBuilding CXX object CMakeFiles/yolo_msgs__rosidl_typesupport_fastrtps_c.dir/rosidl_typesupport_fastrtps_c/yolo_msgs/msg/detail/vector2__type_support_c.cpp.o[0m
[10.666s] [ 68%] [32mBuilding C object CMakeFiles/yolo_msgs__rosidl_typesupport_introspection_c.dir/rosidl_typesupport_introspection_c/yolo_msgs/msg/detail/key_point3_d_array__type_support.c.o[0m
[10.693s] [ 69%] [32mBuilding C object CMakeFiles/yolo_msgs__rosidl_typesupport_introspection_c.dir/rosidl_typesupport_introspection_c/yolo_msgs/msg/detail/detection__type_support.c.o[0m
[10.743s] [ 70%] [32mBuilding CXX object CMakeFiles/yolo_msgs__rosidl_typesupport_fastrtps_c.dir/rosidl_typesupport_fastrtps_c/yolo_msgs/msg/detail/bounding_box2_d__type_support_c.cpp.o[0m
[10.754s] [ 71%] [32mBuilding CXX object CMakeFiles/yolo_msgs__rosidl_typesupport_fastrtps_c.dir/rosidl_typesupport_fastrtps_c/yolo_msgs/msg/detail/pose2_d__type_support_c.cpp.o[0m
[10.804s] [ 72%] [32mBuilding CXX object CMakeFiles/yolo_msgs__rosidl_typesupport_fastrtps_c.dir/rosidl_typesupport_fastrtps_c/yolo_msgs/msg/detail/bounding_box3_d__type_support_c.cpp.o[0m
[10.870s] [ 73%] [32mBuilding CXX object CMakeFiles/yolo_msgs__rosidl_typesupport_fastrtps_cpp.dir/rosidl_typesupport_fastrtps_cpp/yolo_msgs/msg/detail/dds_fastrtps/detection_array__type_support.cpp.o[0m
[10.876s] [ 74%] [32mBuilding C object CMakeFiles/yolo_msgs__rosidl_typesupport_introspection_c.dir/rosidl_typesupport_introspection_c/yolo_msgs/msg/detail/detection_array__type_support.c.o[0m
[10.954s] [ 74%] [32mBuilding C object CMakeFiles/yolo_msgs__rosidl_typesupport_introspection_c.dir/rosidl_typesupport_introspection_c/yolo_msgs/srv/detail/set_classes__type_support.c.o[0m
[10.957s] [ 75%] [32mBuilding CXX object CMakeFiles/yolo_msgs__rosidl_typesupport_fastrtps_c.dir/rosidl_typesupport_fastrtps_c/yolo_msgs/msg/detail/mask__type_support_c.cpp.o[0m
[11.005s] [ 75%] Built target yolo_msgs__rosidl_typesupport_c
[11.059s] [ 75%] [32mBuilding CXX object CMakeFiles/yolo_msgs__rosidl_typesupport_fastrtps_c.dir/rosidl_typesupport_fastrtps_c/yolo_msgs/msg/detail/key_point2_d__type_support_c.cpp.o[0m
[11.064s] [ 76%] [32mBuilding CXX object CMakeFiles/yolo_msgs__rosidl_typesupport_fastrtps_c.dir/rosidl_typesupport_fastrtps_c/yolo_msgs/msg/detail/key_point2_d_array__type_support_c.cpp.o[0m
[11.082s] [ 77%] [32mBuilding CXX object CMakeFiles/yolo_msgs__rosidl_typesupport_fastrtps_cpp.dir/rosidl_typesupport_fastrtps_cpp/yolo_msgs/srv/detail/dds_fastrtps/set_classes__type_support.cpp.o[0m
[11.089s] [ 78%] [32m[1mLinking C shared library libyolo_msgs__rosidl_typesupport_introspection_c.so[0m
[11.120s] [ 79%] [32mBuilding CXX object CMakeFiles/yolo_msgs__rosidl_typesupport_fastrtps_c.dir/rosidl_typesupport_fastrtps_c/yolo_msgs/msg/detail/key_point3_d__type_support_c.cpp.o[0m
[11.143s] [ 80%] [32m[1mLinking CXX shared library libyolo_msgs__rosidl_typesupport_introspection_cpp.so[0m
[11.157s] [ 81%] [32mBuilding CXX object CMakeFiles/yolo_msgs__rosidl_typesupport_fastrtps_c.dir/rosidl_typesupport_fastrtps_c/yolo_msgs/msg/detail/key_point3_d_array__type_support_c.cpp.o[0m
[11.253s] [ 82%] [32mBuilding CXX object CMakeFiles/yolo_msgs__rosidl_typesupport_fastrtps_c.dir/rosidl_typesupport_fastrtps_c/yolo_msgs/msg/detail/detection__type_support_c.cpp.o[0m
[11.398s] [ 82%] [32mBuilding CXX object CMakeFiles/yolo_msgs__rosidl_typesupport_fastrtps_c.dir/rosidl_typesupport_fastrtps_c/yolo_msgs/msg/detail/detection_array__type_support_c.cpp.o[0m
[11.421s] [ 83%] [32mBuilding CXX object CMakeFiles/yolo_msgs__rosidl_typesupport_fastrtps_c.dir/rosidl_typesupport_fastrtps_c/yolo_msgs/srv/detail/set_classes__type_support_c.cpp.o[0m
[11.569s] [ 83%] Built target yolo_msgs__rosidl_typesupport_introspection_c
[11.974s] [ 83%] Built target yolo_msgs__rosidl_typesupport_introspection_cpp
[12.192s] [ 84%] [32m[1mLinking CXX shared library libyolo_msgs__rosidl_typesupport_fastrtps_c.so[0m
[12.212s] [ 84%] [32m[1mLinking CXX shared library libyolo_msgs__rosidl_typesupport_fastrtps_cpp.so[0m
[12.509s] [ 84%] Built target yolo_msgs__rosidl_typesupport_fastrtps_c
[12.527s] [ 84%] Built target yolo_msgs__rosidl_typesupport_fastrtps_cpp
[12.561s] [ 84%] Built target yolo_msgs
[12.596s] [ 85%] [34m[1mGenerating Python code for ROS interfaces[0m
[15.315s] [ 85%] Built target yolo_msgs__py
[15.357s] [ 87%] [32mBuilding C object CMakeFiles/yolo_msgs__rosidl_generator_py.dir/rosidl_generator_py/yolo_msgs/msg/_point2_d_s.c.o[0m
[15.357s] [ 87%] [32mBuilding C object CMakeFiles/yolo_msgs__rosidl_generator_py.dir/rosidl_generator_py/yolo_msgs/msg/_bounding_box2_d_s.c.o[0m
[15.357s] [ 87%] [32mBuilding C object CMakeFiles/yolo_msgs__rosidl_generator_py.dir/rosidl_generator_py/yolo_msgs/msg/_vector2_s.c.o[0m
[15.360s] [ 89%] [32mBuilding C object CMakeFiles/yolo_msgs__rosidl_generator_py.dir/rosidl_generator_py/yolo_msgs/msg/_bounding_box3_d_s.c.o[0m
[15.360s] [ 90%] [32mBuilding C object CMakeFiles/yolo_msgs__rosidl_generator_py.dir/rosidl_generator_py/yolo_msgs/msg/_pose2_d_s.c.o[0m
[15.360s] [ 90%] [32mBuilding C object CMakeFiles/yolo_msgs__rosidl_generator_py.dir/rosidl_generator_py/yolo_msgs/msg/_mask_s.c.o[0m
[15.360s] [ 92%] [32mBuilding C object CMakeFiles/yolo_msgs__rosidl_generator_py.dir/rosidl_generator_py/yolo_msgs/msg/_key_point2_d_array_s.c.o[0m
[15.360s] [ 92%] [32mBuilding C object CMakeFiles/yolo_msgs__rosidl_generator_py.dir/rosidl_generator_py/yolo_msgs/msg/_key_point3_d_s.c.o[0m
[15.360s] [ 92%] [32mBuilding C object CMakeFiles/yolo_msgs__rosidl_generator_py.dir/rosidl_generator_py/yolo_msgs/msg/_key_point2_d_s.c.o[0m
[15.361s] [ 93%] [32mBuilding C object CMakeFiles/yolo_msgs__rosidl_generator_py.dir/rosidl_generator_py/yolo_msgs/msg/_key_point3_d_array_s.c.o[0m
[15.361s] [ 94%] [32mBuilding C object CMakeFiles/yolo_msgs__rosidl_generator_py.dir/rosidl_generator_py/yolo_msgs/srv/_set_classes_s.c.o[0m
[15.362s] [ 95%] [32mBuilding C object CMakeFiles/yolo_msgs__rosidl_generator_py.dir/rosidl_generator_py/yolo_msgs/msg/_detection_s.c.o[0m
[15.373s] [ 95%] [32mBuilding C object CMakeFiles/yolo_msgs__rosidl_generator_py.dir/rosidl_generator_py/yolo_msgs/msg/_detection_array_s.c.o[0m
[16.066s] [ 96%] [32m[1mLinking C shared library rosidl_generator_py/yolo_msgs/libyolo_msgs__rosidl_generator_py.so[0m
[16.294s] [ 96%] Built target yolo_msgs__rosidl_generator_py
[16.328s] [ 98%] [32mBuilding C object CMakeFiles/yolo_msgs__rosidl_typesupport_c__pyext.dir/rosidl_generator_py/yolo_msgs/_yolo_msgs_s.ep.rosidl_typesupport_c.c.o[0m
[16.328s] [ 98%] [32mBuilding C object CMakeFiles/yolo_msgs__rosidl_typesupport_introspection_c__pyext.dir/rosidl_generator_py/yolo_msgs/_yolo_msgs_s.ep.rosidl_typesupport_introspection_c.c.o[0m
[16.329s] [ 99%] [32mBuilding C object CMakeFiles/yolo_msgs__rosidl_typesupport_fastrtps_c__pyext.dir/rosidl_generator_py/yolo_msgs/_yolo_msgs_s.ep.rosidl_typesupport_fastrtps_c.c.o[0m
[16.556s] [ 99%] [32m[1mLinking C shared library rosidl_generator_py/yolo_msgs/yolo_msgs_s__rosidl_typesupport_fastrtps_c.cpython-310-x86_64-linux-gnu.so[0m
[16.559s] [ 99%] [32m[1mLinking C shared library rosidl_generator_py/yolo_msgs/yolo_msgs_s__rosidl_typesupport_c.cpython-310-x86_64-linux-gnu.so[0m
[16.562s] [100%] [32m[1mLinking C shared library rosidl_generator_py/yolo_msgs/yolo_msgs_s__rosidl_typesupport_introspection_c.cpython-310-x86_64-linux-gnu.so[0m
[16.719s] [100%] Built target yolo_msgs__rosidl_typesupport_fastrtps_c__pyext
[16.736s] [100%] Built target yolo_msgs__rosidl_typesupport_c__pyext
[16.792s] [100%] Built target yolo_msgs__rosidl_typesupport_introspection_c__pyext
[16.825s] Invoked command in '/home/nicks1811/muas_ros_workspace/build/yolo_msgs' returned '0': CMAKE_PREFIX_PATH=/opt/ros/humble /usr/bin/cmake --build /home/nicks1811/muas_ros_workspace/build/yolo_msgs -- -j16 -l16
[16.841s] Invoking command in '/home/nicks1811/muas_ros_workspace/build/yolo_msgs': CMAKE_PREFIX_PATH=/opt/ros/humble /usr/bin/cmake --install /home/nicks1811/muas_ros_workspace/build/yolo_msgs
[16.852s] -- Install configuration: ""
[16.856s] -- Installing: /home/nicks1811/muas_ros_workspace/install/yolo_msgs/share/ament_index/resource_index/rosidl_interfaces/yolo_msgs
[16.856s] -- Installing: /home/nicks1811/muas_ros_workspace/install/yolo_msgs/include/yolo_msgs/yolo_msgs
[16.858s] -- Installing: /home/nicks1811/muas_ros_workspace/install/yolo_msgs/include/yolo_msgs/yolo_msgs/srv
[16.859s] -- Installing: /home/nicks1811/muas_ros_workspace/install/yolo_msgs/include/yolo_msgs/yolo_msgs/srv/set_classes.h
[16.859s] -- Installing: /home/nicks1811/muas_ros_workspace/install/yolo_msgs/include/yolo_msgs/yolo_msgs/srv/detail
[16.860s] -- Installing: /home/nicks1811/muas_ros_workspace/install/yolo_msgs/include/yolo_msgs/yolo_msgs/srv/detail/set_classes__struct.h
[16.860s] -- Installing: /home/nicks1811/muas_ros_workspace/install/yolo_msgs/include/yolo_msgs/yolo_msgs/srv/detail/set_classes__functions.h
[16.860s] -- Installing: /home/nicks1811/muas_ros_workspace/install/yolo_msgs/include/yolo_msgs/yolo_msgs/srv/detail/set_classes__type_support.h
[16.861s] -- Installing: /home/nicks1811/muas_ros_workspace/install/yolo_msgs/include/yolo_msgs/yolo_msgs/srv/detail/set_classes__functions.c
[16.861s] -- Installing: /home/nicks1811/muas_ros_workspace/install/yolo_msgs/include/yolo_msgs/yolo_msgs/msg
[16.862s] -- Installing: /home/nicks1811/muas_ros_workspace/install/yolo_msgs/include/yolo_msgs/yolo_msgs/msg/point2_d.h
[16.862s] -- Installing: /home/nicks1811/muas_ros_workspace/install/yolo_msgs/include/yolo_msgs/yolo_msgs/msg/rosidl_generator_c__visibility_control.h
[16.862s] -- Installing: /home/nicks1811/muas_ros_workspace/install/yolo_msgs/include/yolo_msgs/yolo_msgs/msg/key_point3_d.h
[16.862s] -- Installing: /home/nicks1811/muas_ros_workspace/install/yolo_msgs/include/yolo_msgs/yolo_msgs/msg/detection_array.h
[16.863s] -- Installing: /home/nicks1811/muas_ros_workspace/install/yolo_msgs/include/yolo_msgs/yolo_msgs/msg/key_point3_d_array.h
[16.863s] -- Installing: /home/nicks1811/muas_ros_workspace/install/yolo_msgs/include/yolo_msgs/yolo_msgs/msg/key_point2_d_array.h
[16.863s] -- Installing: /home/nicks1811/muas_ros_workspace/install/yolo_msgs/include/yolo_msgs/yolo_msgs/msg/mask.h
[16.864s] -- Installing: /home/nicks1811/muas_ros_workspace/install/yolo_msgs/include/yolo_msgs/yolo_msgs/msg/detection.h
[16.864s] -- Installing: /home/nicks1811/muas_ros_workspace/install/yolo_msgs/include/yolo_msgs/yolo_msgs/msg/key_point2_d.h
[16.864s] -- Installing: /home/nicks1811/muas_ros_workspace/install/yolo_msgs/include/yolo_msgs/yolo_msgs/msg/detail
[16.865s] -- Installing: /home/nicks1811/muas_ros_workspace/install/yolo_msgs/include/yolo_msgs/yolo_msgs/msg/detail/point2_d__functions.c
[16.865s] -- Installing: /home/nicks1811/muas_ros_workspace/install/yolo_msgs/include/yolo_msgs/yolo_msgs/msg/detail/key_point3_d_array__functions.c
[16.865s] -- Installing: /home/nicks1811/muas_ros_workspace/install/yolo_msgs/include/yolo_msgs/yolo_msgs/msg/detail/vector2__functions.c
[16.866s] -- Installing: /home/nicks1811/muas_ros_workspace/install/yolo_msgs/include/yolo_msgs/yolo_msgs/msg/detail/key_point2_d_array__type_support.h
[16.866s] -- Installing: /home/nicks1811/muas_ros_workspace/install/yolo_msgs/include/yolo_msgs/yolo_msgs/msg/detail/bounding_box3_d__struct.h
[16.866s] -- Installing: /home/nicks1811/muas_ros_workspace/install/yolo_msgs/include/yolo_msgs/yolo_msgs/msg/detail/vector2__functions.h
[16.867s] -- Installing: /home/nicks1811/muas_ros_workspace/install/yolo_msgs/include/yolo_msgs/yolo_msgs/msg/detail/key_point2_d__functions.c
[16.867s] -- Installing: /home/nicks1811/muas_ros_workspace/install/yolo_msgs/include/yolo_msgs/yolo_msgs/msg/detail/detection_array__functions.h
[16.867s] -- Installing: /home/nicks1811/muas_ros_workspace/install/yolo_msgs/include/yolo_msgs/yolo_msgs/msg/detail/pose2_d__type_support.h
[16.867s] -- Installing: /home/nicks1811/muas_ros_workspace/install/yolo_msgs/include/yolo_msgs/yolo_msgs/msg/detail/key_point3_d__type_support.h
[16.868s] -- Installing: /home/nicks1811/muas_ros_workspace/install/yolo_msgs/include/yolo_msgs/yolo_msgs/msg/detail/mask__functions.c
[16.868s] -- Installing: /home/nicks1811/muas_ros_workspace/install/yolo_msgs/include/yolo_msgs/yolo_msgs/msg/detail/bounding_box2_d__functions.h
[16.868s] -- Installing: /home/nicks1811/muas_ros_workspace/install/yolo_msgs/include/yolo_msgs/yolo_msgs/msg/detail/mask__functions.h
[16.869s] -- Installing: /home/nicks1811/muas_ros_workspace/install/yolo_msgs/include/yolo_msgs/yolo_msgs/msg/detail/mask__struct.h
[16.869s] -- Installing: /home/nicks1811/muas_ros_workspace/install/yolo_msgs/include/yolo_msgs/yolo_msgs/msg/detail/detection__functions.h
[16.869s] -- Installing: /home/nicks1811/muas_ros_workspace/install/yolo_msgs/include/yolo_msgs/yolo_msgs/msg/detail/bounding_box2_d__struct.h
[16.869s] -- Installing: /home/nicks1811/muas_ros_workspace/install/yolo_msgs/include/yolo_msgs/yolo_msgs/msg/detail/detection_array__type_support.h
[16.870s] -- Installing: /home/nicks1811/muas_ros_workspace/install/yolo_msgs/include/yolo_msgs/yolo_msgs/msg/detail/pose2_d__functions.c
[16.870s] -- Installing: /home/nicks1811/muas_ros_workspace/install/yolo_msgs/include/yolo_msgs/yolo_msgs/msg/detail/key_point3_d__struct.h
[16.870s] -- Installing: /home/nicks1811/muas_ros_workspace/install/yolo_msgs/include/yolo_msgs/yolo_msgs/msg/detail/point2_d__struct.h
[16.871s] -- Installing: /home/nicks1811/muas_ros_workspace/install/yolo_msgs/include/yolo_msgs/yolo_msgs/msg/detail/mask__type_support.h
[16.871s] -- Installing: /home/nicks1811/muas_ros_workspace/install/yolo_msgs/include/yolo_msgs/yolo_msgs/msg/detail/pose2_d__functions.h
[16.871s] -- Installing: /home/nicks1811/muas_ros_workspace/install/yolo_msgs/include/yolo_msgs/yolo_msgs/msg/detail/detection__type_support.h
[16.871s] -- Installing: /home/nicks1811/muas_ros_workspace/install/yolo_msgs/include/yolo_msgs/yolo_msgs/msg/detail/bounding_box3_d__functions.c
[16.872s] -- Installing: /home/nicks1811/muas_ros_workspace/install/yolo_msgs/include/yolo_msgs/yolo_msgs/msg/detail/bounding_box2_d__type_support.h
[16.872s] -- Installing: /home/nicks1811/muas_ros_workspace/install/yolo_msgs/include/yolo_msgs/yolo_msgs/msg/detail/detection_array__functions.c
[16.872s] -- Installing: /home/nicks1811/muas_ros_workspace/install/yolo_msgs/include/yolo_msgs/yolo_msgs/msg/detail/key_point2_d__type_support.h
[16.873s] -- Installing: /home/nicks1811/muas_ros_workspace/install/yolo_msgs/include/yolo_msgs/yolo_msgs/msg/detail/bounding_box2_d__functions.c
[16.873s] -- Installing: /home/nicks1811/muas_ros_workspace/install/yolo_msgs/include/yolo_msgs/yolo_msgs/msg/detail/detection_array__struct.h
[16.873s] -- Installing: /home/nicks1811/muas_ros_workspace/install/yolo_msgs/include/yolo_msgs/yolo_msgs/msg/detail/key_point3_d_array__functions.h
[16.873s] -- Installing: /home/nicks1811/muas_ros_workspace/install/yolo_msgs/include/yolo_msgs/yolo_msgs/msg/detail/key_point3_d_array__type_support.h
[16.874s] -- Installing: /home/nicks1811/muas_ros_workspace/install/yolo_msgs/include/yolo_msgs/yolo_msgs/msg/detail/point2_d__type_support.h
[16.874s] -- Installing: /home/nicks1811/muas_ros_workspace/install/yolo_msgs/include/yolo_msgs/yolo_msgs/msg/detail/vector2__type_support.h
[16.874s] -- Installing: /home/nicks1811/muas_ros_workspace/install/yolo_msgs/include/yolo_msgs/yolo_msgs/msg/detail/key_point3_d__functions.c
[16.874s] -- Installing: /home/nicks1811/muas_ros_workspace/install/yolo_msgs/include/yolo_msgs/yolo_msgs/msg/detail/detection__functions.c
[16.875s] -- Installing: /home/nicks1811/muas_ros_workspace/install/yolo_msgs/include/yolo_msgs/yolo_msgs/msg/detail/vector2__struct.h
[16.875s] -- Installing: /home/nicks1811/muas_ros_workspace/install/yolo_msgs/include/yolo_msgs/yolo_msgs/msg/detail/key_point2_d_array__functions.h
[16.875s] -- Installing: /home/nicks1811/muas_ros_workspace/install/yolo_msgs/include/yolo_msgs/yolo_msgs/msg/detail/key_point2_d__functions.h
[16.876s] -- Installing: /home/nicks1811/muas_ros_workspace/install/yolo_msgs/include/yolo_msgs/yolo_msgs/msg/detail/key_point2_d_array__struct.h
[16.876s] -- Installing: /home/nicks1811/muas_ros_workspace/install/yolo_msgs/include/yolo_msgs/yolo_msgs/msg/detail/key_point3_d__functions.h
[16.876s] -- Installing: /home/nicks1811/muas_ros_workspace/install/yolo_msgs/include/yolo_msgs/yolo_msgs/msg/detail/detection__struct.h
[16.877s] -- Installing: /home/nicks1811/muas_ros_workspace/install/yolo_msgs/include/yolo_msgs/yolo_msgs/msg/detail/key_point3_d_array__struct.h
[16.877s] -- Installing: /home/nicks1811/muas_ros_workspace/install/yolo_msgs/include/yolo_msgs/yolo_msgs/msg/detail/key_point2_d__struct.h
[16.877s] -- Installing: /home/nicks1811/muas_ros_workspace/install/yolo_msgs/include/yolo_msgs/yolo_msgs/msg/detail/key_point2_d_array__functions.c
[16.877s] -- Installing: /home/nicks1811/muas_ros_workspace/install/yolo_msgs/include/yolo_msgs/yolo_msgs/msg/detail/pose2_d__struct.h
[16.878s] -- Installing: /home/nicks1811/muas_ros_workspace/install/yolo_msgs/include/yolo_msgs/yolo_msgs/msg/detail/point2_d__functions.h
[16.878s] -- Installing: /home/nicks1811/muas_ros_workspace/install/yolo_msgs/include/yolo_msgs/yolo_msgs/msg/detail/bounding_box3_d__functions.h
[16.878s] -- Installing: /home/nicks1811/muas_ros_workspace/install/yolo_msgs/include/yolo_msgs/yolo_msgs/msg/detail/bounding_box3_d__type_support.h
[16.879s] -- Installing: /home/nicks1811/muas_ros_workspace/install/yolo_msgs/include/yolo_msgs/yolo_msgs/msg/pose2_d.h
[16.879s] -- Installing: /home/nicks1811/muas_ros_workspace/install/yolo_msgs/include/yolo_msgs/yolo_msgs/msg/vector2.h
[16.879s] -- Installing: /home/nicks1811/muas_ros_workspace/install/yolo_msgs/include/yolo_msgs/yolo_msgs/msg/bounding_box2_d.h
[16.880s] -- Installing: /home/nicks1811/muas_ros_workspace/install/yolo_msgs/include/yolo_msgs/yolo_msgs/msg/bounding_box3_d.h
[16.881s] -- Installing: /home/nicks1811/muas_ros_workspace/install/yolo_msgs/share/yolo_msgs/environment/library_path.sh
[16.882s] -- Installing: /home/nicks1811/muas_ros_workspace/install/yolo_msgs/share/yolo_msgs/environment/library_path.dsv
[16.883s] -- Installing: /home/nicks1811/muas_ros_workspace/install/yolo_msgs/lib/libyolo_msgs__rosidl_generator_c.so
[16.883s] -- Set runtime path of "/home/nicks1811/muas_ros_workspace/install/yolo_msgs/lib/libyolo_msgs__rosidl_generator_c.so" to ""
[16.884s] -- Up-to-date: /home/nicks1811/muas_ros_workspace/install/yolo_msgs/include/yolo_msgs/yolo_msgs
[16.884s] -- Up-to-date: /home/nicks1811/muas_ros_workspace/install/yolo_msgs/include/yolo_msgs/yolo_msgs/srv
[16.884s] -- Up-to-date: /home/nicks1811/muas_ros_workspace/install/yolo_msgs/include/yolo_msgs/yolo_msgs/srv/detail
[16.884s] -- Installing: /home/nicks1811/muas_ros_workspace/install/yolo_msgs/include/yolo_msgs/yolo_msgs/srv/detail/set_classes__rosidl_typesupport_fastrtps_c.h
[16.884s] -- Up-to-date: /home/nicks1811/muas_ros_workspace/install/yolo_msgs/include/yolo_msgs/yolo_msgs/msg
[16.885s] -- Installing: /home/nicks1811/muas_ros_workspace/install/yolo_msgs/include/yolo_msgs/yolo_msgs/msg/rosidl_typesupport_fastrtps_c__visibility_control.h
[16.885s] -- Up-to-date: /home/nicks1811/muas_ros_workspace/install/yolo_msgs/include/yolo_msgs/yolo_msgs/msg/detail
[16.885s] -- Installing: /home/nicks1811/muas_ros_workspace/install/yolo_msgs/include/yolo_msgs/yolo_msgs/msg/detail/key_point2_d_array__rosidl_typesupport_fastrtps_c.h
[16.885s] -- Installing: /home/nicks1811/muas_ros_workspace/install/yolo_msgs/include/yolo_msgs/yolo_msgs/msg/detail/vector2__rosidl_typesupport_fastrtps_c.h
[16.885s] -- Installing: /home/nicks1811/muas_ros_workspace/install/yolo_msgs/include/yolo_msgs/yolo_msgs/msg/detail/detection_array__rosidl_typesupport_fastrtps_c.h
[16.885s] -- Installing: /home/nicks1811/muas_ros_workspace/install/yolo_msgs/include/yolo_msgs/yolo_msgs/msg/detail/mask__rosidl_typesupport_fastrtps_c.h
[16.886s] -- Installing: /home/nicks1811/muas_ros_workspace/install/yolo_msgs/include/yolo_msgs/yolo_msgs/msg/detail/pose2_d__rosidl_typesupport_fastrtps_c.h
[16.886s] -- Installing: /home/nicks1811/muas_ros_workspace/install/yolo_msgs/include/yolo_msgs/yolo_msgs/msg/detail/key_point2_d__rosidl_typesupport_fastrtps_c.h
[16.886s] -- Installing: /home/nicks1811/muas_ros_workspace/install/yolo_msgs/include/yolo_msgs/yolo_msgs/msg/detail/key_point3_d__rosidl_typesupport_fastrtps_c.h
[16.887s] -- Installing: /home/nicks1811/muas_ros_workspace/install/yolo_msgs/include/yolo_msgs/yolo_msgs/msg/detail/detection__rosidl_typesupport_fastrtps_c.h
[16.887s] -- Installing: /home/nicks1811/muas_ros_workspace/install/yolo_msgs/include/yolo_msgs/yolo_msgs/msg/detail/bounding_box2_d__rosidl_typesupport_fastrtps_c.h
[16.887s] -- Installing: /home/nicks1811/muas_ros_workspace/install/yolo_msgs/include/yolo_msgs/yolo_msgs/msg/detail/point2_d__rosidl_typesupport_fastrtps_c.h
[16.887s] -- Installing: /home/nicks1811/muas_ros_workspace/install/yolo_msgs/include/yolo_msgs/yolo_msgs/msg/detail/bounding_box3_d__rosidl_typesupport_fastrtps_c.h
[16.888s] -- Installing: /home/nicks1811/muas_ros_workspace/install/yolo_msgs/include/yolo_msgs/yolo_msgs/msg/detail/key_point3_d_array__rosidl_typesupport_fastrtps_c.h
[16.888s] -- Installing: /home/nicks1811/muas_ros_workspace/install/yolo_msgs/lib/libyolo_msgs__rosidl_typesupport_fastrtps_c.so
[16.889s] -- Set runtime path of "/home/nicks1811/muas_ros_workspace/install/yolo_msgs/lib/libyolo_msgs__rosidl_typesupport_fastrtps_c.so" to ""
[16.889s] -- Up-to-date: /home/nicks1811/muas_ros_workspace/install/yolo_msgs/include/yolo_msgs/yolo_msgs
[16.889s] -- Up-to-date: /home/nicks1811/muas_ros_workspace/install/yolo_msgs/include/yolo_msgs/yolo_msgs/srv
[16.889s] -- Up-to-date: /home/nicks1811/muas_ros_workspace/install/yolo_msgs/include/yolo_msgs/yolo_msgs/srv/detail
[16.890s] -- Installing: /home/nicks1811/muas_ros_workspace/install/yolo_msgs/include/yolo_msgs/yolo_msgs/srv/detail/set_classes__type_support.c
[16.890s] -- Installing: /home/nicks1811/muas_ros_workspace/install/yolo_msgs/include/yolo_msgs/yolo_msgs/srv/detail/set_classes__rosidl_typesupport_introspection_c.h
[16.890s] -- Up-to-date: /home/nicks1811/muas_ros_workspace/install/yolo_msgs/include/yolo_msgs/yolo_msgs/msg
[16.890s] -- Installing: /home/nicks1811/muas_ros_workspace/install/yolo_msgs/include/yolo_msgs/yolo_msgs/msg/rosidl_typesupport_introspection_c__visibility_control.h
[16.891s] -- Up-to-date: /home/nicks1811/muas_ros_workspace/install/yolo_msgs/include/yolo_msgs/yolo_msgs/msg/detail
[16.891s] -- Installing: /home/nicks1811/muas_ros_workspace/install/yolo_msgs/include/yolo_msgs/yolo_msgs/msg/detail/bounding_box3_d__rosidl_typesupport_introspection_c.h
[16.891s] -- Installing: /home/nicks1811/muas_ros_workspace/install/yolo_msgs/include/yolo_msgs/yolo_msgs/msg/detail/pose2_d__type_support.c
[16.891s] -- Installing: /home/nicks1811/muas_ros_workspace/install/yolo_msgs/include/yolo_msgs/yolo_msgs/msg/detail/point2_d__type_support.c
[16.891s] -- Installing: /home/nicks1811/muas_ros_workspace/install/yolo_msgs/include/yolo_msgs/yolo_msgs/msg/detail/detection_array__type_support.c
[16.892s] -- Installing: /home/nicks1811/muas_ros_workspace/install/yolo_msgs/include/yolo_msgs/yolo_msgs/msg/detail/detection_array__rosidl_typesupport_introspection_c.h
[16.892s] -- Installing: /home/nicks1811/muas_ros_workspace/install/yolo_msgs/include/yolo_msgs/yolo_msgs/msg/detail/key_point3_d__type_support.c
[16.892s] -- Installing: /home/nicks1811/muas_ros_workspace/install/yolo_msgs/include/yolo_msgs/yolo_msgs/msg/detail/key_point2_d_array__type_support.c
[16.893s] -- Installing: /home/nicks1811/muas_ros_workspace/install/yolo_msgs/include/yolo_msgs/yolo_msgs/msg/detail/key_point3_d__rosidl_typesupport_introspection_c.h
[16.893s] -- Installing: /home/nicks1811/muas_ros_workspace/install/yolo_msgs/include/yolo_msgs/yolo_msgs/msg/detail/key_point2_d__rosidl_typesupport_introspection_c.h
[16.893s] -- Installing: /home/nicks1811/muas_ros_workspace/install/yolo_msgs/include/yolo_msgs/yolo_msgs/msg/detail/bounding_box2_d__rosidl_typesupport_introspection_c.h
[16.893s] -- Installing: /home/nicks1811/muas_ros_workspace/install/yolo_msgs/include/yolo_msgs/yolo_msgs/msg/detail/vector2__rosidl_typesupport_introspection_c.h
[16.894s] -- Installing: /home/nicks1811/muas_ros_workspace/install/yolo_msgs/include/yolo_msgs/yolo_msgs/msg/detail/key_point3_d_array__type_support.c
[16.894s] -- Installing: /home/nicks1811/muas_ros_workspace/install/yolo_msgs/include/yolo_msgs/yolo_msgs/msg/detail/key_point2_d_array__rosidl_typesupport_introspection_c.h
[16.894s] -- Installing: /home/nicks1811/muas_ros_workspace/install/yolo_msgs/include/yolo_msgs/yolo_msgs/msg/detail/bounding_box3_d__type_support.c
[16.895s] -- Installing: /home/nicks1811/muas_ros_workspace/install/yolo_msgs/include/yolo_msgs/yolo_msgs/msg/detail/vector2__type_support.c
[16.895s] -- Installing: /home/nicks1811/muas_ros_workspace/install/yolo_msgs/include/yolo_msgs/yolo_msgs/msg/detail/pose2_d__rosidl_typesupport_introspection_c.h
[16.895s] -- Installing: /home/nicks1811/muas_ros_workspace/install/yolo_msgs/include/yolo_msgs/yolo_msgs/msg/detail/mask__rosidl_typesupport_introspection_c.h
[16.895s] -- Installing: /home/nicks1811/muas_ros_workspace/install/yolo_msgs/include/yolo_msgs/yolo_msgs/msg/detail/key_point3_d_array__rosidl_typesupport_introspection_c.h
[16.896s] -- Installing: /home/nicks1811/muas_ros_workspace/install/yolo_msgs/include/yolo_msgs/yolo_msgs/msg/detail/bounding_box2_d__type_support.c
[16.896s] -- Installing: /home/nicks1811/muas_ros_workspace/install/yolo_msgs/include/yolo_msgs/yolo_msgs/msg/detail/key_point2_d__type_support.c
[16.896s] -- Installing: /home/nicks1811/muas_ros_workspace/install/yolo_msgs/include/yolo_msgs/yolo_msgs/msg/detail/mask__type_support.c
[16.897s] -- Installing: /home/nicks1811/muas_ros_workspace/install/yolo_msgs/include/yolo_msgs/yolo_msgs/msg/detail/detection__rosidl_typesupport_introspection_c.h
[16.897s] -- Installing: /home/nicks1811/muas_ros_workspace/install/yolo_msgs/include/yolo_msgs/yolo_msgs/msg/detail/point2_d__rosidl_typesupport_introspection_c.h
[16.897s] -- Installing: /home/nicks1811/muas_ros_workspace/install/yolo_msgs/include/yolo_msgs/yolo_msgs/msg/detail/detection__type_support.c
[16.898s] -- Installing: /home/nicks1811/muas_ros_workspace/install/yolo_msgs/lib/libyolo_msgs__rosidl_typesupport_introspection_c.so
[16.898s] -- Set runtime path of "/home/nicks1811/muas_ros_workspace/install/yolo_msgs/lib/libyolo_msgs__rosidl_typesupport_introspection_c.so" to ""
[16.899s] -- Installing: /home/nicks1811/muas_ros_workspace/install/yolo_msgs/lib/libyolo_msgs__rosidl_typesupport_c.so
[16.899s] -- Set runtime path of "/home/nicks1811/muas_ros_workspace/install/yolo_msgs/lib/libyolo_msgs__rosidl_typesupport_c.so" to ""
[16.899s] -- Up-to-date: /home/nicks1811/muas_ros_workspace/install/yolo_msgs/include/yolo_msgs/yolo_msgs
[16.899s] -- Up-to-date: /home/nicks1811/muas_ros_workspace/install/yolo_msgs/include/yolo_msgs/yolo_msgs/srv
[16.899s] -- Installing: /home/nicks1811/muas_ros_workspace/install/yolo_msgs/include/yolo_msgs/yolo_msgs/srv/set_classes.hpp
[16.900s] -- Up-to-date: /home/nicks1811/muas_ros_workspace/install/yolo_msgs/include/yolo_msgs/yolo_msgs/srv/detail
[16.900s] -- Installing: /home/nicks1811/muas_ros_workspace/install/yolo_msgs/include/yolo_msgs/yolo_msgs/srv/detail/set_classes__struct.hpp
[16.900s] -- Installing: /home/nicks1811/muas_ros_workspace/install/yolo_msgs/include/yolo_msgs/yolo_msgs/srv/detail/set_classes__builder.hpp
[16.900s] -- Installing: /home/nicks1811/muas_ros_workspace/install/yolo_msgs/include/yolo_msgs/yolo_msgs/srv/detail/set_classes__type_support.hpp
[16.901s] -- Installing: /home/nicks1811/muas_ros_workspace/install/yolo_msgs/include/yolo_msgs/yolo_msgs/srv/detail/set_classes__traits.hpp
[16.901s] -- Up-to-date: /home/nicks1811/muas_ros_workspace/install/yolo_msgs/include/yolo_msgs/yolo_msgs/msg
[16.901s] -- Installing: /home/nicks1811/muas_ros_workspace/install/yolo_msgs/include/yolo_msgs/yolo_msgs/msg/key_point2_d.hpp
[16.901s] -- Installing: /home/nicks1811/muas_ros_workspace/install/yolo_msgs/include/yolo_msgs/yolo_msgs/msg/point2_d.hpp
[16.902s] -- Installing: /home/nicks1811/muas_ros_workspace/install/yolo_msgs/include/yolo_msgs/yolo_msgs/msg/key_point2_d_array.hpp
[16.902s] -- Installing: /home/nicks1811/muas_ros_workspace/install/yolo_msgs/include/yolo_msgs/yolo_msgs/msg/mask.hpp
[16.902s] -- Installing: /home/nicks1811/muas_ros_workspace/install/yolo_msgs/include/yolo_msgs/yolo_msgs/msg/detection.hpp
[16.902s] -- Installing: /home/nicks1811/muas_ros_workspace/install/yolo_msgs/include/yolo_msgs/yolo_msgs/msg/key_point3_d_array.hpp
[16.903s] -- Installing: /home/nicks1811/muas_ros_workspace/install/yolo_msgs/include/yolo_msgs/yolo_msgs/msg/vector2.hpp
[16.903s] -- Installing: /home/nicks1811/muas_ros_workspace/install/yolo_msgs/include/yolo_msgs/yolo_msgs/msg/key_point3_d.hpp
[16.903s] -- Up-to-date: /home/nicks1811/muas_ros_workspace/install/yolo_msgs/include/yolo_msgs/yolo_msgs/msg/detail
[16.903s] -- Installing: /home/nicks1811/muas_ros_workspace/install/yolo_msgs/include/yolo_msgs/yolo_msgs/msg/detail/point2_d__type_support.hpp
[16.904s] -- Installing: /home/nicks1811/muas_ros_workspace/install/yolo_msgs/include/yolo_msgs/yolo_msgs/msg/detail/pose2_d__struct.hpp
[16.904s] -- Installing: /home/nicks1811/muas_ros_workspace/install/yolo_msgs/include/yolo_msgs/yolo_msgs/msg/detail/key_point2_d_array__struct.hpp
[16.904s] -- Installing: /home/nicks1811/muas_ros_workspace/install/yolo_msgs/include/yolo_msgs/yolo_msgs/msg/detail/key_point2_d__traits.hpp
[16.905s] -- Installing: /home/nicks1811/muas_ros_workspace/install/yolo_msgs/include/yolo_msgs/yolo_msgs/msg/detail/bounding_box2_d__struct.hpp
[16.905s] -- Installing: /home/nicks1811/muas_ros_workspace/install/yolo_msgs/include/yolo_msgs/yolo_msgs/msg/detail/detection_array__traits.hpp
[16.905s] -- Installing: /home/nicks1811/muas_ros_workspace/install/yolo_msgs/include/yolo_msgs/yolo_msgs/msg/detail/detection__builder.hpp
[16.905s] -- Installing: /home/nicks1811/muas_ros_workspace/install/yolo_msgs/include/yolo_msgs/yolo_msgs/msg/detail/pose2_d__builder.hpp
[16.906s] -- Installing: /home/nicks1811/muas_ros_workspace/install/yolo_msgs/include/yolo_msgs/yolo_msgs/msg/detail/key_point2_d__struct.hpp
[16.906s] -- Installing: /home/nicks1811/muas_ros_workspace/install/yolo_msgs/include/yolo_msgs/yolo_msgs/msg/detail/mask__type_support.hpp
[16.906s] -- Installing: /home/nicks1811/muas_ros_workspace/install/yolo_msgs/include/yolo_msgs/yolo_msgs/msg/detail/bounding_box2_d__builder.hpp
[16.907s] -- Installing: /home/nicks1811/muas_ros_workspace/install/yolo_msgs/include/yolo_msgs/yolo_msgs/msg/detail/point2_d__traits.hpp
[16.907s] -- Installing: /home/nicks1811/muas_ros_workspace/install/yolo_msgs/include/yolo_msgs/yolo_msgs/msg/detail/pose2_d__traits.hpp
[16.907s] -- Installing: /home/nicks1811/muas_ros_workspace/install/yolo_msgs/include/yolo_msgs/yolo_msgs/msg/detail/point2_d__builder.hpp
[16.908s] -- Installing: /home/nicks1811/muas_ros_workspace/install/yolo_msgs/include/yolo_msgs/yolo_msgs/msg/detail/key_point3_d_array__builder.hpp
[16.908s] -- Installing: /home/nicks1811/muas_ros_workspace/install/yolo_msgs/include/yolo_msgs/yolo_msgs/msg/detail/vector2__struct.hpp
[16.908s] -- Installing: /home/nicks1811/muas_ros_workspace/install/yolo_msgs/include/yolo_msgs/yolo_msgs/msg/detail/bounding_box2_d__traits.hpp
[16.908s] -- Installing: /home/nicks1811/muas_ros_workspace/install/yolo_msgs/include/yolo_msgs/yolo_msgs/msg/detail/bounding_box3_d__traits.hpp
[16.909s] -- Installing: /home/nicks1811/muas_ros_workspace/install/yolo_msgs/include/yolo_msgs/yolo_msgs/msg/detail/key_point2_d__builder.hpp
[16.909s] -- Installing: /home/nicks1811/muas_ros_workspace/install/yolo_msgs/include/yolo_msgs/yolo_msgs/msg/detail/mask__traits.hpp
[16.909s] -- Installing: /home/nicks1811/muas_ros_workspace/install/yolo_msgs/include/yolo_msgs/yolo_msgs/msg/detail/key_point3_d__struct.hpp
[16.910s] -- Installing: /home/nicks1811/muas_ros_workspace/install/yolo_msgs/include/yolo_msgs/yolo_msgs/msg/detail/detection_array__type_support.hpp
[16.910s] -- Installing: /home/nicks1811/muas_ros_workspace/install/yolo_msgs/include/yolo_msgs/yolo_msgs/msg/detail/bounding_box2_d__type_support.hpp
[16.910s] -- Installing: /home/nicks1811/muas_ros_workspace/install/yolo_msgs/include/yolo_msgs/yolo_msgs/msg/detail/detection__traits.hpp
[16.911s] -- Installing: /home/nicks1811/muas_ros_workspace/install/yolo_msgs/include/yolo_msgs/yolo_msgs/msg/detail/vector2__traits.hpp
[16.911s] -- Installing: /home/nicks1811/muas_ros_workspace/install/yolo_msgs/include/yolo_msgs/yolo_msgs/msg/detail/key_point2_d_array__type_support.hpp
[16.911s] -- Installing: /home/nicks1811/muas_ros_workspace/install/yolo_msgs/include/yolo_msgs/yolo_msgs/msg/detail/detection__struct.hpp
[16.911s] -- Installing: /home/nicks1811/muas_ros_workspace/install/yolo_msgs/include/yolo_msgs/yolo_msgs/msg/detail/vector2__builder.hpp
[16.912s] -- Installing: /home/nicks1811/muas_ros_workspace/install/yolo_msgs/include/yolo_msgs/yolo_msgs/msg/detail/vector2__type_support.hpp
[16.912s] -- Installing: /home/nicks1811/muas_ros_workspace/install/yolo_msgs/include/yolo_msgs/yolo_msgs/msg/detail/point2_d__struct.hpp
[16.912s] -- Installing: /home/nicks1811/muas_ros_workspace/install/yolo_msgs/include/yolo_msgs/yolo_msgs/msg/detail/mask__builder.hpp
[16.913s] -- Installing: /home/nicks1811/muas_ros_workspace/install/yolo_msgs/include/yolo_msgs/yolo_msgs/msg/detail/key_point3_d__builder.hpp
[16.913s] -- Installing: /home/nicks1811/muas_ros_workspace/install/yolo_msgs/include/yolo_msgs/yolo_msgs/msg/detail/key_point2_d_array__traits.hpp
[16.913s] -- Installing: /home/nicks1811/muas_ros_workspace/install/yolo_msgs/include/yolo_msgs/yolo_msgs/msg/detail/detection__type_support.hpp
[16.913s] -- Installing: /home/nicks1811/muas_ros_workspace/install/yolo_msgs/include/yolo_msgs/yolo_msgs/msg/detail/pose2_d__type_support.hpp
[16.914s] -- Installing: /home/nicks1811/muas_ros_workspace/install/yolo_msgs/include/yolo_msgs/yolo_msgs/msg/detail/bounding_box3_d__struct.hpp
[16.914s] -- Installing: /home/nicks1811/muas_ros_workspace/install/yolo_msgs/include/yolo_msgs/yolo_msgs/msg/detail/key_point2_d__type_support.hpp
[16.914s] -- Installing: /home/nicks1811/muas_ros_workspace/install/yolo_msgs/include/yolo_msgs/yolo_msgs/msg/detail/bounding_box3_d__type_support.hpp
[16.915s] -- Installing: /home/nicks1811/muas_ros_workspace/install/yolo_msgs/include/yolo_msgs/yolo_msgs/msg/detail/key_point3_d_array__traits.hpp
[16.915s] -- Installing: /home/nicks1811/muas_ros_workspace/install/yolo_msgs/include/yolo_msgs/yolo_msgs/msg/detail/key_point2_d_array__builder.hpp
[16.915s] -- Installing: /home/nicks1811/muas_ros_workspace/install/yolo_msgs/include/yolo_msgs/yolo_msgs/msg/detail/bounding_box3_d__builder.hpp
[16.915s] -- Installing: /home/nicks1811/muas_ros_workspace/install/yolo_msgs/include/yolo_msgs/yolo_msgs/msg/detail/key_point3_d_array__type_support.hpp
[16.916s] -- Installing: /home/nicks1811/muas_ros_workspace/install/yolo_msgs/include/yolo_msgs/yolo_msgs/msg/detail/key_point3_d__type_support.hpp
[16.916s] -- Installing: /home/nicks1811/muas_ros_workspace/install/yolo_msgs/include/yolo_msgs/yolo_msgs/msg/detail/key_point3_d__traits.hpp
[16.916s] -- Installing: /home/nicks1811/muas_ros_workspace/install/yolo_msgs/include/yolo_msgs/yolo_msgs/msg/detail/detection_array__struct.hpp
[16.917s] -- Installing: /home/nicks1811/muas_ros_workspace/install/yolo_msgs/include/yolo_msgs/yolo_msgs/msg/detail/key_point3_d_array__struct.hpp
[16.917s] -- Installing: /home/nicks1811/muas_ros_workspace/install/yolo_msgs/include/yolo_msgs/yolo_msgs/msg/detail/detection_array__builder.hpp
[16.917s] -- Installing: /home/nicks1811/muas_ros_workspace/install/yolo_msgs/include/yolo_msgs/yolo_msgs/msg/detail/mask__struct.hpp
[16.918s] -- Installing: /home/nicks1811/muas_ros_workspace/install/yolo_msgs/include/yolo_msgs/yolo_msgs/msg/bounding_box3_d.hpp
[16.918s] -- Installing: /home/nicks1811/muas_ros_workspace/install/yolo_msgs/include/yolo_msgs/yolo_msgs/msg/detection_array.hpp
[16.918s] -- Installing: /home/nicks1811/muas_ros_workspace/install/yolo_msgs/include/yolo_msgs/yolo_msgs/msg/rosidl_generator_cpp__visibility_control.hpp
[16.918s] -- Installing: /home/nicks1811/muas_ros_workspace/install/yolo_msgs/include/yolo_msgs/yolo_msgs/msg/pose2_d.hpp
[16.919s] -- Installing: /home/nicks1811/muas_ros_workspace/install/yolo_msgs/include/yolo_msgs/yolo_msgs/msg/bounding_box2_d.hpp
[16.919s] -- Up-to-date: /home/nicks1811/muas_ros_workspace/install/yolo_msgs/include/yolo_msgs/yolo_msgs
[16.919s] -- Up-to-date: /home/nicks1811/muas_ros_workspace/install/yolo_msgs/include/yolo_msgs/yolo_msgs/srv
[16.920s] -- Up-to-date: /home/nicks1811/muas_ros_workspace/install/yolo_msgs/include/yolo_msgs/yolo_msgs/srv/detail
[16.920s] -- Installing: /home/nicks1811/muas_ros_workspace/install/yolo_msgs/include/yolo_msgs/yolo_msgs/srv/detail/set_classes__rosidl_typesupport_fastrtps_cpp.hpp
[16.920s] -- Installing: /home/nicks1811/muas_ros_workspace/install/yolo_msgs/include/yolo_msgs/yolo_msgs/srv/detail/dds_fastrtps
[16.921s] -- Up-to-date: /home/nicks1811/muas_ros_workspace/install/yolo_msgs/include/yolo_msgs/yolo_msgs/msg
[16.921s] -- Installing: /home/nicks1811/muas_ros_workspace/install/yolo_msgs/include/yolo_msgs/yolo_msgs/msg/rosidl_typesupport_fastrtps_cpp__visibility_control.h
[16.921s] -- Up-to-date: /home/nicks1811/muas_ros_workspace/install/yolo_msgs/include/yolo_msgs/yolo_msgs/msg/detail
[16.921s] -- Installing: /home/nicks1811/muas_ros_workspace/install/yolo_msgs/include/yolo_msgs/yolo_msgs/msg/detail/key_point3_d__rosidl_typesupport_fastrtps_cpp.hpp
[16.921s] -- Installing: /home/nicks1811/muas_ros_workspace/install/yolo_msgs/include/yolo_msgs/yolo_msgs/msg/detail/point2_d__rosidl_typesupport_fastrtps_cpp.hpp
[16.922s] -- Installing: /home/nicks1811/muas_ros_workspace/install/yolo_msgs/include/yolo_msgs/yolo_msgs/msg/detail/bounding_box2_d__rosidl_typesupport_fastrtps_cpp.hpp
[16.922s] -- Installing: /home/nicks1811/muas_ros_workspace/install/yolo_msgs/include/yolo_msgs/yolo_msgs/msg/detail/mask__rosidl_typesupport_fastrtps_cpp.hpp
[16.922s] -- Installing: /home/nicks1811/muas_ros_workspace/install/yolo_msgs/include/yolo_msgs/yolo_msgs/msg/detail/bounding_box3_d__rosidl_typesupport_fastrtps_cpp.hpp
[16.923s] -- Installing: /home/nicks1811/muas_ros_workspace/install/yolo_msgs/include/yolo_msgs/yolo_msgs/msg/detail/vector2__rosidl_typesupport_fastrtps_cpp.hpp
[16.923s] -- Installing: /home/nicks1811/muas_ros_workspace/install/yolo_msgs/include/yolo_msgs/yolo_msgs/msg/detail/key_point2_d_array__rosidl_typesupport_fastrtps_cpp.hpp
[16.923s] -- Installing: /home/nicks1811/muas_ros_workspace/install/yolo_msgs/include/yolo_msgs/yolo_msgs/msg/detail/detection__rosidl_typesupport_fastrtps_cpp.hpp
[16.923s] -- Installing: /home/nicks1811/muas_ros_workspace/install/yolo_msgs/include/yolo_msgs/yolo_msgs/msg/detail/dds_fastrtps
[16.924s] -- Installing: /home/nicks1811/muas_ros_workspace/install/yolo_msgs/include/yolo_msgs/yolo_msgs/msg/detail/pose2_d__rosidl_typesupport_fastrtps_cpp.hpp
[16.925s] -- Installing: /home/nicks1811/muas_ros_workspace/install/yolo_msgs/include/yolo_msgs/yolo_msgs/msg/detail/key_point3_d_array__rosidl_typesupport_fastrtps_cpp.hpp
[16.925s] -- Installing: /home/nicks1811/muas_ros_workspace/install/yolo_msgs/include/yolo_msgs/yolo_msgs/msg/detail/key_point2_d__rosidl_typesupport_fastrtps_cpp.hpp
[16.925s] -- Installing: /home/nicks1811/muas_ros_workspace/install/yolo_msgs/include/yolo_msgs/yolo_msgs/msg/detail/detection_array__rosidl_typesupport_fastrtps_cpp.hpp
[16.926s] -- Installing: /home/nicks1811/muas_ros_workspace/install/yolo_msgs/lib/libyolo_msgs__rosidl_typesupport_fastrtps_cpp.so
[16.927s] -- Set runtime path of "/home/nicks1811/muas_ros_workspace/install/yolo_msgs/lib/libyolo_msgs__rosidl_typesupport_fastrtps_cpp.so" to ""
[16.927s] -- Up-to-date: /home/nicks1811/muas_ros_workspace/install/yolo_msgs/include/yolo_msgs/yolo_msgs
[16.927s] -- Up-to-date: /home/nicks1811/muas_ros_workspace/install/yolo_msgs/include/yolo_msgs/yolo_msgs/srv
[16.927s] -- Up-to-date: /home/nicks1811/muas_ros_workspace/install/yolo_msgs/include/yolo_msgs/yolo_msgs/srv/detail
[16.928s] -- Installing: /home/nicks1811/muas_ros_workspace/install/yolo_msgs/include/yolo_msgs/yolo_msgs/srv/detail/set_classes__type_support.cpp
[16.928s] -- Installing: /home/nicks1811/muas_ros_workspace/install/yolo_msgs/include/yolo_msgs/yolo_msgs/srv/detail/set_classes__rosidl_typesupport_introspection_cpp.hpp
[16.928s] -- Up-to-date: /home/nicks1811/muas_ros_workspace/install/yolo_msgs/include/yolo_msgs/yolo_msgs/msg
[16.928s] -- Up-to-date: /home/nicks1811/muas_ros_workspace/install/yolo_msgs/include/yolo_msgs/yolo_msgs/msg/detail
[16.929s] -- Installing: /home/nicks1811/muas_ros_workspace/install/yolo_msgs/include/yolo_msgs/yolo_msgs/msg/detail/vector2__type_support.cpp
[16.929s] -- Installing: /home/nicks1811/muas_ros_workspace/install/yolo_msgs/include/yolo_msgs/yolo_msgs/msg/detail/detection_array__rosidl_typesupport_introspection_cpp.hpp
[16.929s] -- Installing: /home/nicks1811/muas_ros_workspace/install/yolo_msgs/include/yolo_msgs/yolo_msgs/msg/detail/pose2_d__rosidl_typesupport_introspection_cpp.hpp
[16.929s] -- Installing: /home/nicks1811/muas_ros_workspace/install/yolo_msgs/include/yolo_msgs/yolo_msgs/msg/detail/bounding_box3_d__rosidl_typesupport_introspection_cpp.hpp
[16.929s] -- Installing: /home/nicks1811/muas_ros_workspace/install/yolo_msgs/include/yolo_msgs/yolo_msgs/msg/detail/point2_d__rosidl_typesupport_introspection_cpp.hpp
[16.930s] -- Installing: /home/nicks1811/muas_ros_workspace/install/yolo_msgs/include/yolo_msgs/yolo_msgs/msg/detail/key_point2_d_array__rosidl_typesupport_introspection_cpp.hpp
[16.930s] -- Installing: /home/nicks1811/muas_ros_workspace/install/yolo_msgs/include/yolo_msgs/yolo_msgs/msg/detail/detection__type_support.cpp
[16.930s] -- Installing: /home/nicks1811/muas_ros_workspace/install/yolo_msgs/include/yolo_msgs/yolo_msgs/msg/detail/bounding_box3_d__type_support.cpp
[16.931s] -- Installing: /home/nicks1811/muas_ros_workspace/install/yolo_msgs/include/yolo_msgs/yolo_msgs/msg/detail/key_point2_d__type_support.cpp
[16.931s] -- Installing: /home/nicks1811/muas_ros_workspace/install/yolo_msgs/include/yolo_msgs/yolo_msgs/msg/detail/key_point2_d_array__type_support.cpp
[16.931s] -- Installing: /home/nicks1811/muas_ros_workspace/install/yolo_msgs/include/yolo_msgs/yolo_msgs/msg/detail/mask__rosidl_typesupport_introspection_cpp.hpp
[16.931s] -- Installing: /home/nicks1811/muas_ros_workspace/install/yolo_msgs/include/yolo_msgs/yolo_msgs/msg/detail/key_point3_d_array__type_support.cpp
[16.932s] -- Installing: /home/nicks1811/muas_ros_workspace/install/yolo_msgs/include/yolo_msgs/yolo_msgs/msg/detail/vector2__rosidl_typesupport_introspection_cpp.hpp
[16.932s] -- Installing: /home/nicks1811/muas_ros_workspace/install/yolo_msgs/include/yolo_msgs/yolo_msgs/msg/detail/key_point2_d__rosidl_typesupport_introspection_cpp.hpp
[16.932s] -- Installing: /home/nicks1811/muas_ros_workspace/install/yolo_msgs/include/yolo_msgs/yolo_msgs/msg/detail/bounding_box2_d__rosidl_typesupport_introspection_cpp.hpp
[16.933s] -- Installing: /home/nicks1811/muas_ros_workspace/install/yolo_msgs/include/yolo_msgs/yolo_msgs/msg/detail/bounding_box2_d__type_support.cpp
[16.933s] -- Installing: /home/nicks1811/muas_ros_workspace/install/yolo_msgs/include/yolo_msgs/yolo_msgs/msg/detail/detection_array__type_support.cpp
[16.933s] -- Installing: /home/nicks1811/muas_ros_workspace/install/yolo_msgs/include/yolo_msgs/yolo_msgs/msg/detail/pose2_d__type_support.cpp
[16.934s] -- Installing: /home/nicks1811/muas_ros_workspace/install/yolo_msgs/include/yolo_msgs/yolo_msgs/msg/detail/detection__rosidl_typesupport_introspection_cpp.hpp
[16.934s] -- Installing: /home/nicks1811/muas_ros_workspace/install/yolo_msgs/include/yolo_msgs/yolo_msgs/msg/detail/mask__type_support.cpp
[16.934s] -- Installing: /home/nicks1811/muas_ros_workspace/install/yolo_msgs/include/yolo_msgs/yolo_msgs/msg/detail/key_point3_d_array__rosidl_typesupport_introspection_cpp.hpp
[16.934s] -- Installing: /home/nicks1811/muas_ros_workspace/install/yolo_msgs/include/yolo_msgs/yolo_msgs/msg/detail/key_point3_d__type_support.cpp
[16.935s] -- Installing: /home/nicks1811/muas_ros_workspace/install/yolo_msgs/include/yolo_msgs/yolo_msgs/msg/detail/point2_d__type_support.cpp
[16.935s] -- Installing: /home/nicks1811/muas_ros_workspace/install/yolo_msgs/include/yolo_msgs/yolo_msgs/msg/detail/key_point3_d__rosidl_typesupport_introspection_cpp.hpp
[16.935s] -- Installing: /home/nicks1811/muas_ros_workspace/install/yolo_msgs/lib/libyolo_msgs__rosidl_typesupport_introspection_cpp.so
[16.937s] -- Set runtime path of "/home/nicks1811/muas_ros_workspace/install/yolo_msgs/lib/libyolo_msgs__rosidl_typesupport_introspection_cpp.so" to ""
[16.937s] -- Installing: /home/nicks1811/muas_ros_workspace/install/yolo_msgs/lib/libyolo_msgs__rosidl_typesupport_cpp.so
[16.938s] -- Set runtime path of "/home/nicks1811/muas_ros_workspace/install/yolo_msgs/lib/libyolo_msgs__rosidl_typesupport_cpp.so" to ""
[16.938s] -- Installing: /home/nicks1811/muas_ros_workspace/install/yolo_msgs/share/yolo_msgs/environment/pythonpath.sh
[16.938s] -- Installing: /home/nicks1811/muas_ros_workspace/install/yolo_msgs/share/yolo_msgs/environment/pythonpath.dsv
[16.938s] -- Installing: /home/nicks1811/muas_ros_workspace/install/yolo_msgs/local/lib/python3.10/dist-packages/yolo_msgs-4.3.1-py3.10.egg-info
[16.942s] -- Installing: /home/nicks1811/muas_ros_workspace/install/yolo_msgs/local/lib/python3.10/dist-packages/yolo_msgs-4.3.1-py3.10.egg-info/PKG-INFO
[16.942s] -- Installing: /home/nicks1811/muas_ros_workspace/install/yolo_msgs/local/lib/python3.10/dist-packages/yolo_msgs-4.3.1-py3.10.egg-info/SOURCES.txt
[16.942s] -- Installing: /home/nicks1811/muas_ros_workspace/install/yolo_msgs/local/lib/python3.10/dist-packages/yolo_msgs-4.3.1-py3.10.egg-info/top_level.txt
[16.943s] -- Installing: /home/nicks1811/muas_ros_workspace/install/yolo_msgs/local/lib/python3.10/dist-packages/yolo_msgs-4.3.1-py3.10.egg-info/dependency_links.txt
[16.943s] -- Installing: /home/nicks1811/muas_ros_workspace/install/yolo_msgs/local/lib/python3.10/dist-packages/yolo_msgs
[16.944s] -- Installing: /home/nicks1811/muas_ros_workspace/install/yolo_msgs/local/lib/python3.10/dist-packages/yolo_msgs/libyolo_msgs__rosidl_generator_py.so
[16.944s] -- Installing: /home/nicks1811/muas_ros_workspace/install/yolo_msgs/local/lib/python3.10/dist-packages/yolo_msgs/yolo_msgs_s__rosidl_typesupport_c.cpython-310-x86_64-linux-gnu.so
[16.945s] -- Installing: /home/nicks1811/muas_ros_workspace/install/yolo_msgs/local/lib/python3.10/dist-packages/yolo_msgs/__init__.py
[16.945s] -- Installing: /home/nicks1811/muas_ros_workspace/install/yolo_msgs/local/lib/python3.10/dist-packages/yolo_msgs/srv
[16.946s] -- Installing: /home/nicks1811/muas_ros_workspace/install/yolo_msgs/local/lib/python3.10/dist-packages/yolo_msgs/srv/_set_classes_s.c
[16.946s] -- Installing: /home/nicks1811/muas_ros_workspace/install/yolo_msgs/local/lib/python3.10/dist-packages/yolo_msgs/srv/__init__.py
[16.946s] -- Installing: /home/nicks1811/muas_ros_workspace/install/yolo_msgs/local/lib/python3.10/dist-packages/yolo_msgs/srv/_set_classes.py
[16.947s] -- Installing: /home/nicks1811/muas_ros_workspace/install/yolo_msgs/local/lib/python3.10/dist-packages/yolo_msgs/_yolo_msgs_s.ep.rosidl_typesupport_c.c
[16.947s] -- Installing: /home/nicks1811/muas_ros_workspace/install/yolo_msgs/local/lib/python3.10/dist-packages/yolo_msgs/yolo_msgs_s__rosidl_typesupport_fastrtps_c.cpython-310-x86_64-linux-gnu.so
[16.947s] -- Installing: /home/nicks1811/muas_ros_workspace/install/yolo_msgs/local/lib/python3.10/dist-packages/yolo_msgs/msg
[16.948s] -- Installing: /home/nicks1811/muas_ros_workspace/install/yolo_msgs/local/lib/python3.10/dist-packages/yolo_msgs/msg/_key_point2_d_array_s.c
[16.949s] -- Installing: /home/nicks1811/muas_ros_workspace/install/yolo_msgs/local/lib/python3.10/dist-packages/yolo_msgs/msg/_vector2_s.c
[16.949s] -- Installing: /home/nicks1811/muas_ros_workspace/install/yolo_msgs/local/lib/python3.10/dist-packages/yolo_msgs/msg/_key_point3_d_s.c
[16.949s] -- Installing: /home/nicks1811/muas_ros_workspace/install/yolo_msgs/local/lib/python3.10/dist-packages/yolo_msgs/msg/_vector2.py
[16.949s] -- Installing: /home/nicks1811/muas_ros_workspace/install/yolo_msgs/local/lib/python3.10/dist-packages/yolo_msgs/msg/_key_point2_d.py
[16.950s] -- Installing: /home/nicks1811/muas_ros_workspace/install/yolo_msgs/local/lib/python3.10/dist-packages/yolo_msgs/msg/_pose2_d_s.c
[16.950s] -- Installing: /home/nicks1811/muas_ros_workspace/install/yolo_msgs/local/lib/python3.10/dist-packages/yolo_msgs/msg/_detection_array_s.c
[16.950s] -- Installing: /home/nicks1811/muas_ros_workspace/install/yolo_msgs/local/lib/python3.10/dist-packages/yolo_msgs/msg/_detection.py
[16.950s] -- Installing: /home/nicks1811/muas_ros_workspace/install/yolo_msgs/local/lib/python3.10/dist-packages/yolo_msgs/msg/_detection_s.c
[16.951s] -- Installing: /home/nicks1811/muas_ros_workspace/install/yolo_msgs/local/lib/python3.10/dist-packages/yolo_msgs/msg/_bounding_box2_d.py
[16.951s] -- Installing: /home/nicks1811/muas_ros_workspace/install/yolo_msgs/local/lib/python3.10/dist-packages/yolo_msgs/msg/__init__.py
[16.951s] -- Installing: /home/nicks1811/muas_ros_workspace/install/yolo_msgs/local/lib/python3.10/dist-packages/yolo_msgs/msg/_key_point3_d.py
[16.952s] -- Installing: /home/nicks1811/muas_ros_workspace/install/yolo_msgs/local/lib/python3.10/dist-packages/yolo_msgs/msg/_pose2_d.py
[16.952s] -- Installing: /home/nicks1811/muas_ros_workspace/install/yolo_msgs/local/lib/python3.10/dist-packages/yolo_msgs/msg/_bounding_box3_d_s.c
[16.952s] -- Installing: /home/nicks1811/muas_ros_workspace/install/yolo_msgs/local/lib/python3.10/dist-packages/yolo_msgs/msg/_mask.py
[16.953s] -- Installing: /home/nicks1811/muas_ros_workspace/install/yolo_msgs/local/lib/python3.10/dist-packages/yolo_msgs/msg/_detection_array.py
[16.953s] -- Installing: /home/nicks1811/muas_ros_workspace/install/yolo_msgs/local/lib/python3.10/dist-packages/yolo_msgs/msg/_point2_d.py
[16.953s] -- Installing: /home/nicks1811/muas_ros_workspace/install/yolo_msgs/local/lib/python3.10/dist-packages/yolo_msgs/msg/_key_point3_d_array_s.c
[16.953s] -- Installing: /home/nicks1811/muas_ros_workspace/install/yolo_msgs/local/lib/python3.10/dist-packages/yolo_msgs/msg/_key_point3_d_array.py
[16.954s] -- Installing: /home/nicks1811/muas_ros_workspace/install/yolo_msgs/local/lib/python3.10/dist-packages/yolo_msgs/msg/_key_point2_d_array.py
[16.954s] -- Installing: /home/nicks1811/muas_ros_workspace/install/yolo_msgs/local/lib/python3.10/dist-packages/yolo_msgs/msg/_key_point2_d_s.c
[16.954s] -- Installing: /home/nicks1811/muas_ros_workspace/install/yolo_msgs/local/lib/python3.10/dist-packages/yolo_msgs/msg/_point2_d_s.c
[16.955s] -- Installing: /home/nicks1811/muas_ros_workspace/install/yolo_msgs/local/lib/python3.10/dist-packages/yolo_msgs/msg/_bounding_box3_d.py
[16.955s] -- Installing: /home/nicks1811/muas_ros_workspace/install/yolo_msgs/local/lib/python3.10/dist-packages/yolo_msgs/msg/_bounding_box2_d_s.c
[16.955s] -- Installing: /home/nicks1811/muas_ros_workspace/install/yolo_msgs/local/lib/python3.10/dist-packages/yolo_msgs/msg/_mask_s.c
[16.955s] -- Installing: /home/nicks1811/muas_ros_workspace/install/yolo_msgs/local/lib/python3.10/dist-packages/yolo_msgs/_yolo_msgs_s.ep.rosidl_typesupport_introspection_c.c
[16.956s] -- Installing: /home/nicks1811/muas_ros_workspace/install/yolo_msgs/local/lib/python3.10/dist-packages/yolo_msgs/yolo_msgs_s__rosidl_typesupport_introspection_c.cpython-310-x86_64-linux-gnu.so
[16.956s] -- Installing: /home/nicks1811/muas_ros_workspace/install/yolo_msgs/local/lib/python3.10/dist-packages/yolo_msgs/_yolo_msgs_s.ep.rosidl_typesupport_fastrtps_c.c
[17.020s] Listing '/home/nicks1811/muas_ros_workspace/install/yolo_msgs/local/lib/python3.10/dist-packages/yolo_msgs'...
[17.020s] Compiling '/home/nicks1811/muas_ros_workspace/install/yolo_msgs/local/lib/python3.10/dist-packages/yolo_msgs/__init__.py'...
[17.020s] Listing '/home/nicks1811/muas_ros_workspace/install/yolo_msgs/local/lib/python3.10/dist-packages/yolo_msgs/msg'...
[17.020s] Compiling '/home/nicks1811/muas_ros_workspace/install/yolo_msgs/local/lib/python3.10/dist-packages/yolo_msgs/msg/__init__.py'...
[17.020s] Compiling '/home/nicks1811/muas_ros_workspace/install/yolo_msgs/local/lib/python3.10/dist-packages/yolo_msgs/msg/_bounding_box2_d.py'...
[17.020s] Compiling '/home/nicks1811/muas_ros_workspace/install/yolo_msgs/local/lib/python3.10/dist-packages/yolo_msgs/msg/_bounding_box3_d.py'...
[17.021s] Compiling '/home/nicks1811/muas_ros_workspace/install/yolo_msgs/local/lib/python3.10/dist-packages/yolo_msgs/msg/_detection.py'...
[17.021s] Compiling '/home/nicks1811/muas_ros_workspace/install/yolo_msgs/local/lib/python3.10/dist-packages/yolo_msgs/msg/_detection_array.py'...
[17.021s] Compiling '/home/nicks1811/muas_ros_workspace/install/yolo_msgs/local/lib/python3.10/dist-packages/yolo_msgs/msg/_key_point2_d.py'...
[17.021s] Compiling '/home/nicks1811/muas_ros_workspace/install/yolo_msgs/local/lib/python3.10/dist-packages/yolo_msgs/msg/_key_point2_d_array.py'...
[17.021s] Compiling '/home/nicks1811/muas_ros_workspace/install/yolo_msgs/local/lib/python3.10/dist-packages/yolo_msgs/msg/_key_point3_d.py'...
[17.021s] Compiling '/home/nicks1811/muas_ros_workspace/install/yolo_msgs/local/lib/python3.10/dist-packages/yolo_msgs/msg/_key_point3_d_array.py'...
[17.021s] Compiling '/home/nicks1811/muas_ros_workspace/install/yolo_msgs/local/lib/python3.10/dist-packages/yolo_msgs/msg/_mask.py'...
[17.021s] Compiling '/home/nicks1811/muas_ros_workspace/install/yolo_msgs/local/lib/python3.10/dist-packages/yolo_msgs/msg/_point2_d.py'...
[17.021s] Compiling '/home/nicks1811/muas_ros_workspace/install/yolo_msgs/local/lib/python3.10/dist-packages/yolo_msgs/msg/_pose2_d.py'...
[17.021s] Compiling '/home/nicks1811/muas_ros_workspace/install/yolo_msgs/local/lib/python3.10/dist-packages/yolo_msgs/msg/_vector2.py'...
[17.021s] Listing '/home/nicks1811/muas_ros_workspace/install/yolo_msgs/local/lib/python3.10/dist-packages/yolo_msgs/srv'...
[17.021s] Compiling '/home/nicks1811/muas_ros_workspace/install/yolo_msgs/local/lib/python3.10/dist-packages/yolo_msgs/srv/__init__.py'...
[17.021s] Compiling '/home/nicks1811/muas_ros_workspace/install/yolo_msgs/local/lib/python3.10/dist-packages/yolo_msgs/srv/_set_classes.py'...
[17.027s] -- Installing: /home/nicks1811/muas_ros_workspace/install/yolo_msgs/local/lib/python3.10/dist-packages/yolo_msgs/yolo_msgs_s__rosidl_typesupport_fastrtps_c.cpython-310-x86_64-linux-gnu.so
[17.027s] -- Set runtime path of "/home/nicks1811/muas_ros_workspace/install/yolo_msgs/local/lib/python3.10/dist-packages/yolo_msgs/yolo_msgs_s__rosidl_typesupport_fastrtps_c.cpython-310-x86_64-linux-gnu.so" to ""
[17.028s] -- Installing: /home/nicks1811/muas_ros_workspace/install/yolo_msgs/local/lib/python3.10/dist-packages/yolo_msgs/yolo_msgs_s__rosidl_typesupport_introspection_c.cpython-310-x86_64-linux-gnu.so
[17.028s] -- Set runtime path of "/home/nicks1811/muas_ros_workspace/install/yolo_msgs/local/lib/python3.10/dist-packages/yolo_msgs/yolo_msgs_s__rosidl_typesupport_introspection_c.cpython-310-x86_64-linux-gnu.so" to ""
[17.029s] -- Installing: /home/nicks1811/muas_ros_workspace/install/yolo_msgs/local/lib/python3.10/dist-packages/yolo_msgs/yolo_msgs_s__rosidl_typesupport_c.cpython-310-x86_64-linux-gnu.so
[17.029s] -- Set runtime path of "/home/nicks1811/muas_ros_workspace/install/yolo_msgs/local/lib/python3.10/dist-packages/yolo_msgs/yolo_msgs_s__rosidl_typesupport_c.cpython-310-x86_64-linux-gnu.so" to ""
[17.030s] -- Installing: /home/nicks1811/muas_ros_workspace/install/yolo_msgs/lib/libyolo_msgs__rosidl_generator_py.so
[17.030s] -- Set runtime path of "/home/nicks1811/muas_ros_workspace/install/yolo_msgs/lib/libyolo_msgs__rosidl_generator_py.so" to ""
[17.031s] -- Installing: /home/nicks1811/muas_ros_workspace/install/yolo_msgs/share/yolo_msgs/msg/Point2D.idl
[17.031s] -- Installing: /home/nicks1811/muas_ros_workspace/install/yolo_msgs/share/yolo_msgs/msg/Vector2.idl
[17.032s] -- Installing: /home/nicks1811/muas_ros_workspace/install/yolo_msgs/share/yolo_msgs/msg/Pose2D.idl
[17.032s] -- Installing: /home/nicks1811/muas_ros_workspace/install/yolo_msgs/share/yolo_msgs/msg/BoundingBox2D.idl
[17.032s] -- Installing: /home/nicks1811/muas_ros_workspace/install/yolo_msgs/share/yolo_msgs/msg/BoundingBox3D.idl
[17.033s] -- Installing: /home/nicks1811/muas_ros_workspace/install/yolo_msgs/share/yolo_msgs/msg/Mask.idl
[17.033s] -- Installing: /home/nicks1811/muas_ros_workspace/install/yolo_msgs/share/yolo_msgs/msg/KeyPoint2D.idl
[17.033s] -- Installing: /home/nicks1811/muas_ros_workspace/install/yolo_msgs/share/yolo_msgs/msg/KeyPoint2DArray.idl
[17.034s] -- Installing: /home/nicks1811/muas_ros_workspace/install/yolo_msgs/share/yolo_msgs/msg/KeyPoint3D.idl
[17.034s] -- Installing: /home/nicks1811/muas_ros_workspace/install/yolo_msgs/share/yolo_msgs/msg/KeyPoint3DArray.idl
[17.034s] -- Installing: /home/nicks1811/muas_ros_workspace/install/yolo_msgs/share/yolo_msgs/msg/Detection.idl
[17.035s] -- Installing: /home/nicks1811/muas_ros_workspace/install/yolo_msgs/share/yolo_msgs/msg/DetectionArray.idl
[17.036s] -- Installing: /home/nicks1811/muas_ros_workspace/install/yolo_msgs/share/yolo_msgs/srv/SetClasses.idl
[17.036s] -- Installing: /home/nicks1811/muas_ros_workspace/install/yolo_msgs/share/yolo_msgs/msg/Point2D.msg
[17.036s] -- Installing: /home/nicks1811/muas_ros_workspace/install/yolo_msgs/share/yolo_msgs/msg/Vector2.msg
[17.037s] -- Installing: /home/nicks1811/muas_ros_workspace/install/yolo_msgs/share/yolo_msgs/msg/Pose2D.msg
[17.037s] -- Installing: /home/nicks1811/muas_ros_workspace/install/yolo_msgs/share/yolo_msgs/msg/BoundingBox2D.msg
[17.037s] -- Installing: /home/nicks1811/muas_ros_workspace/install/yolo_msgs/share/yolo_msgs/msg/BoundingBox3D.msg
[17.038s] -- Installing: /home/nicks1811/muas_ros_workspace/install/yolo_msgs/share/yolo_msgs/msg/Mask.msg
[17.038s] -- Installing: /home/nicks1811/muas_ros_workspace/install/yolo_msgs/share/yolo_msgs/msg/KeyPoint2D.msg
[17.038s] -- Installing: /home/nicks1811/muas_ros_workspace/install/yolo_msgs/share/yolo_msgs/msg/KeyPoint2DArray.msg
[17.039s] -- Installing: /home/nicks1811/muas_ros_workspace/install/yolo_msgs/share/yolo_msgs/msg/KeyPoint3D.msg
[17.039s] -- Installing: /home/nicks1811/muas_ros_workspace/install/yolo_msgs/share/yolo_msgs/msg/KeyPoint3DArray.msg
[17.039s] -- Installing: /home/nicks1811/muas_ros_workspace/install/yolo_msgs/share/yolo_msgs/msg/Detection.msg
[17.040s] -- Installing: /home/nicks1811/muas_ros_workspace/install/yolo_msgs/share/yolo_msgs/msg/DetectionArray.msg
[17.040s] -- Installing: /home/nicks1811/muas_ros_workspace/install/yolo_msgs/share/yolo_msgs/srv/SetClasses.srv
[17.040s] -- Installing: /home/nicks1811/muas_ros_workspace/install/yolo_msgs/share/yolo_msgs/srv/SetClasses_Request.msg
[17.041s] -- Installing: /home/nicks1811/muas_ros_workspace/install/yolo_msgs/share/yolo_msgs/srv/SetClasses_Response.msg
[17.042s] -- Installing: /home/nicks1811/muas_ros_workspace/install/yolo_msgs/share/ament_index/resource_index/package_run_dependencies/yolo_msgs
[17.043s] -- Installing: /home/nicks1811/muas_ros_workspace/install/yolo_msgs/share/ament_index/resource_index/parent_prefix_path/yolo_msgs
[17.043s] -- Installing: /home/nicks1811/muas_ros_workspace/install/yolo_msgs/share/yolo_msgs/environment/ament_prefix_path.sh
[17.043s] -- Installing: /home/nicks1811/muas_ros_workspace/install/yolo_msgs/share/yolo_msgs/environment/ament_prefix_path.dsv
[17.044s] -- Installing: /home/nicks1811/muas_ros_workspace/install/yolo_msgs/share/yolo_msgs/environment/path.sh
[17.044s] -- Installing: /home/nicks1811/muas_ros_workspace/install/yolo_msgs/share/yolo_msgs/environment/path.dsv
[17.044s] -- Installing: /home/nicks1811/muas_ros_workspace/install/yolo_msgs/share/yolo_msgs/local_setup.bash
[17.044s] -- Installing: /home/nicks1811/muas_ros_workspace/install/yolo_msgs/share/yolo_msgs/local_setup.sh
[17.045s] -- Installing: /home/nicks1811/muas_ros_workspace/install/yolo_msgs/share/yolo_msgs/local_setup.zsh
[17.045s] -- Installing: /home/nicks1811/muas_ros_workspace/install/yolo_msgs/share/yolo_msgs/local_setup.dsv
[17.045s] -- Installing: /home/nicks1811/muas_ros_workspace/install/yolo_msgs/share/yolo_msgs/package.dsv
[17.046s] -- Installing: /home/nicks1811/muas_ros_workspace/install/yolo_msgs/share/ament_index/resource_index/packages/yolo_msgs
[17.047s] -- Installing: /home/nicks1811/muas_ros_workspace/install/yolo_msgs/share/yolo_msgs/cmake/export_yolo_msgs__rosidl_generator_cExport.cmake
[17.048s] -- Installing: /home/nicks1811/muas_ros_workspace/install/yolo_msgs/share/yolo_msgs/cmake/export_yolo_msgs__rosidl_generator_cExport-noconfig.cmake
[17.048s] -- Installing: /home/nicks1811/muas_ros_workspace/install/yolo_msgs/share/yolo_msgs/cmake/export_yolo_msgs__rosidl_typesupport_fastrtps_cExport.cmake
[17.049s] -- Installing: /home/nicks1811/muas_ros_workspace/install/yolo_msgs/share/yolo_msgs/cmake/export_yolo_msgs__rosidl_typesupport_fastrtps_cExport-noconfig.cmake
[17.049s] -- Installing: /home/nicks1811/muas_ros_workspace/install/yolo_msgs/share/yolo_msgs/cmake/yolo_msgs__rosidl_typesupport_introspection_cExport.cmake
[17.049s] -- Installing: /home/nicks1811/muas_ros_workspace/install/yolo_msgs/share/yolo_msgs/cmake/yolo_msgs__rosidl_typesupport_introspection_cExport-noconfig.cmake
[17.050s] -- Installing: /home/nicks1811/muas_ros_workspace/install/yolo_msgs/share/yolo_msgs/cmake/yolo_msgs__rosidl_typesupport_cExport.cmake
[17.050s] -- Installing: /home/nicks1811/muas_ros_workspace/install/yolo_msgs/share/yolo_msgs/cmake/yolo_msgs__rosidl_typesupport_cExport-noconfig.cmake
[17.050s] -- Installing: /home/nicks1811/muas_ros_workspace/install/yolo_msgs/share/yolo_msgs/cmake/export_yolo_msgs__rosidl_generator_cppExport.cmake
[17.051s] -- Installing: /home/nicks1811/muas_ros_workspace/install/yolo_msgs/share/yolo_msgs/cmake/export_yolo_msgs__rosidl_typesupport_fastrtps_cppExport.cmake
[17.051s] -- Installing: /home/nicks1811/muas_ros_workspace/install/yolo_msgs/share/yolo_msgs/cmake/export_yolo_msgs__rosidl_typesupport_fastrtps_cppExport-noconfig.cmake
[17.051s] -- Installing: /home/nicks1811/muas_ros_workspace/install/yolo_msgs/share/yolo_msgs/cmake/yolo_msgs__rosidl_typesupport_introspection_cppExport.cmake
[17.052s] -- Installing: /home/nicks1811/muas_ros_workspace/install/yolo_msgs/share/yolo_msgs/cmake/yolo_msgs__rosidl_typesupport_introspection_cppExport-noconfig.cmake
[17.052s] -- Installing: /home/nicks1811/muas_ros_workspace/install/yolo_msgs/share/yolo_msgs/cmake/yolo_msgs__rosidl_typesupport_cppExport.cmake
[17.052s] -- Installing: /home/nicks1811/muas_ros_workspace/install/yolo_msgs/share/yolo_msgs/cmake/yolo_msgs__rosidl_typesupport_cppExport-noconfig.cmake
[17.053s] -- Installing: /home/nicks1811/muas_ros_workspace/install/yolo_msgs/share/yolo_msgs/cmake/export_yolo_msgs__rosidl_generator_pyExport.cmake
[17.053s] -- Installing: /home/nicks1811/muas_ros_workspace/install/yolo_msgs/share/yolo_msgs/cmake/export_yolo_msgs__rosidl_generator_pyExport-noconfig.cmake
[17.054s] -- Installing: /home/nicks1811/muas_ros_workspace/install/yolo_msgs/share/yolo_msgs/cmake/rosidl_cmake-extras.cmake
[17.054s] -- Installing: /home/nicks1811/muas_ros_workspace/install/yolo_msgs/share/yolo_msgs/cmake/ament_cmake_export_dependencies-extras.cmake
[17.054s] -- Installing: /home/nicks1811/muas_ros_workspace/install/yolo_msgs/share/yolo_msgs/cmake/ament_cmake_export_include_directories-extras.cmake
[17.055s] -- Installing: /home/nicks1811/muas_ros_workspace/install/yolo_msgs/share/yolo_msgs/cmake/ament_cmake_export_libraries-extras.cmake
[17.055s] -- Installing: /home/nicks1811/muas_ros_workspace/install/yolo_msgs/share/yolo_msgs/cmake/ament_cmake_export_targets-extras.cmake
[17.055s] -- Installing: /home/nicks1811/muas_ros_workspace/install/yolo_msgs/share/yolo_msgs/cmake/rosidl_cmake_export_typesupport_targets-extras.cmake
[17.056s] -- Installing: /home/nicks1811/muas_ros_workspace/install/yolo_msgs/share/yolo_msgs/cmake/rosidl_cmake_export_typesupport_libraries-extras.cmake
[17.056s] -- Installing: /home/nicks1811/muas_ros_workspace/install/yolo_msgs/share/yolo_msgs/cmake/yolo_msgsConfig.cmake
[17.056s] -- Installing: /home/nicks1811/muas_ros_workspace/install/yolo_msgs/share/yolo_msgs/cmake/yolo_msgsConfig-version.cmake
[17.056s] -- Installing: /home/nicks1811/muas_ros_workspace/install/yolo_msgs/share/yolo_msgs/package.xml
[17.061s] Invoked command in '/home/nicks1811/muas_ros_workspace/build/yolo_msgs' returned '0': CMAKE_PREFIX_PATH=/opt/ros/humble /usr/bin/cmake --install /home/nicks1811/muas_ros_workspace/build/yolo_msgs
