[0.043s] Invoking command in '/home/nicks1811/muas_ros_workspace/build/yolo_msgs': CMAKE_PREFIX_PATH=/opt/ros/humble /usr/bin/cmake --build /home/nicks1811/muas_ros_workspace/build/yolo_msgs -- -j12 -l12
[0.189s] -- Found ament_cmake: 1.3.12 (/opt/ros/humble/share/ament_cmake/cmake)
[0.447s] -- Found rosidl_default_generators: 1.2.0 (/opt/ros/humble/share/rosidl_default_generators/cmake)
[0.457s] -- Using all available rosidl_typesupport_c: rosidl_typesupport_fastrtps_c;rosidl_typesupport_introspection_c
[0.469s] -- Found rosidl_adapter: 3.1.7 (/opt/ros/humble/share/rosidl_adapter/cmake)
[0.972s] -- Using all available rosidl_typesupport_cpp: rosidl_typesupport_fastrtps_cpp;rosidl_typesupport_introspection_cpp
[1.041s] -- Found std_msgs: 4.9.0 (/opt/ros/humble/share/std_msgs/cmake)
[1.095s] -- Found geometry_msgs: 4.9.0 (/opt/ros/humble/share/geometry_msgs/cmake)
[1.610s] -- Found ament_cmake_ros: 0.10.0 (/opt/ros/humble/share/ament_cmake_ros/cmake)
[1.937s] -- Using all available rosidl_typesupport_c: rosidl_typesupport_fastrtps_c;rosidl_typesupport_introspection_c
[2.467s] -- Using all available rosidl_typesupport_cpp: rosidl_typesupport_fastrtps_cpp;rosidl_typesupport_introspection_cpp
[2.507s] -- Found python_cmake_module: 0.10.0 (/opt/ros/humble/share/python_cmake_module/cmake)
[2.542s] -- Using PYTHON_EXECUTABLE: /usr/bin/python3
[2.542s] -- Using PYTHON_INCLUDE_DIRS: /usr/include/python3.10
[2.542s] -- Using PYTHON_LIBRARIES: /usr/lib/x86_64-linux-gnu/libpython3.10.so
[2.622s] -- Configuring done
[2.829s] -- Generating done
[2.854s] -- Build files have been written to: /home/nicks1811/muas_ros_workspace/build/yolo_msgs
[2.904s] [35m[1mConsolidate compiler generated dependencies of target yolo_msgs__rosidl_generator_c[0m
[2.911s] [  0%] Built target yolo_msgs__cpp
[2.959s] [35m[1mConsolidate compiler generated dependencies of target yolo_msgs__rosidl_typesupport_cpp[0m
[2.960s] [35m[1mConsolidate compiler generated dependencies of target yolo_msgs__rosidl_typesupport_introspection_cpp[0m
[2.964s] [35m[1mConsolidate compiler generated dependencies of target yolo_msgs__rosidl_typesupport_fastrtps_cpp[0m
[2.965s] [ 12%] Built target yolo_msgs__rosidl_generator_c
[2.969s] [ 12%] Built target ament_cmake_python_copy_yolo_msgs
[3.000s] [35m[1mConsolidate compiler generated dependencies of target yolo_msgs__rosidl_typesupport_introspection_c[0m
[3.004s] [35m[1mConsolidate compiler generated dependencies of target yolo_msgs__rosidl_typesupport_c[0m
[3.008s] [35m[1mConsolidate compiler generated dependencies of target yolo_msgs__rosidl_typesupport_fastrtps_c[0m
[3.028s] [ 24%] Built target yolo_msgs__rosidl_typesupport_introspection_c
[3.032s] [ 36%] Built target yolo_msgs__rosidl_typesupport_introspection_cpp
[3.033s] [ 54%] Built target yolo_msgs__rosidl_typesupport_c
[3.034s] [ 60%] Built target yolo_msgs__rosidl_typesupport_cpp
[3.034s] [ 72%] Built target yolo_msgs__rosidl_typesupport_fastrtps_cpp
[3.045s] [ 84%] Built target yolo_msgs__rosidl_typesupport_fastrtps_c
[3.070s] [ 84%] Built target yolo_msgs
[3.098s] [ 85%] Built target yolo_msgs__py
[3.121s] [35m[1mConsolidate compiler generated dependencies of target yolo_msgs__rosidl_generator_py[0m
[3.155s] [ 96%] Built target yolo_msgs__rosidl_generator_py
[3.171s] [35m[1mConsolidate compiler generated dependencies of target yolo_msgs__rosidl_typesupport_c__pyext[0m
[3.173s] [35m[1mConsolidate compiler generated dependencies of target yolo_msgs__rosidl_typesupport_fastrtps_c__pyext[0m
[3.173s] [35m[1mConsolidate compiler generated dependencies of target yolo_msgs__rosidl_typesupport_introspection_c__pyext[0m
[3.190s] [ 97%] Built target yolo_msgs__rosidl_typesupport_c__pyext
[3.192s] [ 98%] Built target yolo_msgs__rosidl_typesupport_fastrtps_c__pyext
[3.194s] [100%] Built target yolo_msgs__rosidl_typesupport_introspection_c__pyext
[3.296s] running egg_info
[3.318s] writing yolo_msgs.egg-info/PKG-INFO
[3.321s] writing dependency_links to yolo_msgs.egg-info/dependency_links.txt
[3.322s] writing top-level names to yolo_msgs.egg-info/top_level.txt
[3.375s] reading manifest file 'yolo_msgs.egg-info/SOURCES.txt'
[3.378s] writing manifest file 'yolo_msgs.egg-info/SOURCES.txt'
[3.411s] [100%] Built target ament_cmake_python_build_yolo_msgs_egg
[3.424s] Invoked command in '/home/nicks1811/muas_ros_workspace/build/yolo_msgs' returned '0': CMAKE_PREFIX_PATH=/opt/ros/humble /usr/bin/cmake --build /home/nicks1811/muas_ros_workspace/build/yolo_msgs -- -j12 -l12
[3.429s] Invoking command in '/home/nicks1811/muas_ros_workspace/build/yolo_msgs': CMAKE_PREFIX_PATH=/opt/ros/humble /usr/bin/cmake --install /home/nicks1811/muas_ros_workspace/build/yolo_msgs
[3.437s] -- Install configuration: ""
[3.440s] -- Up-to-date: /home/nicks1811/muas_ros_workspace/install/yolo_msgs/share/ament_index/resource_index/rosidl_interfaces/yolo_msgs
[3.441s] -- Up-to-date: /home/nicks1811/muas_ros_workspace/install/yolo_msgs/include/yolo_msgs/yolo_msgs
[3.442s] -- Up-to-date: /home/nicks1811/muas_ros_workspace/install/yolo_msgs/include/yolo_msgs/yolo_msgs/srv
[3.442s] -- Up-to-date: /home/nicks1811/muas_ros_workspace/install/yolo_msgs/include/yolo_msgs/yolo_msgs/srv/detail
[3.443s] -- Up-to-date: /home/nicks1811/muas_ros_workspace/install/yolo_msgs/include/yolo_msgs/yolo_msgs/srv/detail/set_classes__functions.c
[3.443s] -- Up-to-date: /home/nicks1811/muas_ros_workspace/install/yolo_msgs/include/yolo_msgs/yolo_msgs/srv/detail/set_classes__struct.h
[3.444s] -- Up-to-date: /home/nicks1811/muas_ros_workspace/install/yolo_msgs/include/yolo_msgs/yolo_msgs/srv/detail/set_classes__functions.h
[3.444s] -- Up-to-date: /home/nicks1811/muas_ros_workspace/install/yolo_msgs/include/yolo_msgs/yolo_msgs/srv/detail/set_classes__type_support.h
[3.444s] -- Up-to-date: /home/nicks1811/muas_ros_workspace/install/yolo_msgs/include/yolo_msgs/yolo_msgs/srv/set_classes.h
[3.444s] -- Up-to-date: /home/nicks1811/muas_ros_workspace/install/yolo_msgs/include/yolo_msgs/yolo_msgs/msg
[3.445s] -- Up-to-date: /home/nicks1811/muas_ros_workspace/install/yolo_msgs/include/yolo_msgs/yolo_msgs/msg/pose2_d.h
[3.445s] -- Up-to-date: /home/nicks1811/muas_ros_workspace/install/yolo_msgs/include/yolo_msgs/yolo_msgs/msg/detection_array.h
[3.445s] -- Up-to-date: /home/nicks1811/muas_ros_workspace/install/yolo_msgs/include/yolo_msgs/yolo_msgs/msg/mask.h
[3.445s] -- Up-to-date: /home/nicks1811/muas_ros_workspace/install/yolo_msgs/include/yolo_msgs/yolo_msgs/msg/detail
[3.446s] -- Up-to-date: /home/nicks1811/muas_ros_workspace/install/yolo_msgs/include/yolo_msgs/yolo_msgs/msg/detail/pose2_d__functions.c
[3.446s] -- Up-to-date: /home/nicks1811/muas_ros_workspace/install/yolo_msgs/include/yolo_msgs/yolo_msgs/msg/detail/key_point2_d_array__functions.h
[3.446s] -- Up-to-date: /home/nicks1811/muas_ros_workspace/install/yolo_msgs/include/yolo_msgs/yolo_msgs/msg/detail/key_point3_d__functions.c
[3.446s] -- Up-to-date: /home/nicks1811/muas_ros_workspace/install/yolo_msgs/include/yolo_msgs/yolo_msgs/msg/detail/bounding_box2_d__type_support.h
[3.447s] -- Up-to-date: /home/nicks1811/muas_ros_workspace/install/yolo_msgs/include/yolo_msgs/yolo_msgs/msg/detail/mask__functions.h
[3.447s] -- Up-to-date: /home/nicks1811/muas_ros_workspace/install/yolo_msgs/include/yolo_msgs/yolo_msgs/msg/detail/mask__functions.c
[3.447s] -- Up-to-date: /home/nicks1811/muas_ros_workspace/install/yolo_msgs/include/yolo_msgs/yolo_msgs/msg/detail/key_point2_d_array__type_support.h
[3.447s] -- Up-to-date: /home/nicks1811/muas_ros_workspace/install/yolo_msgs/include/yolo_msgs/yolo_msgs/msg/detail/point2_d__type_support.h
[3.447s] -- Up-to-date: /home/nicks1811/muas_ros_workspace/install/yolo_msgs/include/yolo_msgs/yolo_msgs/msg/detail/key_point3_d_array__type_support.h
[3.447s] -- Up-to-date: /home/nicks1811/muas_ros_workspace/install/yolo_msgs/include/yolo_msgs/yolo_msgs/msg/detail/detection__functions.h
[3.447s] -- Up-to-date: /home/nicks1811/muas_ros_workspace/install/yolo_msgs/include/yolo_msgs/yolo_msgs/msg/detail/key_point2_d__type_support.h
[3.447s] -- Up-to-date: /home/nicks1811/muas_ros_workspace/install/yolo_msgs/include/yolo_msgs/yolo_msgs/msg/detail/mask__struct.h
[3.448s] -- Up-to-date: /home/nicks1811/muas_ros_workspace/install/yolo_msgs/include/yolo_msgs/yolo_msgs/msg/detail/key_point2_d_array__struct.h
[3.448s] -- Up-to-date: /home/nicks1811/muas_ros_workspace/install/yolo_msgs/include/yolo_msgs/yolo_msgs/msg/detail/key_point3_d_array__functions.h
[3.448s] -- Up-to-date: /home/nicks1811/muas_ros_workspace/install/yolo_msgs/include/yolo_msgs/yolo_msgs/msg/detail/detection__type_support.h
[3.448s] -- Up-to-date: /home/nicks1811/muas_ros_workspace/install/yolo_msgs/include/yolo_msgs/yolo_msgs/msg/detail/point2_d__struct.h
[3.448s] -- Up-to-date: /home/nicks1811/muas_ros_workspace/install/yolo_msgs/include/yolo_msgs/yolo_msgs/msg/detail/key_point2_d_array__functions.c
[3.448s] -- Up-to-date: /home/nicks1811/muas_ros_workspace/install/yolo_msgs/include/yolo_msgs/yolo_msgs/msg/detail/pose2_d__functions.h
[3.448s] -- Up-to-date: /home/nicks1811/muas_ros_workspace/install/yolo_msgs/include/yolo_msgs/yolo_msgs/msg/detail/vector2__functions.c
[3.448s] -- Up-to-date: /home/nicks1811/muas_ros_workspace/install/yolo_msgs/include/yolo_msgs/yolo_msgs/msg/detail/detection_array__functions.h
[3.448s] -- Up-to-date: /home/nicks1811/muas_ros_workspace/install/yolo_msgs/include/yolo_msgs/yolo_msgs/msg/detail/bounding_box2_d__functions.h
[3.448s] -- Up-to-date: /home/nicks1811/muas_ros_workspace/install/yolo_msgs/include/yolo_msgs/yolo_msgs/msg/detail/key_point2_d__functions.c
[3.448s] -- Up-to-date: /home/nicks1811/muas_ros_workspace/install/yolo_msgs/include/yolo_msgs/yolo_msgs/msg/detail/bounding_box2_d__functions.c
[3.449s] -- Up-to-date: /home/nicks1811/muas_ros_workspace/install/yolo_msgs/include/yolo_msgs/yolo_msgs/msg/detail/detection__struct.h
[3.449s] -- Up-to-date: /home/nicks1811/muas_ros_workspace/install/yolo_msgs/include/yolo_msgs/yolo_msgs/msg/detail/detection_array__functions.c
[3.449s] -- Up-to-date: /home/nicks1811/muas_ros_workspace/install/yolo_msgs/include/yolo_msgs/yolo_msgs/msg/detail/vector2__functions.h
[3.449s] -- Up-to-date: /home/nicks1811/muas_ros_workspace/install/yolo_msgs/include/yolo_msgs/yolo_msgs/msg/detail/key_point2_d__struct.h
[3.449s] -- Up-to-date: /home/nicks1811/muas_ros_workspace/install/yolo_msgs/include/yolo_msgs/yolo_msgs/msg/detail/pose2_d__type_support.h
[3.449s] -- Up-to-date: /home/nicks1811/muas_ros_workspace/install/yolo_msgs/include/yolo_msgs/yolo_msgs/msg/detail/vector2__type_support.h
[3.449s] -- Up-to-date: /home/nicks1811/muas_ros_workspace/install/yolo_msgs/include/yolo_msgs/yolo_msgs/msg/detail/bounding_box3_d__type_support.h
[3.449s] -- Up-to-date: /home/nicks1811/muas_ros_workspace/install/yolo_msgs/include/yolo_msgs/yolo_msgs/msg/detail/key_point3_d__type_support.h
[3.450s] -- Up-to-date: /home/nicks1811/muas_ros_workspace/install/yolo_msgs/include/yolo_msgs/yolo_msgs/msg/detail/mask__type_support.h
[3.450s] -- Up-to-date: /home/nicks1811/muas_ros_workspace/install/yolo_msgs/include/yolo_msgs/yolo_msgs/msg/detail/pose2_d__struct.h
[3.450s] -- Up-to-date: /home/nicks1811/muas_ros_workspace/install/yolo_msgs/include/yolo_msgs/yolo_msgs/msg/detail/key_point2_d__functions.h
[3.450s] -- Up-to-date: /home/nicks1811/muas_ros_workspace/install/yolo_msgs/include/yolo_msgs/yolo_msgs/msg/detail/detection__functions.c
[3.450s] -- Up-to-date: /home/nicks1811/muas_ros_workspace/install/yolo_msgs/include/yolo_msgs/yolo_msgs/msg/detail/key_point3_d__functions.h
[3.450s] -- Up-to-date: /home/nicks1811/muas_ros_workspace/install/yolo_msgs/include/yolo_msgs/yolo_msgs/msg/detail/detection_array__struct.h
[3.450s] -- Up-to-date: /home/nicks1811/muas_ros_workspace/install/yolo_msgs/include/yolo_msgs/yolo_msgs/msg/detail/point2_d__functions.c
[3.450s] -- Up-to-date: /home/nicks1811/muas_ros_workspace/install/yolo_msgs/include/yolo_msgs/yolo_msgs/msg/detail/point2_d__functions.h
[3.450s] -- Up-to-date: /home/nicks1811/muas_ros_workspace/install/yolo_msgs/include/yolo_msgs/yolo_msgs/msg/detail/key_point3_d__struct.h
[3.450s] -- Up-to-date: /home/nicks1811/muas_ros_workspace/install/yolo_msgs/include/yolo_msgs/yolo_msgs/msg/detail/bounding_box2_d__struct.h
[3.450s] -- Up-to-date: /home/nicks1811/muas_ros_workspace/install/yolo_msgs/include/yolo_msgs/yolo_msgs/msg/detail/bounding_box3_d__functions.h
[3.450s] -- Up-to-date: /home/nicks1811/muas_ros_workspace/install/yolo_msgs/include/yolo_msgs/yolo_msgs/msg/detail/bounding_box3_d__functions.c
[3.451s] -- Up-to-date: /home/nicks1811/muas_ros_workspace/install/yolo_msgs/include/yolo_msgs/yolo_msgs/msg/detail/detection_array__type_support.h
[3.451s] -- Up-to-date: /home/nicks1811/muas_ros_workspace/install/yolo_msgs/include/yolo_msgs/yolo_msgs/msg/detail/bounding_box3_d__struct.h
[3.451s] -- Up-to-date: /home/nicks1811/muas_ros_workspace/install/yolo_msgs/include/yolo_msgs/yolo_msgs/msg/detail/key_point3_d_array__struct.h
[3.451s] -- Up-to-date: /home/nicks1811/muas_ros_workspace/install/yolo_msgs/include/yolo_msgs/yolo_msgs/msg/detail/vector2__struct.h
[3.451s] -- Up-to-date: /home/nicks1811/muas_ros_workspace/install/yolo_msgs/include/yolo_msgs/yolo_msgs/msg/detail/key_point3_d_array__functions.c
[3.452s] -- Up-to-date: /home/nicks1811/muas_ros_workspace/install/yolo_msgs/include/yolo_msgs/yolo_msgs/msg/point2_d.h
[3.452s] -- Up-to-date: /home/nicks1811/muas_ros_workspace/install/yolo_msgs/include/yolo_msgs/yolo_msgs/msg/key_point2_d_array.h
[3.452s] -- Up-to-date: /home/nicks1811/muas_ros_workspace/install/yolo_msgs/include/yolo_msgs/yolo_msgs/msg/detection.h
[3.452s] -- Up-to-date: /home/nicks1811/muas_ros_workspace/install/yolo_msgs/include/yolo_msgs/yolo_msgs/msg/bounding_box2_d.h
[3.452s] -- Up-to-date: /home/nicks1811/muas_ros_workspace/install/yolo_msgs/include/yolo_msgs/yolo_msgs/msg/bounding_box3_d.h
[3.452s] -- Up-to-date: /home/nicks1811/muas_ros_workspace/install/yolo_msgs/include/yolo_msgs/yolo_msgs/msg/rosidl_generator_c__visibility_control.h
[3.452s] -- Up-to-date: /home/nicks1811/muas_ros_workspace/install/yolo_msgs/include/yolo_msgs/yolo_msgs/msg/key_point3_d.h
[3.453s] -- Up-to-date: /home/nicks1811/muas_ros_workspace/install/yolo_msgs/include/yolo_msgs/yolo_msgs/msg/key_point2_d.h
[3.453s] -- Up-to-date: /home/nicks1811/muas_ros_workspace/install/yolo_msgs/include/yolo_msgs/yolo_msgs/msg/key_point3_d_array.h
[3.453s] -- Up-to-date: /home/nicks1811/muas_ros_workspace/install/yolo_msgs/include/yolo_msgs/yolo_msgs/msg/vector2.h
[3.453s] -- Up-to-date: /home/nicks1811/muas_ros_workspace/install/yolo_msgs/share/yolo_msgs/environment/library_path.sh
[3.453s] -- Installing: /home/nicks1811/muas_ros_workspace/install/yolo_msgs/share/yolo_msgs/environment/library_path.dsv
[3.453s] -- Up-to-date: /home/nicks1811/muas_ros_workspace/install/yolo_msgs/lib/libyolo_msgs__rosidl_generator_c.so
[3.453s] -- Up-to-date: /home/nicks1811/muas_ros_workspace/install/yolo_msgs/include/yolo_msgs/yolo_msgs
[3.454s] -- Up-to-date: /home/nicks1811/muas_ros_workspace/install/yolo_msgs/include/yolo_msgs/yolo_msgs/srv
[3.454s] -- Up-to-date: /home/nicks1811/muas_ros_workspace/install/yolo_msgs/include/yolo_msgs/yolo_msgs/srv/detail
[3.454s] -- Up-to-date: /home/nicks1811/muas_ros_workspace/install/yolo_msgs/include/yolo_msgs/yolo_msgs/srv/detail/set_classes__rosidl_typesupport_fastrtps_c.h
[3.454s] -- Up-to-date: /home/nicks1811/muas_ros_workspace/install/yolo_msgs/include/yolo_msgs/yolo_msgs/msg
[3.454s] -- Up-to-date: /home/nicks1811/muas_ros_workspace/install/yolo_msgs/include/yolo_msgs/yolo_msgs/msg/detail
[3.455s] -- Up-to-date: /home/nicks1811/muas_ros_workspace/install/yolo_msgs/include/yolo_msgs/yolo_msgs/msg/detail/key_point3_d__rosidl_typesupport_fastrtps_c.h
[3.455s] -- Up-to-date: /home/nicks1811/muas_ros_workspace/install/yolo_msgs/include/yolo_msgs/yolo_msgs/msg/detail/key_point3_d_array__rosidl_typesupport_fastrtps_c.h
[3.455s] -- Up-to-date: /home/nicks1811/muas_ros_workspace/install/yolo_msgs/include/yolo_msgs/yolo_msgs/msg/detail/detection_array__rosidl_typesupport_fastrtps_c.h
[3.455s] -- Up-to-date: /home/nicks1811/muas_ros_workspace/install/yolo_msgs/include/yolo_msgs/yolo_msgs/msg/detail/bounding_box2_d__rosidl_typesupport_fastrtps_c.h
[3.455s] -- Up-to-date: /home/nicks1811/muas_ros_workspace/install/yolo_msgs/include/yolo_msgs/yolo_msgs/msg/detail/detection__rosidl_typesupport_fastrtps_c.h
[3.455s] -- Up-to-date: /home/nicks1811/muas_ros_workspace/install/yolo_msgs/include/yolo_msgs/yolo_msgs/msg/detail/mask__rosidl_typesupport_fastrtps_c.h
[3.455s] -- Up-to-date: /home/nicks1811/muas_ros_workspace/install/yolo_msgs/include/yolo_msgs/yolo_msgs/msg/detail/pose2_d__rosidl_typesupport_fastrtps_c.h
[3.455s] -- Up-to-date: /home/nicks1811/muas_ros_workspace/install/yolo_msgs/include/yolo_msgs/yolo_msgs/msg/detail/key_point2_d__rosidl_typesupport_fastrtps_c.h
[3.455s] -- Up-to-date: /home/nicks1811/muas_ros_workspace/install/yolo_msgs/include/yolo_msgs/yolo_msgs/msg/detail/vector2__rosidl_typesupport_fastrtps_c.h
[3.456s] -- Up-to-date: /home/nicks1811/muas_ros_workspace/install/yolo_msgs/include/yolo_msgs/yolo_msgs/msg/detail/key_point2_d_array__rosidl_typesupport_fastrtps_c.h
[3.456s] -- Up-to-date: /home/nicks1811/muas_ros_workspace/install/yolo_msgs/include/yolo_msgs/yolo_msgs/msg/detail/point2_d__rosidl_typesupport_fastrtps_c.h
[3.456s] -- Up-to-date: /home/nicks1811/muas_ros_workspace/install/yolo_msgs/include/yolo_msgs/yolo_msgs/msg/detail/bounding_box3_d__rosidl_typesupport_fastrtps_c.h
[3.456s] -- Up-to-date: /home/nicks1811/muas_ros_workspace/install/yolo_msgs/include/yolo_msgs/yolo_msgs/msg/rosidl_typesupport_fastrtps_c__visibility_control.h
[3.456s] -- Up-to-date: /home/nicks1811/muas_ros_workspace/install/yolo_msgs/lib/libyolo_msgs__rosidl_typesupport_fastrtps_c.so
[3.456s] -- Up-to-date: /home/nicks1811/muas_ros_workspace/install/yolo_msgs/include/yolo_msgs/yolo_msgs
[3.456s] -- Up-to-date: /home/nicks1811/muas_ros_workspace/install/yolo_msgs/include/yolo_msgs/yolo_msgs/srv
[3.457s] -- Up-to-date: /home/nicks1811/muas_ros_workspace/install/yolo_msgs/include/yolo_msgs/yolo_msgs/srv/detail
[3.457s] -- Up-to-date: /home/nicks1811/muas_ros_workspace/install/yolo_msgs/include/yolo_msgs/yolo_msgs/srv/detail/set_classes__type_support.c
[3.457s] -- Up-to-date: /home/nicks1811/muas_ros_workspace/install/yolo_msgs/include/yolo_msgs/yolo_msgs/srv/detail/set_classes__rosidl_typesupport_introspection_c.h
[3.457s] -- Up-to-date: /home/nicks1811/muas_ros_workspace/install/yolo_msgs/include/yolo_msgs/yolo_msgs/msg
[3.457s] -- Up-to-date: /home/nicks1811/muas_ros_workspace/install/yolo_msgs/include/yolo_msgs/yolo_msgs/msg/detail
[3.457s] -- Up-to-date: /home/nicks1811/muas_ros_workspace/install/yolo_msgs/include/yolo_msgs/yolo_msgs/msg/detail/bounding_box2_d__rosidl_typesupport_introspection_c.h
[3.458s] -- Up-to-date: /home/nicks1811/muas_ros_workspace/install/yolo_msgs/include/yolo_msgs/yolo_msgs/msg/detail/mask__rosidl_typesupport_introspection_c.h
[3.458s] -- Up-to-date: /home/nicks1811/muas_ros_workspace/install/yolo_msgs/include/yolo_msgs/yolo_msgs/msg/detail/key_point3_d__rosidl_typesupport_introspection_c.h
[3.458s] -- Up-to-date: /home/nicks1811/muas_ros_workspace/install/yolo_msgs/include/yolo_msgs/yolo_msgs/msg/detail/key_point2_d__rosidl_typesupport_introspection_c.h
[3.458s] -- Up-to-date: /home/nicks1811/muas_ros_workspace/install/yolo_msgs/include/yolo_msgs/yolo_msgs/msg/detail/key_point3_d_array__type_support.c
[3.459s] -- Up-to-date: /home/nicks1811/muas_ros_workspace/install/yolo_msgs/include/yolo_msgs/yolo_msgs/msg/detail/bounding_box3_d__rosidl_typesupport_introspection_c.h
[3.459s] -- Up-to-date: /home/nicks1811/muas_ros_workspace/install/yolo_msgs/include/yolo_msgs/yolo_msgs/msg/detail/pose2_d__rosidl_typesupport_introspection_c.h
[3.459s] -- Up-to-date: /home/nicks1811/muas_ros_workspace/install/yolo_msgs/include/yolo_msgs/yolo_msgs/msg/detail/detection__rosidl_typesupport_introspection_c.h
[3.459s] -- Up-to-date: /home/nicks1811/muas_ros_workspace/install/yolo_msgs/include/yolo_msgs/yolo_msgs/msg/detail/point2_d__rosidl_typesupport_introspection_c.h
[3.459s] -- Up-to-date: /home/nicks1811/muas_ros_workspace/install/yolo_msgs/include/yolo_msgs/yolo_msgs/msg/detail/point2_d__type_support.c
[3.459s] -- Up-to-date: /home/nicks1811/muas_ros_workspace/install/yolo_msgs/include/yolo_msgs/yolo_msgs/msg/detail/detection__type_support.c
[3.459s] -- Up-to-date: /home/nicks1811/muas_ros_workspace/install/yolo_msgs/include/yolo_msgs/yolo_msgs/msg/detail/vector2__rosidl_typesupport_introspection_c.h
[3.460s] -- Up-to-date: /home/nicks1811/muas_ros_workspace/install/yolo_msgs/include/yolo_msgs/yolo_msgs/msg/detail/detection_array__rosidl_typesupport_introspection_c.h
[3.461s] -- Up-to-date: /home/nicks1811/muas_ros_workspace/install/yolo_msgs/include/yolo_msgs/yolo_msgs/msg/detail/pose2_d__type_support.c
[3.461s] -- Up-to-date: /home/nicks1811/muas_ros_workspace/install/yolo_msgs/include/yolo_msgs/yolo_msgs/msg/detail/key_point2_d_array__rosidl_typesupport_introspection_c.h
[3.461s] -- Up-to-date: /home/nicks1811/muas_ros_workspace/install/yolo_msgs/include/yolo_msgs/yolo_msgs/msg/detail/vector2__type_support.c
[3.462s] -- Up-to-date: /home/nicks1811/muas_ros_workspace/install/yolo_msgs/include/yolo_msgs/yolo_msgs/msg/detail/key_point2_d_array__type_support.c
[3.462s] -- Up-to-date: /home/nicks1811/muas_ros_workspace/install/yolo_msgs/include/yolo_msgs/yolo_msgs/msg/detail/bounding_box3_d__type_support.c
[3.462s] -- Up-to-date: /home/nicks1811/muas_ros_workspace/install/yolo_msgs/include/yolo_msgs/yolo_msgs/msg/detail/detection_array__type_support.c
[3.462s] -- Up-to-date: /home/nicks1811/muas_ros_workspace/install/yolo_msgs/include/yolo_msgs/yolo_msgs/msg/detail/bounding_box2_d__type_support.c
[3.462s] -- Up-to-date: /home/nicks1811/muas_ros_workspace/install/yolo_msgs/include/yolo_msgs/yolo_msgs/msg/detail/key_point3_d__type_support.c
[3.462s] -- Up-to-date: /home/nicks1811/muas_ros_workspace/install/yolo_msgs/include/yolo_msgs/yolo_msgs/msg/detail/key_point3_d_array__rosidl_typesupport_introspection_c.h
[3.462s] -- Up-to-date: /home/nicks1811/muas_ros_workspace/install/yolo_msgs/include/yolo_msgs/yolo_msgs/msg/detail/mask__type_support.c
[3.462s] -- Up-to-date: /home/nicks1811/muas_ros_workspace/install/yolo_msgs/include/yolo_msgs/yolo_msgs/msg/detail/key_point2_d__type_support.c
[3.462s] -- Up-to-date: /home/nicks1811/muas_ros_workspace/install/yolo_msgs/include/yolo_msgs/yolo_msgs/msg/rosidl_typesupport_introspection_c__visibility_control.h
[3.463s] -- Up-to-date: /home/nicks1811/muas_ros_workspace/install/yolo_msgs/lib/libyolo_msgs__rosidl_typesupport_introspection_c.so
[3.463s] -- Up-to-date: /home/nicks1811/muas_ros_workspace/install/yolo_msgs/lib/libyolo_msgs__rosidl_typesupport_c.so
[3.463s] -- Up-to-date: /home/nicks1811/muas_ros_workspace/install/yolo_msgs/include/yolo_msgs/yolo_msgs
[3.463s] -- Up-to-date: /home/nicks1811/muas_ros_workspace/install/yolo_msgs/include/yolo_msgs/yolo_msgs/srv
[3.464s] -- Up-to-date: /home/nicks1811/muas_ros_workspace/install/yolo_msgs/include/yolo_msgs/yolo_msgs/srv/detail
[3.464s] -- Up-to-date: /home/nicks1811/muas_ros_workspace/install/yolo_msgs/include/yolo_msgs/yolo_msgs/srv/detail/set_classes__builder.hpp
[3.464s] -- Up-to-date: /home/nicks1811/muas_ros_workspace/install/yolo_msgs/include/yolo_msgs/yolo_msgs/srv/detail/set_classes__type_support.hpp
[3.464s] -- Up-to-date: /home/nicks1811/muas_ros_workspace/install/yolo_msgs/include/yolo_msgs/yolo_msgs/srv/detail/set_classes__struct.hpp
[3.464s] -- Up-to-date: /home/nicks1811/muas_ros_workspace/install/yolo_msgs/include/yolo_msgs/yolo_msgs/srv/detail/set_classes__traits.hpp
[3.464s] -- Up-to-date: /home/nicks1811/muas_ros_workspace/install/yolo_msgs/include/yolo_msgs/yolo_msgs/srv/set_classes.hpp
[3.464s] -- Up-to-date: /home/nicks1811/muas_ros_workspace/install/yolo_msgs/include/yolo_msgs/yolo_msgs/msg
[3.465s] -- Up-to-date: /home/nicks1811/muas_ros_workspace/install/yolo_msgs/include/yolo_msgs/yolo_msgs/msg/bounding_box3_d.hpp
[3.465s] -- Up-to-date: /home/nicks1811/muas_ros_workspace/install/yolo_msgs/include/yolo_msgs/yolo_msgs/msg/mask.hpp
[3.465s] -- Up-to-date: /home/nicks1811/muas_ros_workspace/install/yolo_msgs/include/yolo_msgs/yolo_msgs/msg/detection_array.hpp
[3.465s] -- Up-to-date: /home/nicks1811/muas_ros_workspace/install/yolo_msgs/include/yolo_msgs/yolo_msgs/msg/detail
[3.465s] -- Up-to-date: /home/nicks1811/muas_ros_workspace/install/yolo_msgs/include/yolo_msgs/yolo_msgs/msg/detail/key_point3_d__builder.hpp
[3.465s] -- Up-to-date: /home/nicks1811/muas_ros_workspace/install/yolo_msgs/include/yolo_msgs/yolo_msgs/msg/detail/key_point3_d__traits.hpp
[3.465s] -- Up-to-date: /home/nicks1811/muas_ros_workspace/install/yolo_msgs/include/yolo_msgs/yolo_msgs/msg/detail/point2_d__traits.hpp
[3.466s] -- Up-to-date: /home/nicks1811/muas_ros_workspace/install/yolo_msgs/include/yolo_msgs/yolo_msgs/msg/detail/detection__traits.hpp
[3.466s] -- Up-to-date: /home/nicks1811/muas_ros_workspace/install/yolo_msgs/include/yolo_msgs/yolo_msgs/msg/detail/detection__struct.hpp
[3.466s] -- Up-to-date: /home/nicks1811/muas_ros_workspace/install/yolo_msgs/include/yolo_msgs/yolo_msgs/msg/detail/bounding_box3_d__type_support.hpp
[3.466s] -- Up-to-date: /home/nicks1811/muas_ros_workspace/install/yolo_msgs/include/yolo_msgs/yolo_msgs/msg/detail/detection__builder.hpp
[3.466s] -- Up-to-date: /home/nicks1811/muas_ros_workspace/install/yolo_msgs/include/yolo_msgs/yolo_msgs/msg/detail/key_point3_d_array__builder.hpp
[3.466s] -- Up-to-date: /home/nicks1811/muas_ros_workspace/install/yolo_msgs/include/yolo_msgs/yolo_msgs/msg/detail/mask__builder.hpp
[3.466s] -- Up-to-date: /home/nicks1811/muas_ros_workspace/install/yolo_msgs/include/yolo_msgs/yolo_msgs/msg/detail/detection__type_support.hpp
[3.466s] -- Up-to-date: /home/nicks1811/muas_ros_workspace/install/yolo_msgs/include/yolo_msgs/yolo_msgs/msg/detail/key_point2_d__type_support.hpp
[3.466s] -- Up-to-date: /home/nicks1811/muas_ros_workspace/install/yolo_msgs/include/yolo_msgs/yolo_msgs/msg/detail/key_point3_d_array__struct.hpp
[3.466s] -- Up-to-date: /home/nicks1811/muas_ros_workspace/install/yolo_msgs/include/yolo_msgs/yolo_msgs/msg/detail/bounding_box2_d__builder.hpp
[3.466s] -- Up-to-date: /home/nicks1811/muas_ros_workspace/install/yolo_msgs/include/yolo_msgs/yolo_msgs/msg/detail/key_point2_d_array__traits.hpp
[3.466s] -- Up-to-date: /home/nicks1811/muas_ros_workspace/install/yolo_msgs/include/yolo_msgs/yolo_msgs/msg/detail/key_point2_d__builder.hpp
[3.467s] -- Up-to-date: /home/nicks1811/muas_ros_workspace/install/yolo_msgs/include/yolo_msgs/yolo_msgs/msg/detail/key_point2_d_array__type_support.hpp
[3.467s] -- Up-to-date: /home/nicks1811/muas_ros_workspace/install/yolo_msgs/include/yolo_msgs/yolo_msgs/msg/detail/pose2_d__type_support.hpp
[3.467s] -- Up-to-date: /home/nicks1811/muas_ros_workspace/install/yolo_msgs/include/yolo_msgs/yolo_msgs/msg/detail/key_point3_d_array__type_support.hpp
[3.467s] -- Up-to-date: /home/nicks1811/muas_ros_workspace/install/yolo_msgs/include/yolo_msgs/yolo_msgs/msg/detail/key_point2_d_array__builder.hpp
[3.467s] -- Up-to-date: /home/nicks1811/muas_ros_workspace/install/yolo_msgs/include/yolo_msgs/yolo_msgs/msg/detail/vector2__struct.hpp
[3.467s] -- Up-to-date: /home/nicks1811/muas_ros_workspace/install/yolo_msgs/include/yolo_msgs/yolo_msgs/msg/detail/bounding_box3_d__builder.hpp
[3.467s] -- Up-to-date: /home/nicks1811/muas_ros_workspace/install/yolo_msgs/include/yolo_msgs/yolo_msgs/msg/detail/vector2__builder.hpp
[3.467s] -- Up-to-date: /home/nicks1811/muas_ros_workspace/install/yolo_msgs/include/yolo_msgs/yolo_msgs/msg/detail/detection_array__type_support.hpp
[3.467s] -- Up-to-date: /home/nicks1811/muas_ros_workspace/install/yolo_msgs/include/yolo_msgs/yolo_msgs/msg/detail/bounding_box3_d__struct.hpp
[3.467s] -- Up-to-date: /home/nicks1811/muas_ros_workspace/install/yolo_msgs/include/yolo_msgs/yolo_msgs/msg/detail/pose2_d__struct.hpp
[3.467s] -- Up-to-date: /home/nicks1811/muas_ros_workspace/install/yolo_msgs/include/yolo_msgs/yolo_msgs/msg/detail/key_point3_d__struct.hpp
[3.468s] -- Up-to-date: /home/nicks1811/muas_ros_workspace/install/yolo_msgs/include/yolo_msgs/yolo_msgs/msg/detail/key_point2_d__struct.hpp
[3.468s] -- Up-to-date: /home/nicks1811/muas_ros_workspace/install/yolo_msgs/include/yolo_msgs/yolo_msgs/msg/detail/detection_array__traits.hpp
[3.468s] -- Up-to-date: /home/nicks1811/muas_ros_workspace/install/yolo_msgs/include/yolo_msgs/yolo_msgs/msg/detail/key_point3_d__type_support.hpp
[3.468s] -- Up-to-date: /home/nicks1811/muas_ros_workspace/install/yolo_msgs/include/yolo_msgs/yolo_msgs/msg/detail/point2_d__type_support.hpp
[3.468s] -- Up-to-date: /home/nicks1811/muas_ros_workspace/install/yolo_msgs/include/yolo_msgs/yolo_msgs/msg/detail/point2_d__struct.hpp
[3.468s] -- Up-to-date: /home/nicks1811/muas_ros_workspace/install/yolo_msgs/include/yolo_msgs/yolo_msgs/msg/detail/bounding_box3_d__traits.hpp
[3.468s] -- Up-to-date: /home/nicks1811/muas_ros_workspace/install/yolo_msgs/include/yolo_msgs/yolo_msgs/msg/detail/mask__traits.hpp
[3.468s] -- Up-to-date: /home/nicks1811/muas_ros_workspace/install/yolo_msgs/include/yolo_msgs/yolo_msgs/msg/detail/bounding_box2_d__type_support.hpp
[3.468s] -- Up-to-date: /home/nicks1811/muas_ros_workspace/install/yolo_msgs/include/yolo_msgs/yolo_msgs/msg/detail/bounding_box2_d__traits.hpp
[3.468s] -- Up-to-date: /home/nicks1811/muas_ros_workspace/install/yolo_msgs/include/yolo_msgs/yolo_msgs/msg/detail/key_point2_d__traits.hpp
[3.469s] -- Up-to-date: /home/nicks1811/muas_ros_workspace/install/yolo_msgs/include/yolo_msgs/yolo_msgs/msg/detail/bounding_box2_d__struct.hpp
[3.469s] -- Up-to-date: /home/nicks1811/muas_ros_workspace/install/yolo_msgs/include/yolo_msgs/yolo_msgs/msg/detail/vector2__traits.hpp
[3.469s] -- Up-to-date: /home/nicks1811/muas_ros_workspace/install/yolo_msgs/include/yolo_msgs/yolo_msgs/msg/detail/mask__struct.hpp
[3.469s] -- Up-to-date: /home/nicks1811/muas_ros_workspace/install/yolo_msgs/include/yolo_msgs/yolo_msgs/msg/detail/pose2_d__builder.hpp
[3.469s] -- Up-to-date: /home/nicks1811/muas_ros_workspace/install/yolo_msgs/include/yolo_msgs/yolo_msgs/msg/detail/detection_array__builder.hpp
[3.469s] -- Up-to-date: /home/nicks1811/muas_ros_workspace/install/yolo_msgs/include/yolo_msgs/yolo_msgs/msg/detail/key_point2_d_array__struct.hpp
[3.469s] -- Up-to-date: /home/nicks1811/muas_ros_workspace/install/yolo_msgs/include/yolo_msgs/yolo_msgs/msg/detail/key_point3_d_array__traits.hpp
[3.469s] -- Up-to-date: /home/nicks1811/muas_ros_workspace/install/yolo_msgs/include/yolo_msgs/yolo_msgs/msg/detail/vector2__type_support.hpp
[3.470s] -- Up-to-date: /home/nicks1811/muas_ros_workspace/install/yolo_msgs/include/yolo_msgs/yolo_msgs/msg/detail/point2_d__builder.hpp
[3.470s] -- Up-to-date: /home/nicks1811/muas_ros_workspace/install/yolo_msgs/include/yolo_msgs/yolo_msgs/msg/detail/detection_array__struct.hpp
[3.471s] -- Up-to-date: /home/nicks1811/muas_ros_workspace/install/yolo_msgs/include/yolo_msgs/yolo_msgs/msg/detail/pose2_d__traits.hpp
[3.471s] -- Up-to-date: /home/nicks1811/muas_ros_workspace/install/yolo_msgs/include/yolo_msgs/yolo_msgs/msg/detail/mask__type_support.hpp
[3.471s] -- Up-to-date: /home/nicks1811/muas_ros_workspace/install/yolo_msgs/include/yolo_msgs/yolo_msgs/msg/rosidl_generator_cpp__visibility_control.hpp
[3.471s] -- Up-to-date: /home/nicks1811/muas_ros_workspace/install/yolo_msgs/include/yolo_msgs/yolo_msgs/msg/pose2_d.hpp
[3.471s] -- Up-to-date: /home/nicks1811/muas_ros_workspace/install/yolo_msgs/include/yolo_msgs/yolo_msgs/msg/key_point3_d_array.hpp
[3.471s] -- Up-to-date: /home/nicks1811/muas_ros_workspace/install/yolo_msgs/include/yolo_msgs/yolo_msgs/msg/key_point2_d.hpp
[3.471s] -- Up-to-date: /home/nicks1811/muas_ros_workspace/install/yolo_msgs/include/yolo_msgs/yolo_msgs/msg/bounding_box2_d.hpp
[3.471s] -- Up-to-date: /home/nicks1811/muas_ros_workspace/install/yolo_msgs/include/yolo_msgs/yolo_msgs/msg/key_point3_d.hpp
[3.471s] -- Up-to-date: /home/nicks1811/muas_ros_workspace/install/yolo_msgs/include/yolo_msgs/yolo_msgs/msg/point2_d.hpp
[3.471s] -- Up-to-date: /home/nicks1811/muas_ros_workspace/install/yolo_msgs/include/yolo_msgs/yolo_msgs/msg/detection.hpp
[3.471s] -- Up-to-date: /home/nicks1811/muas_ros_workspace/install/yolo_msgs/include/yolo_msgs/yolo_msgs/msg/vector2.hpp
[3.471s] -- Up-to-date: /home/nicks1811/muas_ros_workspace/install/yolo_msgs/include/yolo_msgs/yolo_msgs/msg/key_point2_d_array.hpp
[3.471s] -- Up-to-date: /home/nicks1811/muas_ros_workspace/install/yolo_msgs/include/yolo_msgs/yolo_msgs
[3.472s] -- Up-to-date: /home/nicks1811/muas_ros_workspace/install/yolo_msgs/include/yolo_msgs/yolo_msgs/srv
[3.472s] -- Up-to-date: /home/nicks1811/muas_ros_workspace/install/yolo_msgs/include/yolo_msgs/yolo_msgs/srv/detail
[3.472s] -- Up-to-date: /home/nicks1811/muas_ros_workspace/install/yolo_msgs/include/yolo_msgs/yolo_msgs/srv/detail/set_classes__rosidl_typesupport_fastrtps_cpp.hpp
[3.472s] -- Up-to-date: /home/nicks1811/muas_ros_workspace/install/yolo_msgs/include/yolo_msgs/yolo_msgs/srv/detail/dds_fastrtps
[3.472s] -- Up-to-date: /home/nicks1811/muas_ros_workspace/install/yolo_msgs/include/yolo_msgs/yolo_msgs/msg
[3.472s] -- Up-to-date: /home/nicks1811/muas_ros_workspace/install/yolo_msgs/include/yolo_msgs/yolo_msgs/msg/rosidl_typesupport_fastrtps_cpp__visibility_control.h
[3.472s] -- Up-to-date: /home/nicks1811/muas_ros_workspace/install/yolo_msgs/include/yolo_msgs/yolo_msgs/msg/detail
[3.473s] -- Up-to-date: /home/nicks1811/muas_ros_workspace/install/yolo_msgs/include/yolo_msgs/yolo_msgs/msg/detail/pose2_d__rosidl_typesupport_fastrtps_cpp.hpp
[3.473s] -- Up-to-date: /home/nicks1811/muas_ros_workspace/install/yolo_msgs/include/yolo_msgs/yolo_msgs/msg/detail/key_point3_d_array__rosidl_typesupport_fastrtps_cpp.hpp
[3.473s] -- Up-to-date: /home/nicks1811/muas_ros_workspace/install/yolo_msgs/include/yolo_msgs/yolo_msgs/msg/detail/key_point2_d_array__rosidl_typesupport_fastrtps_cpp.hpp
[3.473s] -- Up-to-date: /home/nicks1811/muas_ros_workspace/install/yolo_msgs/include/yolo_msgs/yolo_msgs/msg/detail/point2_d__rosidl_typesupport_fastrtps_cpp.hpp
[3.473s] -- Up-to-date: /home/nicks1811/muas_ros_workspace/install/yolo_msgs/include/yolo_msgs/yolo_msgs/msg/detail/key_point2_d__rosidl_typesupport_fastrtps_cpp.hpp
[3.473s] -- Up-to-date: /home/nicks1811/muas_ros_workspace/install/yolo_msgs/include/yolo_msgs/yolo_msgs/msg/detail/mask__rosidl_typesupport_fastrtps_cpp.hpp
[3.473s] -- Up-to-date: /home/nicks1811/muas_ros_workspace/install/yolo_msgs/include/yolo_msgs/yolo_msgs/msg/detail/bounding_box2_d__rosidl_typesupport_fastrtps_cpp.hpp
[3.473s] -- Up-to-date: /home/nicks1811/muas_ros_workspace/install/yolo_msgs/include/yolo_msgs/yolo_msgs/msg/detail/vector2__rosidl_typesupport_fastrtps_cpp.hpp
[3.473s] -- Up-to-date: /home/nicks1811/muas_ros_workspace/install/yolo_msgs/include/yolo_msgs/yolo_msgs/msg/detail/detection__rosidl_typesupport_fastrtps_cpp.hpp
[3.473s] -- Up-to-date: /home/nicks1811/muas_ros_workspace/install/yolo_msgs/include/yolo_msgs/yolo_msgs/msg/detail/bounding_box3_d__rosidl_typesupport_fastrtps_cpp.hpp
[3.473s] -- Up-to-date: /home/nicks1811/muas_ros_workspace/install/yolo_msgs/include/yolo_msgs/yolo_msgs/msg/detail/detection_array__rosidl_typesupport_fastrtps_cpp.hpp
[3.474s] -- Up-to-date: /home/nicks1811/muas_ros_workspace/install/yolo_msgs/include/yolo_msgs/yolo_msgs/msg/detail/key_point3_d__rosidl_typesupport_fastrtps_cpp.hpp
[3.474s] -- Up-to-date: /home/nicks1811/muas_ros_workspace/install/yolo_msgs/include/yolo_msgs/yolo_msgs/msg/detail/dds_fastrtps
[3.474s] -- Up-to-date: /home/nicks1811/muas_ros_workspace/install/yolo_msgs/lib/libyolo_msgs__rosidl_typesupport_fastrtps_cpp.so
[3.474s] -- Up-to-date: /home/nicks1811/muas_ros_workspace/install/yolo_msgs/include/yolo_msgs/yolo_msgs
[3.474s] -- Up-to-date: /home/nicks1811/muas_ros_workspace/install/yolo_msgs/include/yolo_msgs/yolo_msgs/srv
[3.474s] -- Up-to-date: /home/nicks1811/muas_ros_workspace/install/yolo_msgs/include/yolo_msgs/yolo_msgs/srv/detail
[3.474s] -- Up-to-date: /home/nicks1811/muas_ros_workspace/install/yolo_msgs/include/yolo_msgs/yolo_msgs/srv/detail/set_classes__rosidl_typesupport_introspection_cpp.hpp
[3.474s] -- Up-to-date: /home/nicks1811/muas_ros_workspace/install/yolo_msgs/include/yolo_msgs/yolo_msgs/srv/detail/set_classes__type_support.cpp
[3.474s] -- Up-to-date: /home/nicks1811/muas_ros_workspace/install/yolo_msgs/include/yolo_msgs/yolo_msgs/msg
[3.475s] -- Up-to-date: /home/nicks1811/muas_ros_workspace/install/yolo_msgs/include/yolo_msgs/yolo_msgs/msg/detail
[3.475s] -- Up-to-date: /home/nicks1811/muas_ros_workspace/install/yolo_msgs/include/yolo_msgs/yolo_msgs/msg/detail/mask__rosidl_typesupport_introspection_cpp.hpp
[3.475s] -- Up-to-date: /home/nicks1811/muas_ros_workspace/install/yolo_msgs/include/yolo_msgs/yolo_msgs/msg/detail/pose2_d__rosidl_typesupport_introspection_cpp.hpp
[3.475s] -- Up-to-date: /home/nicks1811/muas_ros_workspace/install/yolo_msgs/include/yolo_msgs/yolo_msgs/msg/detail/point2_d__rosidl_typesupport_introspection_cpp.hpp
[3.476s] -- Up-to-date: /home/nicks1811/muas_ros_workspace/install/yolo_msgs/include/yolo_msgs/yolo_msgs/msg/detail/key_point3_d__type_support.cpp
[3.476s] -- Up-to-date: /home/nicks1811/muas_ros_workspace/install/yolo_msgs/include/yolo_msgs/yolo_msgs/msg/detail/vector2__type_support.cpp
[3.476s] -- Up-to-date: /home/nicks1811/muas_ros_workspace/install/yolo_msgs/include/yolo_msgs/yolo_msgs/msg/detail/key_point2_d__type_support.cpp
[3.476s] -- Up-to-date: /home/nicks1811/muas_ros_workspace/install/yolo_msgs/include/yolo_msgs/yolo_msgs/msg/detail/detection_array__type_support.cpp
[3.477s] -- Up-to-date: /home/nicks1811/muas_ros_workspace/install/yolo_msgs/include/yolo_msgs/yolo_msgs/msg/detail/pose2_d__type_support.cpp
[3.477s] -- Up-to-date: /home/nicks1811/muas_ros_workspace/install/yolo_msgs/include/yolo_msgs/yolo_msgs/msg/detail/key_point3_d_array__rosidl_typesupport_introspection_cpp.hpp
[3.477s] -- Up-to-date: /home/nicks1811/muas_ros_workspace/install/yolo_msgs/include/yolo_msgs/yolo_msgs/msg/detail/bounding_box2_d__type_support.cpp
[3.478s] -- Up-to-date: /home/nicks1811/muas_ros_workspace/install/yolo_msgs/include/yolo_msgs/yolo_msgs/msg/detail/mask__type_support.cpp
[3.478s] -- Up-to-date: /home/nicks1811/muas_ros_workspace/install/yolo_msgs/include/yolo_msgs/yolo_msgs/msg/detail/key_point2_d_array__type_support.cpp
[3.478s] -- Up-to-date: /home/nicks1811/muas_ros_workspace/install/yolo_msgs/include/yolo_msgs/yolo_msgs/msg/detail/point2_d__type_support.cpp
[3.478s] -- Up-to-date: /home/nicks1811/muas_ros_workspace/install/yolo_msgs/include/yolo_msgs/yolo_msgs/msg/detail/bounding_box3_d__type_support.cpp
[3.478s] -- Up-to-date: /home/nicks1811/muas_ros_workspace/install/yolo_msgs/include/yolo_msgs/yolo_msgs/msg/detail/key_point2_d_array__rosidl_typesupport_introspection_cpp.hpp
[3.478s] -- Up-to-date: /home/nicks1811/muas_ros_workspace/install/yolo_msgs/include/yolo_msgs/yolo_msgs/msg/detail/bounding_box3_d__rosidl_typesupport_introspection_cpp.hpp
[3.479s] -- Up-to-date: /home/nicks1811/muas_ros_workspace/install/yolo_msgs/include/yolo_msgs/yolo_msgs/msg/detail/detection_array__rosidl_typesupport_introspection_cpp.hpp
[3.479s] -- Up-to-date: /home/nicks1811/muas_ros_workspace/install/yolo_msgs/include/yolo_msgs/yolo_msgs/msg/detail/detection__type_support.cpp
[3.479s] -- Up-to-date: /home/nicks1811/muas_ros_workspace/install/yolo_msgs/include/yolo_msgs/yolo_msgs/msg/detail/vector2__rosidl_typesupport_introspection_cpp.hpp
[3.479s] -- Up-to-date: /home/nicks1811/muas_ros_workspace/install/yolo_msgs/include/yolo_msgs/yolo_msgs/msg/detail/key_point3_d__rosidl_typesupport_introspection_cpp.hpp
[3.479s] -- Up-to-date: /home/nicks1811/muas_ros_workspace/install/yolo_msgs/include/yolo_msgs/yolo_msgs/msg/detail/bounding_box2_d__rosidl_typesupport_introspection_cpp.hpp
[3.480s] -- Up-to-date: /home/nicks1811/muas_ros_workspace/install/yolo_msgs/include/yolo_msgs/yolo_msgs/msg/detail/key_point3_d_array__type_support.cpp
[3.480s] -- Up-to-date: /home/nicks1811/muas_ros_workspace/install/yolo_msgs/include/yolo_msgs/yolo_msgs/msg/detail/detection__rosidl_typesupport_introspection_cpp.hpp
[3.480s] -- Up-to-date: /home/nicks1811/muas_ros_workspace/install/yolo_msgs/include/yolo_msgs/yolo_msgs/msg/detail/key_point2_d__rosidl_typesupport_introspection_cpp.hpp
[3.480s] -- Up-to-date: /home/nicks1811/muas_ros_workspace/install/yolo_msgs/lib/libyolo_msgs__rosidl_typesupport_introspection_cpp.so
[3.480s] -- Up-to-date: /home/nicks1811/muas_ros_workspace/install/yolo_msgs/lib/libyolo_msgs__rosidl_typesupport_cpp.so
[3.481s] -- Up-to-date: /home/nicks1811/muas_ros_workspace/install/yolo_msgs/share/yolo_msgs/environment/pythonpath.sh
[3.481s] -- Installing: /home/nicks1811/muas_ros_workspace/install/yolo_msgs/share/yolo_msgs/environment/pythonpath.dsv
[3.481s] -- Up-to-date: /home/nicks1811/muas_ros_workspace/install/yolo_msgs/local/lib/python3.10/dist-packages/yolo_msgs-4.3.1-py3.10.egg-info
[3.481s] -- Installing: /home/nicks1811/muas_ros_workspace/install/yolo_msgs/local/lib/python3.10/dist-packages/yolo_msgs-4.3.1-py3.10.egg-info/PKG-INFO
[3.481s] -- Installing: /home/nicks1811/muas_ros_workspace/install/yolo_msgs/local/lib/python3.10/dist-packages/yolo_msgs-4.3.1-py3.10.egg-info/top_level.txt
[3.481s] -- Installing: /home/nicks1811/muas_ros_workspace/install/yolo_msgs/local/lib/python3.10/dist-packages/yolo_msgs-4.3.1-py3.10.egg-info/dependency_links.txt
[3.481s] -- Installing: /home/nicks1811/muas_ros_workspace/install/yolo_msgs/local/lib/python3.10/dist-packages/yolo_msgs-4.3.1-py3.10.egg-info/SOURCES.txt
[3.481s] -- Up-to-date: /home/nicks1811/muas_ros_workspace/install/yolo_msgs/local/lib/python3.10/dist-packages/yolo_msgs
[3.481s] -- Up-to-date: /home/nicks1811/muas_ros_workspace/install/yolo_msgs/local/lib/python3.10/dist-packages/yolo_msgs/_yolo_msgs_s.ep.rosidl_typesupport_c.c
[3.481s] -- Up-to-date: /home/nicks1811/muas_ros_workspace/install/yolo_msgs/local/lib/python3.10/dist-packages/yolo_msgs/yolo_msgs_s__rosidl_typesupport_introspection_c.cpython-310-x86_64-linux-gnu.so
[3.481s] -- Up-to-date: /home/nicks1811/muas_ros_workspace/install/yolo_msgs/local/lib/python3.10/dist-packages/yolo_msgs/libyolo_msgs__rosidl_generator_py.so
[3.481s] -- Up-to-date: /home/nicks1811/muas_ros_workspace/install/yolo_msgs/local/lib/python3.10/dist-packages/yolo_msgs/_yolo_msgs_s.ep.rosidl_typesupport_introspection_c.c
[3.481s] -- Installing: /home/nicks1811/muas_ros_workspace/install/yolo_msgs/local/lib/python3.10/dist-packages/yolo_msgs/__init__.py
[3.481s] -- Up-to-date: /home/nicks1811/muas_ros_workspace/install/yolo_msgs/local/lib/python3.10/dist-packages/yolo_msgs/yolo_msgs_s__rosidl_typesupport_c.cpython-310-x86_64-linux-gnu.so
[3.481s] -- Up-to-date: /home/nicks1811/muas_ros_workspace/install/yolo_msgs/local/lib/python3.10/dist-packages/yolo_msgs/_yolo_msgs_s.ep.rosidl_typesupport_fastrtps_c.c
[3.481s] -- Up-to-date: /home/nicks1811/muas_ros_workspace/install/yolo_msgs/local/lib/python3.10/dist-packages/yolo_msgs/srv
[3.482s] -- Up-to-date: /home/nicks1811/muas_ros_workspace/install/yolo_msgs/local/lib/python3.10/dist-packages/yolo_msgs/srv/_set_classes.py
[3.482s] -- Up-to-date: /home/nicks1811/muas_ros_workspace/install/yolo_msgs/local/lib/python3.10/dist-packages/yolo_msgs/srv/__init__.py
[3.482s] -- Up-to-date: /home/nicks1811/muas_ros_workspace/install/yolo_msgs/local/lib/python3.10/dist-packages/yolo_msgs/srv/_set_classes_s.c
[3.482s] -- Up-to-date: /home/nicks1811/muas_ros_workspace/install/yolo_msgs/local/lib/python3.10/dist-packages/yolo_msgs/msg
[3.482s] -- Up-to-date: /home/nicks1811/muas_ros_workspace/install/yolo_msgs/local/lib/python3.10/dist-packages/yolo_msgs/msg/_vector2.py
[3.482s] -- Up-to-date: /home/nicks1811/muas_ros_workspace/install/yolo_msgs/local/lib/python3.10/dist-packages/yolo_msgs/msg/_mask_s.c
[3.482s] -- Up-to-date: /home/nicks1811/muas_ros_workspace/install/yolo_msgs/local/lib/python3.10/dist-packages/yolo_msgs/msg/_key_point2_d_array_s.c
[3.482s] -- Up-to-date: /home/nicks1811/muas_ros_workspace/install/yolo_msgs/local/lib/python3.10/dist-packages/yolo_msgs/msg/_bounding_box2_d_s.c
[3.482s] -- Up-to-date: /home/nicks1811/muas_ros_workspace/install/yolo_msgs/local/lib/python3.10/dist-packages/yolo_msgs/msg/_key_point3_d.py
[3.482s] -- Up-to-date: /home/nicks1811/muas_ros_workspace/install/yolo_msgs/local/lib/python3.10/dist-packages/yolo_msgs/msg/_key_point2_d.py
[3.482s] -- Up-to-date: /home/nicks1811/muas_ros_workspace/install/yolo_msgs/local/lib/python3.10/dist-packages/yolo_msgs/msg/_mask.py
[3.482s] -- Up-to-date: /home/nicks1811/muas_ros_workspace/install/yolo_msgs/local/lib/python3.10/dist-packages/yolo_msgs/msg/_key_point2_d_array.py
[3.482s] -- Up-to-date: /home/nicks1811/muas_ros_workspace/install/yolo_msgs/local/lib/python3.10/dist-packages/yolo_msgs/msg/_bounding_box3_d.py
[3.482s] -- Up-to-date: /home/nicks1811/muas_ros_workspace/install/yolo_msgs/local/lib/python3.10/dist-packages/yolo_msgs/msg/_key_point3_d_array_s.c
[3.482s] -- Up-to-date: /home/nicks1811/muas_ros_workspace/install/yolo_msgs/local/lib/python3.10/dist-packages/yolo_msgs/msg/_detection_array.py
[3.482s] -- Up-to-date: /home/nicks1811/muas_ros_workspace/install/yolo_msgs/local/lib/python3.10/dist-packages/yolo_msgs/msg/_pose2_d_s.c
[3.482s] -- Up-to-date: /home/nicks1811/muas_ros_workspace/install/yolo_msgs/local/lib/python3.10/dist-packages/yolo_msgs/msg/_bounding_box3_d_s.c
[3.482s] -- Up-to-date: /home/nicks1811/muas_ros_workspace/install/yolo_msgs/local/lib/python3.10/dist-packages/yolo_msgs/msg/_key_point3_d_s.c
[3.482s] -- Up-to-date: /home/nicks1811/muas_ros_workspace/install/yolo_msgs/local/lib/python3.10/dist-packages/yolo_msgs/msg/__init__.py
[3.482s] -- Up-to-date: /home/nicks1811/muas_ros_workspace/install/yolo_msgs/local/lib/python3.10/dist-packages/yolo_msgs/msg/_detection.py
[3.482s] -- Up-to-date: /home/nicks1811/muas_ros_workspace/install/yolo_msgs/local/lib/python3.10/dist-packages/yolo_msgs/msg/_bounding_box2_d.py
[3.482s] -- Up-to-date: /home/nicks1811/muas_ros_workspace/install/yolo_msgs/local/lib/python3.10/dist-packages/yolo_msgs/msg/_point2_d.py
[3.482s] -- Up-to-date: /home/nicks1811/muas_ros_workspace/install/yolo_msgs/local/lib/python3.10/dist-packages/yolo_msgs/msg/_key_point2_d_s.c
[3.483s] -- Up-to-date: /home/nicks1811/muas_ros_workspace/install/yolo_msgs/local/lib/python3.10/dist-packages/yolo_msgs/msg/_detection_s.c
[3.483s] -- Up-to-date: /home/nicks1811/muas_ros_workspace/install/yolo_msgs/local/lib/python3.10/dist-packages/yolo_msgs/msg/_vector2_s.c
[3.483s] -- Up-to-date: /home/nicks1811/muas_ros_workspace/install/yolo_msgs/local/lib/python3.10/dist-packages/yolo_msgs/msg/_key_point3_d_array.py
[3.483s] -- Up-to-date: /home/nicks1811/muas_ros_workspace/install/yolo_msgs/local/lib/python3.10/dist-packages/yolo_msgs/msg/_pose2_d.py
[3.483s] -- Up-to-date: /home/nicks1811/muas_ros_workspace/install/yolo_msgs/local/lib/python3.10/dist-packages/yolo_msgs/msg/_point2_d_s.c
[3.483s] -- Up-to-date: /home/nicks1811/muas_ros_workspace/install/yolo_msgs/local/lib/python3.10/dist-packages/yolo_msgs/msg/_detection_array_s.c
[3.483s] -- Up-to-date: /home/nicks1811/muas_ros_workspace/install/yolo_msgs/local/lib/python3.10/dist-packages/yolo_msgs/yolo_msgs_s__rosidl_typesupport_fastrtps_c.cpython-310-x86_64-linux-gnu.so
[3.536s] Listing '/home/nicks1811/muas_ros_workspace/install/yolo_msgs/local/lib/python3.10/dist-packages/yolo_msgs'...
[3.537s] Compiling '/home/nicks1811/muas_ros_workspace/install/yolo_msgs/local/lib/python3.10/dist-packages/yolo_msgs/__init__.py'...
[3.537s] Listing '/home/nicks1811/muas_ros_workspace/install/yolo_msgs/local/lib/python3.10/dist-packages/yolo_msgs/msg'...
[3.537s] Listing '/home/nicks1811/muas_ros_workspace/install/yolo_msgs/local/lib/python3.10/dist-packages/yolo_msgs/srv'...
[3.549s] -- Up-to-date: /home/nicks1811/muas_ros_workspace/install/yolo_msgs/local/lib/python3.10/dist-packages/yolo_msgs/yolo_msgs_s__rosidl_typesupport_fastrtps_c.cpython-310-x86_64-linux-gnu.so
[3.551s] -- Up-to-date: /home/nicks1811/muas_ros_workspace/install/yolo_msgs/local/lib/python3.10/dist-packages/yolo_msgs/yolo_msgs_s__rosidl_typesupport_introspection_c.cpython-310-x86_64-linux-gnu.so
[3.553s] -- Up-to-date: /home/nicks1811/muas_ros_workspace/install/yolo_msgs/local/lib/python3.10/dist-packages/yolo_msgs/yolo_msgs_s__rosidl_typesupport_c.cpython-310-x86_64-linux-gnu.so
[3.556s] -- Up-to-date: /home/nicks1811/muas_ros_workspace/install/yolo_msgs/lib/libyolo_msgs__rosidl_generator_py.so
[3.557s] -- Up-to-date: /home/nicks1811/muas_ros_workspace/install/yolo_msgs/share/yolo_msgs/msg/Point2D.idl
[3.557s] -- Up-to-date: /home/nicks1811/muas_ros_workspace/install/yolo_msgs/share/yolo_msgs/msg/Vector2.idl
[3.557s] -- Up-to-date: /home/nicks1811/muas_ros_workspace/install/yolo_msgs/share/yolo_msgs/msg/Pose2D.idl
[3.558s] -- Up-to-date: /home/nicks1811/muas_ros_workspace/install/yolo_msgs/share/yolo_msgs/msg/BoundingBox2D.idl
[3.558s] -- Up-to-date: /home/nicks1811/muas_ros_workspace/install/yolo_msgs/share/yolo_msgs/msg/BoundingBox3D.idl
[3.558s] -- Up-to-date: /home/nicks1811/muas_ros_workspace/install/yolo_msgs/share/yolo_msgs/msg/Mask.idl
[3.559s] -- Up-to-date: /home/nicks1811/muas_ros_workspace/install/yolo_msgs/share/yolo_msgs/msg/KeyPoint2D.idl
[3.559s] -- Up-to-date: /home/nicks1811/muas_ros_workspace/install/yolo_msgs/share/yolo_msgs/msg/KeyPoint2DArray.idl
[3.559s] -- Up-to-date: /home/nicks1811/muas_ros_workspace/install/yolo_msgs/share/yolo_msgs/msg/KeyPoint3D.idl
[3.560s] -- Up-to-date: /home/nicks1811/muas_ros_workspace/install/yolo_msgs/share/yolo_msgs/msg/KeyPoint3DArray.idl
[3.560s] -- Up-to-date: /home/nicks1811/muas_ros_workspace/install/yolo_msgs/share/yolo_msgs/msg/Detection.idl
[3.560s] -- Up-to-date: /home/nicks1811/muas_ros_workspace/install/yolo_msgs/share/yolo_msgs/msg/DetectionArray.idl
[3.561s] -- Up-to-date: /home/nicks1811/muas_ros_workspace/install/yolo_msgs/share/yolo_msgs/srv/SetClasses.idl
[3.561s] -- Installing: /home/nicks1811/muas_ros_workspace/install/yolo_msgs/share/yolo_msgs/msg/Point2D.msg
[3.561s] -- Installing: /home/nicks1811/muas_ros_workspace/install/yolo_msgs/share/yolo_msgs/msg/Vector2.msg
[3.562s] -- Installing: /home/nicks1811/muas_ros_workspace/install/yolo_msgs/share/yolo_msgs/msg/Pose2D.msg
[3.562s] -- Installing: /home/nicks1811/muas_ros_workspace/install/yolo_msgs/share/yolo_msgs/msg/BoundingBox2D.msg
[3.562s] -- Installing: /home/nicks1811/muas_ros_workspace/install/yolo_msgs/share/yolo_msgs/msg/BoundingBox3D.msg
[3.562s] -- Installing: /home/nicks1811/muas_ros_workspace/install/yolo_msgs/share/yolo_msgs/msg/Mask.msg
[3.562s] -- Installing: /home/nicks1811/muas_ros_workspace/install/yolo_msgs/share/yolo_msgs/msg/KeyPoint2D.msg
[3.563s] -- Installing: /home/nicks1811/muas_ros_workspace/install/yolo_msgs/share/yolo_msgs/msg/KeyPoint2DArray.msg
[3.563s] -- Installing: /home/nicks1811/muas_ros_workspace/install/yolo_msgs/share/yolo_msgs/msg/KeyPoint3D.msg
[3.563s] -- Installing: /home/nicks1811/muas_ros_workspace/install/yolo_msgs/share/yolo_msgs/msg/KeyPoint3DArray.msg
[3.564s] -- Installing: /home/nicks1811/muas_ros_workspace/install/yolo_msgs/share/yolo_msgs/msg/Detection.msg
[3.564s] -- Installing: /home/nicks1811/muas_ros_workspace/install/yolo_msgs/share/yolo_msgs/msg/DetectionArray.msg
[3.564s] -- Installing: /home/nicks1811/muas_ros_workspace/install/yolo_msgs/share/yolo_msgs/srv/SetClasses.srv
[3.565s] -- Up-to-date: /home/nicks1811/muas_ros_workspace/install/yolo_msgs/share/yolo_msgs/srv/SetClasses_Request.msg
[3.565s] -- Up-to-date: /home/nicks1811/muas_ros_workspace/install/yolo_msgs/share/yolo_msgs/srv/SetClasses_Response.msg
[3.565s] -- Up-to-date: /home/nicks1811/muas_ros_workspace/install/yolo_msgs/share/ament_index/resource_index/package_run_dependencies/yolo_msgs
[3.565s] -- Installing: /home/nicks1811/muas_ros_workspace/install/yolo_msgs/share/ament_index/resource_index/parent_prefix_path/yolo_msgs
[3.566s] -- Up-to-date: /home/nicks1811/muas_ros_workspace/install/yolo_msgs/share/yolo_msgs/environment/ament_prefix_path.sh
[3.566s] -- Installing: /home/nicks1811/muas_ros_workspace/install/yolo_msgs/share/yolo_msgs/environment/ament_prefix_path.dsv
[3.566s] -- Up-to-date: /home/nicks1811/muas_ros_workspace/install/yolo_msgs/share/yolo_msgs/environment/path.sh
[3.566s] -- Installing: /home/nicks1811/muas_ros_workspace/install/yolo_msgs/share/yolo_msgs/environment/path.dsv
[3.567s] -- Up-to-date: /home/nicks1811/muas_ros_workspace/install/yolo_msgs/share/yolo_msgs/local_setup.bash
[3.567s] -- Up-to-date: /home/nicks1811/muas_ros_workspace/install/yolo_msgs/share/yolo_msgs/local_setup.sh
[3.567s] -- Up-to-date: /home/nicks1811/muas_ros_workspace/install/yolo_msgs/share/yolo_msgs/local_setup.zsh
[3.567s] -- Installing: /home/nicks1811/muas_ros_workspace/install/yolo_msgs/share/yolo_msgs/local_setup.dsv
[3.567s] -- Installing: /home/nicks1811/muas_ros_workspace/install/yolo_msgs/share/yolo_msgs/package.dsv
[3.567s] -- Up-to-date: /home/nicks1811/muas_ros_workspace/install/yolo_msgs/share/ament_index/resource_index/packages/yolo_msgs
[3.568s] -- Up-to-date: /home/nicks1811/muas_ros_workspace/install/yolo_msgs/share/yolo_msgs/cmake/export_yolo_msgs__rosidl_generator_cExport.cmake
[3.568s] -- Up-to-date: /home/nicks1811/muas_ros_workspace/install/yolo_msgs/share/yolo_msgs/cmake/export_yolo_msgs__rosidl_generator_cExport-noconfig.cmake
[3.569s] -- Up-to-date: /home/nicks1811/muas_ros_workspace/install/yolo_msgs/share/yolo_msgs/cmake/export_yolo_msgs__rosidl_typesupport_fastrtps_cExport.cmake
[3.569s] -- Up-to-date: /home/nicks1811/muas_ros_workspace/install/yolo_msgs/share/yolo_msgs/cmake/export_yolo_msgs__rosidl_typesupport_fastrtps_cExport-noconfig.cmake
[3.570s] -- Up-to-date: /home/nicks1811/muas_ros_workspace/install/yolo_msgs/share/yolo_msgs/cmake/yolo_msgs__rosidl_typesupport_introspection_cExport.cmake
[3.570s] -- Up-to-date: /home/nicks1811/muas_ros_workspace/install/yolo_msgs/share/yolo_msgs/cmake/yolo_msgs__rosidl_typesupport_introspection_cExport-noconfig.cmake
[3.570s] -- Up-to-date: /home/nicks1811/muas_ros_workspace/install/yolo_msgs/share/yolo_msgs/cmake/yolo_msgs__rosidl_typesupport_cExport.cmake
[3.571s] -- Up-to-date: /home/nicks1811/muas_ros_workspace/install/yolo_msgs/share/yolo_msgs/cmake/yolo_msgs__rosidl_typesupport_cExport-noconfig.cmake
[3.572s] -- Up-to-date: /home/nicks1811/muas_ros_workspace/install/yolo_msgs/share/yolo_msgs/cmake/export_yolo_msgs__rosidl_generator_cppExport.cmake
[3.572s] -- Up-to-date: /home/nicks1811/muas_ros_workspace/install/yolo_msgs/share/yolo_msgs/cmake/export_yolo_msgs__rosidl_typesupport_fastrtps_cppExport.cmake
[3.572s] -- Up-to-date: /home/nicks1811/muas_ros_workspace/install/yolo_msgs/share/yolo_msgs/cmake/export_yolo_msgs__rosidl_typesupport_fastrtps_cppExport-noconfig.cmake
[3.573s] -- Up-to-date: /home/nicks1811/muas_ros_workspace/install/yolo_msgs/share/yolo_msgs/cmake/yolo_msgs__rosidl_typesupport_introspection_cppExport.cmake
[3.573s] -- Up-to-date: /home/nicks1811/muas_ros_workspace/install/yolo_msgs/share/yolo_msgs/cmake/yolo_msgs__rosidl_typesupport_introspection_cppExport-noconfig.cmake
[3.573s] -- Up-to-date: /home/nicks1811/muas_ros_workspace/install/yolo_msgs/share/yolo_msgs/cmake/yolo_msgs__rosidl_typesupport_cppExport.cmake
[3.574s] -- Up-to-date: /home/nicks1811/muas_ros_workspace/install/yolo_msgs/share/yolo_msgs/cmake/yolo_msgs__rosidl_typesupport_cppExport-noconfig.cmake
[3.574s] -- Up-to-date: /home/nicks1811/muas_ros_workspace/install/yolo_msgs/share/yolo_msgs/cmake/export_yolo_msgs__rosidl_generator_pyExport.cmake
[3.575s] -- Up-to-date: /home/nicks1811/muas_ros_workspace/install/yolo_msgs/share/yolo_msgs/cmake/export_yolo_msgs__rosidl_generator_pyExport-noconfig.cmake
[3.575s] -- Up-to-date: /home/nicks1811/muas_ros_workspace/install/yolo_msgs/share/yolo_msgs/cmake/rosidl_cmake-extras.cmake
[3.575s] -- Up-to-date: /home/nicks1811/muas_ros_workspace/install/yolo_msgs/share/yolo_msgs/cmake/ament_cmake_export_dependencies-extras.cmake
[3.575s] -- Up-to-date: /home/nicks1811/muas_ros_workspace/install/yolo_msgs/share/yolo_msgs/cmake/ament_cmake_export_include_directories-extras.cmake
[3.576s] -- Up-to-date: /home/nicks1811/muas_ros_workspace/install/yolo_msgs/share/yolo_msgs/cmake/ament_cmake_export_libraries-extras.cmake
[3.576s] -- Up-to-date: /home/nicks1811/muas_ros_workspace/install/yolo_msgs/share/yolo_msgs/cmake/ament_cmake_export_targets-extras.cmake
[3.576s] -- Up-to-date: /home/nicks1811/muas_ros_workspace/install/yolo_msgs/share/yolo_msgs/cmake/rosidl_cmake_export_typesupport_targets-extras.cmake
[3.576s] -- Up-to-date: /home/nicks1811/muas_ros_workspace/install/yolo_msgs/share/yolo_msgs/cmake/rosidl_cmake_export_typesupport_libraries-extras.cmake
[3.576s] -- Up-to-date: /home/nicks1811/muas_ros_workspace/install/yolo_msgs/share/yolo_msgs/cmake/yolo_msgsConfig.cmake
[3.576s] -- Up-to-date: /home/nicks1811/muas_ros_workspace/install/yolo_msgs/share/yolo_msgs/cmake/yolo_msgsConfig-version.cmake
[3.576s] -- Installing: /home/nicks1811/muas_ros_workspace/install/yolo_msgs/share/yolo_msgs/package.xml
[3.579s] Invoked command in '/home/nicks1811/muas_ros_workspace/build/yolo_msgs' returned '0': CMAKE_PREFIX_PATH=/opt/ros/humble /usr/bin/cmake --install /home/nicks1811/muas_ros_workspace/build/yolo_msgs
