[0.177s] Invoking command in '/home/nicks1811/muas_ros_workspace/build/px4_ros_com': AMENT_PREFIX_PATH=/home/nicks1811/muas_ros_workspace/install/px4_msgs:${AMENT_PREFIX_PATH} CMAKE_PREFIX_PATH=/home/nicks1811/muas_ros_workspace/install/px4_msgs:/opt/ros/humble LD_LIBRARY_PATH=/home/nicks1811/muas_ros_workspace/install/px4_msgs/lib:${LD_LIBRARY_PATH} PYTHONPATH=/home/nicks1811/muas_ros_workspace/install/px4_msgs/local/lib/python3.10/dist-packages:${PYTHONPATH} /usr/bin/cmake /home/nicks1811/muas_ros_workspace/src/px4_ros_com -DCMAKE_INSTALL_PREFIX=/home/nicks1811/muas_ros_workspace/install/px4_ros_com
[0.412s] -- The C compiler identification is GNU 11.4.0
[1.277s] -- The CXX compiler identification is GNU 11.4.0
[1.920s] -- Detecting C compiler ABI info
[2.191s] -- Detecting C compiler ABI info - done
[2.201s] -- Check for working C compiler: /usr/bin/cc - skipped
[2.201s] -- Detecting C compile features
[2.202s] -- Detecting C compile features - done
[2.206s] -- Detecting CXX compiler ABI info
[2.491s] -- Detecting CXX compiler ABI info - done
[2.501s] -- Check for working CXX compiler: /usr/bin/c++ - skipped
[2.501s] -- Detecting CXX compile features
[2.502s] -- Detecting CXX compile features - done
[2.505s] -- Found ament_cmake: 1.3.12 (/opt/ros/humble/share/ament_cmake/cmake)
[3.000s] -- Found Python3: /usr/bin/python3 (found version "3.10.12") found components: Interpreter 
[3.118s] -- Found builtin_interfaces: 1.2.2 (/opt/ros/humble/share/builtin_interfaces/cmake)
[3.384s] -- Found rosidl_generator_c: 3.1.7 (/opt/ros/humble/share/rosidl_generator_c/cmake)
[3.391s] -- Found rosidl_adapter: 3.1.7 (/opt/ros/humble/share/rosidl_adapter/cmake)
[3.402s] -- Found rosidl_generator_cpp: 3.1.7 (/opt/ros/humble/share/rosidl_generator_cpp/cmake)
[3.417s] -- Using all available rosidl_typesupport_c: rosidl_typesupport_fastrtps_c;rosidl_typesupport_introspection_c
[3.438s] -- Using all available rosidl_typesupport_cpp: rosidl_typesupport_fastrtps_cpp;rosidl_typesupport_introspection_cpp
[3.460s] -- Found eigen3_cmake_module: 0.1.1 (/opt/ros/humble/share/eigen3_cmake_module/cmake)
[3.475s] -- Found Eigen3: TRUE (found version "3.4.0") 
[3.477s] -- Found geometry_msgs: 4.9.0 (/opt/ros/humble/share/geometry_msgs/cmake)
[3.510s] -- Found px4_msgs: 2.0.1 (/home/nicks1811/muas_ros_workspace/install/px4_msgs/share/px4_msgs/cmake)
[3.531s] -- Found rclcpp: 16.0.15 (/opt/ros/humble/share/rclcpp/cmake)
[3.676s] -- Found rmw_implementation_cmake: 6.1.2 (/opt/ros/humble/share/rmw_implementation_cmake/cmake)
[3.683s] -- Found rmw_fastrtps_cpp: 6.2.8 (/opt/ros/humble/share/rmw_fastrtps_cpp/cmake)
[5.939s] -- Found OpenSSL: /usr/lib/x86_64-linux-gnu/libcrypto.so (found version "3.0.2")  
[8.363s] -- Found FastRTPS: /opt/ros/humble/include  
[13.186s] -- Using RMW implementation 'rmw_fastrtps_cpp' as default
[14.034s] -- Looking for pthread.h
[14.354s] -- Looking for pthread.h - found
[14.355s] -- Performing Test CMAKE_HAVE_LIBC_PTHREAD
[14.839s] -- Performing Test CMAKE_HAVE_LIBC_PTHREAD - Success
[14.841s] -- Found Threads: TRUE  
[14.943s] -- Found sensor_msgs: 4.9.0 (/opt/ros/humble/share/sensor_msgs/cmake)
[14.998s] -- Found rclpy: 3.3.17 (/opt/ros/humble/share/rclpy/cmake)
[15.011s] -- Found ament_lint_auto: 0.12.14 (/opt/ros/humble/share/ament_lint_auto/cmake)
[15.170s] -- Added test 'copyright' to check source files copyright and LICENSE
[15.176s] -- Added test 'cppcheck' to perform static code analysis on C / C++ code
[15.177s] -- Configured cppcheck include dirs: /home/nicks1811/muas_ros_workspace/src/px4_ros_com/include;$<BUILD_INTERFACE:/home/nicks1811/muas_ros_workspace/src/px4_ros_com/include/px4_ros_com>
[15.177s] -- Configured cppcheck exclude dirs and/or files: 
[15.183s] -- Added test 'cpplint' to check C / C++ code against the Google style
[15.183s] -- Configured cpplint exclude dirs and/or files: 
[15.185s] -- Added test 'flake8' to check Python code syntax and style conventions
[15.188s] -- Added test 'lint_cmake' to check CMake code style
[15.190s] -- Added test 'pep257' to check Python code against some of the docstring style conventions in PEP 257
[15.196s] -- Added test 'uncrustify' to check C / C++ code style
[15.196s] -- Configured uncrustify additional arguments: 
[15.198s] -- Added test 'xmllint' to check XML markup files
[15.202s] -- Configuring done
[15.267s] -- Generating done
[15.281s] -- Build files have been written to: /home/nicks1811/muas_ros_workspace/build/px4_ros_com
[15.297s] Invoked command in '/home/nicks1811/muas_ros_workspace/build/px4_ros_com' returned '0': AMENT_PREFIX_PATH=/home/nicks1811/muas_ros_workspace/install/px4_msgs:${AMENT_PREFIX_PATH} CMAKE_PREFIX_PATH=/home/nicks1811/muas_ros_workspace/install/px4_msgs:/opt/ros/humble LD_LIBRARY_PATH=/home/nicks1811/muas_ros_workspace/install/px4_msgs/lib:${LD_LIBRARY_PATH} PYTHONPATH=/home/nicks1811/muas_ros_workspace/install/px4_msgs/local/lib/python3.10/dist-packages:${PYTHONPATH} /usr/bin/cmake /home/nicks1811/muas_ros_workspace/src/px4_ros_com -DCMAKE_INSTALL_PREFIX=/home/nicks1811/muas_ros_workspace/install/px4_ros_com
[15.300s] Invoking command in '/home/nicks1811/muas_ros_workspace/build/px4_ros_com': AMENT_PREFIX_PATH=/home/nicks1811/muas_ros_workspace/install/px4_msgs:${AMENT_PREFIX_PATH} CMAKE_PREFIX_PATH=/home/nicks1811/muas_ros_workspace/install/px4_msgs:/opt/ros/humble LD_LIBRARY_PATH=/home/nicks1811/muas_ros_workspace/install/px4_msgs/lib:${LD_LIBRARY_PATH} PYTHONPATH=/home/nicks1811/muas_ros_workspace/install/px4_msgs/local/lib/python3.10/dist-packages:${PYTHONPATH} /usr/bin/cmake --build /home/nicks1811/muas_ros_workspace/build/px4_ros_com -- -j16 -l16
[15.390s] [  8%] [32mBuilding CXX object CMakeFiles/vehicle_gps_position_listener.dir/src/examples/listeners/vehicle_gps_position_listener.cpp.o[0m
[15.390s] [ 33%] [32mBuilding CXX object CMakeFiles/sensor_combined_listener.dir/src/examples/listeners/sensor_combined_listener.cpp.o[0m
[15.390s] [ 33%] [32mBuilding CXX object CMakeFiles/debug_vect_advertiser.dir/src/examples/advertisers/debug_vect_advertiser.cpp.o[0m
[15.391s] [ 33%] [32mBuilding CXX object CMakeFiles/frame_transforms.dir/src/lib/frame_transforms.cpp.o[0m
[15.395s] [ 41%] [32mBuilding CXX object CMakeFiles/offboard_control.dir/src/examples/offboard/offboard_control.cpp.o[0m
[15.398s] [ 50%] [32mBuilding CXX object CMakeFiles/offboard_control_srv.dir/src/examples/offboard/offboard_control_srv.cpp.o[0m
[15.411s] [ 50%] Built target ament_cmake_python_copy_px4_ros_com
[15.744s] running egg_info
[15.767s] creating px4_ros_com.egg-info
[15.768s] writing px4_ros_com.egg-info/PKG-INFO
[15.769s] writing dependency_links to px4_ros_com.egg-info/dependency_links.txt
[15.769s] writing top-level names to px4_ros_com.egg-info/top_level.txt
[15.769s] writing manifest file 'px4_ros_com.egg-info/SOURCES.txt'
[15.838s] reading manifest file 'px4_ros_com.egg-info/SOURCES.txt'
[15.840s] writing manifest file 'px4_ros_com.egg-info/SOURCES.txt'
[15.889s] [ 50%] Built target ament_cmake_python_build_px4_ros_com_egg
[53.951s] [ 75%] [32m[1mLinking CXX executable offboard_control[0m
[54.025s] [ 75%] [32m[1mLinking CXX executable debug_vect_advertiser[0m
[54.025s] [ 75%] [32m[1mLinking CXX executable offboard_control_srv[0m
[54.064s] [ 83%] [32m[1mLinking CXX shared library libframe_transforms.so[0m
[56.324s] [ 83%] Built target frame_transforms
[56.417s] [ 83%] Built target debug_vect_advertiser
[56.442s] [ 83%] Built target offboard_control_srv
[56.442s] [ 83%] Built target offboard_control
[56.822s] [ 91%] [32m[1mLinking CXX executable sensor_combined_listener[0m
[57.185s] [100%] [32m[1mLinking CXX executable vehicle_gps_position_listener[0m
[57.700s] [100%] Built target sensor_combined_listener
[57.851s] [100%] Built target vehicle_gps_position_listener
[59.341s] Invoked command in '/home/nicks1811/muas_ros_workspace/build/px4_ros_com' returned '0': AMENT_PREFIX_PATH=/home/nicks1811/muas_ros_workspace/install/px4_msgs:${AMENT_PREFIX_PATH} CMAKE_PREFIX_PATH=/home/nicks1811/muas_ros_workspace/install/px4_msgs:/opt/ros/humble LD_LIBRARY_PATH=/home/nicks1811/muas_ros_workspace/install/px4_msgs/lib:${LD_LIBRARY_PATH} PYTHONPATH=/home/nicks1811/muas_ros_workspace/install/px4_msgs/local/lib/python3.10/dist-packages:${PYTHONPATH} /usr/bin/cmake --build /home/nicks1811/muas_ros_workspace/build/px4_ros_com -- -j16 -l16
[59.772s] Invoking command in '/home/nicks1811/muas_ros_workspace/build/px4_ros_com': AMENT_PREFIX_PATH=/home/nicks1811/muas_ros_workspace/install/px4_msgs:${AMENT_PREFIX_PATH} CMAKE_PREFIX_PATH=/home/nicks1811/muas_ros_workspace/install/px4_msgs:/opt/ros/humble LD_LIBRARY_PATH=/home/nicks1811/muas_ros_workspace/install/px4_msgs/lib:${LD_LIBRARY_PATH} PYTHONPATH=/home/nicks1811/muas_ros_workspace/install/px4_msgs/local/lib/python3.10/dist-packages:${PYTHONPATH} /usr/bin/cmake --install /home/nicks1811/muas_ros_workspace/build/px4_ros_com
[59.915s] -- Install configuration: ""
[59.935s] -- Installing: /home/nicks1811/muas_ros_workspace/install/px4_ros_com/lib/px4_ros_com/sensor_combined_listener
[59.944s] -- Set runtime path of "/home/nicks1811/muas_ros_workspace/install/px4_ros_com/lib/px4_ros_com/sensor_combined_listener" to ""
[59.944s] -- Installing: /home/nicks1811/muas_ros_workspace/install/px4_ros_com/lib/px4_ros_com/vehicle_gps_position_listener
[59.951s] -- Set runtime path of "/home/nicks1811/muas_ros_workspace/install/px4_ros_com/lib/px4_ros_com/vehicle_gps_position_listener" to ""
[59.951s] -- Installing: /home/nicks1811/muas_ros_workspace/install/px4_ros_com/lib/px4_ros_com/debug_vect_advertiser
[59.954s] -- Set runtime path of "/home/nicks1811/muas_ros_workspace/install/px4_ros_com/lib/px4_ros_com/debug_vect_advertiser" to ""
[59.954s] -- Installing: /home/nicks1811/muas_ros_workspace/install/px4_ros_com/lib/px4_ros_com/offboard_control
[59.957s] -- Set runtime path of "/home/nicks1811/muas_ros_workspace/install/px4_ros_com/lib/px4_ros_com/offboard_control" to ""
[59.957s] -- Installing: /home/nicks1811/muas_ros_workspace/install/px4_ros_com/lib/px4_ros_com/offboard_control_srv
[59.960s] -- Set runtime path of "/home/nicks1811/muas_ros_workspace/install/px4_ros_com/lib/px4_ros_com/offboard_control_srv" to ""
[59.963s] -- Installing: /home/nicks1811/muas_ros_workspace/install/px4_ros_com/share/px4_ros_com/environment/library_path.sh
[59.964s] -- Installing: /home/nicks1811/muas_ros_workspace/install/px4_ros_com/share/px4_ros_com/environment/library_path.dsv
[59.964s] -- Installing: /home/nicks1811/muas_ros_workspace/install/px4_ros_com/include/px4_ros_com
[59.966s] -- Installing: /home/nicks1811/muas_ros_workspace/install/px4_ros_com/include/px4_ros_com/frame_transforms.h
[59.967s] -- Installing: /home/nicks1811/muas_ros_workspace/install/px4_ros_com/lib/libframe_transforms.so
[59.975s] -- Set runtime path of "/home/nicks1811/muas_ros_workspace/install/px4_ros_com/lib/libframe_transforms.so" to ""
[59.975s] -- Installing: /home/nicks1811/muas_ros_workspace/install/px4_ros_com/share/px4_ros_com//launch
[59.976s] -- Installing: /home/nicks1811/muas_ros_workspace/install/px4_ros_com/share/px4_ros_com//launch/offboard_control_launch.yaml
[59.977s] -- Installing: /home/nicks1811/muas_ros_workspace/install/px4_ros_com/share/px4_ros_com//launch/sensor_combined_listener.launch.py
[59.978s] -- Installing: /home/nicks1811/muas_ros_workspace/install/px4_ros_com/share/px4_ros_com//test
[59.979s] -- Installing: /home/nicks1811/muas_ros_workspace/install/px4_ros_com/share/px4_ros_com//test/test_input.py
[59.979s] -- Installing: /home/nicks1811/muas_ros_workspace/install/px4_ros_com/share/px4_ros_com//test/pipeline_io_test.py
[59.980s] -- Installing: /home/nicks1811/muas_ros_workspace/install/px4_ros_com/share/px4_ros_com//test/__init__.py
[59.980s] -- Installing: /home/nicks1811/muas_ros_workspace/install/px4_ros_com/share/px4_ros_com//test/test_output.py
[59.981s] -- Installing: /home/nicks1811/muas_ros_workspace/install/px4_ros_com/share/px4_ros_com/environment/pythonpath.sh
[59.981s] -- Installing: /home/nicks1811/muas_ros_workspace/install/px4_ros_com/share/px4_ros_com/environment/pythonpath.dsv
[59.982s] -- Installing: /home/nicks1811/muas_ros_workspace/install/px4_ros_com/local/lib/python3.10/dist-packages/px4_ros_com-0.1.0-py3.10.egg-info
[59.985s] -- Installing: /home/nicks1811/muas_ros_workspace/install/px4_ros_com/local/lib/python3.10/dist-packages/px4_ros_com-0.1.0-py3.10.egg-info/PKG-INFO
[59.986s] -- Installing: /home/nicks1811/muas_ros_workspace/install/px4_ros_com/local/lib/python3.10/dist-packages/px4_ros_com-0.1.0-py3.10.egg-info/SOURCES.txt
[59.986s] -- Installing: /home/nicks1811/muas_ros_workspace/install/px4_ros_com/local/lib/python3.10/dist-packages/px4_ros_com-0.1.0-py3.10.egg-info/top_level.txt
[59.986s] -- Installing: /home/nicks1811/muas_ros_workspace/install/px4_ros_com/local/lib/python3.10/dist-packages/px4_ros_com-0.1.0-py3.10.egg-info/dependency_links.txt
[59.986s] -- Installing: /home/nicks1811/muas_ros_workspace/install/px4_ros_com/local/lib/python3.10/dist-packages/px4_ros_com
[59.987s] -- Installing: /home/nicks1811/muas_ros_workspace/install/px4_ros_com/local/lib/python3.10/dist-packages/px4_ros_com/module_to_import.py
[59.988s] -- Installing: /home/nicks1811/muas_ros_workspace/install/px4_ros_com/local/lib/python3.10/dist-packages/px4_ros_com/__init__.py
[60.281s] Listing '/home/nicks1811/muas_ros_workspace/install/px4_ros_com/local/lib/python3.10/dist-packages/px4_ros_com'...
[60.281s] Compiling '/home/nicks1811/muas_ros_workspace/install/px4_ros_com/local/lib/python3.10/dist-packages/px4_ros_com/__init__.py'...
[60.281s] Compiling '/home/nicks1811/muas_ros_workspace/install/px4_ros_com/local/lib/python3.10/dist-packages/px4_ros_com/module_to_import.py'...
[60.288s] -- Installing: /home/nicks1811/muas_ros_workspace/install/px4_ros_com/lib/px4_ros_com/offboard_control.py
[60.291s] -- Installing: /home/nicks1811/muas_ros_workspace/install/px4_ros_com/share/ament_index/resource_index/package_run_dependencies/px4_ros_com
[60.292s] -- Installing: /home/nicks1811/muas_ros_workspace/install/px4_ros_com/share/ament_index/resource_index/parent_prefix_path/px4_ros_com
[60.293s] -- Installing: /home/nicks1811/muas_ros_workspace/install/px4_ros_com/share/px4_ros_com/environment/ament_prefix_path.sh
[60.294s] -- Installing: /home/nicks1811/muas_ros_workspace/install/px4_ros_com/share/px4_ros_com/environment/ament_prefix_path.dsv
[60.294s] -- Installing: /home/nicks1811/muas_ros_workspace/install/px4_ros_com/share/px4_ros_com/environment/path.sh
[60.294s] -- Installing: /home/nicks1811/muas_ros_workspace/install/px4_ros_com/share/px4_ros_com/environment/path.dsv
[60.295s] -- Installing: /home/nicks1811/muas_ros_workspace/install/px4_ros_com/share/px4_ros_com/local_setup.bash
[60.295s] -- Installing: /home/nicks1811/muas_ros_workspace/install/px4_ros_com/share/px4_ros_com/local_setup.sh
[60.295s] -- Installing: /home/nicks1811/muas_ros_workspace/install/px4_ros_com/share/px4_ros_com/local_setup.zsh
[60.296s] -- Installing: /home/nicks1811/muas_ros_workspace/install/px4_ros_com/share/px4_ros_com/local_setup.dsv
[60.296s] -- Installing: /home/nicks1811/muas_ros_workspace/install/px4_ros_com/share/px4_ros_com/package.dsv
[60.297s] -- Installing: /home/nicks1811/muas_ros_workspace/install/px4_ros_com/share/ament_index/resource_index/packages/px4_ros_com
[60.298s] -- Installing: /home/nicks1811/muas_ros_workspace/install/px4_ros_com/share/px4_ros_com/cmake/export_frame_transformsExport.cmake
[60.298s] -- Installing: /home/nicks1811/muas_ros_workspace/install/px4_ros_com/share/px4_ros_com/cmake/export_frame_transformsExport-noconfig.cmake
[60.299s] -- Installing: /home/nicks1811/muas_ros_workspace/install/px4_ros_com/share/px4_ros_com/cmake/ament_cmake_export_dependencies-extras.cmake
[60.299s] -- Installing: /home/nicks1811/muas_ros_workspace/install/px4_ros_com/share/px4_ros_com/cmake/ament_cmake_export_targets-extras.cmake
[60.299s] -- Installing: /home/nicks1811/muas_ros_workspace/install/px4_ros_com/share/px4_ros_com/cmake/ament_cmake_export_include_directories-extras.cmake
[60.300s] -- Installing: /home/nicks1811/muas_ros_workspace/install/px4_ros_com/share/px4_ros_com/cmake/ament_cmake_export_libraries-extras.cmake
[60.300s] -- Installing: /home/nicks1811/muas_ros_workspace/install/px4_ros_com/share/px4_ros_com/cmake/px4_ros_comConfig.cmake
[60.300s] -- Installing: /home/nicks1811/muas_ros_workspace/install/px4_ros_com/share/px4_ros_com/cmake/px4_ros_comConfig-version.cmake
[60.301s] -- Installing: /home/nicks1811/muas_ros_workspace/install/px4_ros_com/share/px4_ros_com/package.xml
[60.378s] Invoked command in '/home/nicks1811/muas_ros_workspace/build/px4_ros_com' returned '0': AMENT_PREFIX_PATH=/home/nicks1811/muas_ros_workspace/install/px4_msgs:${AMENT_PREFIX_PATH} CMAKE_PREFIX_PATH=/home/nicks1811/muas_ros_workspace/install/px4_msgs:/opt/ros/humble LD_LIBRARY_PATH=/home/nicks1811/muas_ros_workspace/install/px4_msgs/lib:${LD_LIBRARY_PATH} PYTHONPATH=/home/nicks1811/muas_ros_workspace/install/px4_msgs/local/lib/python3.10/dist-packages:${PYTHONPATH} /usr/bin/cmake --install /home/nicks1811/muas_ros_workspace/build/px4_ros_com
