[0.695s] Invoking command in '/home/nicks1811/muas_ros_workspace/src/yolo_ros/yolo_ros': AMENT_PREFIX_PATH=/home/nicks1811/muas_ros_workspace/install/yolo_msgs:${AMENT_PREFIX_PATH} CMAKE_PREFIX_PATH=/home/nicks1811/muas_ros_workspace/install/yolo_msgs:${CMAKE_PREFIX_PATH} LD_LIBRARY_PATH=/home/nicks1811/muas_ros_workspace/install/yolo_msgs/lib:${LD_LIBRARY_PATH} PYTHONPATH=/home/nicks1811/muas_ros_workspace/build/yolo_ros/prefix_override:/usr/lib/python3/dist-packages/colcon_core/task/python/colcon_distutils_commands:/home/nicks1811/muas_ros_workspace/install/yolo_ros/lib/python3.10/site-packages:/home/nicks1811/muas_ros_workspace/install/yolo_msgs/local/lib/python3.10/dist-packages:${PYTHONPATH} /usr/bin/python3 -W ignore:setup.py install is deprecated -W ignore:easy_install command is deprecated setup.py egg_info --egg-base ../../../build/yolo_ros build --build-base /home/nicks1811/muas_ros_workspace/build/yolo_ros/build install --record /home/nicks1811/muas_ros_workspace/build/yolo_ros/install.log --single-version-externally-managed install_data
[0.832s] running egg_info
[0.839s] writing ../../../build/yolo_ros/yolo_ros.egg-info/PKG-INFO
[0.840s] writing dependency_links to ../../../build/yolo_ros/yolo_ros.egg-info/dependency_links.txt
[0.840s] writing entry points to ../../../build/yolo_ros/yolo_ros.egg-info/entry_points.txt
[0.840s] writing requirements to ../../../build/yolo_ros/yolo_ros.egg-info/requires.txt
[0.840s] writing top-level names to ../../../build/yolo_ros/yolo_ros.egg-info/top_level.txt
[0.858s] reading manifest file '../../../build/yolo_ros/yolo_ros.egg-info/SOURCES.txt'
[0.859s] writing manifest file '../../../build/yolo_ros/yolo_ros.egg-info/SOURCES.txt'
[0.859s] running build
[0.859s] running build_py
[0.859s] copying yolo_ros/yolo_node.py -> /home/nicks1811/muas_ros_workspace/build/yolo_ros/build/lib/yolo_ros
[0.859s] copying yolo_ros/debug_node.py -> /home/nicks1811/muas_ros_workspace/build/yolo_ros/build/lib/yolo_ros
[0.860s] copying yolo_ros/tracking_node.py -> /home/nicks1811/muas_ros_workspace/build/yolo_ros/build/lib/yolo_ros
[0.860s] copying yolo_ros/__init__.py -> /home/nicks1811/muas_ros_workspace/build/yolo_ros/build/lib/yolo_ros
[0.860s] copying yolo_ros/detect_3d_node.py -> /home/nicks1811/muas_ros_workspace/build/yolo_ros/build/lib/yolo_ros
[0.861s] running install
[0.864s] running install_lib
[0.876s] running install_data
[0.876s] copying resource/yolo_ros -> /home/nicks1811/muas_ros_workspace/install/yolo_ros/share/ament_index/resource_index/packages
[0.876s] copying package.xml -> /home/nicks1811/muas_ros_workspace/install/yolo_ros/share/yolo_ros
[0.876s] running install_egg_info
[0.884s] removing '/home/nicks1811/muas_ros_workspace/install/yolo_ros/lib/python3.10/site-packages/yolo_ros-0.0.0-py3.10.egg-info' (and everything under it)
[0.884s] Copying ../../../build/yolo_ros/yolo_ros.egg-info to /home/nicks1811/muas_ros_workspace/install/yolo_ros/lib/python3.10/site-packages/yolo_ros-0.0.0-py3.10.egg-info
[0.885s] running install_scripts
[0.956s] Installing debug_node script to /home/nicks1811/muas_ros_workspace/install/yolo_ros/lib/yolo_ros
[0.956s] Installing detect_3d_node script to /home/nicks1811/muas_ros_workspace/install/yolo_ros/lib/yolo_ros
[0.956s] Installing tracking_node script to /home/nicks1811/muas_ros_workspace/install/yolo_ros/lib/yolo_ros
[0.957s] Installing yolo_node script to /home/nicks1811/muas_ros_workspace/install/yolo_ros/lib/yolo_ros
[0.957s] writing list of installed files to '/home/nicks1811/muas_ros_workspace/build/yolo_ros/install.log'
[0.977s] Invoked command in '/home/nicks1811/muas_ros_workspace/src/yolo_ros/yolo_ros' returned '0': AMENT_PREFIX_PATH=/home/nicks1811/muas_ros_workspace/install/yolo_msgs:${AMENT_PREFIX_PATH} CMAKE_PREFIX_PATH=/home/nicks1811/muas_ros_workspace/install/yolo_msgs:${CMAKE_PREFIX_PATH} LD_LIBRARY_PATH=/home/nicks1811/muas_ros_workspace/install/yolo_msgs/lib:${LD_LIBRARY_PATH} PYTHONPATH=/home/nicks1811/muas_ros_workspace/build/yolo_ros/prefix_override:/usr/lib/python3/dist-packages/colcon_core/task/python/colcon_distutils_commands:/home/nicks1811/muas_ros_workspace/install/yolo_ros/lib/python3.10/site-packages:/home/nicks1811/muas_ros_workspace/install/yolo_msgs/local/lib/python3.10/dist-packages:${PYTHONPATH} /usr/bin/python3 -W ignore:setup.py install is deprecated -W ignore:easy_install command is deprecated setup.py egg_info --egg-base ../../../build/yolo_ros build --build-base /home/nicks1811/muas_ros_workspace/build/yolo_ros/build install --record /home/nicks1811/muas_ros_workspace/build/yolo_ros/install.log --single-version-externally-managed install_data
