[0.015s] Invoking command in '/home/nicks1811/muas_ros_workspace/build/yolo_msgs': CMAKE_PREFIX_PATH=/home/nicks1811/muas_ros_workspace/install/vision_pkg:/home/nicks1811/muas_ros_workspace/install/gnc_trajectory:/opt/ros/humble:/home/nicks1811/muas_ros_workspace/install/gnc_msgs /usr/bin/cmake --build /home/nicks1811/muas_ros_workspace/build/yolo_msgs -- -j12 -l12
[0.048s] [  0%] Built target yolo_msgs__cpp
[0.052s] [ 12%] Built target yolo_msgs__rosidl_generator_c
[0.056s] [ 12%] Built target ament_cmake_python_copy_yolo_msgs
[0.061s] [35m[1mConsolidate compiler generated dependencies of target yolo_msgs__rosidl_typesupport_c[0m
[0.066s] [35m[1mConsolidate compiler generated dependencies of target yolo_msgs__rosidl_typesupport_cpp[0m
[0.066s] [35m[1mConsolidate compiler generated dependencies of target yolo_msgs__rosidl_typesupport_introspection_cpp[0m
[0.067s] [35m[1mConsolidate compiler generated dependencies of target yolo_msgs__rosidl_typesupport_introspection_c[0m
[0.067s] [35m[1mConsolidate compiler generated dependencies of target yolo_msgs__rosidl_typesupport_fastrtps_cpp[0m
[0.069s] [35m[1mConsolidate compiler generated dependencies of target yolo_msgs__rosidl_typesupport_fastrtps_c[0m
[0.077s] [ 24%] Built target yolo_msgs__rosidl_typesupport_c
[0.084s] [ 36%] Built target yolo_msgs__rosidl_typesupport_introspection_c
[0.089s] [ 48%] Built target yolo_msgs__rosidl_typesupport_cpp
[0.091s] [ 60%] Built target yolo_msgs__rosidl_typesupport_introspection_cpp
[0.092s] [ 72%] Built target yolo_msgs__rosidl_typesupport_fastrtps_cpp
[0.095s] [ 84%] Built target yolo_msgs__rosidl_typesupport_fastrtps_c
[0.110s] [ 84%] Built target yolo_msgs
[0.126s] [ 85%] Built target yolo_msgs__py
[0.155s] [ 96%] Built target yolo_msgs__rosidl_generator_py
[0.177s] [ 97%] Built target yolo_msgs__rosidl_typesupport_fastrtps_c__pyext
[0.178s] [ 99%] Built target yolo_msgs__rosidl_typesupport_introspection_c__pyext
[0.178s] [100%] Built target yolo_msgs__rosidl_typesupport_c__pyext
[0.209s] running egg_info
[0.217s] writing yolo_msgs.egg-info/PKG-INFO
[0.218s] writing dependency_links to yolo_msgs.egg-info/dependency_links.txt
[0.218s] writing top-level names to yolo_msgs.egg-info/top_level.txt
[0.241s] reading manifest file 'yolo_msgs.egg-info/SOURCES.txt'
[0.241s] writing manifest file 'yolo_msgs.egg-info/SOURCES.txt'
[0.262s] [100%] Built target ament_cmake_python_build_yolo_msgs_egg
[0.270s] Invoked command in '/home/nicks1811/muas_ros_workspace/build/yolo_msgs' returned '0': CMAKE_PREFIX_PATH=/home/nicks1811/muas_ros_workspace/install/vision_pkg:/home/nicks1811/muas_ros_workspace/install/gnc_trajectory:/opt/ros/humble:/home/nicks1811/muas_ros_workspace/install/gnc_msgs /usr/bin/cmake --build /home/nicks1811/muas_ros_workspace/build/yolo_msgs -- -j12 -l12
[0.271s] Invoking command in '/home/nicks1811/muas_ros_workspace/build/yolo_msgs': CMAKE_PREFIX_PATH=/home/nicks1811/muas_ros_workspace/install/vision_pkg:/home/nicks1811/muas_ros_workspace/install/gnc_trajectory:/opt/ros/humble:/home/nicks1811/muas_ros_workspace/install/gnc_msgs /usr/bin/cmake --install /home/nicks1811/muas_ros_workspace/build/yolo_msgs
[0.276s] -- Install configuration: ""
[0.277s] -- Up-to-date: /home/nicks1811/muas_ros_workspace/install/yolo_msgs/share/ament_index/resource_index/rosidl_interfaces/yolo_msgs
[0.277s] -- Up-to-date: /home/nicks1811/muas_ros_workspace/install/yolo_msgs/include/yolo_msgs/yolo_msgs
[0.277s] -- Up-to-date: /home/nicks1811/muas_ros_workspace/install/yolo_msgs/include/yolo_msgs/yolo_msgs/srv
[0.278s] -- Up-to-date: /home/nicks1811/muas_ros_workspace/install/yolo_msgs/include/yolo_msgs/yolo_msgs/srv/detail
[0.278s] -- Up-to-date: /home/nicks1811/muas_ros_workspace/install/yolo_msgs/include/yolo_msgs/yolo_msgs/srv/detail/set_classes__functions.c
[0.278s] -- Up-to-date: /home/nicks1811/muas_ros_workspace/install/yolo_msgs/include/yolo_msgs/yolo_msgs/srv/detail/set_classes__struct.h
[0.278s] -- Up-to-date: /home/nicks1811/muas_ros_workspace/install/yolo_msgs/include/yolo_msgs/yolo_msgs/srv/detail/set_classes__functions.h
[0.278s] -- Up-to-date: /home/nicks1811/muas_ros_workspace/install/yolo_msgs/include/yolo_msgs/yolo_msgs/srv/detail/set_classes__type_support.h
[0.279s] -- Up-to-date: /home/nicks1811/muas_ros_workspace/install/yolo_msgs/include/yolo_msgs/yolo_msgs/srv/set_classes.h
[0.279s] -- Up-to-date: /home/nicks1811/muas_ros_workspace/install/yolo_msgs/include/yolo_msgs/yolo_msgs/msg
[0.279s] -- Up-to-date: /home/nicks1811/muas_ros_workspace/install/yolo_msgs/include/yolo_msgs/yolo_msgs/msg/pose2_d.h
[0.279s] -- Up-to-date: /home/nicks1811/muas_ros_workspace/install/yolo_msgs/include/yolo_msgs/yolo_msgs/msg/detection_array.h
[0.279s] -- Up-to-date: /home/nicks1811/muas_ros_workspace/install/yolo_msgs/include/yolo_msgs/yolo_msgs/msg/mask.h
[0.279s] -- Up-to-date: /home/nicks1811/muas_ros_workspace/install/yolo_msgs/include/yolo_msgs/yolo_msgs/msg/detail
[0.280s] -- Up-to-date: /home/nicks1811/muas_ros_workspace/install/yolo_msgs/include/yolo_msgs/yolo_msgs/msg/detail/pose2_d__functions.c
[0.280s] -- Up-to-date: /home/nicks1811/muas_ros_workspace/install/yolo_msgs/include/yolo_msgs/yolo_msgs/msg/detail/key_point2_d_array__functions.h
[0.280s] -- Up-to-date: /home/nicks1811/muas_ros_workspace/install/yolo_msgs/include/yolo_msgs/yolo_msgs/msg/detail/key_point3_d__functions.c
[0.280s] -- Up-to-date: /home/nicks1811/muas_ros_workspace/install/yolo_msgs/include/yolo_msgs/yolo_msgs/msg/detail/bounding_box2_d__type_support.h
[0.280s] -- Up-to-date: /home/nicks1811/muas_ros_workspace/install/yolo_msgs/include/yolo_msgs/yolo_msgs/msg/detail/mask__functions.h
[0.280s] -- Up-to-date: /home/nicks1811/muas_ros_workspace/install/yolo_msgs/include/yolo_msgs/yolo_msgs/msg/detail/mask__functions.c
[0.281s] -- Up-to-date: /home/nicks1811/muas_ros_workspace/install/yolo_msgs/include/yolo_msgs/yolo_msgs/msg/detail/key_point2_d_array__type_support.h
[0.281s] -- Up-to-date: /home/nicks1811/muas_ros_workspace/install/yolo_msgs/include/yolo_msgs/yolo_msgs/msg/detail/point2_d__type_support.h
[0.281s] -- Up-to-date: /home/nicks1811/muas_ros_workspace/install/yolo_msgs/include/yolo_msgs/yolo_msgs/msg/detail/key_point3_d_array__type_support.h
[0.281s] -- Up-to-date: /home/nicks1811/muas_ros_workspace/install/yolo_msgs/include/yolo_msgs/yolo_msgs/msg/detail/detection__functions.h
[0.281s] -- Up-to-date: /home/nicks1811/muas_ros_workspace/install/yolo_msgs/include/yolo_msgs/yolo_msgs/msg/detail/key_point2_d__type_support.h
[0.281s] -- Up-to-date: /home/nicks1811/muas_ros_workspace/install/yolo_msgs/include/yolo_msgs/yolo_msgs/msg/detail/mask__struct.h
[0.281s] -- Up-to-date: /home/nicks1811/muas_ros_workspace/install/yolo_msgs/include/yolo_msgs/yolo_msgs/msg/detail/key_point2_d_array__struct.h
[0.281s] -- Up-to-date: /home/nicks1811/muas_ros_workspace/install/yolo_msgs/include/yolo_msgs/yolo_msgs/msg/detail/key_point3_d_array__functions.h
[0.281s] -- Up-to-date: /home/nicks1811/muas_ros_workspace/install/yolo_msgs/include/yolo_msgs/yolo_msgs/msg/detail/detection__type_support.h
[0.282s] -- Up-to-date: /home/nicks1811/muas_ros_workspace/install/yolo_msgs/include/yolo_msgs/yolo_msgs/msg/detail/point2_d__struct.h
[0.282s] -- Up-to-date: /home/nicks1811/muas_ros_workspace/install/yolo_msgs/include/yolo_msgs/yolo_msgs/msg/detail/key_point2_d_array__functions.c
[0.282s] -- Up-to-date: /home/nicks1811/muas_ros_workspace/install/yolo_msgs/include/yolo_msgs/yolo_msgs/msg/detail/pose2_d__functions.h
[0.282s] -- Up-to-date: /home/nicks1811/muas_ros_workspace/install/yolo_msgs/include/yolo_msgs/yolo_msgs/msg/detail/vector2__functions.c
[0.282s] -- Up-to-date: /home/nicks1811/muas_ros_workspace/install/yolo_msgs/include/yolo_msgs/yolo_msgs/msg/detail/detection_array__functions.h
[0.282s] -- Up-to-date: /home/nicks1811/muas_ros_workspace/install/yolo_msgs/include/yolo_msgs/yolo_msgs/msg/detail/bounding_box2_d__functions.h
[0.282s] -- Up-to-date: /home/nicks1811/muas_ros_workspace/install/yolo_msgs/include/yolo_msgs/yolo_msgs/msg/detail/key_point2_d__functions.c
[0.282s] -- Up-to-date: /home/nicks1811/muas_ros_workspace/install/yolo_msgs/include/yolo_msgs/yolo_msgs/msg/detail/bounding_box2_d__functions.c
[0.282s] -- Up-to-date: /home/nicks1811/muas_ros_workspace/install/yolo_msgs/include/yolo_msgs/yolo_msgs/msg/detail/detection__struct.h
[0.282s] -- Up-to-date: /home/nicks1811/muas_ros_workspace/install/yolo_msgs/include/yolo_msgs/yolo_msgs/msg/detail/detection_array__functions.c
[0.282s] -- Up-to-date: /home/nicks1811/muas_ros_workspace/install/yolo_msgs/include/yolo_msgs/yolo_msgs/msg/detail/vector2__functions.h
[0.282s] -- Up-to-date: /home/nicks1811/muas_ros_workspace/install/yolo_msgs/include/yolo_msgs/yolo_msgs/msg/detail/key_point2_d__struct.h
[0.282s] -- Up-to-date: /home/nicks1811/muas_ros_workspace/install/yolo_msgs/include/yolo_msgs/yolo_msgs/msg/detail/pose2_d__type_support.h
[0.282s] -- Up-to-date: /home/nicks1811/muas_ros_workspace/install/yolo_msgs/include/yolo_msgs/yolo_msgs/msg/detail/vector2__type_support.h
[0.283s] -- Up-to-date: /home/nicks1811/muas_ros_workspace/install/yolo_msgs/include/yolo_msgs/yolo_msgs/msg/detail/bounding_box3_d__type_support.h
[0.283s] -- Up-to-date: /home/nicks1811/muas_ros_workspace/install/yolo_msgs/include/yolo_msgs/yolo_msgs/msg/detail/key_point3_d__type_support.h
[0.283s] -- Up-to-date: /home/nicks1811/muas_ros_workspace/install/yolo_msgs/include/yolo_msgs/yolo_msgs/msg/detail/mask__type_support.h
[0.283s] -- Up-to-date: /home/nicks1811/muas_ros_workspace/install/yolo_msgs/include/yolo_msgs/yolo_msgs/msg/detail/pose2_d__struct.h
[0.283s] -- Up-to-date: /home/nicks1811/muas_ros_workspace/install/yolo_msgs/include/yolo_msgs/yolo_msgs/msg/detail/key_point2_d__functions.h
[0.283s] -- Up-to-date: /home/nicks1811/muas_ros_workspace/install/yolo_msgs/include/yolo_msgs/yolo_msgs/msg/detail/detection__functions.c
[0.283s] -- Up-to-date: /home/nicks1811/muas_ros_workspace/install/yolo_msgs/include/yolo_msgs/yolo_msgs/msg/detail/key_point3_d__functions.h
[0.283s] -- Up-to-date: /home/nicks1811/muas_ros_workspace/install/yolo_msgs/include/yolo_msgs/yolo_msgs/msg/detail/detection_array__struct.h
[0.283s] -- Up-to-date: /home/nicks1811/muas_ros_workspace/install/yolo_msgs/include/yolo_msgs/yolo_msgs/msg/detail/point2_d__functions.c
[0.283s] -- Up-to-date: /home/nicks1811/muas_ros_workspace/install/yolo_msgs/include/yolo_msgs/yolo_msgs/msg/detail/point2_d__functions.h
[0.283s] -- Up-to-date: /home/nicks1811/muas_ros_workspace/install/yolo_msgs/include/yolo_msgs/yolo_msgs/msg/detail/key_point3_d__struct.h
[0.283s] -- Up-to-date: /home/nicks1811/muas_ros_workspace/install/yolo_msgs/include/yolo_msgs/yolo_msgs/msg/detail/bounding_box2_d__struct.h
[0.283s] -- Up-to-date: /home/nicks1811/muas_ros_workspace/install/yolo_msgs/include/yolo_msgs/yolo_msgs/msg/detail/bounding_box3_d__functions.h
[0.283s] -- Up-to-date: /home/nicks1811/muas_ros_workspace/install/yolo_msgs/include/yolo_msgs/yolo_msgs/msg/detail/bounding_box3_d__functions.c
[0.284s] -- Up-to-date: /home/nicks1811/muas_ros_workspace/install/yolo_msgs/include/yolo_msgs/yolo_msgs/msg/detail/detection_array__type_support.h
[0.284s] -- Up-to-date: /home/nicks1811/muas_ros_workspace/install/yolo_msgs/include/yolo_msgs/yolo_msgs/msg/detail/bounding_box3_d__struct.h
[0.284s] -- Up-to-date: /home/nicks1811/muas_ros_workspace/install/yolo_msgs/include/yolo_msgs/yolo_msgs/msg/detail/key_point3_d_array__struct.h
[0.284s] -- Up-to-date: /home/nicks1811/muas_ros_workspace/install/yolo_msgs/include/yolo_msgs/yolo_msgs/msg/detail/vector2__struct.h
[0.284s] -- Up-to-date: /home/nicks1811/muas_ros_workspace/install/yolo_msgs/include/yolo_msgs/yolo_msgs/msg/detail/key_point3_d_array__functions.c
[0.284s] -- Up-to-date: /home/nicks1811/muas_ros_workspace/install/yolo_msgs/include/yolo_msgs/yolo_msgs/msg/point2_d.h
[0.284s] -- Up-to-date: /home/nicks1811/muas_ros_workspace/install/yolo_msgs/include/yolo_msgs/yolo_msgs/msg/key_point2_d_array.h
[0.284s] -- Up-to-date: /home/nicks1811/muas_ros_workspace/install/yolo_msgs/include/yolo_msgs/yolo_msgs/msg/detection.h
[0.284s] -- Up-to-date: /home/nicks1811/muas_ros_workspace/install/yolo_msgs/include/yolo_msgs/yolo_msgs/msg/bounding_box2_d.h
[0.284s] -- Up-to-date: /home/nicks1811/muas_ros_workspace/install/yolo_msgs/include/yolo_msgs/yolo_msgs/msg/bounding_box3_d.h
[0.284s] -- Up-to-date: /home/nicks1811/muas_ros_workspace/install/yolo_msgs/include/yolo_msgs/yolo_msgs/msg/rosidl_generator_c__visibility_control.h
[0.284s] -- Up-to-date: /home/nicks1811/muas_ros_workspace/install/yolo_msgs/include/yolo_msgs/yolo_msgs/msg/key_point3_d.h
[0.284s] -- Up-to-date: /home/nicks1811/muas_ros_workspace/install/yolo_msgs/include/yolo_msgs/yolo_msgs/msg/key_point2_d.h
[0.285s] -- Up-to-date: /home/nicks1811/muas_ros_workspace/install/yolo_msgs/include/yolo_msgs/yolo_msgs/msg/key_point3_d_array.h
[0.285s] -- Up-to-date: /home/nicks1811/muas_ros_workspace/install/yolo_msgs/include/yolo_msgs/yolo_msgs/msg/vector2.h
[0.285s] -- Up-to-date: /home/nicks1811/muas_ros_workspace/install/yolo_msgs/share/yolo_msgs/environment/library_path.sh
[0.285s] -- Up-to-date: /home/nicks1811/muas_ros_workspace/install/yolo_msgs/share/yolo_msgs/environment/library_path.dsv
[0.285s] -- Up-to-date: /home/nicks1811/muas_ros_workspace/install/yolo_msgs/lib/libyolo_msgs__rosidl_generator_c.so
[0.285s] -- Up-to-date: /home/nicks1811/muas_ros_workspace/install/yolo_msgs/include/yolo_msgs/yolo_msgs
[0.285s] -- Up-to-date: /home/nicks1811/muas_ros_workspace/install/yolo_msgs/include/yolo_msgs/yolo_msgs/srv
[0.285s] -- Up-to-date: /home/nicks1811/muas_ros_workspace/install/yolo_msgs/include/yolo_msgs/yolo_msgs/srv/detail
[0.285s] -- Up-to-date: /home/nicks1811/muas_ros_workspace/install/yolo_msgs/include/yolo_msgs/yolo_msgs/srv/detail/set_classes__rosidl_typesupport_fastrtps_c.h
[0.285s] -- Up-to-date: /home/nicks1811/muas_ros_workspace/install/yolo_msgs/include/yolo_msgs/yolo_msgs/msg
[0.285s] -- Up-to-date: /home/nicks1811/muas_ros_workspace/install/yolo_msgs/include/yolo_msgs/yolo_msgs/msg/detail
[0.285s] -- Up-to-date: /home/nicks1811/muas_ros_workspace/install/yolo_msgs/include/yolo_msgs/yolo_msgs/msg/detail/key_point3_d__rosidl_typesupport_fastrtps_c.h
[0.285s] -- Up-to-date: /home/nicks1811/muas_ros_workspace/install/yolo_msgs/include/yolo_msgs/yolo_msgs/msg/detail/key_point3_d_array__rosidl_typesupport_fastrtps_c.h
[0.285s] -- Up-to-date: /home/nicks1811/muas_ros_workspace/install/yolo_msgs/include/yolo_msgs/yolo_msgs/msg/detail/detection_array__rosidl_typesupport_fastrtps_c.h
[0.285s] -- Up-to-date: /home/nicks1811/muas_ros_workspace/install/yolo_msgs/include/yolo_msgs/yolo_msgs/msg/detail/bounding_box2_d__rosidl_typesupport_fastrtps_c.h
[0.285s] -- Up-to-date: /home/nicks1811/muas_ros_workspace/install/yolo_msgs/include/yolo_msgs/yolo_msgs/msg/detail/detection__rosidl_typesupport_fastrtps_c.h
[0.285s] -- Up-to-date: /home/nicks1811/muas_ros_workspace/install/yolo_msgs/include/yolo_msgs/yolo_msgs/msg/detail/mask__rosidl_typesupport_fastrtps_c.h
[0.285s] -- Up-to-date: /home/nicks1811/muas_ros_workspace/install/yolo_msgs/include/yolo_msgs/yolo_msgs/msg/detail/pose2_d__rosidl_typesupport_fastrtps_c.h
[0.285s] -- Up-to-date: /home/nicks1811/muas_ros_workspace/install/yolo_msgs/include/yolo_msgs/yolo_msgs/msg/detail/key_point2_d__rosidl_typesupport_fastrtps_c.h
[0.285s] -- Up-to-date: /home/nicks1811/muas_ros_workspace/install/yolo_msgs/include/yolo_msgs/yolo_msgs/msg/detail/vector2__rosidl_typesupport_fastrtps_c.h
[0.285s] -- Up-to-date: /home/nicks1811/muas_ros_workspace/install/yolo_msgs/include/yolo_msgs/yolo_msgs/msg/detail/key_point2_d_array__rosidl_typesupport_fastrtps_c.h
[0.285s] -- Up-to-date: /home/nicks1811/muas_ros_workspace/install/yolo_msgs/include/yolo_msgs/yolo_msgs/msg/detail/point2_d__rosidl_typesupport_fastrtps_c.h
[0.285s] -- Up-to-date: /home/nicks1811/muas_ros_workspace/install/yolo_msgs/include/yolo_msgs/yolo_msgs/msg/detail/bounding_box3_d__rosidl_typesupport_fastrtps_c.h
[0.285s] -- Up-to-date: /home/nicks1811/muas_ros_workspace/install/yolo_msgs/include/yolo_msgs/yolo_msgs/msg/rosidl_typesupport_fastrtps_c__visibility_control.h
[0.285s] -- Up-to-date: /home/nicks1811/muas_ros_workspace/install/yolo_msgs/lib/libyolo_msgs__rosidl_typesupport_fastrtps_c.so
[0.285s] -- Up-to-date: /home/nicks1811/muas_ros_workspace/install/yolo_msgs/include/yolo_msgs/yolo_msgs
[0.285s] -- Up-to-date: /home/nicks1811/muas_ros_workspace/install/yolo_msgs/include/yolo_msgs/yolo_msgs/srv
[0.285s] -- Up-to-date: /home/nicks1811/muas_ros_workspace/install/yolo_msgs/include/yolo_msgs/yolo_msgs/srv/detail
[0.285s] -- Up-to-date: /home/nicks1811/muas_ros_workspace/install/yolo_msgs/include/yolo_msgs/yolo_msgs/srv/detail/set_classes__type_support.c
[0.285s] -- Up-to-date: /home/nicks1811/muas_ros_workspace/install/yolo_msgs/include/yolo_msgs/yolo_msgs/srv/detail/set_classes__rosidl_typesupport_introspection_c.h
[0.285s] -- Up-to-date: /home/nicks1811/muas_ros_workspace/install/yolo_msgs/include/yolo_msgs/yolo_msgs/msg
[0.285s] -- Up-to-date: /home/nicks1811/muas_ros_workspace/install/yolo_msgs/include/yolo_msgs/yolo_msgs/msg/detail
[0.285s] -- Up-to-date: /home/nicks1811/muas_ros_workspace/install/yolo_msgs/include/yolo_msgs/yolo_msgs/msg/detail/bounding_box2_d__rosidl_typesupport_introspection_c.h
[0.285s] -- Up-to-date: /home/nicks1811/muas_ros_workspace/install/yolo_msgs/include/yolo_msgs/yolo_msgs/msg/detail/mask__rosidl_typesupport_introspection_c.h
[0.285s] -- Up-to-date: /home/nicks1811/muas_ros_workspace/install/yolo_msgs/include/yolo_msgs/yolo_msgs/msg/detail/key_point3_d__rosidl_typesupport_introspection_c.h
[0.285s] -- Up-to-date: /home/nicks1811/muas_ros_workspace/install/yolo_msgs/include/yolo_msgs/yolo_msgs/msg/detail/key_point2_d__rosidl_typesupport_introspection_c.h
[0.285s] -- Up-to-date: /home/nicks1811/muas_ros_workspace/install/yolo_msgs/include/yolo_msgs/yolo_msgs/msg/detail/key_point3_d_array__type_support.c
[0.285s] -- Up-to-date: /home/nicks1811/muas_ros_workspace/install/yolo_msgs/include/yolo_msgs/yolo_msgs/msg/detail/bounding_box3_d__rosidl_typesupport_introspection_c.h
[0.285s] -- Up-to-date: /home/nicks1811/muas_ros_workspace/install/yolo_msgs/include/yolo_msgs/yolo_msgs/msg/detail/pose2_d__rosidl_typesupport_introspection_c.h
[0.285s] -- Up-to-date: /home/nicks1811/muas_ros_workspace/install/yolo_msgs/include/yolo_msgs/yolo_msgs/msg/detail/detection__rosidl_typesupport_introspection_c.h
[0.285s] -- Up-to-date: /home/nicks1811/muas_ros_workspace/install/yolo_msgs/include/yolo_msgs/yolo_msgs/msg/detail/point2_d__rosidl_typesupport_introspection_c.h
[0.286s] -- Up-to-date: /home/nicks1811/muas_ros_workspace/install/yolo_msgs/include/yolo_msgs/yolo_msgs/msg/detail/point2_d__type_support.c
[0.286s] -- Up-to-date: /home/nicks1811/muas_ros_workspace/install/yolo_msgs/include/yolo_msgs/yolo_msgs/msg/detail/detection__type_support.c
[0.286s] -- Up-to-date: /home/nicks1811/muas_ros_workspace/install/yolo_msgs/include/yolo_msgs/yolo_msgs/msg/detail/vector2__rosidl_typesupport_introspection_c.h
[0.286s] -- Up-to-date: /home/nicks1811/muas_ros_workspace/install/yolo_msgs/include/yolo_msgs/yolo_msgs/msg/detail/detection_array__rosidl_typesupport_introspection_c.h
[0.286s] -- Up-to-date: /home/nicks1811/muas_ros_workspace/install/yolo_msgs/include/yolo_msgs/yolo_msgs/msg/detail/pose2_d__type_support.c
[0.286s] -- Up-to-date: /home/nicks1811/muas_ros_workspace/install/yolo_msgs/include/yolo_msgs/yolo_msgs/msg/detail/key_point2_d_array__rosidl_typesupport_introspection_c.h
[0.286s] -- Up-to-date: /home/nicks1811/muas_ros_workspace/install/yolo_msgs/include/yolo_msgs/yolo_msgs/msg/detail/vector2__type_support.c
[0.286s] -- Up-to-date: /home/nicks1811/muas_ros_workspace/install/yolo_msgs/include/yolo_msgs/yolo_msgs/msg/detail/key_point2_d_array__type_support.c
[0.286s] -- Up-to-date: /home/nicks1811/muas_ros_workspace/install/yolo_msgs/include/yolo_msgs/yolo_msgs/msg/detail/bounding_box3_d__type_support.c
[0.286s] -- Up-to-date: /home/nicks1811/muas_ros_workspace/install/yolo_msgs/include/yolo_msgs/yolo_msgs/msg/detail/detection_array__type_support.c
[0.286s] -- Up-to-date: /home/nicks1811/muas_ros_workspace/install/yolo_msgs/include/yolo_msgs/yolo_msgs/msg/detail/bounding_box2_d__type_support.c
[0.286s] -- Up-to-date: /home/nicks1811/muas_ros_workspace/install/yolo_msgs/include/yolo_msgs/yolo_msgs/msg/detail/key_point3_d__type_support.c
[0.286s] -- Up-to-date: /home/nicks1811/muas_ros_workspace/install/yolo_msgs/include/yolo_msgs/yolo_msgs/msg/detail/key_point3_d_array__rosidl_typesupport_introspection_c.h
[0.286s] -- Up-to-date: /home/nicks1811/muas_ros_workspace/install/yolo_msgs/include/yolo_msgs/yolo_msgs/msg/detail/mask__type_support.c
[0.286s] -- Up-to-date: /home/nicks1811/muas_ros_workspace/install/yolo_msgs/include/yolo_msgs/yolo_msgs/msg/detail/key_point2_d__type_support.c
[0.286s] -- Up-to-date: /home/nicks1811/muas_ros_workspace/install/yolo_msgs/include/yolo_msgs/yolo_msgs/msg/rosidl_typesupport_introspection_c__visibility_control.h
[0.286s] -- Up-to-date: /home/nicks1811/muas_ros_workspace/install/yolo_msgs/lib/libyolo_msgs__rosidl_typesupport_introspection_c.so
[0.286s] -- Up-to-date: /home/nicks1811/muas_ros_workspace/install/yolo_msgs/lib/libyolo_msgs__rosidl_typesupport_c.so
[0.286s] -- Up-to-date: /home/nicks1811/muas_ros_workspace/install/yolo_msgs/include/yolo_msgs/yolo_msgs
[0.286s] -- Up-to-date: /home/nicks1811/muas_ros_workspace/install/yolo_msgs/include/yolo_msgs/yolo_msgs/srv
[0.286s] -- Up-to-date: /home/nicks1811/muas_ros_workspace/install/yolo_msgs/include/yolo_msgs/yolo_msgs/srv/detail
[0.286s] -- Up-to-date: /home/nicks1811/muas_ros_workspace/install/yolo_msgs/include/yolo_msgs/yolo_msgs/srv/detail/set_classes__builder.hpp
[0.286s] -- Up-to-date: /home/nicks1811/muas_ros_workspace/install/yolo_msgs/include/yolo_msgs/yolo_msgs/srv/detail/set_classes__type_support.hpp
[0.286s] -- Up-to-date: /home/nicks1811/muas_ros_workspace/install/yolo_msgs/include/yolo_msgs/yolo_msgs/srv/detail/set_classes__struct.hpp
[0.286s] -- Up-to-date: /home/nicks1811/muas_ros_workspace/install/yolo_msgs/include/yolo_msgs/yolo_msgs/srv/detail/set_classes__traits.hpp
[0.286s] -- Up-to-date: /home/nicks1811/muas_ros_workspace/install/yolo_msgs/include/yolo_msgs/yolo_msgs/srv/set_classes.hpp
[0.286s] -- Up-to-date: /home/nicks1811/muas_ros_workspace/install/yolo_msgs/include/yolo_msgs/yolo_msgs/msg
[0.286s] -- Up-to-date: /home/nicks1811/muas_ros_workspace/install/yolo_msgs/include/yolo_msgs/yolo_msgs/msg/bounding_box3_d.hpp
[0.286s] -- Up-to-date: /home/nicks1811/muas_ros_workspace/install/yolo_msgs/include/yolo_msgs/yolo_msgs/msg/mask.hpp
[0.286s] -- Up-to-date: /home/nicks1811/muas_ros_workspace/install/yolo_msgs/include/yolo_msgs/yolo_msgs/msg/detection_array.hpp
[0.286s] -- Up-to-date: /home/nicks1811/muas_ros_workspace/install/yolo_msgs/include/yolo_msgs/yolo_msgs/msg/detail
[0.286s] -- Up-to-date: /home/nicks1811/muas_ros_workspace/install/yolo_msgs/include/yolo_msgs/yolo_msgs/msg/detail/key_point3_d__builder.hpp
[0.286s] -- Up-to-date: /home/nicks1811/muas_ros_workspace/install/yolo_msgs/include/yolo_msgs/yolo_msgs/msg/detail/key_point3_d__traits.hpp
[0.286s] -- Up-to-date: /home/nicks1811/muas_ros_workspace/install/yolo_msgs/include/yolo_msgs/yolo_msgs/msg/detail/point2_d__traits.hpp
[0.286s] -- Up-to-date: /home/nicks1811/muas_ros_workspace/install/yolo_msgs/include/yolo_msgs/yolo_msgs/msg/detail/detection__traits.hpp
[0.286s] -- Up-to-date: /home/nicks1811/muas_ros_workspace/install/yolo_msgs/include/yolo_msgs/yolo_msgs/msg/detail/detection__struct.hpp
[0.286s] -- Up-to-date: /home/nicks1811/muas_ros_workspace/install/yolo_msgs/include/yolo_msgs/yolo_msgs/msg/detail/bounding_box3_d__type_support.hpp
[0.287s] -- Up-to-date: /home/nicks1811/muas_ros_workspace/install/yolo_msgs/include/yolo_msgs/yolo_msgs/msg/detail/detection__builder.hpp
[0.287s] -- Up-to-date: /home/nicks1811/muas_ros_workspace/install/yolo_msgs/include/yolo_msgs/yolo_msgs/msg/detail/key_point3_d_array__builder.hpp
[0.287s] -- Up-to-date: /home/nicks1811/muas_ros_workspace/install/yolo_msgs/include/yolo_msgs/yolo_msgs/msg/detail/mask__builder.hpp
[0.287s] -- Up-to-date: /home/nicks1811/muas_ros_workspace/install/yolo_msgs/include/yolo_msgs/yolo_msgs/msg/detail/detection__type_support.hpp
[0.287s] -- Up-to-date: /home/nicks1811/muas_ros_workspace/install/yolo_msgs/include/yolo_msgs/yolo_msgs/msg/detail/key_point2_d__type_support.hpp
[0.287s] -- Up-to-date: /home/nicks1811/muas_ros_workspace/install/yolo_msgs/include/yolo_msgs/yolo_msgs/msg/detail/key_point3_d_array__struct.hpp
[0.287s] -- Up-to-date: /home/nicks1811/muas_ros_workspace/install/yolo_msgs/include/yolo_msgs/yolo_msgs/msg/detail/bounding_box2_d__builder.hpp
[0.287s] -- Up-to-date: /home/nicks1811/muas_ros_workspace/install/yolo_msgs/include/yolo_msgs/yolo_msgs/msg/detail/key_point2_d_array__traits.hpp
[0.287s] -- Up-to-date: /home/nicks1811/muas_ros_workspace/install/yolo_msgs/include/yolo_msgs/yolo_msgs/msg/detail/key_point2_d__builder.hpp
[0.287s] -- Up-to-date: /home/nicks1811/muas_ros_workspace/install/yolo_msgs/include/yolo_msgs/yolo_msgs/msg/detail/key_point2_d_array__type_support.hpp
[0.287s] -- Up-to-date: /home/nicks1811/muas_ros_workspace/install/yolo_msgs/include/yolo_msgs/yolo_msgs/msg/detail/pose2_d__type_support.hpp
[0.287s] -- Up-to-date: /home/nicks1811/muas_ros_workspace/install/yolo_msgs/include/yolo_msgs/yolo_msgs/msg/detail/key_point3_d_array__type_support.hpp
[0.287s] -- Up-to-date: /home/nicks1811/muas_ros_workspace/install/yolo_msgs/include/yolo_msgs/yolo_msgs/msg/detail/key_point2_d_array__builder.hpp
[0.287s] -- Up-to-date: /home/nicks1811/muas_ros_workspace/install/yolo_msgs/include/yolo_msgs/yolo_msgs/msg/detail/vector2__struct.hpp
[0.287s] -- Up-to-date: /home/nicks1811/muas_ros_workspace/install/yolo_msgs/include/yolo_msgs/yolo_msgs/msg/detail/bounding_box3_d__builder.hpp
[0.287s] -- Up-to-date: /home/nicks1811/muas_ros_workspace/install/yolo_msgs/include/yolo_msgs/yolo_msgs/msg/detail/vector2__builder.hpp
[0.287s] -- Up-to-date: /home/nicks1811/muas_ros_workspace/install/yolo_msgs/include/yolo_msgs/yolo_msgs/msg/detail/detection_array__type_support.hpp
[0.287s] -- Up-to-date: /home/nicks1811/muas_ros_workspace/install/yolo_msgs/include/yolo_msgs/yolo_msgs/msg/detail/bounding_box3_d__struct.hpp
[0.287s] -- Up-to-date: /home/nicks1811/muas_ros_workspace/install/yolo_msgs/include/yolo_msgs/yolo_msgs/msg/detail/pose2_d__struct.hpp
[0.287s] -- Up-to-date: /home/nicks1811/muas_ros_workspace/install/yolo_msgs/include/yolo_msgs/yolo_msgs/msg/detail/key_point3_d__struct.hpp
[0.287s] -- Up-to-date: /home/nicks1811/muas_ros_workspace/install/yolo_msgs/include/yolo_msgs/yolo_msgs/msg/detail/key_point2_d__struct.hpp
[0.287s] -- Up-to-date: /home/nicks1811/muas_ros_workspace/install/yolo_msgs/include/yolo_msgs/yolo_msgs/msg/detail/detection_array__traits.hpp
[0.287s] -- Up-to-date: /home/nicks1811/muas_ros_workspace/install/yolo_msgs/include/yolo_msgs/yolo_msgs/msg/detail/key_point3_d__type_support.hpp
[0.287s] -- Up-to-date: /home/nicks1811/muas_ros_workspace/install/yolo_msgs/include/yolo_msgs/yolo_msgs/msg/detail/point2_d__type_support.hpp
[0.287s] -- Up-to-date: /home/nicks1811/muas_ros_workspace/install/yolo_msgs/include/yolo_msgs/yolo_msgs/msg/detail/point2_d__struct.hpp
[0.287s] -- Up-to-date: /home/nicks1811/muas_ros_workspace/install/yolo_msgs/include/yolo_msgs/yolo_msgs/msg/detail/bounding_box3_d__traits.hpp
[0.287s] -- Up-to-date: /home/nicks1811/muas_ros_workspace/install/yolo_msgs/include/yolo_msgs/yolo_msgs/msg/detail/mask__traits.hpp
[0.287s] -- Up-to-date: /home/nicks1811/muas_ros_workspace/install/yolo_msgs/include/yolo_msgs/yolo_msgs/msg/detail/bounding_box2_d__type_support.hpp
[0.287s] -- Up-to-date: /home/nicks1811/muas_ros_workspace/install/yolo_msgs/include/yolo_msgs/yolo_msgs/msg/detail/bounding_box2_d__traits.hpp
[0.287s] -- Up-to-date: /home/nicks1811/muas_ros_workspace/install/yolo_msgs/include/yolo_msgs/yolo_msgs/msg/detail/key_point2_d__traits.hpp
[0.287s] -- Up-to-date: /home/nicks1811/muas_ros_workspace/install/yolo_msgs/include/yolo_msgs/yolo_msgs/msg/detail/bounding_box2_d__struct.hpp
[0.287s] -- Up-to-date: /home/nicks1811/muas_ros_workspace/install/yolo_msgs/include/yolo_msgs/yolo_msgs/msg/detail/vector2__traits.hpp
[0.287s] -- Up-to-date: /home/nicks1811/muas_ros_workspace/install/yolo_msgs/include/yolo_msgs/yolo_msgs/msg/detail/mask__struct.hpp
[0.287s] -- Up-to-date: /home/nicks1811/muas_ros_workspace/install/yolo_msgs/include/yolo_msgs/yolo_msgs/msg/detail/pose2_d__builder.hpp
[0.287s] -- Up-to-date: /home/nicks1811/muas_ros_workspace/install/yolo_msgs/include/yolo_msgs/yolo_msgs/msg/detail/detection_array__builder.hpp
[0.287s] -- Up-to-date: /home/nicks1811/muas_ros_workspace/install/yolo_msgs/include/yolo_msgs/yolo_msgs/msg/detail/key_point2_d_array__struct.hpp
[0.287s] -- Up-to-date: /home/nicks1811/muas_ros_workspace/install/yolo_msgs/include/yolo_msgs/yolo_msgs/msg/detail/key_point3_d_array__traits.hpp
[0.287s] -- Up-to-date: /home/nicks1811/muas_ros_workspace/install/yolo_msgs/include/yolo_msgs/yolo_msgs/msg/detail/vector2__type_support.hpp
[0.287s] -- Up-to-date: /home/nicks1811/muas_ros_workspace/install/yolo_msgs/include/yolo_msgs/yolo_msgs/msg/detail/point2_d__builder.hpp
[0.287s] -- Up-to-date: /home/nicks1811/muas_ros_workspace/install/yolo_msgs/include/yolo_msgs/yolo_msgs/msg/detail/detection_array__struct.hpp
[0.287s] -- Up-to-date: /home/nicks1811/muas_ros_workspace/install/yolo_msgs/include/yolo_msgs/yolo_msgs/msg/detail/pose2_d__traits.hpp
[0.287s] -- Up-to-date: /home/nicks1811/muas_ros_workspace/install/yolo_msgs/include/yolo_msgs/yolo_msgs/msg/detail/mask__type_support.hpp
[0.287s] -- Up-to-date: /home/nicks1811/muas_ros_workspace/install/yolo_msgs/include/yolo_msgs/yolo_msgs/msg/rosidl_generator_cpp__visibility_control.hpp
[0.288s] -- Up-to-date: /home/nicks1811/muas_ros_workspace/install/yolo_msgs/include/yolo_msgs/yolo_msgs/msg/pose2_d.hpp
[0.288s] -- Up-to-date: /home/nicks1811/muas_ros_workspace/install/yolo_msgs/include/yolo_msgs/yolo_msgs/msg/key_point3_d_array.hpp
[0.288s] -- Up-to-date: /home/nicks1811/muas_ros_workspace/install/yolo_msgs/include/yolo_msgs/yolo_msgs/msg/key_point2_d.hpp
[0.288s] -- Up-to-date: /home/nicks1811/muas_ros_workspace/install/yolo_msgs/include/yolo_msgs/yolo_msgs/msg/bounding_box2_d.hpp
[0.288s] -- Up-to-date: /home/nicks1811/muas_ros_workspace/install/yolo_msgs/include/yolo_msgs/yolo_msgs/msg/key_point3_d.hpp
[0.288s] -- Up-to-date: /home/nicks1811/muas_ros_workspace/install/yolo_msgs/include/yolo_msgs/yolo_msgs/msg/point2_d.hpp
[0.288s] -- Up-to-date: /home/nicks1811/muas_ros_workspace/install/yolo_msgs/include/yolo_msgs/yolo_msgs/msg/detection.hpp
[0.288s] -- Up-to-date: /home/nicks1811/muas_ros_workspace/install/yolo_msgs/include/yolo_msgs/yolo_msgs/msg/vector2.hpp
[0.288s] -- Up-to-date: /home/nicks1811/muas_ros_workspace/install/yolo_msgs/include/yolo_msgs/yolo_msgs/msg/key_point2_d_array.hpp
[0.288s] -- Up-to-date: /home/nicks1811/muas_ros_workspace/install/yolo_msgs/include/yolo_msgs/yolo_msgs
[0.288s] -- Up-to-date: /home/nicks1811/muas_ros_workspace/install/yolo_msgs/include/yolo_msgs/yolo_msgs/srv
[0.288s] -- Up-to-date: /home/nicks1811/muas_ros_workspace/install/yolo_msgs/include/yolo_msgs/yolo_msgs/srv/detail
[0.288s] -- Up-to-date: /home/nicks1811/muas_ros_workspace/install/yolo_msgs/include/yolo_msgs/yolo_msgs/srv/detail/set_classes__rosidl_typesupport_fastrtps_cpp.hpp
[0.288s] -- Up-to-date: /home/nicks1811/muas_ros_workspace/install/yolo_msgs/include/yolo_msgs/yolo_msgs/srv/detail/dds_fastrtps
[0.288s] -- Up-to-date: /home/nicks1811/muas_ros_workspace/install/yolo_msgs/include/yolo_msgs/yolo_msgs/msg
[0.288s] -- Up-to-date: /home/nicks1811/muas_ros_workspace/install/yolo_msgs/include/yolo_msgs/yolo_msgs/msg/rosidl_typesupport_fastrtps_cpp__visibility_control.h
[0.288s] -- Up-to-date: /home/nicks1811/muas_ros_workspace/install/yolo_msgs/include/yolo_msgs/yolo_msgs/msg/detail
[0.288s] -- Up-to-date: /home/nicks1811/muas_ros_workspace/install/yolo_msgs/include/yolo_msgs/yolo_msgs/msg/detail/pose2_d__rosidl_typesupport_fastrtps_cpp.hpp
[0.288s] -- Up-to-date: /home/nicks1811/muas_ros_workspace/install/yolo_msgs/include/yolo_msgs/yolo_msgs/msg/detail/key_point3_d_array__rosidl_typesupport_fastrtps_cpp.hpp
[0.288s] -- Up-to-date: /home/nicks1811/muas_ros_workspace/install/yolo_msgs/include/yolo_msgs/yolo_msgs/msg/detail/key_point2_d_array__rosidl_typesupport_fastrtps_cpp.hpp
[0.288s] -- Up-to-date: /home/nicks1811/muas_ros_workspace/install/yolo_msgs/include/yolo_msgs/yolo_msgs/msg/detail/point2_d__rosidl_typesupport_fastrtps_cpp.hpp
[0.288s] -- Up-to-date: /home/nicks1811/muas_ros_workspace/install/yolo_msgs/include/yolo_msgs/yolo_msgs/msg/detail/key_point2_d__rosidl_typesupport_fastrtps_cpp.hpp
[0.288s] -- Up-to-date: /home/nicks1811/muas_ros_workspace/install/yolo_msgs/include/yolo_msgs/yolo_msgs/msg/detail/mask__rosidl_typesupport_fastrtps_cpp.hpp
[0.288s] -- Up-to-date: /home/nicks1811/muas_ros_workspace/install/yolo_msgs/include/yolo_msgs/yolo_msgs/msg/detail/bounding_box2_d__rosidl_typesupport_fastrtps_cpp.hpp
[0.288s] -- Up-to-date: /home/nicks1811/muas_ros_workspace/install/yolo_msgs/include/yolo_msgs/yolo_msgs/msg/detail/vector2__rosidl_typesupport_fastrtps_cpp.hpp
[0.288s] -- Up-to-date: /home/nicks1811/muas_ros_workspace/install/yolo_msgs/include/yolo_msgs/yolo_msgs/msg/detail/detection__rosidl_typesupport_fastrtps_cpp.hpp
[0.288s] -- Up-to-date: /home/nicks1811/muas_ros_workspace/install/yolo_msgs/include/yolo_msgs/yolo_msgs/msg/detail/bounding_box3_d__rosidl_typesupport_fastrtps_cpp.hpp
[0.288s] -- Up-to-date: /home/nicks1811/muas_ros_workspace/install/yolo_msgs/include/yolo_msgs/yolo_msgs/msg/detail/detection_array__rosidl_typesupport_fastrtps_cpp.hpp
[0.288s] -- Up-to-date: /home/nicks1811/muas_ros_workspace/install/yolo_msgs/include/yolo_msgs/yolo_msgs/msg/detail/key_point3_d__rosidl_typesupport_fastrtps_cpp.hpp
[0.288s] -- Up-to-date: /home/nicks1811/muas_ros_workspace/install/yolo_msgs/include/yolo_msgs/yolo_msgs/msg/detail/dds_fastrtps
[0.288s] -- Up-to-date: /home/nicks1811/muas_ros_workspace/install/yolo_msgs/lib/libyolo_msgs__rosidl_typesupport_fastrtps_cpp.so
[0.288s] -- Up-to-date: /home/nicks1811/muas_ros_workspace/install/yolo_msgs/include/yolo_msgs/yolo_msgs
[0.288s] -- Up-to-date: /home/nicks1811/muas_ros_workspace/install/yolo_msgs/include/yolo_msgs/yolo_msgs/srv
[0.288s] -- Up-to-date: /home/nicks1811/muas_ros_workspace/install/yolo_msgs/include/yolo_msgs/yolo_msgs/srv/detail
[0.288s] -- Up-to-date: /home/nicks1811/muas_ros_workspace/install/yolo_msgs/include/yolo_msgs/yolo_msgs/srv/detail/set_classes__rosidl_typesupport_introspection_cpp.hpp
[0.288s] -- Up-to-date: /home/nicks1811/muas_ros_workspace/install/yolo_msgs/include/yolo_msgs/yolo_msgs/srv/detail/set_classes__type_support.cpp
[0.288s] -- Up-to-date: /home/nicks1811/muas_ros_workspace/install/yolo_msgs/include/yolo_msgs/yolo_msgs/msg
[0.288s] -- Up-to-date: /home/nicks1811/muas_ros_workspace/install/yolo_msgs/include/yolo_msgs/yolo_msgs/msg/detail
[0.288s] -- Up-to-date: /home/nicks1811/muas_ros_workspace/install/yolo_msgs/include/yolo_msgs/yolo_msgs/msg/detail/mask__rosidl_typesupport_introspection_cpp.hpp
[0.288s] -- Up-to-date: /home/nicks1811/muas_ros_workspace/install/yolo_msgs/include/yolo_msgs/yolo_msgs/msg/detail/pose2_d__rosidl_typesupport_introspection_cpp.hpp
[0.288s] -- Up-to-date: /home/nicks1811/muas_ros_workspace/install/yolo_msgs/include/yolo_msgs/yolo_msgs/msg/detail/point2_d__rosidl_typesupport_introspection_cpp.hpp
[0.288s] -- Up-to-date: /home/nicks1811/muas_ros_workspace/install/yolo_msgs/include/yolo_msgs/yolo_msgs/msg/detail/key_point3_d__type_support.cpp
[0.288s] -- Up-to-date: /home/nicks1811/muas_ros_workspace/install/yolo_msgs/include/yolo_msgs/yolo_msgs/msg/detail/vector2__type_support.cpp
[0.288s] -- Up-to-date: /home/nicks1811/muas_ros_workspace/install/yolo_msgs/include/yolo_msgs/yolo_msgs/msg/detail/key_point2_d__type_support.cpp
[0.289s] -- Up-to-date: /home/nicks1811/muas_ros_workspace/install/yolo_msgs/include/yolo_msgs/yolo_msgs/msg/detail/detection_array__type_support.cpp
[0.289s] -- Up-to-date: /home/nicks1811/muas_ros_workspace/install/yolo_msgs/include/yolo_msgs/yolo_msgs/msg/detail/pose2_d__type_support.cpp
[0.289s] -- Up-to-date: /home/nicks1811/muas_ros_workspace/install/yolo_msgs/include/yolo_msgs/yolo_msgs/msg/detail/key_point3_d_array__rosidl_typesupport_introspection_cpp.hpp
[0.289s] -- Up-to-date: /home/nicks1811/muas_ros_workspace/install/yolo_msgs/include/yolo_msgs/yolo_msgs/msg/detail/bounding_box2_d__type_support.cpp
[0.289s] -- Up-to-date: /home/nicks1811/muas_ros_workspace/install/yolo_msgs/include/yolo_msgs/yolo_msgs/msg/detail/mask__type_support.cpp
[0.289s] -- Up-to-date: /home/nicks1811/muas_ros_workspace/install/yolo_msgs/include/yolo_msgs/yolo_msgs/msg/detail/key_point2_d_array__type_support.cpp
[0.289s] -- Up-to-date: /home/nicks1811/muas_ros_workspace/install/yolo_msgs/include/yolo_msgs/yolo_msgs/msg/detail/point2_d__type_support.cpp
[0.289s] -- Up-to-date: /home/nicks1811/muas_ros_workspace/install/yolo_msgs/include/yolo_msgs/yolo_msgs/msg/detail/bounding_box3_d__type_support.cpp
[0.289s] -- Up-to-date: /home/nicks1811/muas_ros_workspace/install/yolo_msgs/include/yolo_msgs/yolo_msgs/msg/detail/key_point2_d_array__rosidl_typesupport_introspection_cpp.hpp
[0.289s] -- Up-to-date: /home/nicks1811/muas_ros_workspace/install/yolo_msgs/include/yolo_msgs/yolo_msgs/msg/detail/bounding_box3_d__rosidl_typesupport_introspection_cpp.hpp
[0.289s] -- Up-to-date: /home/nicks1811/muas_ros_workspace/install/yolo_msgs/include/yolo_msgs/yolo_msgs/msg/detail/detection_array__rosidl_typesupport_introspection_cpp.hpp
[0.289s] -- Up-to-date: /home/nicks1811/muas_ros_workspace/install/yolo_msgs/include/yolo_msgs/yolo_msgs/msg/detail/detection__type_support.cpp
[0.289s] -- Up-to-date: /home/nicks1811/muas_ros_workspace/install/yolo_msgs/include/yolo_msgs/yolo_msgs/msg/detail/vector2__rosidl_typesupport_introspection_cpp.hpp
[0.289s] -- Up-to-date: /home/nicks1811/muas_ros_workspace/install/yolo_msgs/include/yolo_msgs/yolo_msgs/msg/detail/key_point3_d__rosidl_typesupport_introspection_cpp.hpp
[0.289s] -- Up-to-date: /home/nicks1811/muas_ros_workspace/install/yolo_msgs/include/yolo_msgs/yolo_msgs/msg/detail/bounding_box2_d__rosidl_typesupport_introspection_cpp.hpp
[0.289s] -- Up-to-date: /home/nicks1811/muas_ros_workspace/install/yolo_msgs/include/yolo_msgs/yolo_msgs/msg/detail/key_point3_d_array__type_support.cpp
[0.289s] -- Up-to-date: /home/nicks1811/muas_ros_workspace/install/yolo_msgs/include/yolo_msgs/yolo_msgs/msg/detail/detection__rosidl_typesupport_introspection_cpp.hpp
[0.289s] -- Up-to-date: /home/nicks1811/muas_ros_workspace/install/yolo_msgs/include/yolo_msgs/yolo_msgs/msg/detail/key_point2_d__rosidl_typesupport_introspection_cpp.hpp
[0.289s] -- Up-to-date: /home/nicks1811/muas_ros_workspace/install/yolo_msgs/lib/libyolo_msgs__rosidl_typesupport_introspection_cpp.so
[0.289s] -- Up-to-date: /home/nicks1811/muas_ros_workspace/install/yolo_msgs/lib/libyolo_msgs__rosidl_typesupport_cpp.so
[0.289s] -- Up-to-date: /home/nicks1811/muas_ros_workspace/install/yolo_msgs/share/yolo_msgs/environment/pythonpath.sh
[0.289s] -- Up-to-date: /home/nicks1811/muas_ros_workspace/install/yolo_msgs/share/yolo_msgs/environment/pythonpath.dsv
[0.289s] -- Up-to-date: /home/nicks1811/muas_ros_workspace/install/yolo_msgs/local/lib/python3.10/dist-packages/yolo_msgs-4.3.1-py3.10.egg-info
[0.289s] -- Installing: /home/nicks1811/muas_ros_workspace/install/yolo_msgs/local/lib/python3.10/dist-packages/yolo_msgs-4.3.1-py3.10.egg-info/PKG-INFO
[0.289s] -- Installing: /home/nicks1811/muas_ros_workspace/install/yolo_msgs/local/lib/python3.10/dist-packages/yolo_msgs-4.3.1-py3.10.egg-info/top_level.txt
[0.289s] -- Installing: /home/nicks1811/muas_ros_workspace/install/yolo_msgs/local/lib/python3.10/dist-packages/yolo_msgs-4.3.1-py3.10.egg-info/dependency_links.txt
[0.289s] -- Installing: /home/nicks1811/muas_ros_workspace/install/yolo_msgs/local/lib/python3.10/dist-packages/yolo_msgs-4.3.1-py3.10.egg-info/SOURCES.txt
[0.289s] -- Up-to-date: /home/nicks1811/muas_ros_workspace/install/yolo_msgs/local/lib/python3.10/dist-packages/yolo_msgs
[0.289s] -- Up-to-date: /home/nicks1811/muas_ros_workspace/install/yolo_msgs/local/lib/python3.10/dist-packages/yolo_msgs/_yolo_msgs_s.ep.rosidl_typesupport_c.c
[0.289s] -- Up-to-date: /home/nicks1811/muas_ros_workspace/install/yolo_msgs/local/lib/python3.10/dist-packages/yolo_msgs/yolo_msgs_s__rosidl_typesupport_introspection_c.cpython-310-x86_64-linux-gnu.so
[0.289s] -- Up-to-date: /home/nicks1811/muas_ros_workspace/install/yolo_msgs/local/lib/python3.10/dist-packages/yolo_msgs/libyolo_msgs__rosidl_generator_py.so
[0.289s] -- Up-to-date: /home/nicks1811/muas_ros_workspace/install/yolo_msgs/local/lib/python3.10/dist-packages/yolo_msgs/_yolo_msgs_s.ep.rosidl_typesupport_introspection_c.c
[0.289s] -- Up-to-date: /home/nicks1811/muas_ros_workspace/install/yolo_msgs/local/lib/python3.10/dist-packages/yolo_msgs/__init__.py
[0.289s] -- Up-to-date: /home/nicks1811/muas_ros_workspace/install/yolo_msgs/local/lib/python3.10/dist-packages/yolo_msgs/yolo_msgs_s__rosidl_typesupport_c.cpython-310-x86_64-linux-gnu.so
[0.289s] -- Up-to-date: /home/nicks1811/muas_ros_workspace/install/yolo_msgs/local/lib/python3.10/dist-packages/yolo_msgs/_yolo_msgs_s.ep.rosidl_typesupport_fastrtps_c.c
[0.289s] -- Up-to-date: /home/nicks1811/muas_ros_workspace/install/yolo_msgs/local/lib/python3.10/dist-packages/yolo_msgs/srv
[0.289s] -- Up-to-date: /home/nicks1811/muas_ros_workspace/install/yolo_msgs/local/lib/python3.10/dist-packages/yolo_msgs/srv/_set_classes.py
[0.289s] -- Up-to-date: /home/nicks1811/muas_ros_workspace/install/yolo_msgs/local/lib/python3.10/dist-packages/yolo_msgs/srv/__init__.py
[0.289s] -- Up-to-date: /home/nicks1811/muas_ros_workspace/install/yolo_msgs/local/lib/python3.10/dist-packages/yolo_msgs/srv/_set_classes_s.c
[0.289s] -- Up-to-date: /home/nicks1811/muas_ros_workspace/install/yolo_msgs/local/lib/python3.10/dist-packages/yolo_msgs/msg
[0.289s] -- Up-to-date: /home/nicks1811/muas_ros_workspace/install/yolo_msgs/local/lib/python3.10/dist-packages/yolo_msgs/msg/_vector2.py
[0.289s] -- Up-to-date: /home/nicks1811/muas_ros_workspace/install/yolo_msgs/local/lib/python3.10/dist-packages/yolo_msgs/msg/_mask_s.c
[0.290s] -- Up-to-date: /home/nicks1811/muas_ros_workspace/install/yolo_msgs/local/lib/python3.10/dist-packages/yolo_msgs/msg/_key_point2_d_array_s.c
[0.290s] -- Up-to-date: /home/nicks1811/muas_ros_workspace/install/yolo_msgs/local/lib/python3.10/dist-packages/yolo_msgs/msg/_bounding_box2_d_s.c
[0.290s] -- Up-to-date: /home/nicks1811/muas_ros_workspace/install/yolo_msgs/local/lib/python3.10/dist-packages/yolo_msgs/msg/_key_point3_d.py
[0.290s] -- Up-to-date: /home/nicks1811/muas_ros_workspace/install/yolo_msgs/local/lib/python3.10/dist-packages/yolo_msgs/msg/_key_point2_d.py
[0.290s] -- Up-to-date: /home/nicks1811/muas_ros_workspace/install/yolo_msgs/local/lib/python3.10/dist-packages/yolo_msgs/msg/_mask.py
[0.290s] -- Up-to-date: /home/nicks1811/muas_ros_workspace/install/yolo_msgs/local/lib/python3.10/dist-packages/yolo_msgs/msg/_key_point2_d_array.py
[0.290s] -- Up-to-date: /home/nicks1811/muas_ros_workspace/install/yolo_msgs/local/lib/python3.10/dist-packages/yolo_msgs/msg/_bounding_box3_d.py
[0.290s] -- Up-to-date: /home/nicks1811/muas_ros_workspace/install/yolo_msgs/local/lib/python3.10/dist-packages/yolo_msgs/msg/_key_point3_d_array_s.c
[0.290s] -- Up-to-date: /home/nicks1811/muas_ros_workspace/install/yolo_msgs/local/lib/python3.10/dist-packages/yolo_msgs/msg/_detection_array.py
[0.290s] -- Up-to-date: /home/nicks1811/muas_ros_workspace/install/yolo_msgs/local/lib/python3.10/dist-packages/yolo_msgs/msg/_pose2_d_s.c
[0.290s] -- Up-to-date: /home/nicks1811/muas_ros_workspace/install/yolo_msgs/local/lib/python3.10/dist-packages/yolo_msgs/msg/_bounding_box3_d_s.c
[0.290s] -- Up-to-date: /home/nicks1811/muas_ros_workspace/install/yolo_msgs/local/lib/python3.10/dist-packages/yolo_msgs/msg/_key_point3_d_s.c
[0.290s] -- Up-to-date: /home/nicks1811/muas_ros_workspace/install/yolo_msgs/local/lib/python3.10/dist-packages/yolo_msgs/msg/__init__.py
[0.290s] -- Up-to-date: /home/nicks1811/muas_ros_workspace/install/yolo_msgs/local/lib/python3.10/dist-packages/yolo_msgs/msg/_detection.py
[0.290s] -- Up-to-date: /home/nicks1811/muas_ros_workspace/install/yolo_msgs/local/lib/python3.10/dist-packages/yolo_msgs/msg/_bounding_box2_d.py
[0.290s] -- Up-to-date: /home/nicks1811/muas_ros_workspace/install/yolo_msgs/local/lib/python3.10/dist-packages/yolo_msgs/msg/_point2_d.py
[0.290s] -- Up-to-date: /home/nicks1811/muas_ros_workspace/install/yolo_msgs/local/lib/python3.10/dist-packages/yolo_msgs/msg/_key_point2_d_s.c
[0.290s] -- Up-to-date: /home/nicks1811/muas_ros_workspace/install/yolo_msgs/local/lib/python3.10/dist-packages/yolo_msgs/msg/_detection_s.c
[0.290s] -- Up-to-date: /home/nicks1811/muas_ros_workspace/install/yolo_msgs/local/lib/python3.10/dist-packages/yolo_msgs/msg/_vector2_s.c
[0.290s] -- Up-to-date: /home/nicks1811/muas_ros_workspace/install/yolo_msgs/local/lib/python3.10/dist-packages/yolo_msgs/msg/_key_point3_d_array.py
[0.290s] -- Up-to-date: /home/nicks1811/muas_ros_workspace/install/yolo_msgs/local/lib/python3.10/dist-packages/yolo_msgs/msg/_pose2_d.py
[0.290s] -- Up-to-date: /home/nicks1811/muas_ros_workspace/install/yolo_msgs/local/lib/python3.10/dist-packages/yolo_msgs/msg/_point2_d_s.c
[0.290s] -- Up-to-date: /home/nicks1811/muas_ros_workspace/install/yolo_msgs/local/lib/python3.10/dist-packages/yolo_msgs/msg/_detection_array_s.c
[0.290s] -- Up-to-date: /home/nicks1811/muas_ros_workspace/install/yolo_msgs/local/lib/python3.10/dist-packages/yolo_msgs/yolo_msgs_s__rosidl_typesupport_fastrtps_c.cpython-310-x86_64-linux-gnu.so
[0.305s] Listing '/home/nicks1811/muas_ros_workspace/install/yolo_msgs/local/lib/python3.10/dist-packages/yolo_msgs'...
[0.305s] Listing '/home/nicks1811/muas_ros_workspace/install/yolo_msgs/local/lib/python3.10/dist-packages/yolo_msgs/msg'...
[0.305s] Listing '/home/nicks1811/muas_ros_workspace/install/yolo_msgs/local/lib/python3.10/dist-packages/yolo_msgs/srv'...
[0.308s] -- Up-to-date: /home/nicks1811/muas_ros_workspace/install/yolo_msgs/local/lib/python3.10/dist-packages/yolo_msgs/yolo_msgs_s__rosidl_typesupport_fastrtps_c.cpython-310-x86_64-linux-gnu.so
[0.308s] -- Up-to-date: /home/nicks1811/muas_ros_workspace/install/yolo_msgs/local/lib/python3.10/dist-packages/yolo_msgs/yolo_msgs_s__rosidl_typesupport_introspection_c.cpython-310-x86_64-linux-gnu.so
[0.308s] -- Up-to-date: /home/nicks1811/muas_ros_workspace/install/yolo_msgs/local/lib/python3.10/dist-packages/yolo_msgs/yolo_msgs_s__rosidl_typesupport_c.cpython-310-x86_64-linux-gnu.so
[0.308s] -- Up-to-date: /home/nicks1811/muas_ros_workspace/install/yolo_msgs/lib/libyolo_msgs__rosidl_generator_py.so
[0.309s] -- Up-to-date: /home/nicks1811/muas_ros_workspace/install/yolo_msgs/share/yolo_msgs/msg/Point2D.idl
[0.309s] -- Up-to-date: /home/nicks1811/muas_ros_workspace/install/yolo_msgs/share/yolo_msgs/msg/Vector2.idl
[0.309s] -- Up-to-date: /home/nicks1811/muas_ros_workspace/install/yolo_msgs/share/yolo_msgs/msg/Pose2D.idl
[0.310s] -- Up-to-date: /home/nicks1811/muas_ros_workspace/install/yolo_msgs/share/yolo_msgs/msg/BoundingBox2D.idl
[0.310s] -- Up-to-date: /home/nicks1811/muas_ros_workspace/install/yolo_msgs/share/yolo_msgs/msg/BoundingBox3D.idl
[0.310s] -- Up-to-date: /home/nicks1811/muas_ros_workspace/install/yolo_msgs/share/yolo_msgs/msg/Mask.idl
[0.310s] -- Up-to-date: /home/nicks1811/muas_ros_workspace/install/yolo_msgs/share/yolo_msgs/msg/KeyPoint2D.idl
[0.310s] -- Up-to-date: /home/nicks1811/muas_ros_workspace/install/yolo_msgs/share/yolo_msgs/msg/KeyPoint2DArray.idl
[0.311s] -- Up-to-date: /home/nicks1811/muas_ros_workspace/install/yolo_msgs/share/yolo_msgs/msg/KeyPoint3D.idl
[0.311s] -- Up-to-date: /home/nicks1811/muas_ros_workspace/install/yolo_msgs/share/yolo_msgs/msg/KeyPoint3DArray.idl
[0.311s] -- Up-to-date: /home/nicks1811/muas_ros_workspace/install/yolo_msgs/share/yolo_msgs/msg/Detection.idl
[0.311s] -- Up-to-date: /home/nicks1811/muas_ros_workspace/install/yolo_msgs/share/yolo_msgs/msg/DetectionArray.idl
[0.311s] -- Up-to-date: /home/nicks1811/muas_ros_workspace/install/yolo_msgs/share/yolo_msgs/srv/SetClasses.idl
[0.311s] -- Up-to-date: /home/nicks1811/muas_ros_workspace/install/yolo_msgs/share/yolo_msgs/msg/Point2D.msg
[0.311s] -- Up-to-date: /home/nicks1811/muas_ros_workspace/install/yolo_msgs/share/yolo_msgs/msg/Vector2.msg
[0.311s] -- Up-to-date: /home/nicks1811/muas_ros_workspace/install/yolo_msgs/share/yolo_msgs/msg/Pose2D.msg
[0.311s] -- Up-to-date: /home/nicks1811/muas_ros_workspace/install/yolo_msgs/share/yolo_msgs/msg/BoundingBox2D.msg
[0.311s] -- Up-to-date: /home/nicks1811/muas_ros_workspace/install/yolo_msgs/share/yolo_msgs/msg/BoundingBox3D.msg
[0.312s] -- Up-to-date: /home/nicks1811/muas_ros_workspace/install/yolo_msgs/share/yolo_msgs/msg/Mask.msg
[0.312s] -- Up-to-date: /home/nicks1811/muas_ros_workspace/install/yolo_msgs/share/yolo_msgs/msg/KeyPoint2D.msg
[0.313s] -- Up-to-date: /home/nicks1811/muas_ros_workspace/install/yolo_msgs/share/yolo_msgs/msg/KeyPoint2DArray.msg
[0.313s] -- Up-to-date: /home/nicks1811/muas_ros_workspace/install/yolo_msgs/share/yolo_msgs/msg/KeyPoint3D.msg
[0.315s] -- Up-to-date: /home/nicks1811/muas_ros_workspace/install/yolo_msgs/share/yolo_msgs/msg/KeyPoint3DArray.msg
[0.315s] -- Up-to-date: /home/nicks1811/muas_ros_workspace/install/yolo_msgs/share/yolo_msgs/msg/Detection.msg
[0.315s] -- Up-to-date: /home/nicks1811/muas_ros_workspace/install/yolo_msgs/share/yolo_msgs/msg/DetectionArray.msg
[0.316s] -- Up-to-date: /home/nicks1811/muas_ros_workspace/install/yolo_msgs/share/yolo_msgs/srv/SetClasses.srv
[0.316s] -- Up-to-date: /home/nicks1811/muas_ros_workspace/install/yolo_msgs/share/yolo_msgs/srv/SetClasses_Request.msg
[0.316s] -- Up-to-date: /home/nicks1811/muas_ros_workspace/install/yolo_msgs/share/yolo_msgs/srv/SetClasses_Response.msg
[0.316s] -- Up-to-date: /home/nicks1811/muas_ros_workspace/install/yolo_msgs/share/ament_index/resource_index/package_run_dependencies/yolo_msgs
[0.316s] -- Up-to-date: /home/nicks1811/muas_ros_workspace/install/yolo_msgs/share/ament_index/resource_index/parent_prefix_path/yolo_msgs
[0.316s] -- Up-to-date: /home/nicks1811/muas_ros_workspace/install/yolo_msgs/share/yolo_msgs/environment/ament_prefix_path.sh
[0.316s] -- Up-to-date: /home/nicks1811/muas_ros_workspace/install/yolo_msgs/share/yolo_msgs/environment/ament_prefix_path.dsv
[0.316s] -- Up-to-date: /home/nicks1811/muas_ros_workspace/install/yolo_msgs/share/yolo_msgs/environment/path.sh
[0.316s] -- Up-to-date: /home/nicks1811/muas_ros_workspace/install/yolo_msgs/share/yolo_msgs/environment/path.dsv
[0.316s] -- Up-to-date: /home/nicks1811/muas_ros_workspace/install/yolo_msgs/share/yolo_msgs/local_setup.bash
[0.316s] -- Up-to-date: /home/nicks1811/muas_ros_workspace/install/yolo_msgs/share/yolo_msgs/local_setup.sh
[0.316s] -- Up-to-date: /home/nicks1811/muas_ros_workspace/install/yolo_msgs/share/yolo_msgs/local_setup.zsh
[0.316s] -- Up-to-date: /home/nicks1811/muas_ros_workspace/install/yolo_msgs/share/yolo_msgs/local_setup.dsv
[0.316s] -- Installing: /home/nicks1811/muas_ros_workspace/install/yolo_msgs/share/yolo_msgs/package.dsv
[0.316s] -- Up-to-date: /home/nicks1811/muas_ros_workspace/install/yolo_msgs/share/ament_index/resource_index/packages/yolo_msgs
[0.316s] -- Up-to-date: /home/nicks1811/muas_ros_workspace/install/yolo_msgs/share/yolo_msgs/cmake/export_yolo_msgs__rosidl_generator_cExport.cmake
[0.316s] -- Up-to-date: /home/nicks1811/muas_ros_workspace/install/yolo_msgs/share/yolo_msgs/cmake/export_yolo_msgs__rosidl_generator_cExport-noconfig.cmake
[0.317s] -- Up-to-date: /home/nicks1811/muas_ros_workspace/install/yolo_msgs/share/yolo_msgs/cmake/export_yolo_msgs__rosidl_typesupport_fastrtps_cExport.cmake
[0.317s] -- Up-to-date: /home/nicks1811/muas_ros_workspace/install/yolo_msgs/share/yolo_msgs/cmake/export_yolo_msgs__rosidl_typesupport_fastrtps_cExport-noconfig.cmake
[0.317s] -- Up-to-date: /home/nicks1811/muas_ros_workspace/install/yolo_msgs/share/yolo_msgs/cmake/yolo_msgs__rosidl_typesupport_introspection_cExport.cmake
[0.317s] -- Up-to-date: /home/nicks1811/muas_ros_workspace/install/yolo_msgs/share/yolo_msgs/cmake/yolo_msgs__rosidl_typesupport_introspection_cExport-noconfig.cmake
[0.317s] -- Up-to-date: /home/nicks1811/muas_ros_workspace/install/yolo_msgs/share/yolo_msgs/cmake/yolo_msgs__rosidl_typesupport_cExport.cmake
[0.317s] -- Up-to-date: /home/nicks1811/muas_ros_workspace/install/yolo_msgs/share/yolo_msgs/cmake/yolo_msgs__rosidl_typesupport_cExport-noconfig.cmake
[0.317s] -- Up-to-date: /home/nicks1811/muas_ros_workspace/install/yolo_msgs/share/yolo_msgs/cmake/export_yolo_msgs__rosidl_generator_cppExport.cmake
[0.317s] -- Up-to-date: /home/nicks1811/muas_ros_workspace/install/yolo_msgs/share/yolo_msgs/cmake/export_yolo_msgs__rosidl_typesupport_fastrtps_cppExport.cmake
[0.317s] -- Up-to-date: /home/nicks1811/muas_ros_workspace/install/yolo_msgs/share/yolo_msgs/cmake/export_yolo_msgs__rosidl_typesupport_fastrtps_cppExport-noconfig.cmake
[0.317s] -- Up-to-date: /home/nicks1811/muas_ros_workspace/install/yolo_msgs/share/yolo_msgs/cmake/yolo_msgs__rosidl_typesupport_introspection_cppExport.cmake
[0.317s] -- Up-to-date: /home/nicks1811/muas_ros_workspace/install/yolo_msgs/share/yolo_msgs/cmake/yolo_msgs__rosidl_typesupport_introspection_cppExport-noconfig.cmake
[0.317s] -- Up-to-date: /home/nicks1811/muas_ros_workspace/install/yolo_msgs/share/yolo_msgs/cmake/yolo_msgs__rosidl_typesupport_cppExport.cmake
[0.318s] -- Up-to-date: /home/nicks1811/muas_ros_workspace/install/yolo_msgs/share/yolo_msgs/cmake/yolo_msgs__rosidl_typesupport_cppExport-noconfig.cmake
[0.318s] -- Up-to-date: /home/nicks1811/muas_ros_workspace/install/yolo_msgs/share/yolo_msgs/cmake/export_yolo_msgs__rosidl_generator_pyExport.cmake
[0.318s] -- Up-to-date: /home/nicks1811/muas_ros_workspace/install/yolo_msgs/share/yolo_msgs/cmake/export_yolo_msgs__rosidl_generator_pyExport-noconfig.cmake
[0.318s] -- Up-to-date: /home/nicks1811/muas_ros_workspace/install/yolo_msgs/share/yolo_msgs/cmake/rosidl_cmake-extras.cmake
[0.318s] -- Up-to-date: /home/nicks1811/muas_ros_workspace/install/yolo_msgs/share/yolo_msgs/cmake/ament_cmake_export_dependencies-extras.cmake
[0.318s] -- Up-to-date: /home/nicks1811/muas_ros_workspace/install/yolo_msgs/share/yolo_msgs/cmake/ament_cmake_export_include_directories-extras.cmake
[0.318s] -- Up-to-date: /home/nicks1811/muas_ros_workspace/install/yolo_msgs/share/yolo_msgs/cmake/ament_cmake_export_libraries-extras.cmake
[0.318s] -- Up-to-date: /home/nicks1811/muas_ros_workspace/install/yolo_msgs/share/yolo_msgs/cmake/ament_cmake_export_targets-extras.cmake
[0.318s] -- Up-to-date: /home/nicks1811/muas_ros_workspace/install/yolo_msgs/share/yolo_msgs/cmake/rosidl_cmake_export_typesupport_targets-extras.cmake
[0.318s] -- Up-to-date: /home/nicks1811/muas_ros_workspace/install/yolo_msgs/share/yolo_msgs/cmake/rosidl_cmake_export_typesupport_libraries-extras.cmake
[0.318s] -- Up-to-date: /home/nicks1811/muas_ros_workspace/install/yolo_msgs/share/yolo_msgs/cmake/yolo_msgsConfig.cmake
[0.318s] -- Up-to-date: /home/nicks1811/muas_ros_workspace/install/yolo_msgs/share/yolo_msgs/cmake/yolo_msgsConfig-version.cmake
[0.318s] -- Up-to-date: /home/nicks1811/muas_ros_workspace/install/yolo_msgs/share/yolo_msgs/package.xml
[0.319s] Invoked command in '/home/nicks1811/muas_ros_workspace/build/yolo_msgs' returned '0': CMAKE_PREFIX_PATH=/home/nicks1811/muas_ros_workspace/install/vision_pkg:/home/nicks1811/muas_ros_workspace/install/gnc_trajectory:/opt/ros/humble:/home/nicks1811/muas_ros_workspace/install/gnc_msgs /usr/bin/cmake --install /home/nicks1811/muas_ros_workspace/build/yolo_msgs
