[0.157s] Invoking command in '/home/nicks1811/muas_ros_workspace/build/yolo_bringup': AMENT_PREFIX_PATH=/home/nicks1811/muas_ros_workspace/install/yolo_ros:/home/nicks1811/muas_ros_workspace/install/yolo_msgs:${AMENT_PREFIX_PATH} CMAKE_PREFIX_PATH=/home/nicks1811/muas_ros_workspace/install/yolo_msgs:/home/nicks1811/muas_ros_workspace/install/vision_pkg:/home/nicks1811/muas_ros_workspace/install/gnc_trajectory:/opt/ros/humble:/home/nicks1811/muas_ros_workspace/install/gnc_msgs LD_LIBRARY_PATH=/home/nicks1811/muas_ros_workspace/install/yolo_msgs/lib:${LD_LIBRARY_PATH} PYTHONPATH=/home/nicks1811/muas_ros_workspace/install/yolo_ros/lib/python3.10/site-packages:/home/nicks1811/muas_ros_workspace/install/yolo_msgs/local/lib/python3.10/dist-packages:${PYTHONPATH} /usr/bin/cmake --build /home/nicks1811/muas_ros_workspace/build/yolo_bringup -- -j12 -l12
[0.177s] Invoked command in '/home/nicks1811/muas_ros_workspace/build/yolo_bringup' returned '0': AMENT_PREFIX_PATH=/home/nicks1811/muas_ros_workspace/install/yolo_ros:/home/nicks1811/muas_ros_workspace/install/yolo_msgs:${AMENT_PREFIX_PATH} CMAKE_PREFIX_PATH=/home/nicks1811/muas_ros_workspace/install/yolo_msgs:/home/nicks1811/muas_ros_workspace/install/vision_pkg:/home/nicks1811/muas_ros_workspace/install/gnc_trajectory:/opt/ros/humble:/home/nicks1811/muas_ros_workspace/install/gnc_msgs LD_LIBRARY_PATH=/home/nicks1811/muas_ros_workspace/install/yolo_msgs/lib:${LD_LIBRARY_PATH} PYTHONPATH=/home/nicks1811/muas_ros_workspace/install/yolo_ros/lib/python3.10/site-packages:/home/nicks1811/muas_ros_workspace/install/yolo_msgs/local/lib/python3.10/dist-packages:${PYTHONPATH} /usr/bin/cmake --build /home/nicks1811/muas_ros_workspace/build/yolo_bringup -- -j12 -l12
[0.178s] Invoking command in '/home/nicks1811/muas_ros_workspace/build/yolo_bringup': AMENT_PREFIX_PATH=/home/nicks1811/muas_ros_workspace/install/yolo_ros:/home/nicks1811/muas_ros_workspace/install/yolo_msgs:${AMENT_PREFIX_PATH} CMAKE_PREFIX_PATH=/home/nicks1811/muas_ros_workspace/install/yolo_msgs:/home/nicks1811/muas_ros_workspace/install/vision_pkg:/home/nicks1811/muas_ros_workspace/install/gnc_trajectory:/opt/ros/humble:/home/nicks1811/muas_ros_workspace/install/gnc_msgs LD_LIBRARY_PATH=/home/nicks1811/muas_ros_workspace/install/yolo_msgs/lib:${LD_LIBRARY_PATH} PYTHONPATH=/home/nicks1811/muas_ros_workspace/install/yolo_ros/lib/python3.10/site-packages:/home/nicks1811/muas_ros_workspace/install/yolo_msgs/local/lib/python3.10/dist-packages:${PYTHONPATH} /usr/bin/cmake --install /home/nicks1811/muas_ros_workspace/build/yolo_bringup
[0.183s] -- Install configuration: ""
[0.183s] -- Up-to-date: /home/nicks1811/muas_ros_workspace/install/yolo_bringup/share/yolo_bringup//launch
[0.183s] -- Up-to-date: /home/nicks1811/muas_ros_workspace/install/yolo_bringup/share/yolo_bringup//launch/yolo-world.launch.py
[0.183s] -- Up-to-date: /home/nicks1811/muas_ros_workspace/install/yolo_bringup/share/yolo_bringup//launch/yoloe.launch.py
[0.183s] -- Up-to-date: /home/nicks1811/muas_ros_workspace/install/yolo_bringup/share/yolo_bringup//launch/yolov10.launch.py
[0.183s] -- Up-to-date: /home/nicks1811/muas_ros_workspace/install/yolo_bringup/share/yolo_bringup//launch/yolov5.launch.py
[0.184s] -- Up-to-date: /home/nicks1811/muas_ros_workspace/install/yolo_bringup/share/yolo_bringup//launch/yolov9.launch.py
[0.184s] -- Up-to-date: /home/nicks1811/muas_ros_workspace/install/yolo_bringup/share/yolo_bringup//launch/yolov8.launch.py
[0.184s] -- Up-to-date: /home/nicks1811/muas_ros_workspace/install/yolo_bringup/share/yolo_bringup//launch/yolov11.launch.py
[0.184s] -- Up-to-date: /home/nicks1811/muas_ros_workspace/install/yolo_bringup/share/yolo_bringup//launch/yolo.launch.py
[0.184s] -- Up-to-date: /home/nicks1811/muas_ros_workspace/install/yolo_bringup/share/yolo_bringup//launch/yolov12.launch.py
[0.184s] -- Up-to-date: /home/nicks1811/muas_ros_workspace/install/yolo_bringup/share/ament_index/resource_index/package_run_dependencies/yolo_bringup
[0.185s] -- Up-to-date: /home/nicks1811/muas_ros_workspace/install/yolo_bringup/share/ament_index/resource_index/parent_prefix_path/yolo_bringup
[0.185s] -- Up-to-date: /home/nicks1811/muas_ros_workspace/install/yolo_bringup/share/yolo_bringup/environment/ament_prefix_path.sh
[0.185s] -- Up-to-date: /home/nicks1811/muas_ros_workspace/install/yolo_bringup/share/yolo_bringup/environment/ament_prefix_path.dsv
[0.185s] -- Up-to-date: /home/nicks1811/muas_ros_workspace/install/yolo_bringup/share/yolo_bringup/environment/path.sh
[0.185s] -- Up-to-date: /home/nicks1811/muas_ros_workspace/install/yolo_bringup/share/yolo_bringup/environment/path.dsv
[0.186s] -- Up-to-date: /home/nicks1811/muas_ros_workspace/install/yolo_bringup/share/yolo_bringup/local_setup.bash
[0.186s] -- Up-to-date: /home/nicks1811/muas_ros_workspace/install/yolo_bringup/share/yolo_bringup/local_setup.sh
[0.186s] -- Up-to-date: /home/nicks1811/muas_ros_workspace/install/yolo_bringup/share/yolo_bringup/local_setup.zsh
[0.187s] -- Up-to-date: /home/nicks1811/muas_ros_workspace/install/yolo_bringup/share/yolo_bringup/local_setup.dsv
[0.188s] -- Up-to-date: /home/nicks1811/muas_ros_workspace/install/yolo_bringup/share/yolo_bringup/package.dsv
[0.188s] -- Up-to-date: /home/nicks1811/muas_ros_workspace/install/yolo_bringup/share/ament_index/resource_index/packages/yolo_bringup
[0.188s] -- Up-to-date: /home/nicks1811/muas_ros_workspace/install/yolo_bringup/share/yolo_bringup/cmake/yolo_bringupConfig.cmake
[0.188s] -- Up-to-date: /home/nicks1811/muas_ros_workspace/install/yolo_bringup/share/yolo_bringup/cmake/yolo_bringupConfig-version.cmake
[0.188s] -- Up-to-date: /home/nicks1811/muas_ros_workspace/install/yolo_bringup/share/yolo_bringup/package.xml
[0.188s] Invoked command in '/home/nicks1811/muas_ros_workspace/build/yolo_bringup' returned '0': AMENT_PREFIX_PATH=/home/nicks1811/muas_ros_workspace/install/yolo_ros:/home/nicks1811/muas_ros_workspace/install/yolo_msgs:${AMENT_PREFIX_PATH} CMAKE_PREFIX_PATH=/home/nicks1811/muas_ros_workspace/install/yolo_msgs:/home/nicks1811/muas_ros_workspace/install/vision_pkg:/home/nicks1811/muas_ros_workspace/install/gnc_trajectory:/opt/ros/humble:/home/nicks1811/muas_ros_workspace/install/gnc_msgs LD_LIBRARY_PATH=/home/nicks1811/muas_ros_workspace/install/yolo_msgs/lib:${LD_LIBRARY_PATH} PYTHONPATH=/home/nicks1811/muas_ros_workspace/install/yolo_ros/lib/python3.10/site-packages:/home/nicks1811/muas_ros_workspace/install/yolo_msgs/local/lib/python3.10/dist-packages:${PYTHONPATH} /usr/bin/cmake --install /home/nicks1811/muas_ros_workspace/build/yolo_bringup
