[0.878s] DEBUG:colcon:Command line arguments: ['/usr/bin/colcon', 'build']
[0.878s] DEBUG:colcon:Parsed command line arguments: Namespace(log_base=None, log_level=None, verb_name='build', build_base='build', install_base='install', merge_install=False, symlink_install=False, test_result_base=None, continue_on_error=False, executor='parallel', parallel_workers=12, event_handlers=None, ignore_user_meta=False, metas=['./colcon.meta'], base_paths=['.'], packages_ignore=None, packages_ignore_regex=None, paths=None, packages_up_to=None, packages_up_to_regex=None, packages_above=None, packages_above_and_dependencies=None, packages_above_depth=None, packages_select_by_dep=None, packages_skip_by_dep=None, packages_skip_up_to=None, packages_select_build_failed=False, packages_skip_build_finished=False, packages_select_test_failures=False, packages_skip_test_passed=False, packages_select=None, packages_skip=None, packages_select_regex=None, packages_skip_regex=None, packages_start=None, packages_end=None, allow_overriding=[], cmake_args=None, cmake_target=None, cmake_target_skip_unavailable=False, cmake_clean_cache=False, cmake_clean_first=False, cmake_force_configure=False, ament_cmake_args=None, catkin_cmake_args=None, catkin_skip_building_tests=False, mixin_files=None, mixin=None, verb_parser=<colcon_mixin.mixin.mixin_argument.MixinArgumentDecorator object at 0x7f378ce5d5d0>, verb_extension=<colcon_core.verb.build.BuildVerb object at 0x7f378ce5cbe0>, main=<bound method BuildVerb.main of <colcon_core.verb.build.BuildVerb object at 0x7f378ce5cbe0>>, mixin_verb=('build',))
[1.726s] Level 1:colcon.colcon_core.package_discovery:discover_packages(colcon_meta) check parameters
[1.727s] Level 1:colcon.colcon_core.package_discovery:discover_packages(recursive) check parameters
[1.727s] Level 1:colcon.colcon_core.package_discovery:discover_packages(ignore) check parameters
[1.727s] Level 1:colcon.colcon_core.package_discovery:discover_packages(path) check parameters
[1.727s] Level 1:colcon.colcon_core.package_discovery:discover_packages(colcon_meta) discover
[1.727s] Level 1:colcon.colcon_core.package_discovery:discover_packages(recursive) discover
[1.727s] INFO:colcon.colcon_core.package_discovery:Crawling recursively for packages in '/home/nicks1811/muas_ros_workspace'
[1.727s] Level 1:colcon.colcon_core.package_identification:_identify(.) by extensions ['ignore', 'ignore_ament_install']
[1.728s] Level 1:colcon.colcon_core.package_identification:_identify(.) by extension 'ignore'
[1.728s] Level 1:colcon.colcon_core.package_identification:_identify(.) by extension 'ignore_ament_install'
[1.728s] Level 1:colcon.colcon_core.package_identification:_identify(.) by extensions ['colcon_pkg']
[1.728s] Level 1:colcon.colcon_core.package_identification:_identify(.) by extension 'colcon_pkg'
[1.728s] Level 1:colcon.colcon_core.package_identification:_identify(.) by extensions ['colcon_meta']
[1.728s] Level 1:colcon.colcon_core.package_identification:_identify(.) by extension 'colcon_meta'
[1.728s] Level 1:colcon.colcon_core.package_identification:_identify(.) by extensions ['ros']
[1.728s] Level 1:colcon.colcon_core.package_identification:_identify(.) by extension 'ros'
[1.764s] Level 1:colcon.colcon_core.package_identification:_identify(.) by extensions ['cmake', 'python']
[1.764s] Level 1:colcon.colcon_core.package_identification:_identify(.) by extension 'cmake'
[1.764s] Level 1:colcon.colcon_core.package_identification:_identify(.) by extension 'python'
[1.764s] Level 1:colcon.colcon_core.package_identification:_identify(.) by extensions ['python_setup_py']
[1.764s] Level 1:colcon.colcon_core.package_identification:_identify(.) by extension 'python_setup_py'
[1.765s] Level 1:colcon.colcon_core.package_identification:_identify(build) by extensions ['ignore', 'ignore_ament_install']
[1.765s] Level 1:colcon.colcon_core.package_identification:_identify(build) by extension 'ignore'
[1.765s] Level 1:colcon.colcon_core.package_identification:_identify(build) ignored
[1.765s] Level 1:colcon.colcon_core.package_identification:_identify(install) by extensions ['ignore', 'ignore_ament_install']
[1.765s] Level 1:colcon.colcon_core.package_identification:_identify(install) by extension 'ignore'
[1.765s] Level 1:colcon.colcon_core.package_identification:_identify(install) ignored
[1.766s] Level 1:colcon.colcon_core.package_identification:_identify(log) by extensions ['ignore', 'ignore_ament_install']
[1.766s] Level 1:colcon.colcon_core.package_identification:_identify(log) by extension 'ignore'
[1.766s] Level 1:colcon.colcon_core.package_identification:_identify(log) ignored
[1.766s] Level 1:colcon.colcon_core.package_identification:_identify(src) by extensions ['ignore', 'ignore_ament_install']
[1.766s] Level 1:colcon.colcon_core.package_identification:_identify(src) by extension 'ignore'
[1.766s] Level 1:colcon.colcon_core.package_identification:_identify(src) by extension 'ignore_ament_install'
[1.766s] Level 1:colcon.colcon_core.package_identification:_identify(src) by extensions ['colcon_pkg']
[1.766s] Level 1:colcon.colcon_core.package_identification:_identify(src) by extension 'colcon_pkg'
[1.766s] Level 1:colcon.colcon_core.package_identification:_identify(src) by extensions ['colcon_meta']
[1.766s] Level 1:colcon.colcon_core.package_identification:_identify(src) by extension 'colcon_meta'
[1.766s] Level 1:colcon.colcon_core.package_identification:_identify(src) by extensions ['ros']
[1.766s] Level 1:colcon.colcon_core.package_identification:_identify(src) by extension 'ros'
[1.766s] Level 1:colcon.colcon_core.package_identification:_identify(src) by extensions ['cmake', 'python']
[1.767s] Level 1:colcon.colcon_core.package_identification:_identify(src) by extension 'cmake'
[1.767s] Level 1:colcon.colcon_core.package_identification:_identify(src) by extension 'python'
[1.767s] Level 1:colcon.colcon_core.package_identification:_identify(src) by extensions ['python_setup_py']
[1.767s] Level 1:colcon.colcon_core.package_identification:_identify(src) by extension 'python_setup_py'
[1.767s] Level 1:colcon.colcon_core.package_identification:_identify(src/gnc_msgs) by extensions ['ignore', 'ignore_ament_install']
[1.767s] Level 1:colcon.colcon_core.package_identification:_identify(src/gnc_msgs) by extension 'ignore'
[1.767s] Level 1:colcon.colcon_core.package_identification:_identify(src/gnc_msgs) by extension 'ignore_ament_install'
[1.767s] Level 1:colcon.colcon_core.package_identification:_identify(src/gnc_msgs) by extensions ['colcon_pkg']
[1.767s] Level 1:colcon.colcon_core.package_identification:_identify(src/gnc_msgs) by extension 'colcon_pkg'
[1.767s] Level 1:colcon.colcon_core.package_identification:_identify(src/gnc_msgs) by extensions ['colcon_meta']
[1.768s] Level 1:colcon.colcon_core.package_identification:_identify(src/gnc_msgs) by extension 'colcon_meta'
[1.768s] Level 1:colcon.colcon_core.package_identification:_identify(src/gnc_msgs) by extensions ['ros']
[1.768s] Level 1:colcon.colcon_core.package_identification:_identify(src/gnc_msgs) by extension 'ros'
[1.780s] DEBUG:colcon.colcon_core.package_identification:Package 'src/gnc_msgs' with type 'ros.catkin' and name 'gnc_msgs'
[1.780s] Level 1:colcon.colcon_core.package_identification:_identify(src/gnc_trajectory) by extensions ['ignore', 'ignore_ament_install']
[1.780s] Level 1:colcon.colcon_core.package_identification:_identify(src/gnc_trajectory) by extension 'ignore'
[1.780s] Level 1:colcon.colcon_core.package_identification:_identify(src/gnc_trajectory) by extension 'ignore_ament_install'
[1.780s] Level 1:colcon.colcon_core.package_identification:_identify(src/gnc_trajectory) by extensions ['colcon_pkg']
[1.780s] Level 1:colcon.colcon_core.package_identification:_identify(src/gnc_trajectory) by extension 'colcon_pkg'
[1.780s] Level 1:colcon.colcon_core.package_identification:_identify(src/gnc_trajectory) by extensions ['colcon_meta']
[1.780s] Level 1:colcon.colcon_core.package_identification:_identify(src/gnc_trajectory) by extension 'colcon_meta'
[1.781s] Level 1:colcon.colcon_core.package_identification:_identify(src/gnc_trajectory) by extensions ['ros']
[1.781s] Level 1:colcon.colcon_core.package_identification:_identify(src/gnc_trajectory) by extension 'ros'
[1.782s] DEBUG:colcon.colcon_core.package_identification:Package 'src/gnc_trajectory' with type 'ros.ament_python' and name 'gnc_trajectory'
[1.782s] Level 1:colcon.colcon_core.package_discovery:discover_packages(recursive) using defaults
[1.783s] Level 1:colcon.colcon_core.package_discovery:discover_packages(ignore) discover
[1.783s] Level 1:colcon.colcon_core.package_discovery:discover_packages(ignore) using defaults
[1.783s] Level 1:colcon.colcon_core.package_discovery:discover_packages(path) discover
[1.783s] Level 1:colcon.colcon_core.package_discovery:discover_packages(path) using defaults
[1.860s] Level 1:colcon.colcon_core.package_discovery:discover_packages(prefix_path) check parameters
[1.860s] Level 1:colcon.colcon_core.package_discovery:discover_packages(prefix_path) discover
[1.865s] WARNING:colcon.colcon_ros.prefix_path.ament:The path '/home/nicks1811/muas_ros_workspace/install/gnc_trajectory' in the environment variable AMENT_PREFIX_PATH doesn't exist
[1.865s] WARNING:colcon.colcon_ros.prefix_path.catkin:The path '/home/nicks1811/muas_ros_workspace/install/gnc_msgs' in the environment variable CMAKE_PREFIX_PATH doesn't exist
[1.868s] DEBUG:colcon.colcon_installed_package_information.package_discovery:Found 0 installed packages in /home/nicks1811/muas_ros_workspace/install
[1.871s] DEBUG:colcon.colcon_installed_package_information.package_discovery:Found 271 installed packages in /opt/ros/humble
[1.873s] Level 1:colcon.colcon_core.package_discovery:discover_packages(prefix_path) using defaults
[2.011s] Level 5:colcon.colcon_core.verb:set package 'gnc_msgs' build argument 'cmake_args' from command line to 'None'
[2.012s] Level 5:colcon.colcon_core.verb:set package 'gnc_msgs' build argument 'cmake_target' from command line to 'None'
[2.012s] Level 5:colcon.colcon_core.verb:set package 'gnc_msgs' build argument 'cmake_target_skip_unavailable' from command line to 'False'
[2.012s] Level 5:colcon.colcon_core.verb:set package 'gnc_msgs' build argument 'cmake_clean_cache' from command line to 'False'
[2.012s] Level 5:colcon.colcon_core.verb:set package 'gnc_msgs' build argument 'cmake_clean_first' from command line to 'False'
[2.012s] Level 5:colcon.colcon_core.verb:set package 'gnc_msgs' build argument 'cmake_force_configure' from command line to 'False'
[2.012s] Level 5:colcon.colcon_core.verb:set package 'gnc_msgs' build argument 'ament_cmake_args' from command line to 'None'
[2.012s] Level 5:colcon.colcon_core.verb:set package 'gnc_msgs' build argument 'catkin_cmake_args' from command line to 'None'
[2.012s] Level 5:colcon.colcon_core.verb:set package 'gnc_msgs' build argument 'catkin_skip_building_tests' from command line to 'False'
[2.012s] DEBUG:colcon.colcon_core.verb:Building package 'gnc_msgs' with the following arguments: {'ament_cmake_args': None, 'build_base': '/home/nicks1811/muas_ros_workspace/build/gnc_msgs', 'catkin_cmake_args': None, 'catkin_skip_building_tests': False, 'cmake_args': None, 'cmake_clean_cache': False, 'cmake_clean_first': False, 'cmake_force_configure': False, 'cmake_target': None, 'cmake_target_skip_unavailable': False, 'install_base': '/home/nicks1811/muas_ros_workspace/install/gnc_msgs', 'merge_install': False, 'path': '/home/nicks1811/muas_ros_workspace/src/gnc_msgs', 'symlink_install': False, 'test_result_base': None}
[2.012s] Level 5:colcon.colcon_core.verb:set package 'gnc_trajectory' build argument 'cmake_args' from command line to 'None'
[2.012s] Level 5:colcon.colcon_core.verb:set package 'gnc_trajectory' build argument 'cmake_target' from command line to 'None'
[2.012s] Level 5:colcon.colcon_core.verb:set package 'gnc_trajectory' build argument 'cmake_target_skip_unavailable' from command line to 'False'
[2.012s] Level 5:colcon.colcon_core.verb:set package 'gnc_trajectory' build argument 'cmake_clean_cache' from command line to 'False'
[2.012s] Level 5:colcon.colcon_core.verb:set package 'gnc_trajectory' build argument 'cmake_clean_first' from command line to 'False'
[2.012s] Level 5:colcon.colcon_core.verb:set package 'gnc_trajectory' build argument 'cmake_force_configure' from command line to 'False'
[2.013s] Level 5:colcon.colcon_core.verb:set package 'gnc_trajectory' build argument 'ament_cmake_args' from command line to 'None'
[2.013s] Level 5:colcon.colcon_core.verb:set package 'gnc_trajectory' build argument 'catkin_cmake_args' from command line to 'None'
[2.013s] Level 5:colcon.colcon_core.verb:set package 'gnc_trajectory' build argument 'catkin_skip_building_tests' from command line to 'False'
[2.013s] DEBUG:colcon.colcon_core.verb:Building package 'gnc_trajectory' with the following arguments: {'ament_cmake_args': None, 'build_base': '/home/nicks1811/muas_ros_workspace/build/gnc_trajectory', 'catkin_cmake_args': None, 'catkin_skip_building_tests': False, 'cmake_args': None, 'cmake_clean_cache': False, 'cmake_clean_first': False, 'cmake_force_configure': False, 'cmake_target': None, 'cmake_target_skip_unavailable': False, 'install_base': '/home/nicks1811/muas_ros_workspace/install/gnc_trajectory', 'merge_install': False, 'path': '/home/nicks1811/muas_ros_workspace/src/gnc_trajectory', 'symlink_install': False, 'test_result_base': None}
[2.013s] INFO:colcon.colcon_core.executor:Executing jobs using 'parallel' executor
[2.014s] DEBUG:colcon.colcon_parallel_executor.executor.parallel:run_until_complete
[2.015s] INFO:colcon.colcon_ros.task.catkin.build:Building ROS package in '/home/nicks1811/muas_ros_workspace/src/gnc_msgs' with build type 'catkin'
[2.015s] INFO:colcon.colcon_cmake.task.cmake.build:Building CMake package in '/home/nicks1811/muas_ros_workspace/src/gnc_msgs'
[2.026s] INFO:colcon.colcon_core.plugin_system:Skipping extension 'colcon_core.shell.bat': Not used on non-Windows systems
[2.026s] INFO:colcon.colcon_core.shell:Skip shell extension 'powershell' for command environment: Not usable outside of PowerShell
[2.026s] DEBUG:colcon.colcon_core.shell:Skip shell extension 'dsv' for command environment
[2.039s] DEBUG:colcon.colcon_core.event_handler.log_command:Invoking command in '/home/nicks1811/muas_ros_workspace/build/gnc_msgs': /usr/bin/cmake /home/nicks1811/muas_ros_workspace/src/gnc_msgs -DCATKIN_INSTALL_INTO_PREFIX_ROOT=0 -DCMAKE_INSTALL_PREFIX=/home/nicks1811/muas_ros_workspace/install/gnc_msgs
[7.450s] DEBUG:colcon.colcon_core.event_handler.log_command:Invoked command in '/home/nicks1811/muas_ros_workspace/build/gnc_msgs' returned '0': /usr/bin/cmake /home/nicks1811/muas_ros_workspace/src/gnc_msgs -DCATKIN_INSTALL_INTO_PREFIX_ROOT=0 -DCMAKE_INSTALL_PREFIX=/home/nicks1811/muas_ros_workspace/install/gnc_msgs
[7.455s] DEBUG:colcon.colcon_core.event_handler.log_command:Invoking command in '/home/nicks1811/muas_ros_workspace/build/gnc_msgs': /usr/bin/cmake --build /home/nicks1811/muas_ros_workspace/build/gnc_msgs -- -j12 -l12
[10.846s] DEBUG:colcon.colcon_core.event_handler.log_command:Invoked command in '/home/nicks1811/muas_ros_workspace/build/gnc_msgs' returned '0': /usr/bin/cmake --build /home/nicks1811/muas_ros_workspace/build/gnc_msgs -- -j12 -l12
[10.858s] DEBUG:colcon.colcon_core.event_handler.log_command:Invoking command in '/home/nicks1811/muas_ros_workspace/build/gnc_msgs': /usr/bin/cmake --install /home/nicks1811/muas_ros_workspace/build/gnc_msgs
[10.962s] DEBUG:colcon.colcon_core.event_handler.log_command:Invoked command in '/home/nicks1811/muas_ros_workspace/build/gnc_msgs' returned '0': /usr/bin/cmake --install /home/nicks1811/muas_ros_workspace/build/gnc_msgs
[10.963s] Level 1:colcon.colcon_core.shell:create_environment_hook('gnc_msgs', 'ros_package_path')
[10.963s] INFO:colcon.colcon_core.shell:Creating environment hook '/home/nicks1811/muas_ros_workspace/install/gnc_msgs/share/gnc_msgs/hook/ros_package_path.ps1'
[10.966s] INFO:colcon.colcon_core.shell:Creating environment descriptor '/home/nicks1811/muas_ros_workspace/install/gnc_msgs/share/gnc_msgs/hook/ros_package_path.dsv'
[10.967s] INFO:colcon.colcon_core.shell:Creating environment hook '/home/nicks1811/muas_ros_workspace/install/gnc_msgs/share/gnc_msgs/hook/ros_package_path.sh'
[10.969s] Level 1:colcon.colcon_ros.task.catkin:checking '/home/nicks1811/muas_ros_workspace/install/gnc_msgs/local/lib/python3.10/dist-packages'
[10.970s] Level 1:colcon.colcon_core.shell:create_environment_hook('gnc_msgs', 'catkin_pythonpath')
[10.970s] INFO:colcon.colcon_core.shell:Creating environment hook '/home/nicks1811/muas_ros_workspace/install/gnc_msgs/share/gnc_msgs/hook/catkin_pythonpath.ps1'
[10.971s] INFO:colcon.colcon_core.shell:Creating environment descriptor '/home/nicks1811/muas_ros_workspace/install/gnc_msgs/share/gnc_msgs/hook/catkin_pythonpath.dsv'
[10.971s] INFO:colcon.colcon_core.shell:Creating environment hook '/home/nicks1811/muas_ros_workspace/install/gnc_msgs/share/gnc_msgs/hook/catkin_pythonpath.sh'
[10.972s] Level 1:colcon.colcon_core.shell:create_environment_hook('gnc_msgs', 'pkg_config_path')
[10.973s] INFO:colcon.colcon_core.shell:Creating environment hook '/home/nicks1811/muas_ros_workspace/install/gnc_msgs/share/gnc_msgs/hook/pkg_config_path.ps1'
[10.973s] INFO:colcon.colcon_core.shell:Creating environment descriptor '/home/nicks1811/muas_ros_workspace/install/gnc_msgs/share/gnc_msgs/hook/pkg_config_path.dsv'
[10.974s] INFO:colcon.colcon_core.shell:Creating environment hook '/home/nicks1811/muas_ros_workspace/install/gnc_msgs/share/gnc_msgs/hook/pkg_config_path.sh'
[10.978s] Level 1:colcon.colcon_core.shell:create_environment_hook('gnc_msgs', 'pkg_config_path_multiarch')
[10.979s] INFO:colcon.colcon_core.shell:Creating environment hook '/home/nicks1811/muas_ros_workspace/install/gnc_msgs/share/gnc_msgs/hook/pkg_config_path_multiarch.ps1'
[10.980s] INFO:colcon.colcon_core.shell:Creating environment descriptor '/home/nicks1811/muas_ros_workspace/install/gnc_msgs/share/gnc_msgs/hook/pkg_config_path_multiarch.dsv'
[10.981s] INFO:colcon.colcon_core.shell:Creating environment hook '/home/nicks1811/muas_ros_workspace/install/gnc_msgs/share/gnc_msgs/hook/pkg_config_path_multiarch.sh'
[10.983s] Level 1:colcon.colcon_core.environment:create_environment_scripts_only(gnc_msgs)
[10.999s] Level 1:colcon.colcon_core.environment:checking '/home/nicks1811/muas_ros_workspace/install/gnc_msgs' for CMake module files
[11.000s] Level 1:colcon.colcon_core.environment:checking '/home/nicks1811/muas_ros_workspace/install/gnc_msgs' for CMake config files
[11.000s] Level 1:colcon.colcon_core.shell:create_environment_hook('gnc_msgs', 'cmake_prefix_path')
[11.001s] INFO:colcon.colcon_core.shell:Creating environment hook '/home/nicks1811/muas_ros_workspace/install/gnc_msgs/share/gnc_msgs/hook/cmake_prefix_path.ps1'
[11.001s] INFO:colcon.colcon_core.shell:Creating environment descriptor '/home/nicks1811/muas_ros_workspace/install/gnc_msgs/share/gnc_msgs/hook/cmake_prefix_path.dsv'
[11.002s] INFO:colcon.colcon_core.shell:Creating environment hook '/home/nicks1811/muas_ros_workspace/install/gnc_msgs/share/gnc_msgs/hook/cmake_prefix_path.sh'
[11.003s] Level 1:colcon.colcon_core.environment:checking '/home/nicks1811/muas_ros_workspace/install/gnc_msgs/lib'
[11.003s] Level 1:colcon.colcon_core.shell:create_environment_hook('gnc_msgs', 'ld_library_path_lib')
[11.003s] INFO:colcon.colcon_core.shell:Creating environment hook '/home/nicks1811/muas_ros_workspace/install/gnc_msgs/share/gnc_msgs/hook/ld_library_path_lib.ps1'
[11.004s] INFO:colcon.colcon_core.shell:Creating environment descriptor '/home/nicks1811/muas_ros_workspace/install/gnc_msgs/share/gnc_msgs/hook/ld_library_path_lib.dsv'
[11.005s] INFO:colcon.colcon_core.shell:Creating environment hook '/home/nicks1811/muas_ros_workspace/install/gnc_msgs/share/gnc_msgs/hook/ld_library_path_lib.sh'
[11.005s] Level 1:colcon.colcon_core.environment:checking '/home/nicks1811/muas_ros_workspace/install/gnc_msgs/bin'
[11.005s] Level 1:colcon.colcon_core.environment:checking '/home/nicks1811/muas_ros_workspace/install/gnc_msgs/lib/pkgconfig/gnc_msgs.pc'
[11.005s] Level 1:colcon.colcon_core.environment:checking '/home/nicks1811/muas_ros_workspace/install/gnc_msgs/lib/python3.10/site-packages'
[11.006s] Level 1:colcon.colcon_core.environment:checking '/home/nicks1811/muas_ros_workspace/install/gnc_msgs/bin'
[11.006s] INFO:colcon.colcon_core.shell:Creating package script '/home/nicks1811/muas_ros_workspace/install/gnc_msgs/share/gnc_msgs/package.ps1'
[11.009s] INFO:colcon.colcon_core.shell:Creating package descriptor '/home/nicks1811/muas_ros_workspace/install/gnc_msgs/share/gnc_msgs/package.dsv'
[11.011s] INFO:colcon.colcon_core.shell:Creating package script '/home/nicks1811/muas_ros_workspace/install/gnc_msgs/share/gnc_msgs/package.sh'
[11.013s] INFO:colcon.colcon_core.shell:Creating package script '/home/nicks1811/muas_ros_workspace/install/gnc_msgs/share/gnc_msgs/package.bash'
[11.015s] INFO:colcon.colcon_core.shell:Creating package script '/home/nicks1811/muas_ros_workspace/install/gnc_msgs/share/gnc_msgs/package.zsh'
[11.017s] Level 1:colcon.colcon_core.environment:create_file_with_runtime_dependencies(/home/nicks1811/muas_ros_workspace/install/gnc_msgs/share/colcon-core/packages/gnc_msgs)
[11.019s] INFO:colcon.colcon_ros.task.ament_python.build:Building ROS package in '/home/nicks1811/muas_ros_workspace/src/gnc_trajectory' with build type 'ament_python'
[11.019s] Level 1:colcon.colcon_core.shell:create_environment_hook('gnc_trajectory', 'ament_prefix_path')
[11.019s] INFO:colcon.colcon_core.shell:Creating environment hook '/home/nicks1811/muas_ros_workspace/install/gnc_trajectory/share/gnc_trajectory/hook/ament_prefix_path.ps1'
[11.024s] INFO:colcon.colcon_core.shell:Creating environment descriptor '/home/nicks1811/muas_ros_workspace/install/gnc_trajectory/share/gnc_trajectory/hook/ament_prefix_path.dsv'
[11.026s] INFO:colcon.colcon_core.shell:Creating environment hook '/home/nicks1811/muas_ros_workspace/install/gnc_trajectory/share/gnc_trajectory/hook/ament_prefix_path.sh'
[11.028s] INFO:colcon.colcon_core.shell:Skip shell extension 'powershell' for command environment: Not usable outside of PowerShell
[11.029s] DEBUG:colcon.colcon_core.shell:Skip shell extension 'dsv' for command environment
[11.845s] INFO:colcon.colcon_core.task.python.build:Building Python package in '/home/nicks1811/muas_ros_workspace/src/gnc_trajectory'
[11.845s] INFO:colcon.colcon_core.shell:Skip shell extension 'powershell' for command environment: Not usable outside of PowerShell
[11.845s] DEBUG:colcon.colcon_core.shell:Skip shell extension 'dsv' for command environment
[12.967s] DEBUG:colcon.colcon_core.event_handler.log_command:Invoking command in '/home/nicks1811/muas_ros_workspace/src/gnc_trajectory': PYTHONPATH=/home/nicks1811/muas_ros_workspace/build/gnc_trajectory/prefix_override:/usr/lib/python3/dist-packages/colcon_core/task/python/colcon_distutils_commands:/home/nicks1811/muas_ros_workspace/install/gnc_trajectory/lib/python3.10/site-packages:${PYTHONPATH} /usr/bin/python3 -W ignore:setup.py install is deprecated -W ignore:easy_install command is deprecated setup.py egg_info --egg-base ../../build/gnc_trajectory build --build-base /home/nicks1811/muas_ros_workspace/build/gnc_trajectory/build install --record /home/nicks1811/muas_ros_workspace/build/gnc_trajectory/install.log --single-version-externally-managed install_data
[13.399s] Level 1:colcon.colcon_core.environment:checking '/home/nicks1811/muas_ros_workspace/install/gnc_trajectory' for CMake module files
[13.401s] DEBUG:colcon.colcon_core.event_handler.log_command:Invoked command in '/home/nicks1811/muas_ros_workspace/src/gnc_trajectory' returned '0': PYTHONPATH=/home/nicks1811/muas_ros_workspace/build/gnc_trajectory/prefix_override:/usr/lib/python3/dist-packages/colcon_core/task/python/colcon_distutils_commands:/home/nicks1811/muas_ros_workspace/install/gnc_trajectory/lib/python3.10/site-packages:${PYTHONPATH} /usr/bin/python3 -W ignore:setup.py install is deprecated -W ignore:easy_install command is deprecated setup.py egg_info --egg-base ../../build/gnc_trajectory build --build-base /home/nicks1811/muas_ros_workspace/build/gnc_trajectory/build install --record /home/nicks1811/muas_ros_workspace/build/gnc_trajectory/install.log --single-version-externally-managed install_data
[13.402s] Level 1:colcon.colcon_core.environment:checking '/home/nicks1811/muas_ros_workspace/install/gnc_trajectory' for CMake config files
[13.403s] Level 1:colcon.colcon_core.environment:checking '/home/nicks1811/muas_ros_workspace/install/gnc_trajectory/lib'
[13.403s] Level 1:colcon.colcon_core.environment:checking '/home/nicks1811/muas_ros_workspace/install/gnc_trajectory/bin'
[13.403s] Level 1:colcon.colcon_core.environment:checking '/home/nicks1811/muas_ros_workspace/install/gnc_trajectory/lib/pkgconfig/gnc_trajectory.pc'
[13.404s] Level 1:colcon.colcon_core.environment:checking '/home/nicks1811/muas_ros_workspace/install/gnc_trajectory/lib/python3.10/site-packages'
[13.404s] Level 1:colcon.colcon_core.shell:create_environment_hook('gnc_trajectory', 'pythonpath')
[13.404s] INFO:colcon.colcon_core.shell:Creating environment hook '/home/nicks1811/muas_ros_workspace/install/gnc_trajectory/share/gnc_trajectory/hook/pythonpath.ps1'
[13.406s] INFO:colcon.colcon_core.shell:Creating environment descriptor '/home/nicks1811/muas_ros_workspace/install/gnc_trajectory/share/gnc_trajectory/hook/pythonpath.dsv'
[13.406s] INFO:colcon.colcon_core.shell:Creating environment hook '/home/nicks1811/muas_ros_workspace/install/gnc_trajectory/share/gnc_trajectory/hook/pythonpath.sh'
[13.407s] Level 1:colcon.colcon_core.environment:checking '/home/nicks1811/muas_ros_workspace/install/gnc_trajectory/bin'
[13.407s] Level 1:colcon.colcon_core.environment:create_environment_scripts_only(gnc_trajectory)
[13.407s] INFO:colcon.colcon_core.shell:Creating package script '/home/nicks1811/muas_ros_workspace/install/gnc_trajectory/share/gnc_trajectory/package.ps1'
[13.408s] INFO:colcon.colcon_core.shell:Creating package descriptor '/home/nicks1811/muas_ros_workspace/install/gnc_trajectory/share/gnc_trajectory/package.dsv'
[13.408s] INFO:colcon.colcon_core.shell:Creating package script '/home/nicks1811/muas_ros_workspace/install/gnc_trajectory/share/gnc_trajectory/package.sh'
[13.409s] INFO:colcon.colcon_core.shell:Creating package script '/home/nicks1811/muas_ros_workspace/install/gnc_trajectory/share/gnc_trajectory/package.bash'
[13.409s] INFO:colcon.colcon_core.shell:Creating package script '/home/nicks1811/muas_ros_workspace/install/gnc_trajectory/share/gnc_trajectory/package.zsh'
[13.409s] Level 1:colcon.colcon_core.environment:create_file_with_runtime_dependencies(/home/nicks1811/muas_ros_workspace/install/gnc_trajectory/share/colcon-core/packages/gnc_trajectory)
[13.410s] DEBUG:colcon.colcon_parallel_executor.executor.parallel:closing loop
[13.410s] DEBUG:colcon.colcon_parallel_executor.executor.parallel:loop closed
[13.410s] DEBUG:colcon.colcon_parallel_executor.executor.parallel:run_until_complete finished with '0'
[13.410s] DEBUG:colcon.colcon_core.event_reactor:joining thread
[13.504s] INFO:colcon.colcon_core.plugin_system:Skipping extension 'colcon_notification.desktop_notification.notify_send': Could not find 'notify-send'
[13.505s] INFO:colcon.colcon_core.plugin_system:Skipping extension 'colcon_notification.desktop_notification.terminal_notifier': Not used on non-Darwin systems
[13.505s] INFO:colcon.colcon_core.plugin_system:Skipping extension 'colcon_notification.desktop_notification.win32': Not used on non-Windows systems
[13.505s] INFO:colcon.colcon_notification.desktop_notification:Sending desktop notification using 'notify2'
[13.507s] DEBUG:colcon.colcon_notification.desktop_notification.notify2:Failed to initialize notify2: org.freedesktop.DBus.Error.FileNotFound: Failed to connect to socket /run/user/1000/bus: No such file or directory
[13.507s] DEBUG:colcon.colcon_core.event_reactor:joined thread
[13.508s] INFO:colcon.colcon_core.shell:Creating prefix script '/home/nicks1811/muas_ros_workspace/install/local_setup.ps1'
[13.513s] INFO:colcon.colcon_core.shell:Creating prefix util module '/home/nicks1811/muas_ros_workspace/install/_local_setup_util_ps1.py'
[13.517s] INFO:colcon.colcon_core.shell:Creating prefix chain script '/home/nicks1811/muas_ros_workspace/install/setup.ps1'
[13.519s] INFO:colcon.colcon_core.shell:Creating prefix script '/home/nicks1811/muas_ros_workspace/install/local_setup.sh'
[13.521s] INFO:colcon.colcon_core.shell:Creating prefix util module '/home/nicks1811/muas_ros_workspace/install/_local_setup_util_sh.py'
[13.522s] INFO:colcon.colcon_core.shell:Creating prefix chain script '/home/nicks1811/muas_ros_workspace/install/setup.sh'
[13.525s] INFO:colcon.colcon_core.shell:Creating prefix script '/home/nicks1811/muas_ros_workspace/install/local_setup.bash'
[13.527s] INFO:colcon.colcon_core.shell:Creating prefix chain script '/home/nicks1811/muas_ros_workspace/install/setup.bash'
[13.530s] INFO:colcon.colcon_core.shell:Creating prefix script '/home/nicks1811/muas_ros_workspace/install/local_setup.zsh'
[13.532s] INFO:colcon.colcon_core.shell:Creating prefix chain script '/home/nicks1811/muas_ros_workspace/install/setup.zsh'
