[0.112s] Invoking command in '/home/nicks1811/muas_ros_workspace/build/px4_ros_com': AMENT_PREFIX_PATH=/home/nicks1811/muas_ros_workspace/install/px4_msgs:${AMENT_PREFIX_PATH} CMAKE_PREFIX_PATH=/home/nicks1811/muas_ros_workspace/install/px4_msgs:/opt/ros/humble LD_LIBRARY_PATH=/home/nicks1811/muas_ros_workspace/install/px4_msgs/lib:${LD_LIBRARY_PATH} PYTHONPATH=/home/nicks1811/muas_ros_workspace/install/px4_msgs/local/lib/python3.10/dist-packages:${PYTHONPATH} /usr/bin/cmake /home/nicks1811/muas_ros_workspace/src/px4_ros_com -DCMAKE_INSTALL_PREFIX=/home/nicks1811/muas_ros_workspace/install/px4_ros_com
[0.238s] -- The C compiler identification is GNU 11.4.0
[0.397s] -- The CXX compiler identification is GNU 11.4.0
[0.495s] -- Detecting C compiler ABI info
[0.555s] -- Detecting C compiler ABI info - done
[0.560s] -- Check for working C compiler: /usr/bin/cc - skipped
[0.560s] -- Detecting C compile features
[0.560s] -- Detecting C compile features - done
[0.562s] -- Detecting CXX compiler ABI info
[0.629s] -- Detecting CXX compiler ABI info - done
[0.634s] -- Check for working CXX compiler: /usr/bin/c++ - skipped
[0.634s] -- Detecting CXX compile features
[0.635s] -- Detecting CXX compile features - done
[0.636s] -- Found ament_cmake: 1.3.12 (/opt/ros/humble/share/ament_cmake/cmake)
[0.922s] -- Found Python3: /usr/bin/python3 (found version "3.10.12") found components: Interpreter 
[0.990s] -- Found builtin_interfaces: 1.2.2 (/opt/ros/humble/share/builtin_interfaces/cmake)
[1.082s] -- Found rosidl_generator_c: 3.1.7 (/opt/ros/humble/share/rosidl_generator_c/cmake)
[1.086s] -- Found rosidl_adapter: 3.1.7 (/opt/ros/humble/share/rosidl_adapter/cmake)
[1.092s] -- Found rosidl_generator_cpp: 3.1.7 (/opt/ros/humble/share/rosidl_generator_cpp/cmake)
[1.101s] -- Using all available rosidl_typesupport_c: rosidl_typesupport_fastrtps_c;rosidl_typesupport_introspection_c
[1.113s] -- Using all available rosidl_typesupport_cpp: rosidl_typesupport_fastrtps_cpp;rosidl_typesupport_introspection_cpp
[1.128s] -- Found eigen3_cmake_module: 0.1.1 (/opt/ros/humble/share/eigen3_cmake_module/cmake)
[1.142s] -- Found Eigen3: TRUE (found version "3.4.0") 
[1.144s] -- Found geometry_msgs: 4.9.0 (/opt/ros/humble/share/geometry_msgs/cmake)
[1.176s] -- Found px4_msgs: 2.0.1 (/home/nicks1811/muas_ros_workspace/install/px4_msgs/share/px4_msgs/cmake)
[1.190s] -- Found rclcpp: 16.0.15 (/opt/ros/humble/share/rclcpp/cmake)
[1.242s] -- Found rmw_implementation_cmake: 6.1.2 (/opt/ros/humble/share/rmw_implementation_cmake/cmake)
[1.245s] -- Found rmw_fastrtps_cpp: 6.2.8 (/opt/ros/humble/share/rmw_fastrtps_cpp/cmake)
[2.058s] -- Found OpenSSL: /usr/lib/x86_64-linux-gnu/libcrypto.so (found version "3.0.2")  
[2.856s] -- Found FastRTPS: /opt/ros/humble/include  
[4.112s] -- Using RMW implementation 'rmw_fastrtps_cpp' as default
[4.125s] -- Looking for pthread.h
[4.200s] -- Looking for pthread.h - found
[4.200s] -- Performing Test CMAKE_HAVE_LIBC_PTHREAD
[4.264s] -- Performing Test CMAKE_HAVE_LIBC_PTHREAD - Success
[4.265s] -- Found Threads: TRUE  
[4.305s] -- Found sensor_msgs: 4.9.0 (/opt/ros/humble/share/sensor_msgs/cmake)
[4.321s] -- Found rclpy: 3.3.17 (/opt/ros/humble/share/rclpy/cmake)
[4.327s] -- Found ament_lint_auto: 0.12.14 (/opt/ros/humble/share/ament_lint_auto/cmake)
[4.397s] -- Added test 'copyright' to check source files copyright and LICENSE
[4.399s] -- Added test 'cppcheck' to perform static code analysis on C / C++ code
[4.400s] -- Configured cppcheck include dirs: /home/nicks1811/muas_ros_workspace/src/px4_ros_com/include;$<BUILD_INTERFACE:/home/nicks1811/muas_ros_workspace/src/px4_ros_com/include/px4_ros_com>
[4.400s] -- Configured cppcheck exclude dirs and/or files: 
[4.401s] -- Added test 'cpplint' to check C / C++ code against the Google style
[4.402s] -- Configured cpplint exclude dirs and/or files: 
[4.402s] -- Added test 'flake8' to check Python code syntax and style conventions
[4.403s] -- Added test 'lint_cmake' to check CMake code style
[4.404s] -- Added test 'pep257' to check Python code against some of the docstring style conventions in PEP 257
[4.405s] -- Added test 'uncrustify' to check C / C++ code style
[4.405s] -- Configured uncrustify additional arguments: 
[4.406s] -- Added test 'xmllint' to check XML markup files
[4.408s] -- Configuring done
[4.427s] -- Generating done
[4.433s] -- Build files have been written to: /home/nicks1811/muas_ros_workspace/build/px4_ros_com
[4.440s] Invoked command in '/home/nicks1811/muas_ros_workspace/build/px4_ros_com' returned '0': AMENT_PREFIX_PATH=/home/nicks1811/muas_ros_workspace/install/px4_msgs:${AMENT_PREFIX_PATH} CMAKE_PREFIX_PATH=/home/nicks1811/muas_ros_workspace/install/px4_msgs:/opt/ros/humble LD_LIBRARY_PATH=/home/nicks1811/muas_ros_workspace/install/px4_msgs/lib:${LD_LIBRARY_PATH} PYTHONPATH=/home/nicks1811/muas_ros_workspace/install/px4_msgs/local/lib/python3.10/dist-packages:${PYTHONPATH} /usr/bin/cmake /home/nicks1811/muas_ros_workspace/src/px4_ros_com -DCMAKE_INSTALL_PREFIX=/home/nicks1811/muas_ros_workspace/install/px4_ros_com
[4.441s] Invoking command in '/home/nicks1811/muas_ros_workspace/build/px4_ros_com': AMENT_PREFIX_PATH=/home/nicks1811/muas_ros_workspace/install/px4_msgs:${AMENT_PREFIX_PATH} CMAKE_PREFIX_PATH=/home/nicks1811/muas_ros_workspace/install/px4_msgs:/opt/ros/humble LD_LIBRARY_PATH=/home/nicks1811/muas_ros_workspace/install/px4_msgs/lib:${LD_LIBRARY_PATH} PYTHONPATH=/home/nicks1811/muas_ros_workspace/install/px4_msgs/local/lib/python3.10/dist-packages:${PYTHONPATH} /usr/bin/cmake --build /home/nicks1811/muas_ros_workspace/build/px4_ros_com -- -j12 -l12
[4.469s] [  8%] [32mBuilding CXX object CMakeFiles/sensor_combined_listener.dir/src/examples/listeners/sensor_combined_listener.cpp.o[0m
[4.474s] [ 16%] [32mBuilding CXX object CMakeFiles/frame_transforms.dir/src/lib/frame_transforms.cpp.o[0m
[4.474s] [ 25%] [32mBuilding CXX object CMakeFiles/offboard_control_srv.dir/src/examples/offboard/offboard_control_srv.cpp.o[0m
[4.475s] [ 33%] [32mBuilding CXX object CMakeFiles/vehicle_gps_position_listener.dir/src/examples/listeners/vehicle_gps_position_listener.cpp.o[0m
[4.476s] [ 41%] [32mBuilding CXX object CMakeFiles/debug_vect_advertiser.dir/src/examples/advertisers/debug_vect_advertiser.cpp.o[0m
[4.481s] [ 50%] [32mBuilding CXX object CMakeFiles/offboard_control.dir/src/examples/offboard/offboard_control.cpp.o[0m
[4.486s] [ 50%] Built target ament_cmake_python_copy_px4_ros_com
[4.672s] running egg_info
[4.673s] creating px4_ros_com.egg-info
[4.682s] writing px4_ros_com.egg-info/PKG-INFO
[4.682s] writing dependency_links to px4_ros_com.egg-info/dependency_links.txt
[4.683s] writing top-level names to px4_ros_com.egg-info/top_level.txt
[4.683s] writing manifest file 'px4_ros_com.egg-info/SOURCES.txt'
[4.711s] reading manifest file 'px4_ros_com.egg-info/SOURCES.txt'
[4.711s] writing manifest file 'px4_ros_com.egg-info/SOURCES.txt'
[4.739s] [ 50%] Built target ament_cmake_python_build_px4_ros_com_egg
[12.247s] [ 58%] [32m[1mLinking CXX executable debug_vect_advertiser[0m
[12.742s] [ 58%] Built target debug_vect_advertiser
[13.205s] [ 66%] [32m[1mLinking CXX executable offboard_control[0m
[13.611s] [ 66%] Built target offboard_control
[14.511s] [ 75%] [32m[1mLinking CXX executable offboard_control_srv[0m
[14.884s] [ 75%] Built target offboard_control_srv
[15.604s] [ 83%] [32m[1mLinking CXX shared library libframe_transforms.so[0m
[16.080s] [ 83%] Built target frame_transforms
[16.918s] [ 91%] [32m[1mLinking CXX executable sensor_combined_listener[0m
[16.934s] [100%] [32m[1mLinking CXX executable vehicle_gps_position_listener[0m
[17.310s] [100%] Built target sensor_combined_listener
[17.324s] [100%] Built target vehicle_gps_position_listener
[17.332s] Invoked command in '/home/nicks1811/muas_ros_workspace/build/px4_ros_com' returned '0': AMENT_PREFIX_PATH=/home/nicks1811/muas_ros_workspace/install/px4_msgs:${AMENT_PREFIX_PATH} CMAKE_PREFIX_PATH=/home/nicks1811/muas_ros_workspace/install/px4_msgs:/opt/ros/humble LD_LIBRARY_PATH=/home/nicks1811/muas_ros_workspace/install/px4_msgs/lib:${LD_LIBRARY_PATH} PYTHONPATH=/home/nicks1811/muas_ros_workspace/install/px4_msgs/local/lib/python3.10/dist-packages:${PYTHONPATH} /usr/bin/cmake --build /home/nicks1811/muas_ros_workspace/build/px4_ros_com -- -j12 -l12
[17.334s] Invoking command in '/home/nicks1811/muas_ros_workspace/build/px4_ros_com': AMENT_PREFIX_PATH=/home/nicks1811/muas_ros_workspace/install/px4_msgs:${AMENT_PREFIX_PATH} CMAKE_PREFIX_PATH=/home/nicks1811/muas_ros_workspace/install/px4_msgs:/opt/ros/humble LD_LIBRARY_PATH=/home/nicks1811/muas_ros_workspace/install/px4_msgs/lib:${LD_LIBRARY_PATH} PYTHONPATH=/home/nicks1811/muas_ros_workspace/install/px4_msgs/local/lib/python3.10/dist-packages:${PYTHONPATH} /usr/bin/cmake --install /home/nicks1811/muas_ros_workspace/build/px4_ros_com
[17.339s] -- Install configuration: ""
[17.340s] -- Installing: /home/nicks1811/muas_ros_workspace/install/px4_ros_com/lib/px4_ros_com/sensor_combined_listener
[17.342s] -- Set runtime path of "/home/nicks1811/muas_ros_workspace/install/px4_ros_com/lib/px4_ros_com/sensor_combined_listener" to ""
[17.342s] -- Installing: /home/nicks1811/muas_ros_workspace/install/px4_ros_com/lib/px4_ros_com/vehicle_gps_position_listener
[17.345s] -- Set runtime path of "/home/nicks1811/muas_ros_workspace/install/px4_ros_com/lib/px4_ros_com/vehicle_gps_position_listener" to ""
[17.345s] -- Installing: /home/nicks1811/muas_ros_workspace/install/px4_ros_com/lib/px4_ros_com/debug_vect_advertiser
[17.346s] -- Set runtime path of "/home/nicks1811/muas_ros_workspace/install/px4_ros_com/lib/px4_ros_com/debug_vect_advertiser" to ""
[17.346s] -- Installing: /home/nicks1811/muas_ros_workspace/install/px4_ros_com/lib/px4_ros_com/offboard_control
[17.347s] -- Set runtime path of "/home/nicks1811/muas_ros_workspace/install/px4_ros_com/lib/px4_ros_com/offboard_control" to ""
[17.348s] -- Installing: /home/nicks1811/muas_ros_workspace/install/px4_ros_com/lib/px4_ros_com/offboard_control_srv
[17.349s] -- Set runtime path of "/home/nicks1811/muas_ros_workspace/install/px4_ros_com/lib/px4_ros_com/offboard_control_srv" to ""
[17.349s] -- Installing: /home/nicks1811/muas_ros_workspace/install/px4_ros_com/share/px4_ros_com/environment/library_path.sh
[17.349s] -- Installing: /home/nicks1811/muas_ros_workspace/install/px4_ros_com/share/px4_ros_com/environment/library_path.dsv
[17.349s] -- Installing: /home/nicks1811/muas_ros_workspace/install/px4_ros_com/include/px4_ros_com
[17.349s] -- Installing: /home/nicks1811/muas_ros_workspace/install/px4_ros_com/include/px4_ros_com/frame_transforms.h
[17.350s] -- Installing: /home/nicks1811/muas_ros_workspace/install/px4_ros_com/lib/libframe_transforms.so
[17.355s] -- Set runtime path of "/home/nicks1811/muas_ros_workspace/install/px4_ros_com/lib/libframe_transforms.so" to ""
[17.355s] -- Installing: /home/nicks1811/muas_ros_workspace/install/px4_ros_com/share/px4_ros_com//launch
[17.356s] -- Installing: /home/nicks1811/muas_ros_workspace/install/px4_ros_com/share/px4_ros_com//launch/sensor_combined_listener.launch.py
[17.356s] -- Installing: /home/nicks1811/muas_ros_workspace/install/px4_ros_com/share/px4_ros_com//launch/offboard_control_launch.yaml
[17.356s] -- Installing: /home/nicks1811/muas_ros_workspace/install/px4_ros_com/share/px4_ros_com//test
[17.356s] -- Installing: /home/nicks1811/muas_ros_workspace/install/px4_ros_com/share/px4_ros_com//test/test_input.py
[17.356s] -- Installing: /home/nicks1811/muas_ros_workspace/install/px4_ros_com/share/px4_ros_com//test/__init__.py
[17.356s] -- Installing: /home/nicks1811/muas_ros_workspace/install/px4_ros_com/share/px4_ros_com//test/test_output.py
[17.356s] -- Installing: /home/nicks1811/muas_ros_workspace/install/px4_ros_com/share/px4_ros_com//test/pipeline_io_test.py
[17.356s] -- Installing: /home/nicks1811/muas_ros_workspace/install/px4_ros_com/share/px4_ros_com/environment/pythonpath.sh
[17.356s] -- Installing: /home/nicks1811/muas_ros_workspace/install/px4_ros_com/share/px4_ros_com/environment/pythonpath.dsv
[17.356s] -- Installing: /home/nicks1811/muas_ros_workspace/install/px4_ros_com/local/lib/python3.10/dist-packages/px4_ros_com-0.1.0-py3.10.egg-info
[17.357s] -- Installing: /home/nicks1811/muas_ros_workspace/install/px4_ros_com/local/lib/python3.10/dist-packages/px4_ros_com-0.1.0-py3.10.egg-info/PKG-INFO
[17.357s] -- Installing: /home/nicks1811/muas_ros_workspace/install/px4_ros_com/local/lib/python3.10/dist-packages/px4_ros_com-0.1.0-py3.10.egg-info/top_level.txt
[17.357s] -- Installing: /home/nicks1811/muas_ros_workspace/install/px4_ros_com/local/lib/python3.10/dist-packages/px4_ros_com-0.1.0-py3.10.egg-info/dependency_links.txt
[17.357s] -- Installing: /home/nicks1811/muas_ros_workspace/install/px4_ros_com/local/lib/python3.10/dist-packages/px4_ros_com-0.1.0-py3.10.egg-info/SOURCES.txt
[17.357s] -- Installing: /home/nicks1811/muas_ros_workspace/install/px4_ros_com/local/lib/python3.10/dist-packages/px4_ros_com
[17.357s] -- Installing: /home/nicks1811/muas_ros_workspace/install/px4_ros_com/local/lib/python3.10/dist-packages/px4_ros_com/__init__.py
[17.357s] -- Installing: /home/nicks1811/muas_ros_workspace/install/px4_ros_com/local/lib/python3.10/dist-packages/px4_ros_com/module_to_import.py
[17.384s] Listing '/home/nicks1811/muas_ros_workspace/install/px4_ros_com/local/lib/python3.10/dist-packages/px4_ros_com'...
[17.385s] Compiling '/home/nicks1811/muas_ros_workspace/install/px4_ros_com/local/lib/python3.10/dist-packages/px4_ros_com/__init__.py'...
[17.385s] Compiling '/home/nicks1811/muas_ros_workspace/install/px4_ros_com/local/lib/python3.10/dist-packages/px4_ros_com/module_to_import.py'...
[17.388s] -- Installing: /home/nicks1811/muas_ros_workspace/install/px4_ros_com/lib/px4_ros_com/offboard_control.py
[17.388s] -- Installing: /home/nicks1811/muas_ros_workspace/install/px4_ros_com/share/ament_index/resource_index/package_run_dependencies/px4_ros_com
[17.389s] -- Installing: /home/nicks1811/muas_ros_workspace/install/px4_ros_com/share/ament_index/resource_index/parent_prefix_path/px4_ros_com
[17.389s] -- Installing: /home/nicks1811/muas_ros_workspace/install/px4_ros_com/share/px4_ros_com/environment/ament_prefix_path.sh
[17.389s] -- Installing: /home/nicks1811/muas_ros_workspace/install/px4_ros_com/share/px4_ros_com/environment/ament_prefix_path.dsv
[17.389s] -- Installing: /home/nicks1811/muas_ros_workspace/install/px4_ros_com/share/px4_ros_com/environment/path.sh
[17.389s] -- Installing: /home/nicks1811/muas_ros_workspace/install/px4_ros_com/share/px4_ros_com/environment/path.dsv
[17.389s] -- Installing: /home/nicks1811/muas_ros_workspace/install/px4_ros_com/share/px4_ros_com/local_setup.bash
[17.390s] -- Installing: /home/nicks1811/muas_ros_workspace/install/px4_ros_com/share/px4_ros_com/local_setup.sh
[17.390s] -- Installing: /home/nicks1811/muas_ros_workspace/install/px4_ros_com/share/px4_ros_com/local_setup.zsh
[17.390s] -- Installing: /home/nicks1811/muas_ros_workspace/install/px4_ros_com/share/px4_ros_com/local_setup.dsv
[17.390s] -- Installing: /home/nicks1811/muas_ros_workspace/install/px4_ros_com/share/px4_ros_com/package.dsv
[17.390s] -- Installing: /home/nicks1811/muas_ros_workspace/install/px4_ros_com/share/ament_index/resource_index/packages/px4_ros_com
[17.390s] -- Installing: /home/nicks1811/muas_ros_workspace/install/px4_ros_com/share/px4_ros_com/cmake/export_frame_transformsExport.cmake
[17.391s] -- Installing: /home/nicks1811/muas_ros_workspace/install/px4_ros_com/share/px4_ros_com/cmake/export_frame_transformsExport-noconfig.cmake
[17.391s] -- Installing: /home/nicks1811/muas_ros_workspace/install/px4_ros_com/share/px4_ros_com/cmake/ament_cmake_export_dependencies-extras.cmake
[17.391s] -- Installing: /home/nicks1811/muas_ros_workspace/install/px4_ros_com/share/px4_ros_com/cmake/ament_cmake_export_targets-extras.cmake
[17.391s] -- Installing: /home/nicks1811/muas_ros_workspace/install/px4_ros_com/share/px4_ros_com/cmake/ament_cmake_export_include_directories-extras.cmake
[17.391s] -- Installing: /home/nicks1811/muas_ros_workspace/install/px4_ros_com/share/px4_ros_com/cmake/ament_cmake_export_libraries-extras.cmake
[17.391s] -- Installing: /home/nicks1811/muas_ros_workspace/install/px4_ros_com/share/px4_ros_com/cmake/px4_ros_comConfig.cmake
[17.391s] -- Installing: /home/nicks1811/muas_ros_workspace/install/px4_ros_com/share/px4_ros_com/cmake/px4_ros_comConfig-version.cmake
[17.391s] -- Installing: /home/nicks1811/muas_ros_workspace/install/px4_ros_com/share/px4_ros_com/package.xml
[17.392s] Invoked command in '/home/nicks1811/muas_ros_workspace/build/px4_ros_com' returned '0': AMENT_PREFIX_PATH=/home/nicks1811/muas_ros_workspace/install/px4_msgs:${AMENT_PREFIX_PATH} CMAKE_PREFIX_PATH=/home/nicks1811/muas_ros_workspace/install/px4_msgs:/opt/ros/humble LD_LIBRARY_PATH=/home/nicks1811/muas_ros_workspace/install/px4_msgs/lib:${LD_LIBRARY_PATH} PYTHONPATH=/home/nicks1811/muas_ros_workspace/install/px4_msgs/local/lib/python3.10/dist-packages:${PYTHONPATH} /usr/bin/cmake --install /home/nicks1811/muas_ros_workspace/build/px4_ros_com
