[0.326s] Invoking command in '/home/nicks1811/muas_ros_workspace/build/yolo_bringup': AMENT_PREFIX_PATH=/home/nicks1811/muas_ros_workspace/install/yolo_ros:/home/nicks1811/muas_ros_workspace/install/yolo_msgs:${AMENT_PREFIX_PATH} CMAKE_PREFIX_PATH=/home/nicks1811/muas_ros_workspace/install/yolo_msgs:/opt/ros/humble LD_LIBRARY_PATH=/home/nicks1811/muas_ros_workspace/install/yolo_msgs/lib:${LD_LIBRARY_PATH} PYTHONPATH=/home/nicks1811/muas_ros_workspace/install/yolo_ros/lib/python3.10/site-packages:/home/nicks1811/muas_ros_workspace/install/yolo_msgs/local/lib/python3.10/dist-packages:${PYTHONPATH} /usr/bin/cmake /home/nicks1811/muas_ros_workspace/src/yolo_ros/yolo_bringup -DCMAKE_INSTALL_PREFIX=/home/nicks1811/muas_ros_workspace/install/yolo_bringup
[0.562s] -- The C compiler identification is GNU 11.4.0
[1.448s] -- The CXX compiler identification is GNU 11.4.0
[2.116s] -- Detecting C compiler ABI info
[2.378s] -- Detecting C compiler ABI info - done
[2.388s] -- Check for working C compiler: /usr/bin/cc - skipped
[2.388s] -- Detecting C compile features
[2.388s] -- Detecting C compile features - done
[2.393s] -- Detecting CXX compiler ABI info
[2.668s] -- Detecting CXX compiler ABI info - done
[2.678s] -- Check for working CXX compiler: /usr/bin/c++ - skipped
[2.678s] -- Detecting CXX compile features
[2.679s] -- Detecting CXX compile features - done
[2.682s] -- Found ament_cmake: 1.3.12 (/opt/ros/humble/share/ament_cmake/cmake)
[3.181s] -- Found Python3: /usr/bin/python3 (found version "3.10.12") found components: Interpreter 
[3.396s] -- Configuring done
[3.407s] -- Generating done
[3.410s] -- Build files have been written to: /home/nicks1811/muas_ros_workspace/build/yolo_bringup
[3.417s] Invoked command in '/home/nicks1811/muas_ros_workspace/build/yolo_bringup' returned '0': AMENT_PREFIX_PATH=/home/nicks1811/muas_ros_workspace/install/yolo_ros:/home/nicks1811/muas_ros_workspace/install/yolo_msgs:${AMENT_PREFIX_PATH} CMAKE_PREFIX_PATH=/home/nicks1811/muas_ros_workspace/install/yolo_msgs:/opt/ros/humble LD_LIBRARY_PATH=/home/nicks1811/muas_ros_workspace/install/yolo_msgs/lib:${LD_LIBRARY_PATH} PYTHONPATH=/home/nicks1811/muas_ros_workspace/install/yolo_ros/lib/python3.10/site-packages:/home/nicks1811/muas_ros_workspace/install/yolo_msgs/local/lib/python3.10/dist-packages:${PYTHONPATH} /usr/bin/cmake /home/nicks1811/muas_ros_workspace/src/yolo_ros/yolo_bringup -DCMAKE_INSTALL_PREFIX=/home/nicks1811/muas_ros_workspace/install/yolo_bringup
[3.420s] Invoking command in '/home/nicks1811/muas_ros_workspace/build/yolo_bringup': AMENT_PREFIX_PATH=/home/nicks1811/muas_ros_workspace/install/yolo_ros:/home/nicks1811/muas_ros_workspace/install/yolo_msgs:${AMENT_PREFIX_PATH} CMAKE_PREFIX_PATH=/home/nicks1811/muas_ros_workspace/install/yolo_msgs:/opt/ros/humble LD_LIBRARY_PATH=/home/nicks1811/muas_ros_workspace/install/yolo_msgs/lib:${LD_LIBRARY_PATH} PYTHONPATH=/home/nicks1811/muas_ros_workspace/install/yolo_ros/lib/python3.10/site-packages:/home/nicks1811/muas_ros_workspace/install/yolo_msgs/local/lib/python3.10/dist-packages:${PYTHONPATH} /usr/bin/cmake --build /home/nicks1811/muas_ros_workspace/build/yolo_bringup -- -j16 -l16
[3.482s] Invoked command in '/home/nicks1811/muas_ros_workspace/build/yolo_bringup' returned '0': AMENT_PREFIX_PATH=/home/nicks1811/muas_ros_workspace/install/yolo_ros:/home/nicks1811/muas_ros_workspace/install/yolo_msgs:${AMENT_PREFIX_PATH} CMAKE_PREFIX_PATH=/home/nicks1811/muas_ros_workspace/install/yolo_msgs:/opt/ros/humble LD_LIBRARY_PATH=/home/nicks1811/muas_ros_workspace/install/yolo_msgs/lib:${LD_LIBRARY_PATH} PYTHONPATH=/home/nicks1811/muas_ros_workspace/install/yolo_ros/lib/python3.10/site-packages:/home/nicks1811/muas_ros_workspace/install/yolo_msgs/local/lib/python3.10/dist-packages:${PYTHONPATH} /usr/bin/cmake --build /home/nicks1811/muas_ros_workspace/build/yolo_bringup -- -j16 -l16
[3.484s] Invoking command in '/home/nicks1811/muas_ros_workspace/build/yolo_bringup': AMENT_PREFIX_PATH=/home/nicks1811/muas_ros_workspace/install/yolo_ros:/home/nicks1811/muas_ros_workspace/install/yolo_msgs:${AMENT_PREFIX_PATH} CMAKE_PREFIX_PATH=/home/nicks1811/muas_ros_workspace/install/yolo_msgs:/opt/ros/humble LD_LIBRARY_PATH=/home/nicks1811/muas_ros_workspace/install/yolo_msgs/lib:${LD_LIBRARY_PATH} PYTHONPATH=/home/nicks1811/muas_ros_workspace/install/yolo_ros/lib/python3.10/site-packages:/home/nicks1811/muas_ros_workspace/install/yolo_msgs/local/lib/python3.10/dist-packages:${PYTHONPATH} /usr/bin/cmake --install /home/nicks1811/muas_ros_workspace/build/yolo_bringup
[3.495s] -- Install configuration: ""
[3.495s] -- Installing: /home/nicks1811/muas_ros_workspace/install/yolo_bringup/share/yolo_bringup//launch
[3.498s] -- Installing: /home/nicks1811/muas_ros_workspace/install/yolo_bringup/share/yolo_bringup//launch/yolov11.launch.py
[3.498s] -- Installing: /home/nicks1811/muas_ros_workspace/install/yolo_bringup/share/yolo_bringup//launch/yolov12.launch.py
[3.498s] -- Installing: /home/nicks1811/muas_ros_workspace/install/yolo_bringup/share/yolo_bringup//launch/yolov5.launch.py
[3.499s] -- Installing: /home/nicks1811/muas_ros_workspace/install/yolo_bringup/share/yolo_bringup//launch/yolov10.launch.py
[3.499s] -- Installing: /home/nicks1811/muas_ros_workspace/install/yolo_bringup/share/yolo_bringup//launch/yolo.launch.py
[3.499s] -- Installing: /home/nicks1811/muas_ros_workspace/install/yolo_bringup/share/yolo_bringup//launch/yoloe.launch.py
[3.500s] -- Installing: /home/nicks1811/muas_ros_workspace/install/yolo_bringup/share/yolo_bringup//launch/yolov8.launch.py
[3.500s] -- Installing: /home/nicks1811/muas_ros_workspace/install/yolo_bringup/share/yolo_bringup//launch/yolov9.launch.py
[3.500s] -- Installing: /home/nicks1811/muas_ros_workspace/install/yolo_bringup/share/yolo_bringup//launch/yolo-world.launch.py
[3.502s] -- Installing: /home/nicks1811/muas_ros_workspace/install/yolo_bringup/share/ament_index/resource_index/package_run_dependencies/yolo_bringup
[3.503s] -- Installing: /home/nicks1811/muas_ros_workspace/install/yolo_bringup/share/ament_index/resource_index/parent_prefix_path/yolo_bringup
[3.504s] -- Installing: /home/nicks1811/muas_ros_workspace/install/yolo_bringup/share/yolo_bringup/environment/ament_prefix_path.sh
[3.505s] -- Installing: /home/nicks1811/muas_ros_workspace/install/yolo_bringup/share/yolo_bringup/environment/ament_prefix_path.dsv
[3.505s] -- Installing: /home/nicks1811/muas_ros_workspace/install/yolo_bringup/share/yolo_bringup/environment/path.sh
[3.505s] -- Installing: /home/nicks1811/muas_ros_workspace/install/yolo_bringup/share/yolo_bringup/environment/path.dsv
[3.505s] -- Installing: /home/nicks1811/muas_ros_workspace/install/yolo_bringup/share/yolo_bringup/local_setup.bash
[3.506s] -- Installing: /home/nicks1811/muas_ros_workspace/install/yolo_bringup/share/yolo_bringup/local_setup.sh
[3.506s] -- Installing: /home/nicks1811/muas_ros_workspace/install/yolo_bringup/share/yolo_bringup/local_setup.zsh
[3.506s] -- Installing: /home/nicks1811/muas_ros_workspace/install/yolo_bringup/share/yolo_bringup/local_setup.dsv
[3.507s] -- Installing: /home/nicks1811/muas_ros_workspace/install/yolo_bringup/share/yolo_bringup/package.dsv
[3.508s] -- Installing: /home/nicks1811/muas_ros_workspace/install/yolo_bringup/share/ament_index/resource_index/packages/yolo_bringup
[3.509s] -- Installing: /home/nicks1811/muas_ros_workspace/install/yolo_bringup/share/yolo_bringup/cmake/yolo_bringupConfig.cmake
[3.509s] -- Installing: /home/nicks1811/muas_ros_workspace/install/yolo_bringup/share/yolo_bringup/cmake/yolo_bringupConfig-version.cmake
[3.509s] -- Installing: /home/nicks1811/muas_ros_workspace/install/yolo_bringup/share/yolo_bringup/package.xml
[3.514s] Invoked command in '/home/nicks1811/muas_ros_workspace/build/yolo_bringup' returned '0': AMENT_PREFIX_PATH=/home/nicks1811/muas_ros_workspace/install/yolo_ros:/home/nicks1811/muas_ros_workspace/install/yolo_msgs:${AMENT_PREFIX_PATH} CMAKE_PREFIX_PATH=/home/nicks1811/muas_ros_workspace/install/yolo_msgs:/opt/ros/humble LD_LIBRARY_PATH=/home/nicks1811/muas_ros_workspace/install/yolo_msgs/lib:${LD_LIBRARY_PATH} PYTHONPATH=/home/nicks1811/muas_ros_workspace/install/yolo_ros/lib/python3.10/site-packages:/home/nicks1811/muas_ros_workspace/install/yolo_msgs/local/lib/python3.10/dist-packages:${PYTHONPATH} /usr/bin/cmake --install /home/nicks1811/muas_ros_workspace/build/yolo_bringup
