[0.012s] Invoking command in '/home/nicks1811/muas_ros_workspace/build/yolo_msgs': CMAKE_PREFIX_PATH=/home/nicks1811/muas_ros_workspace/install/vision_pkg:/home/nicks1811/muas_ros_workspace/install/gnc_trajectory:/opt/ros/humble:/home/nicks1811/muas_ros_workspace/install/gnc_msgs /usr/bin/cmake /home/nicks1811/muas_ros_workspace/src/yolo_ros/yolo_msgs -DCMAKE_INSTALL_PREFIX=/home/nicks1811/muas_ros_workspace/install/yolo_msgs
[0.159s] -- The C compiler identification is GNU 11.4.0
[0.621s] -- The CXX compiler identification is GNU 11.4.0
[1.000s] -- Detecting C compiler ABI info
[1.158s] -- Detecting C compiler ABI info - done
[1.163s] -- Check for working C compiler: /usr/bin/cc - skipped
[1.164s] -- Detecting C compile features
[1.164s] -- Detecting C compile features - done
[1.166s] -- Detecting CXX compiler ABI info
[1.323s] -- Detecting CXX compiler ABI info - done
[1.329s] -- Check for working CXX compiler: /usr/bin/c++ - skipped
[1.329s] -- Detecting CXX compile features
[1.329s] -- Detecting CXX compile features - done
[1.331s] -- Found ament_cmake: 1.3.12 (/opt/ros/humble/share/ament_cmake/cmake)
[1.637s] -- Found Python3: /usr/bin/python3 (found version "3.10.12") found components: Interpreter 
[1.703s] -- Found rosidl_default_generators: 1.2.0 (/opt/ros/humble/share/rosidl_default_generators/cmake)
[1.705s] -- Using all available rosidl_typesupport_c: rosidl_typesupport_fastrtps_c;rosidl_typesupport_introspection_c
[1.708s] -- Found rosidl_adapter: 3.1.7 (/opt/ros/humble/share/rosidl_adapter/cmake)
[1.906s] -- Using all available rosidl_typesupport_cpp: rosidl_typesupport_fastrtps_cpp;rosidl_typesupport_introspection_cpp
[1.931s] -- Found std_msgs: 4.9.0 (/opt/ros/humble/share/std_msgs/cmake)
[1.950s] -- Found geometry_msgs: 4.9.0 (/opt/ros/humble/share/geometry_msgs/cmake)
[2.255s] -- Found ament_cmake_ros: 0.10.0 (/opt/ros/humble/share/ament_cmake_ros/cmake)
[2.472s] -- Using all available rosidl_typesupport_c: rosidl_typesupport_fastrtps_c;rosidl_typesupport_introspection_c
[2.749s] -- Using all available rosidl_typesupport_cpp: rosidl_typesupport_fastrtps_cpp;rosidl_typesupport_introspection_cpp
[2.898s] -- Found PythonInterp: /usr/bin/python3 (found suitable version "3.10.12", minimum required is "3.6") 
[2.900s] -- Found python_cmake_module: 0.10.0 (/opt/ros/humble/share/python_cmake_module/cmake)
[3.349s] -- Found PythonLibs: /usr/lib/x86_64-linux-gnu/libpython3.10.so (found suitable version "3.10.12", minimum required is "3.5") 
[3.349s] -- Using PYTHON_EXECUTABLE: /usr/bin/python3
[3.349s] -- Using PYTHON_INCLUDE_DIRS: /usr/include/python3.10
[3.349s] -- Using PYTHON_LIBRARIES: /usr/lib/x86_64-linux-gnu/libpython3.10.so
[3.367s] -- Found PythonExtra: .so  
[3.466s] -- Configuring done
[3.510s] -- Generating done
[3.523s] -- Build files have been written to: /home/nicks1811/muas_ros_workspace/build/yolo_msgs
[3.531s] Invoked command in '/home/nicks1811/muas_ros_workspace/build/yolo_msgs' returned '0': CMAKE_PREFIX_PATH=/home/nicks1811/muas_ros_workspace/install/vision_pkg:/home/nicks1811/muas_ros_workspace/install/gnc_trajectory:/opt/ros/humble:/home/nicks1811/muas_ros_workspace/install/gnc_msgs /usr/bin/cmake /home/nicks1811/muas_ros_workspace/src/yolo_ros/yolo_msgs -DCMAKE_INSTALL_PREFIX=/home/nicks1811/muas_ros_workspace/install/yolo_msgs
[3.531s] Invoking command in '/home/nicks1811/muas_ros_workspace/build/yolo_msgs': CMAKE_PREFIX_PATH=/home/nicks1811/muas_ros_workspace/install/vision_pkg:/home/nicks1811/muas_ros_workspace/install/gnc_trajectory:/opt/ros/humble:/home/nicks1811/muas_ros_workspace/install/gnc_msgs /usr/bin/cmake --build /home/nicks1811/muas_ros_workspace/build/yolo_msgs -- -j12 -l12
[3.567s] [35m[1mConsolidate compiler generated dependencies of target yolo_msgs__rosidl_generator_c[0m
[3.574s] [  0%] Built target yolo_msgs__cpp
[3.578s] [  0%] Built target ament_cmake_python_copy_yolo_msgs
[3.583s] [ 12%] Built target yolo_msgs__rosidl_generator_c
[3.585s] [ 12%] [34m[1mGenerating C++ introspection for ROS interfaces[0m
[3.587s] [ 14%] [34m[1mGenerating C++ type support dispatch for ROS interfaces[0m
[3.587s] [ 14%] [34m[1mGenerating C++ type support for eProsima Fast-RTPS[0m
[3.591s] [ 15%] [34m[1mGenerating C type support for eProsima Fast-RTPS[0m
[3.592s] [ 16%] [34m[1mGenerating C introspection for ROS interfaces[0m
[3.598s] [ 17%] [34m[1mGenerating C type support dispatch for ROS interfaces[0m
[3.854s] running egg_info
[3.872s] writing yolo_msgs.egg-info/PKG-INFO
[3.873s] writing dependency_links to yolo_msgs.egg-info/dependency_links.txt
[3.873s] writing top-level names to yolo_msgs.egg-info/top_level.txt
[3.917s] reading manifest file 'yolo_msgs.egg-info/SOURCES.txt'
[3.917s] writing manifest file 'yolo_msgs.egg-info/SOURCES.txt'
[3.945s] [ 17%] Built target ament_cmake_python_build_yolo_msgs_egg
[4.396s] gmake[2]: Warning: File 'CMakeFiles/yolo_msgs__rosidl_typesupport_c.dir/progress.make' has modification time 1.8 s in the future
[4.406s] [ 17%] [32mBuilding CXX object CMakeFiles/yolo_msgs__rosidl_typesupport_c.dir/rosidl_typesupport_c/yolo_msgs/msg/point2_d__type_support.cpp.o[0m
[4.421s] [ 18%] [32mBuilding CXX object CMakeFiles/yolo_msgs__rosidl_typesupport_c.dir/rosidl_typesupport_c/yolo_msgs/msg/vector2__type_support.cpp.o[0m
[4.423s] [ 19%] [32mBuilding CXX object CMakeFiles/yolo_msgs__rosidl_typesupport_c.dir/rosidl_typesupport_c/yolo_msgs/msg/pose2_d__type_support.cpp.o[0m
[4.426s] [ 20%] [32mBuilding CXX object CMakeFiles/yolo_msgs__rosidl_typesupport_c.dir/rosidl_typesupport_c/yolo_msgs/msg/bounding_box2_d__type_support.cpp.o[0m
[4.427s] [ 21%] [32mBuilding CXX object CMakeFiles/yolo_msgs__rosidl_typesupport_c.dir/rosidl_typesupport_c/yolo_msgs/msg/bounding_box3_d__type_support.cpp.o[0m
[4.429s] [ 21%] [32mBuilding CXX object CMakeFiles/yolo_msgs__rosidl_typesupport_c.dir/rosidl_typesupport_c/yolo_msgs/msg/mask__type_support.cpp.o[0m
[4.462s] [ 22%] [32mBuilding CXX object CMakeFiles/yolo_msgs__rosidl_typesupport_c.dir/rosidl_typesupport_c/yolo_msgs/msg/key_point2_d__type_support.cpp.o[0m
[4.463s] [ 23%] [32mBuilding CXX object CMakeFiles/yolo_msgs__rosidl_typesupport_c.dir/rosidl_typesupport_c/yolo_msgs/msg/key_point2_d_array__type_support.cpp.o[0m
[4.467s] [ 24%] [32mBuilding CXX object CMakeFiles/yolo_msgs__rosidl_typesupport_c.dir/rosidl_typesupport_c/yolo_msgs/msg/key_point3_d__type_support.cpp.o[0m
[4.467s] [ 25%] [32mBuilding CXX object CMakeFiles/yolo_msgs__rosidl_typesupport_c.dir/rosidl_typesupport_c/yolo_msgs/msg/key_point3_d_array__type_support.cpp.o[0m
[4.473s] [ 25%] [32mBuilding CXX object CMakeFiles/yolo_msgs__rosidl_typesupport_c.dir/rosidl_typesupport_c/yolo_msgs/msg/detection__type_support.cpp.o[0m
[4.480s] gmake[2]: Warning: File 'CMakeFiles/yolo_msgs__rosidl_typesupport_cpp.dir/progress.make' has modification time 1.8 s in the future
[4.489s] [ 26%] [32mBuilding CXX object CMakeFiles/yolo_msgs__rosidl_typesupport_cpp.dir/rosidl_typesupport_cpp/yolo_msgs/msg/point2_d__type_support.cpp.o[0m
[4.499s] [ 27%] [32mBuilding CXX object CMakeFiles/yolo_msgs__rosidl_typesupport_c.dir/rosidl_typesupport_c/yolo_msgs/msg/detection_array__type_support.cpp.o[0m
[4.503s] [ 28%] [32mBuilding CXX object CMakeFiles/yolo_msgs__rosidl_typesupport_c.dir/rosidl_typesupport_c/yolo_msgs/srv/set_classes__type_support.cpp.o[0m
[4.534s] [ 28%] [32mBuilding CXX object CMakeFiles/yolo_msgs__rosidl_typesupport_cpp.dir/rosidl_typesupport_cpp/yolo_msgs/msg/pose2_d__type_support.cpp.o[0m
[4.535s] [ 29%] [32mBuilding CXX object CMakeFiles/yolo_msgs__rosidl_typesupport_cpp.dir/rosidl_typesupport_cpp/yolo_msgs/msg/vector2__type_support.cpp.o[0m
[4.537s] [ 30%] [32mBuilding CXX object CMakeFiles/yolo_msgs__rosidl_typesupport_cpp.dir/rosidl_typesupport_cpp/yolo_msgs/msg/bounding_box2_d__type_support.cpp.o[0m
[4.539s] gmake[2]: Warning: File 'CMakeFiles/yolo_msgs__rosidl_typesupport_introspection_cpp.dir/progress.make' has modification time 1.7 s in the future
[4.541s] [ 31%] [32mBuilding CXX object CMakeFiles/yolo_msgs__rosidl_typesupport_cpp.dir/rosidl_typesupport_cpp/yolo_msgs/msg/bounding_box3_d__type_support.cpp.o[0m
[4.543s] [ 32%] [32m[1mLinking CXX shared library libyolo_msgs__rosidl_typesupport_c.so[0m
[4.545s] [ 33%] [32mBuilding CXX object CMakeFiles/yolo_msgs__rosidl_typesupport_cpp.dir/rosidl_typesupport_cpp/yolo_msgs/msg/mask__type_support.cpp.o[0m
[4.547s] [ 34%] [32mBuilding CXX object CMakeFiles/yolo_msgs__rosidl_typesupport_cpp.dir/rosidl_typesupport_cpp/yolo_msgs/msg/key_point2_d__type_support.cpp.o[0m
[4.650s] [ 35%] [32mBuilding CXX object CMakeFiles/yolo_msgs__rosidl_typesupport_introspection_cpp.dir/rosidl_typesupport_introspection_cpp/yolo_msgs/msg/detail/point2_d__type_support.cpp.o[0m
[4.671s] gmake[2]: warning:  Clock skew detected.  Your build may be incomplete.
[4.682s] [ 35%] Built target yolo_msgs__rosidl_typesupport_c
[4.694s] [ 36%] [32mBuilding CXX object CMakeFiles/yolo_msgs__rosidl_typesupport_introspection_cpp.dir/rosidl_typesupport_introspection_cpp/yolo_msgs/msg/detail/vector2__type_support.cpp.o[0m
[4.763s] gmake[2]: Warning: File 'CMakeFiles/yolo_msgs__rosidl_typesupport_introspection_c.dir/progress.make' has modification time 1.5 s in the future
[4.901s] [ 37%] [32mBuilding C object CMakeFiles/yolo_msgs__rosidl_typesupport_introspection_c.dir/rosidl_typesupport_introspection_c/yolo_msgs/msg/detail/point2_d__type_support.c.o[0m
[4.910s] gmake[2]: Warning: File 'CMakeFiles/yolo_msgs__rosidl_typesupport_fastrtps_c.dir/progress.make' has modification time 1.3 s in the future
[4.940s] gmake[2]: Warning: File 'CMakeFiles/yolo_msgs__rosidl_typesupport_fastrtps_cpp.dir/progress.make' has modification time 1.3 s in the future
[4.956s] [ 38%] [32mBuilding CXX object CMakeFiles/yolo_msgs__rosidl_typesupport_fastrtps_cpp.dir/rosidl_typesupport_fastrtps_cpp/yolo_msgs/msg/detail/dds_fastrtps/point2_d__type_support.cpp.o[0m
[4.969s] [ 39%] [32mBuilding C object CMakeFiles/yolo_msgs__rosidl_typesupport_introspection_c.dir/rosidl_typesupport_introspection_c/yolo_msgs/msg/detail/vector2__type_support.c.o[0m
[4.989s] [ 39%] [32mBuilding CXX object CMakeFiles/yolo_msgs__rosidl_typesupport_cpp.dir/rosidl_typesupport_cpp/yolo_msgs/msg/key_point2_d_array__type_support.cpp.o[0m
[4.990s] [ 40%] [32mBuilding CXX object CMakeFiles/yolo_msgs__rosidl_typesupport_cpp.dir/rosidl_typesupport_cpp/yolo_msgs/msg/key_point3_d__type_support.cpp.o[0m
[4.997s] [ 41%] [32mBuilding CXX object CMakeFiles/yolo_msgs__rosidl_typesupport_cpp.dir/rosidl_typesupport_cpp/yolo_msgs/msg/key_point3_d_array__type_support.cpp.o[0m
[5.026s] [ 42%] [32mBuilding CXX object CMakeFiles/yolo_msgs__rosidl_typesupport_cpp.dir/rosidl_typesupport_cpp/yolo_msgs/msg/detection__type_support.cpp.o[0m
[5.035s] [ 43%] [32mBuilding CXX object CMakeFiles/yolo_msgs__rosidl_typesupport_cpp.dir/rosidl_typesupport_cpp/yolo_msgs/msg/detection_array__type_support.cpp.o[0m
[5.050s] [ 43%] [32mBuilding CXX object CMakeFiles/yolo_msgs__rosidl_typesupport_cpp.dir/rosidl_typesupport_cpp/yolo_msgs/srv/set_classes__type_support.cpp.o[0m
[5.053s] [ 43%] [32mBuilding C object CMakeFiles/yolo_msgs__rosidl_typesupport_introspection_c.dir/rosidl_typesupport_introspection_c/yolo_msgs/msg/detail/pose2_d__type_support.c.o[0m
[5.068s] [ 44%] [32mBuilding CXX object CMakeFiles/yolo_msgs__rosidl_typesupport_fastrtps_c.dir/rosidl_typesupport_fastrtps_c/yolo_msgs/msg/detail/point2_d__type_support_c.cpp.o[0m
[5.082s] [ 44%] [32mBuilding CXX object CMakeFiles/yolo_msgs__rosidl_typesupport_fastrtps_c.dir/rosidl_typesupport_fastrtps_c/yolo_msgs/msg/detail/vector2__type_support_c.cpp.o[0m
[5.122s] [ 45%] [32mBuilding C object CMakeFiles/yolo_msgs__rosidl_typesupport_introspection_c.dir/rosidl_typesupport_introspection_c/yolo_msgs/msg/detail/bounding_box2_d__type_support.c.o[0m
[5.176s] [ 46%] [32mBuilding C object CMakeFiles/yolo_msgs__rosidl_typesupport_introspection_c.dir/rosidl_typesupport_introspection_c/yolo_msgs/msg/detail/bounding_box3_d__type_support.c.o[0m
[5.230s] [ 47%] [32mBuilding CXX object CMakeFiles/yolo_msgs__rosidl_typesupport_introspection_cpp.dir/rosidl_typesupport_introspection_cpp/yolo_msgs/msg/detail/pose2_d__type_support.cpp.o[0m
[5.251s] [ 48%] [32mBuilding C object CMakeFiles/yolo_msgs__rosidl_typesupport_introspection_c.dir/rosidl_typesupport_introspection_c/yolo_msgs/msg/detail/mask__type_support.c.o[0m
[5.301s] [ 49%] [32mBuilding C object CMakeFiles/yolo_msgs__rosidl_typesupport_introspection_c.dir/rosidl_typesupport_introspection_c/yolo_msgs/msg/detail/key_point2_d__type_support.c.o[0m
[5.314s] [ 49%] [32mBuilding C object CMakeFiles/yolo_msgs__rosidl_typesupport_introspection_c.dir/rosidl_typesupport_introspection_c/yolo_msgs/msg/detail/key_point2_d_array__type_support.c.o[0m
[5.321s] [ 50%] [32mBuilding C object CMakeFiles/yolo_msgs__rosidl_typesupport_introspection_c.dir/rosidl_typesupport_introspection_c/yolo_msgs/msg/detail/key_point3_d__type_support.c.o[0m
[5.335s] [ 51%] [32mBuilding C object CMakeFiles/yolo_msgs__rosidl_typesupport_introspection_c.dir/rosidl_typesupport_introspection_c/yolo_msgs/msg/detail/key_point3_d_array__type_support.c.o[0m
[5.339s] [ 52%] [32mBuilding CXX object CMakeFiles/yolo_msgs__rosidl_typesupport_introspection_cpp.dir/rosidl_typesupport_introspection_cpp/yolo_msgs/msg/detail/bounding_box2_d__type_support.cpp.o[0m
[5.355s] [ 52%] [32mBuilding CXX object CMakeFiles/yolo_msgs__rosidl_typesupport_introspection_cpp.dir/rosidl_typesupport_introspection_cpp/yolo_msgs/msg/detail/bounding_box3_d__type_support.cpp.o[0m
[5.363s] [ 53%] [32mBuilding C object CMakeFiles/yolo_msgs__rosidl_typesupport_introspection_c.dir/rosidl_typesupport_introspection_c/yolo_msgs/msg/detail/detection__type_support.c.o[0m
[5.371s] [ 54%] [32mBuilding C object CMakeFiles/yolo_msgs__rosidl_typesupport_introspection_c.dir/rosidl_typesupport_introspection_c/yolo_msgs/msg/detail/detection_array__type_support.c.o[0m
[5.377s] [ 54%] [32mBuilding C object CMakeFiles/yolo_msgs__rosidl_typesupport_introspection_c.dir/rosidl_typesupport_introspection_c/yolo_msgs/srv/detail/set_classes__type_support.c.o[0m
[5.404s] [ 55%] [32mBuilding CXX object CMakeFiles/yolo_msgs__rosidl_typesupport_introspection_cpp.dir/rosidl_typesupport_introspection_cpp/yolo_msgs/msg/detail/mask__type_support.cpp.o[0m
[5.420s] [ 56%] [32mBuilding CXX object CMakeFiles/yolo_msgs__rosidl_typesupport_introspection_cpp.dir/rosidl_typesupport_introspection_cpp/yolo_msgs/msg/detail/key_point2_d__type_support.cpp.o[0m
[5.453s] [ 57%] [32m[1mLinking C shared library libyolo_msgs__rosidl_typesupport_introspection_c.so[0m
[5.502s] [ 58%] [32mBuilding CXX object CMakeFiles/yolo_msgs__rosidl_typesupport_introspection_cpp.dir/rosidl_typesupport_introspection_cpp/yolo_msgs/msg/detail/key_point2_d_array__type_support.cpp.o[0m
[5.549s] [ 59%] [32mBuilding CXX object CMakeFiles/yolo_msgs__rosidl_typesupport_introspection_cpp.dir/rosidl_typesupport_introspection_cpp/yolo_msgs/msg/detail/key_point3_d__type_support.cpp.o[0m
[5.606s] gmake[2]: warning:  Clock skew detected.  Your build may be incomplete.
[5.620s] [ 59%] Built target yolo_msgs__rosidl_typesupport_introspection_c
[5.633s] [ 59%] [32mBuilding CXX object CMakeFiles/yolo_msgs__rosidl_typesupport_introspection_cpp.dir/rosidl_typesupport_introspection_cpp/yolo_msgs/msg/detail/key_point3_d_array__type_support.cpp.o[0m
[5.639s] [ 60%] [32m[1mLinking CXX shared library libyolo_msgs__rosidl_typesupport_cpp.so[0m
[5.670s] [ 61%] [32mBuilding CXX object CMakeFiles/yolo_msgs__rosidl_typesupport_fastrtps_c.dir/rosidl_typesupport_fastrtps_c/yolo_msgs/msg/detail/pose2_d__type_support_c.cpp.o[0m
[5.693s] [ 62%] [32mBuilding CXX object CMakeFiles/yolo_msgs__rosidl_typesupport_fastrtps_c.dir/rosidl_typesupport_fastrtps_c/yolo_msgs/msg/detail/bounding_box2_d__type_support_c.cpp.o[0m
[5.785s] gmake[2]: warning:  Clock skew detected.  Your build may be incomplete.
[5.800s] [ 62%] Built target yolo_msgs__rosidl_typesupport_cpp
[5.843s] [ 63%] [32mBuilding CXX object CMakeFiles/yolo_msgs__rosidl_typesupport_introspection_cpp.dir/rosidl_typesupport_introspection_cpp/yolo_msgs/msg/detail/detection__type_support.cpp.o[0m
[5.845s] [ 64%] [32mBuilding CXX object CMakeFiles/yolo_msgs__rosidl_typesupport_fastrtps_cpp.dir/rosidl_typesupport_fastrtps_cpp/yolo_msgs/msg/detail/dds_fastrtps/pose2_d__type_support.cpp.o[0m
[5.850s] [ 65%] [32mBuilding CXX object CMakeFiles/yolo_msgs__rosidl_typesupport_fastrtps_cpp.dir/rosidl_typesupport_fastrtps_cpp/yolo_msgs/msg/detail/dds_fastrtps/vector2__type_support.cpp.o[0m
[5.888s] [ 66%] [32mBuilding CXX object CMakeFiles/yolo_msgs__rosidl_typesupport_introspection_cpp.dir/rosidl_typesupport_introspection_cpp/yolo_msgs/msg/detail/detection_array__type_support.cpp.o[0m
[5.902s] [ 67%] [32mBuilding CXX object CMakeFiles/yolo_msgs__rosidl_typesupport_introspection_cpp.dir/rosidl_typesupport_introspection_cpp/yolo_msgs/srv/detail/set_classes__type_support.cpp.o[0m
[6.029s] [ 68%] [32mBuilding CXX object CMakeFiles/yolo_msgs__rosidl_typesupport_fastrtps_cpp.dir/rosidl_typesupport_fastrtps_cpp/yolo_msgs/msg/detail/dds_fastrtps/bounding_box3_d__type_support.cpp.o[0m
[6.030s] [ 68%] [32mBuilding CXX object CMakeFiles/yolo_msgs__rosidl_typesupport_fastrtps_cpp.dir/rosidl_typesupport_fastrtps_cpp/yolo_msgs/msg/detail/dds_fastrtps/bounding_box2_d__type_support.cpp.o[0m
[6.498s] [ 69%] [32mBuilding CXX object CMakeFiles/yolo_msgs__rosidl_typesupport_fastrtps_c.dir/rosidl_typesupport_fastrtps_c/yolo_msgs/msg/detail/bounding_box3_d__type_support_c.cpp.o[0m
[6.504s] [ 70%] [32mBuilding CXX object CMakeFiles/yolo_msgs__rosidl_typesupport_fastrtps_c.dir/rosidl_typesupport_fastrtps_c/yolo_msgs/msg/detail/mask__type_support_c.cpp.o[0m
[6.506s] [ 70%] [32mBuilding CXX object CMakeFiles/yolo_msgs__rosidl_typesupport_fastrtps_c.dir/rosidl_typesupport_fastrtps_c/yolo_msgs/msg/detail/key_point2_d__type_support_c.cpp.o[0m
[6.510s] [ 71%] [32mBuilding CXX object CMakeFiles/yolo_msgs__rosidl_typesupport_fastrtps_c.dir/rosidl_typesupport_fastrtps_c/yolo_msgs/msg/detail/key_point2_d_array__type_support_c.cpp.o[0m
[6.590s] [ 72%] [32mBuilding CXX object CMakeFiles/yolo_msgs__rosidl_typesupport_fastrtps_c.dir/rosidl_typesupport_fastrtps_c/yolo_msgs/msg/detail/key_point3_d__type_support_c.cpp.o[0m
[6.648s] [ 73%] [32mBuilding CXX object CMakeFiles/yolo_msgs__rosidl_typesupport_fastrtps_cpp.dir/rosidl_typesupport_fastrtps_cpp/yolo_msgs/msg/detail/dds_fastrtps/mask__type_support.cpp.o[0m
[6.665s] [ 74%] [32mBuilding CXX object CMakeFiles/yolo_msgs__rosidl_typesupport_fastrtps_cpp.dir/rosidl_typesupport_fastrtps_cpp/yolo_msgs/msg/detail/dds_fastrtps/key_point2_d__type_support.cpp.o[0m
[6.726s] [ 75%] [32mBuilding CXX object CMakeFiles/yolo_msgs__rosidl_typesupport_fastrtps_cpp.dir/rosidl_typesupport_fastrtps_cpp/yolo_msgs/msg/detail/dds_fastrtps/key_point2_d_array__type_support.cpp.o[0m
[6.745s] [ 75%] [32mBuilding CXX object CMakeFiles/yolo_msgs__rosidl_typesupport_fastrtps_cpp.dir/rosidl_typesupport_fastrtps_cpp/yolo_msgs/msg/detail/dds_fastrtps/key_point3_d__type_support.cpp.o[0m
[6.801s] [ 76%] [32mBuilding CXX object CMakeFiles/yolo_msgs__rosidl_typesupport_fastrtps_cpp.dir/rosidl_typesupport_fastrtps_cpp/yolo_msgs/msg/detail/dds_fastrtps/key_point3_d_array__type_support.cpp.o[0m
[7.109s] [ 77%] [32m[1mLinking CXX shared library libyolo_msgs__rosidl_typesupport_introspection_cpp.so[0m
[7.233s] [ 78%] [32mBuilding CXX object CMakeFiles/yolo_msgs__rosidl_typesupport_fastrtps_cpp.dir/rosidl_typesupport_fastrtps_cpp/yolo_msgs/msg/detail/dds_fastrtps/detection__type_support.cpp.o[0m
[7.312s] [ 79%] [32mBuilding CXX object CMakeFiles/yolo_msgs__rosidl_typesupport_fastrtps_c.dir/rosidl_typesupport_fastrtps_c/yolo_msgs/msg/detail/key_point3_d_array__type_support_c.cpp.o[0m
[7.461s] gmake[2]: warning:  Clock skew detected.  Your build may be incomplete.
[7.468s] [ 80%] [32mBuilding CXX object CMakeFiles/yolo_msgs__rosidl_typesupport_fastrtps_c.dir/rosidl_typesupport_fastrtps_c/yolo_msgs/msg/detail/detection__type_support_c.cpp.o[0m
[7.484s] [ 80%] Built target yolo_msgs__rosidl_typesupport_introspection_cpp
[7.484s] [ 80%] [32mBuilding CXX object CMakeFiles/yolo_msgs__rosidl_typesupport_fastrtps_c.dir/rosidl_typesupport_fastrtps_c/yolo_msgs/msg/detail/detection_array__type_support_c.cpp.o[0m
[7.493s] [ 81%] [32mBuilding CXX object CMakeFiles/yolo_msgs__rosidl_typesupport_fastrtps_c.dir/rosidl_typesupport_fastrtps_c/yolo_msgs/srv/detail/set_classes__type_support_c.cpp.o[0m
[7.506s] [ 82%] [32mBuilding CXX object CMakeFiles/yolo_msgs__rosidl_typesupport_fastrtps_cpp.dir/rosidl_typesupport_fastrtps_cpp/yolo_msgs/msg/detail/dds_fastrtps/detection_array__type_support.cpp.o[0m
[7.510s] [ 83%] [32mBuilding CXX object CMakeFiles/yolo_msgs__rosidl_typesupport_fastrtps_cpp.dir/rosidl_typesupport_fastrtps_cpp/yolo_msgs/srv/detail/dds_fastrtps/set_classes__type_support.cpp.o[0m
[8.264s] [ 84%] [32m[1mLinking CXX shared library libyolo_msgs__rosidl_typesupport_fastrtps_c.so[0m
[8.434s] [ 84%] [32m[1mLinking CXX shared library libyolo_msgs__rosidl_typesupport_fastrtps_cpp.so[0m
[8.472s] gmake[2]: warning:  Clock skew detected.  Your build may be incomplete.
[8.483s] [ 84%] Built target yolo_msgs__rosidl_typesupport_fastrtps_c
[8.632s] gmake[2]: warning:  Clock skew detected.  Your build may be incomplete.
[8.644s] [ 84%] Built target yolo_msgs__rosidl_typesupport_fastrtps_cpp
[8.669s] [ 84%] Built target yolo_msgs
[8.696s] [ 85%] [34m[1mGenerating Python code for ROS interfaces[0m
[10.265s] [ 85%] Built target yolo_msgs__py
[10.290s] [ 86%] [32mBuilding C object CMakeFiles/yolo_msgs__rosidl_generator_py.dir/rosidl_generator_py/yolo_msgs/msg/_point2_d_s.c.o[0m
[10.290s] [ 87%] [32mBuilding C object CMakeFiles/yolo_msgs__rosidl_generator_py.dir/rosidl_generator_py/yolo_msgs/msg/_pose2_d_s.c.o[0m
[10.291s] [ 88%] [32mBuilding C object CMakeFiles/yolo_msgs__rosidl_generator_py.dir/rosidl_generator_py/yolo_msgs/msg/_bounding_box2_d_s.c.o[0m
[10.291s] [ 89%] [32mBuilding C object CMakeFiles/yolo_msgs__rosidl_generator_py.dir/rosidl_generator_py/yolo_msgs/msg/_bounding_box3_d_s.c.o[0m
[10.292s] [ 90%] [32mBuilding C object CMakeFiles/yolo_msgs__rosidl_generator_py.dir/rosidl_generator_py/yolo_msgs/msg/_key_point3_d_s.c.o[0m
[10.293s] [ 91%] [32mBuilding C object CMakeFiles/yolo_msgs__rosidl_generator_py.dir/rosidl_generator_py/yolo_msgs/msg/_detection_s.c.o[0m
[10.294s] [ 92%] [32mBuilding C object CMakeFiles/yolo_msgs__rosidl_generator_py.dir/rosidl_generator_py/yolo_msgs/msg/_mask_s.c.o[0m
[10.295s] [ 93%] [32mBuilding C object CMakeFiles/yolo_msgs__rosidl_generator_py.dir/rosidl_generator_py/yolo_msgs/msg/_key_point2_d_array_s.c.o[0m
[10.295s] [ 93%] [32mBuilding C object CMakeFiles/yolo_msgs__rosidl_generator_py.dir/rosidl_generator_py/yolo_msgs/msg/_vector2_s.c.o[0m
[10.296s] [ 94%] [32mBuilding C object CMakeFiles/yolo_msgs__rosidl_generator_py.dir/rosidl_generator_py/yolo_msgs/msg/_key_point3_d_array_s.c.o[0m
[10.297s] [ 94%] [32mBuilding C object CMakeFiles/yolo_msgs__rosidl_generator_py.dir/rosidl_generator_py/yolo_msgs/msg/_key_point2_d_s.c.o[0m
[10.305s] [ 94%] [32mBuilding C object CMakeFiles/yolo_msgs__rosidl_generator_py.dir/rosidl_generator_py/yolo_msgs/msg/_detection_array_s.c.o[0m
[10.581s] [ 95%] [32mBuilding C object CMakeFiles/yolo_msgs__rosidl_generator_py.dir/rosidl_generator_py/yolo_msgs/srv/_set_classes_s.c.o[0m
[10.704s] [ 96%] [32m[1mLinking C shared library rosidl_generator_py/yolo_msgs/libyolo_msgs__rosidl_generator_py.so[0m
[10.863s] [ 96%] Built target yolo_msgs__rosidl_generator_py
[10.888s] [ 97%] [32mBuilding C object CMakeFiles/yolo_msgs__rosidl_typesupport_introspection_c__pyext.dir/rosidl_generator_py/yolo_msgs/_yolo_msgs_s.ep.rosidl_typesupport_introspection_c.c.o[0m
[10.888s] [ 98%] [32mBuilding C object CMakeFiles/yolo_msgs__rosidl_typesupport_fastrtps_c__pyext.dir/rosidl_generator_py/yolo_msgs/_yolo_msgs_s.ep.rosidl_typesupport_fastrtps_c.c.o[0m
[10.890s] [ 99%] [32mBuilding C object CMakeFiles/yolo_msgs__rosidl_typesupport_c__pyext.dir/rosidl_generator_py/yolo_msgs/_yolo_msgs_s.ep.rosidl_typesupport_c.c.o[0m
[11.074s] [ 99%] [32m[1mLinking C shared library rosidl_generator_py/yolo_msgs/yolo_msgs_s__rosidl_typesupport_c.cpython-310-x86_64-linux-gnu.so[0m
[11.078s] [ 99%] [32m[1mLinking C shared library rosidl_generator_py/yolo_msgs/yolo_msgs_s__rosidl_typesupport_fastrtps_c.cpython-310-x86_64-linux-gnu.so[0m
[11.082s] [100%] [32m[1mLinking C shared library rosidl_generator_py/yolo_msgs/yolo_msgs_s__rosidl_typesupport_introspection_c.cpython-310-x86_64-linux-gnu.so[0m
[11.185s] [100%] Built target yolo_msgs__rosidl_typesupport_fastrtps_c__pyext
[11.189s] [100%] Built target yolo_msgs__rosidl_typesupport_c__pyext
[11.221s] [100%] Built target yolo_msgs__rosidl_typesupport_introspection_c__pyext
[11.236s] Invoked command in '/home/nicks1811/muas_ros_workspace/build/yolo_msgs' returned '0': CMAKE_PREFIX_PATH=/home/nicks1811/muas_ros_workspace/install/vision_pkg:/home/nicks1811/muas_ros_workspace/install/gnc_trajectory:/opt/ros/humble:/home/nicks1811/muas_ros_workspace/install/gnc_msgs /usr/bin/cmake --build /home/nicks1811/muas_ros_workspace/build/yolo_msgs -- -j12 -l12
[11.250s] Invoking command in '/home/nicks1811/muas_ros_workspace/build/yolo_msgs': CMAKE_PREFIX_PATH=/home/nicks1811/muas_ros_workspace/install/vision_pkg:/home/nicks1811/muas_ros_workspace/install/gnc_trajectory:/opt/ros/humble:/home/nicks1811/muas_ros_workspace/install/gnc_msgs /usr/bin/cmake --install /home/nicks1811/muas_ros_workspace/build/yolo_msgs
[11.258s] -- Install configuration: ""
[11.259s] -- Installing: /home/nicks1811/muas_ros_workspace/install/yolo_msgs/share/ament_index/resource_index/rosidl_interfaces/yolo_msgs
[11.259s] -- Installing: /home/nicks1811/muas_ros_workspace/install/yolo_msgs/include/yolo_msgs/yolo_msgs
[11.259s] -- Installing: /home/nicks1811/muas_ros_workspace/install/yolo_msgs/include/yolo_msgs/yolo_msgs/srv
[11.260s] -- Installing: /home/nicks1811/muas_ros_workspace/install/yolo_msgs/include/yolo_msgs/yolo_msgs/srv/detail
[11.260s] -- Installing: /home/nicks1811/muas_ros_workspace/install/yolo_msgs/include/yolo_msgs/yolo_msgs/srv/detail/set_classes__functions.c
[11.260s] -- Installing: /home/nicks1811/muas_ros_workspace/install/yolo_msgs/include/yolo_msgs/yolo_msgs/srv/detail/set_classes__struct.h
[11.261s] -- Installing: /home/nicks1811/muas_ros_workspace/install/yolo_msgs/include/yolo_msgs/yolo_msgs/srv/detail/set_classes__functions.h
[11.261s] -- Installing: /home/nicks1811/muas_ros_workspace/install/yolo_msgs/include/yolo_msgs/yolo_msgs/srv/detail/set_classes__type_support.h
[11.261s] -- Installing: /home/nicks1811/muas_ros_workspace/install/yolo_msgs/include/yolo_msgs/yolo_msgs/srv/set_classes.h
[11.262s] -- Installing: /home/nicks1811/muas_ros_workspace/install/yolo_msgs/include/yolo_msgs/yolo_msgs/msg
[11.262s] -- Installing: /home/nicks1811/muas_ros_workspace/install/yolo_msgs/include/yolo_msgs/yolo_msgs/msg/pose2_d.h
[11.262s] -- Installing: /home/nicks1811/muas_ros_workspace/install/yolo_msgs/include/yolo_msgs/yolo_msgs/msg/detection_array.h
[11.263s] -- Installing: /home/nicks1811/muas_ros_workspace/install/yolo_msgs/include/yolo_msgs/yolo_msgs/msg/mask.h
[11.263s] -- Installing: /home/nicks1811/muas_ros_workspace/install/yolo_msgs/include/yolo_msgs/yolo_msgs/msg/detail
[11.263s] -- Installing: /home/nicks1811/muas_ros_workspace/install/yolo_msgs/include/yolo_msgs/yolo_msgs/msg/detail/pose2_d__functions.c
[11.264s] -- Installing: /home/nicks1811/muas_ros_workspace/install/yolo_msgs/include/yolo_msgs/yolo_msgs/msg/detail/key_point2_d_array__functions.h
[11.264s] -- Installing: /home/nicks1811/muas_ros_workspace/install/yolo_msgs/include/yolo_msgs/yolo_msgs/msg/detail/key_point3_d__functions.c
[11.264s] -- Installing: /home/nicks1811/muas_ros_workspace/install/yolo_msgs/include/yolo_msgs/yolo_msgs/msg/detail/bounding_box2_d__type_support.h
[11.265s] -- Installing: /home/nicks1811/muas_ros_workspace/install/yolo_msgs/include/yolo_msgs/yolo_msgs/msg/detail/mask__functions.h
[11.265s] -- Installing: /home/nicks1811/muas_ros_workspace/install/yolo_msgs/include/yolo_msgs/yolo_msgs/msg/detail/mask__functions.c
[11.265s] -- Installing: /home/nicks1811/muas_ros_workspace/install/yolo_msgs/include/yolo_msgs/yolo_msgs/msg/detail/key_point2_d_array__type_support.h
[11.265s] -- Installing: /home/nicks1811/muas_ros_workspace/install/yolo_msgs/include/yolo_msgs/yolo_msgs/msg/detail/point2_d__type_support.h
[11.266s] -- Installing: /home/nicks1811/muas_ros_workspace/install/yolo_msgs/include/yolo_msgs/yolo_msgs/msg/detail/key_point3_d_array__type_support.h
[11.266s] -- Installing: /home/nicks1811/muas_ros_workspace/install/yolo_msgs/include/yolo_msgs/yolo_msgs/msg/detail/detection__functions.h
[11.266s] -- Installing: /home/nicks1811/muas_ros_workspace/install/yolo_msgs/include/yolo_msgs/yolo_msgs/msg/detail/key_point2_d__type_support.h
[11.267s] -- Installing: /home/nicks1811/muas_ros_workspace/install/yolo_msgs/include/yolo_msgs/yolo_msgs/msg/detail/mask__struct.h
[11.267s] -- Installing: /home/nicks1811/muas_ros_workspace/install/yolo_msgs/include/yolo_msgs/yolo_msgs/msg/detail/key_point2_d_array__struct.h
[11.267s] -- Installing: /home/nicks1811/muas_ros_workspace/install/yolo_msgs/include/yolo_msgs/yolo_msgs/msg/detail/key_point3_d_array__functions.h
[11.268s] -- Installing: /home/nicks1811/muas_ros_workspace/install/yolo_msgs/include/yolo_msgs/yolo_msgs/msg/detail/detection__type_support.h
[11.268s] -- Installing: /home/nicks1811/muas_ros_workspace/install/yolo_msgs/include/yolo_msgs/yolo_msgs/msg/detail/point2_d__struct.h
[11.268s] -- Installing: /home/nicks1811/muas_ros_workspace/install/yolo_msgs/include/yolo_msgs/yolo_msgs/msg/detail/key_point2_d_array__functions.c
[11.269s] -- Installing: /home/nicks1811/muas_ros_workspace/install/yolo_msgs/include/yolo_msgs/yolo_msgs/msg/detail/pose2_d__functions.h
[11.269s] -- Installing: /home/nicks1811/muas_ros_workspace/install/yolo_msgs/include/yolo_msgs/yolo_msgs/msg/detail/vector2__functions.c
[11.270s] -- Installing: /home/nicks1811/muas_ros_workspace/install/yolo_msgs/include/yolo_msgs/yolo_msgs/msg/detail/detection_array__functions.h
[11.270s] -- Installing: /home/nicks1811/muas_ros_workspace/install/yolo_msgs/include/yolo_msgs/yolo_msgs/msg/detail/bounding_box2_d__functions.h
[11.270s] -- Installing: /home/nicks1811/muas_ros_workspace/install/yolo_msgs/include/yolo_msgs/yolo_msgs/msg/detail/key_point2_d__functions.c
[11.271s] -- Installing: /home/nicks1811/muas_ros_workspace/install/yolo_msgs/include/yolo_msgs/yolo_msgs/msg/detail/bounding_box2_d__functions.c
[11.271s] -- Installing: /home/nicks1811/muas_ros_workspace/install/yolo_msgs/include/yolo_msgs/yolo_msgs/msg/detail/detection__struct.h
[11.271s] -- Installing: /home/nicks1811/muas_ros_workspace/install/yolo_msgs/include/yolo_msgs/yolo_msgs/msg/detail/detection_array__functions.c
[11.271s] -- Installing: /home/nicks1811/muas_ros_workspace/install/yolo_msgs/include/yolo_msgs/yolo_msgs/msg/detail/vector2__functions.h
[11.272s] -- Installing: /home/nicks1811/muas_ros_workspace/install/yolo_msgs/include/yolo_msgs/yolo_msgs/msg/detail/key_point2_d__struct.h
[11.272s] -- Installing: /home/nicks1811/muas_ros_workspace/install/yolo_msgs/include/yolo_msgs/yolo_msgs/msg/detail/pose2_d__type_support.h
[11.272s] -- Installing: /home/nicks1811/muas_ros_workspace/install/yolo_msgs/include/yolo_msgs/yolo_msgs/msg/detail/vector2__type_support.h
[11.272s] -- Installing: /home/nicks1811/muas_ros_workspace/install/yolo_msgs/include/yolo_msgs/yolo_msgs/msg/detail/bounding_box3_d__type_support.h
[11.273s] -- Installing: /home/nicks1811/muas_ros_workspace/install/yolo_msgs/include/yolo_msgs/yolo_msgs/msg/detail/key_point3_d__type_support.h
[11.273s] -- Installing: /home/nicks1811/muas_ros_workspace/install/yolo_msgs/include/yolo_msgs/yolo_msgs/msg/detail/mask__type_support.h
[11.273s] -- Installing: /home/nicks1811/muas_ros_workspace/install/yolo_msgs/include/yolo_msgs/yolo_msgs/msg/detail/pose2_d__struct.h
[11.273s] -- Installing: /home/nicks1811/muas_ros_workspace/install/yolo_msgs/include/yolo_msgs/yolo_msgs/msg/detail/key_point2_d__functions.h
[11.273s] -- Installing: /home/nicks1811/muas_ros_workspace/install/yolo_msgs/include/yolo_msgs/yolo_msgs/msg/detail/detection__functions.c
[11.274s] -- Installing: /home/nicks1811/muas_ros_workspace/install/yolo_msgs/include/yolo_msgs/yolo_msgs/msg/detail/key_point3_d__functions.h
[11.274s] -- Installing: /home/nicks1811/muas_ros_workspace/install/yolo_msgs/include/yolo_msgs/yolo_msgs/msg/detail/detection_array__struct.h
[11.274s] -- Installing: /home/nicks1811/muas_ros_workspace/install/yolo_msgs/include/yolo_msgs/yolo_msgs/msg/detail/point2_d__functions.c
[11.275s] -- Installing: /home/nicks1811/muas_ros_workspace/install/yolo_msgs/include/yolo_msgs/yolo_msgs/msg/detail/point2_d__functions.h
[11.275s] -- Installing: /home/nicks1811/muas_ros_workspace/install/yolo_msgs/include/yolo_msgs/yolo_msgs/msg/detail/key_point3_d__struct.h
[11.275s] -- Installing: /home/nicks1811/muas_ros_workspace/install/yolo_msgs/include/yolo_msgs/yolo_msgs/msg/detail/bounding_box2_d__struct.h
[11.276s] -- Installing: /home/nicks1811/muas_ros_workspace/install/yolo_msgs/include/yolo_msgs/yolo_msgs/msg/detail/bounding_box3_d__functions.h
[11.276s] -- Installing: /home/nicks1811/muas_ros_workspace/install/yolo_msgs/include/yolo_msgs/yolo_msgs/msg/detail/bounding_box3_d__functions.c
[11.276s] -- Installing: /home/nicks1811/muas_ros_workspace/install/yolo_msgs/include/yolo_msgs/yolo_msgs/msg/detail/detection_array__type_support.h
[11.276s] -- Installing: /home/nicks1811/muas_ros_workspace/install/yolo_msgs/include/yolo_msgs/yolo_msgs/msg/detail/bounding_box3_d__struct.h
[11.277s] -- Installing: /home/nicks1811/muas_ros_workspace/install/yolo_msgs/include/yolo_msgs/yolo_msgs/msg/detail/key_point3_d_array__struct.h
[11.277s] -- Installing: /home/nicks1811/muas_ros_workspace/install/yolo_msgs/include/yolo_msgs/yolo_msgs/msg/detail/vector2__struct.h
[11.277s] -- Installing: /home/nicks1811/muas_ros_workspace/install/yolo_msgs/include/yolo_msgs/yolo_msgs/msg/detail/key_point3_d_array__functions.c
[11.278s] -- Installing: /home/nicks1811/muas_ros_workspace/install/yolo_msgs/include/yolo_msgs/yolo_msgs/msg/point2_d.h
[11.278s] -- Installing: /home/nicks1811/muas_ros_workspace/install/yolo_msgs/include/yolo_msgs/yolo_msgs/msg/key_point2_d_array.h
[11.278s] -- Installing: /home/nicks1811/muas_ros_workspace/install/yolo_msgs/include/yolo_msgs/yolo_msgs/msg/detection.h
[11.279s] -- Installing: /home/nicks1811/muas_ros_workspace/install/yolo_msgs/include/yolo_msgs/yolo_msgs/msg/bounding_box2_d.h
[11.280s] -- Installing: /home/nicks1811/muas_ros_workspace/install/yolo_msgs/include/yolo_msgs/yolo_msgs/msg/bounding_box3_d.h
[11.280s] -- Installing: /home/nicks1811/muas_ros_workspace/install/yolo_msgs/include/yolo_msgs/yolo_msgs/msg/rosidl_generator_c__visibility_control.h
[11.281s] -- Installing: /home/nicks1811/muas_ros_workspace/install/yolo_msgs/include/yolo_msgs/yolo_msgs/msg/key_point3_d.h
[11.281s] -- Installing: /home/nicks1811/muas_ros_workspace/install/yolo_msgs/include/yolo_msgs/yolo_msgs/msg/key_point2_d.h
[11.282s] -- Installing: /home/nicks1811/muas_ros_workspace/install/yolo_msgs/include/yolo_msgs/yolo_msgs/msg/key_point3_d_array.h
[11.282s] -- Installing: /home/nicks1811/muas_ros_workspace/install/yolo_msgs/include/yolo_msgs/yolo_msgs/msg/vector2.h
[11.282s] -- Installing: /home/nicks1811/muas_ros_workspace/install/yolo_msgs/share/yolo_msgs/environment/library_path.sh
[11.283s] -- Installing: /home/nicks1811/muas_ros_workspace/install/yolo_msgs/share/yolo_msgs/environment/library_path.dsv
[11.283s] -- Installing: /home/nicks1811/muas_ros_workspace/install/yolo_msgs/lib/libyolo_msgs__rosidl_generator_c.so
[11.283s] -- Set runtime path of "/home/nicks1811/muas_ros_workspace/install/yolo_msgs/lib/libyolo_msgs__rosidl_generator_c.so" to ""
[11.284s] -- Up-to-date: /home/nicks1811/muas_ros_workspace/install/yolo_msgs/include/yolo_msgs/yolo_msgs
[11.284s] -- Up-to-date: /home/nicks1811/muas_ros_workspace/install/yolo_msgs/include/yolo_msgs/yolo_msgs/srv
[11.284s] -- Up-to-date: /home/nicks1811/muas_ros_workspace/install/yolo_msgs/include/yolo_msgs/yolo_msgs/srv/detail
[11.284s] -- Installing: /home/nicks1811/muas_ros_workspace/install/yolo_msgs/include/yolo_msgs/yolo_msgs/srv/detail/set_classes__rosidl_typesupport_fastrtps_c.h
[11.284s] -- Up-to-date: /home/nicks1811/muas_ros_workspace/install/yolo_msgs/include/yolo_msgs/yolo_msgs/msg
[11.285s] -- Up-to-date: /home/nicks1811/muas_ros_workspace/install/yolo_msgs/include/yolo_msgs/yolo_msgs/msg/detail
[11.285s] -- Installing: /home/nicks1811/muas_ros_workspace/install/yolo_msgs/include/yolo_msgs/yolo_msgs/msg/detail/key_point3_d__rosidl_typesupport_fastrtps_c.h
[11.286s] -- Installing: /home/nicks1811/muas_ros_workspace/install/yolo_msgs/include/yolo_msgs/yolo_msgs/msg/detail/key_point3_d_array__rosidl_typesupport_fastrtps_c.h
[11.286s] -- Installing: /home/nicks1811/muas_ros_workspace/install/yolo_msgs/include/yolo_msgs/yolo_msgs/msg/detail/detection_array__rosidl_typesupport_fastrtps_c.h
[11.286s] -- Installing: /home/nicks1811/muas_ros_workspace/install/yolo_msgs/include/yolo_msgs/yolo_msgs/msg/detail/bounding_box2_d__rosidl_typesupport_fastrtps_c.h
[11.287s] -- Installing: /home/nicks1811/muas_ros_workspace/install/yolo_msgs/include/yolo_msgs/yolo_msgs/msg/detail/detection__rosidl_typesupport_fastrtps_c.h
[11.287s] -- Installing: /home/nicks1811/muas_ros_workspace/install/yolo_msgs/include/yolo_msgs/yolo_msgs/msg/detail/mask__rosidl_typesupport_fastrtps_c.h
[11.287s] -- Installing: /home/nicks1811/muas_ros_workspace/install/yolo_msgs/include/yolo_msgs/yolo_msgs/msg/detail/pose2_d__rosidl_typesupport_fastrtps_c.h
[11.287s] -- Installing: /home/nicks1811/muas_ros_workspace/install/yolo_msgs/include/yolo_msgs/yolo_msgs/msg/detail/key_point2_d__rosidl_typesupport_fastrtps_c.h
[11.288s] -- Installing: /home/nicks1811/muas_ros_workspace/install/yolo_msgs/include/yolo_msgs/yolo_msgs/msg/detail/vector2__rosidl_typesupport_fastrtps_c.h
[11.288s] -- Installing: /home/nicks1811/muas_ros_workspace/install/yolo_msgs/include/yolo_msgs/yolo_msgs/msg/detail/key_point2_d_array__rosidl_typesupport_fastrtps_c.h
[11.289s] -- Installing: /home/nicks1811/muas_ros_workspace/install/yolo_msgs/include/yolo_msgs/yolo_msgs/msg/detail/point2_d__rosidl_typesupport_fastrtps_c.h
[11.289s] -- Installing: /home/nicks1811/muas_ros_workspace/install/yolo_msgs/include/yolo_msgs/yolo_msgs/msg/detail/bounding_box3_d__rosidl_typesupport_fastrtps_c.h
[11.289s] -- Installing: /home/nicks1811/muas_ros_workspace/install/yolo_msgs/include/yolo_msgs/yolo_msgs/msg/rosidl_typesupport_fastrtps_c__visibility_control.h
[11.290s] -- Installing: /home/nicks1811/muas_ros_workspace/install/yolo_msgs/lib/libyolo_msgs__rosidl_typesupport_fastrtps_c.so
[11.290s] -- Set runtime path of "/home/nicks1811/muas_ros_workspace/install/yolo_msgs/lib/libyolo_msgs__rosidl_typesupport_fastrtps_c.so" to ""
[11.290s] -- Up-to-date: /home/nicks1811/muas_ros_workspace/install/yolo_msgs/include/yolo_msgs/yolo_msgs
[11.291s] -- Up-to-date: /home/nicks1811/muas_ros_workspace/install/yolo_msgs/include/yolo_msgs/yolo_msgs/srv
[11.291s] -- Up-to-date: /home/nicks1811/muas_ros_workspace/install/yolo_msgs/include/yolo_msgs/yolo_msgs/srv/detail
[11.291s] -- Installing: /home/nicks1811/muas_ros_workspace/install/yolo_msgs/include/yolo_msgs/yolo_msgs/srv/detail/set_classes__type_support.c
[11.292s] -- Installing: /home/nicks1811/muas_ros_workspace/install/yolo_msgs/include/yolo_msgs/yolo_msgs/srv/detail/set_classes__rosidl_typesupport_introspection_c.h
[11.292s] -- Up-to-date: /home/nicks1811/muas_ros_workspace/install/yolo_msgs/include/yolo_msgs/yolo_msgs/msg
[11.292s] -- Up-to-date: /home/nicks1811/muas_ros_workspace/install/yolo_msgs/include/yolo_msgs/yolo_msgs/msg/detail
[11.292s] -- Installing: /home/nicks1811/muas_ros_workspace/install/yolo_msgs/include/yolo_msgs/yolo_msgs/msg/detail/bounding_box2_d__rosidl_typesupport_introspection_c.h
[11.292s] -- Installing: /home/nicks1811/muas_ros_workspace/install/yolo_msgs/include/yolo_msgs/yolo_msgs/msg/detail/mask__rosidl_typesupport_introspection_c.h
[11.292s] -- Installing: /home/nicks1811/muas_ros_workspace/install/yolo_msgs/include/yolo_msgs/yolo_msgs/msg/detail/key_point3_d__rosidl_typesupport_introspection_c.h
[11.292s] -- Installing: /home/nicks1811/muas_ros_workspace/install/yolo_msgs/include/yolo_msgs/yolo_msgs/msg/detail/key_point2_d__rosidl_typesupport_introspection_c.h
[11.292s] -- Installing: /home/nicks1811/muas_ros_workspace/install/yolo_msgs/include/yolo_msgs/yolo_msgs/msg/detail/key_point3_d_array__type_support.c
[11.292s] -- Installing: /home/nicks1811/muas_ros_workspace/install/yolo_msgs/include/yolo_msgs/yolo_msgs/msg/detail/bounding_box3_d__rosidl_typesupport_introspection_c.h
[11.292s] -- Installing: /home/nicks1811/muas_ros_workspace/install/yolo_msgs/include/yolo_msgs/yolo_msgs/msg/detail/pose2_d__rosidl_typesupport_introspection_c.h
[11.293s] -- Installing: /home/nicks1811/muas_ros_workspace/install/yolo_msgs/include/yolo_msgs/yolo_msgs/msg/detail/detection__rosidl_typesupport_introspection_c.h
[11.293s] -- Installing: /home/nicks1811/muas_ros_workspace/install/yolo_msgs/include/yolo_msgs/yolo_msgs/msg/detail/point2_d__rosidl_typesupport_introspection_c.h
[11.293s] -- Installing: /home/nicks1811/muas_ros_workspace/install/yolo_msgs/include/yolo_msgs/yolo_msgs/msg/detail/point2_d__type_support.c
[11.293s] -- Installing: /home/nicks1811/muas_ros_workspace/install/yolo_msgs/include/yolo_msgs/yolo_msgs/msg/detail/detection__type_support.c
[11.293s] -- Installing: /home/nicks1811/muas_ros_workspace/install/yolo_msgs/include/yolo_msgs/yolo_msgs/msg/detail/vector2__rosidl_typesupport_introspection_c.h
[11.294s] -- Installing: /home/nicks1811/muas_ros_workspace/install/yolo_msgs/include/yolo_msgs/yolo_msgs/msg/detail/detection_array__rosidl_typesupport_introspection_c.h
[11.294s] -- Installing: /home/nicks1811/muas_ros_workspace/install/yolo_msgs/include/yolo_msgs/yolo_msgs/msg/detail/pose2_d__type_support.c
[11.294s] -- Installing: /home/nicks1811/muas_ros_workspace/install/yolo_msgs/include/yolo_msgs/yolo_msgs/msg/detail/key_point2_d_array__rosidl_typesupport_introspection_c.h
[11.294s] -- Installing: /home/nicks1811/muas_ros_workspace/install/yolo_msgs/include/yolo_msgs/yolo_msgs/msg/detail/vector2__type_support.c
[11.294s] -- Installing: /home/nicks1811/muas_ros_workspace/install/yolo_msgs/include/yolo_msgs/yolo_msgs/msg/detail/key_point2_d_array__type_support.c
[11.295s] -- Installing: /home/nicks1811/muas_ros_workspace/install/yolo_msgs/include/yolo_msgs/yolo_msgs/msg/detail/bounding_box3_d__type_support.c
[11.295s] -- Installing: /home/nicks1811/muas_ros_workspace/install/yolo_msgs/include/yolo_msgs/yolo_msgs/msg/detail/detection_array__type_support.c
[11.295s] -- Installing: /home/nicks1811/muas_ros_workspace/install/yolo_msgs/include/yolo_msgs/yolo_msgs/msg/detail/bounding_box2_d__type_support.c
[11.296s] -- Installing: /home/nicks1811/muas_ros_workspace/install/yolo_msgs/include/yolo_msgs/yolo_msgs/msg/detail/key_point3_d__type_support.c
[11.296s] -- Installing: /home/nicks1811/muas_ros_workspace/install/yolo_msgs/include/yolo_msgs/yolo_msgs/msg/detail/key_point3_d_array__rosidl_typesupport_introspection_c.h
[11.296s] -- Installing: /home/nicks1811/muas_ros_workspace/install/yolo_msgs/include/yolo_msgs/yolo_msgs/msg/detail/mask__type_support.c
[11.297s] -- Installing: /home/nicks1811/muas_ros_workspace/install/yolo_msgs/include/yolo_msgs/yolo_msgs/msg/detail/key_point2_d__type_support.c
[11.297s] -- Installing: /home/nicks1811/muas_ros_workspace/install/yolo_msgs/include/yolo_msgs/yolo_msgs/msg/rosidl_typesupport_introspection_c__visibility_control.h
[11.298s] -- Installing: /home/nicks1811/muas_ros_workspace/install/yolo_msgs/lib/libyolo_msgs__rosidl_typesupport_introspection_c.so
[11.298s] -- Set runtime path of "/home/nicks1811/muas_ros_workspace/install/yolo_msgs/lib/libyolo_msgs__rosidl_typesupport_introspection_c.so" to ""
[11.298s] -- Installing: /home/nicks1811/muas_ros_workspace/install/yolo_msgs/lib/libyolo_msgs__rosidl_typesupport_c.so
[11.298s] -- Set runtime path of "/home/nicks1811/muas_ros_workspace/install/yolo_msgs/lib/libyolo_msgs__rosidl_typesupport_c.so" to ""
[11.298s] -- Up-to-date: /home/nicks1811/muas_ros_workspace/install/yolo_msgs/include/yolo_msgs/yolo_msgs
[11.298s] -- Up-to-date: /home/nicks1811/muas_ros_workspace/install/yolo_msgs/include/yolo_msgs/yolo_msgs/srv
[11.299s] -- Up-to-date: /home/nicks1811/muas_ros_workspace/install/yolo_msgs/include/yolo_msgs/yolo_msgs/srv/detail
[11.299s] -- Installing: /home/nicks1811/muas_ros_workspace/install/yolo_msgs/include/yolo_msgs/yolo_msgs/srv/detail/set_classes__builder.hpp
[11.299s] -- Installing: /home/nicks1811/muas_ros_workspace/install/yolo_msgs/include/yolo_msgs/yolo_msgs/srv/detail/set_classes__type_support.hpp
[11.300s] -- Installing: /home/nicks1811/muas_ros_workspace/install/yolo_msgs/include/yolo_msgs/yolo_msgs/srv/detail/set_classes__struct.hpp
[11.300s] -- Installing: /home/nicks1811/muas_ros_workspace/install/yolo_msgs/include/yolo_msgs/yolo_msgs/srv/detail/set_classes__traits.hpp
[11.300s] -- Installing: /home/nicks1811/muas_ros_workspace/install/yolo_msgs/include/yolo_msgs/yolo_msgs/srv/set_classes.hpp
[11.300s] -- Up-to-date: /home/nicks1811/muas_ros_workspace/install/yolo_msgs/include/yolo_msgs/yolo_msgs/msg
[11.301s] -- Installing: /home/nicks1811/muas_ros_workspace/install/yolo_msgs/include/yolo_msgs/yolo_msgs/msg/bounding_box3_d.hpp
[11.301s] -- Installing: /home/nicks1811/muas_ros_workspace/install/yolo_msgs/include/yolo_msgs/yolo_msgs/msg/mask.hpp
[11.301s] -- Installing: /home/nicks1811/muas_ros_workspace/install/yolo_msgs/include/yolo_msgs/yolo_msgs/msg/detection_array.hpp
[11.301s] -- Up-to-date: /home/nicks1811/muas_ros_workspace/install/yolo_msgs/include/yolo_msgs/yolo_msgs/msg/detail
[11.301s] -- Installing: /home/nicks1811/muas_ros_workspace/install/yolo_msgs/include/yolo_msgs/yolo_msgs/msg/detail/key_point3_d__builder.hpp
[11.301s] -- Installing: /home/nicks1811/muas_ros_workspace/install/yolo_msgs/include/yolo_msgs/yolo_msgs/msg/detail/key_point3_d__traits.hpp
[11.301s] -- Installing: /home/nicks1811/muas_ros_workspace/install/yolo_msgs/include/yolo_msgs/yolo_msgs/msg/detail/point2_d__traits.hpp
[11.301s] -- Installing: /home/nicks1811/muas_ros_workspace/install/yolo_msgs/include/yolo_msgs/yolo_msgs/msg/detail/detection__traits.hpp
[11.301s] -- Installing: /home/nicks1811/muas_ros_workspace/install/yolo_msgs/include/yolo_msgs/yolo_msgs/msg/detail/detection__struct.hpp
[11.301s] -- Installing: /home/nicks1811/muas_ros_workspace/install/yolo_msgs/include/yolo_msgs/yolo_msgs/msg/detail/bounding_box3_d__type_support.hpp
[11.301s] -- Installing: /home/nicks1811/muas_ros_workspace/install/yolo_msgs/include/yolo_msgs/yolo_msgs/msg/detail/detection__builder.hpp
[11.301s] -- Installing: /home/nicks1811/muas_ros_workspace/install/yolo_msgs/include/yolo_msgs/yolo_msgs/msg/detail/key_point3_d_array__builder.hpp
[11.301s] -- Installing: /home/nicks1811/muas_ros_workspace/install/yolo_msgs/include/yolo_msgs/yolo_msgs/msg/detail/mask__builder.hpp
[11.301s] -- Installing: /home/nicks1811/muas_ros_workspace/install/yolo_msgs/include/yolo_msgs/yolo_msgs/msg/detail/detection__type_support.hpp
[11.301s] -- Installing: /home/nicks1811/muas_ros_workspace/install/yolo_msgs/include/yolo_msgs/yolo_msgs/msg/detail/key_point2_d__type_support.hpp
[11.301s] -- Installing: /home/nicks1811/muas_ros_workspace/install/yolo_msgs/include/yolo_msgs/yolo_msgs/msg/detail/key_point3_d_array__struct.hpp
[11.302s] -- Installing: /home/nicks1811/muas_ros_workspace/install/yolo_msgs/include/yolo_msgs/yolo_msgs/msg/detail/bounding_box2_d__builder.hpp
[11.302s] -- Installing: /home/nicks1811/muas_ros_workspace/install/yolo_msgs/include/yolo_msgs/yolo_msgs/msg/detail/key_point2_d_array__traits.hpp
[11.302s] -- Installing: /home/nicks1811/muas_ros_workspace/install/yolo_msgs/include/yolo_msgs/yolo_msgs/msg/detail/key_point2_d__builder.hpp
[11.302s] -- Installing: /home/nicks1811/muas_ros_workspace/install/yolo_msgs/include/yolo_msgs/yolo_msgs/msg/detail/key_point2_d_array__type_support.hpp
[11.302s] -- Installing: /home/nicks1811/muas_ros_workspace/install/yolo_msgs/include/yolo_msgs/yolo_msgs/msg/detail/pose2_d__type_support.hpp
[11.302s] -- Installing: /home/nicks1811/muas_ros_workspace/install/yolo_msgs/include/yolo_msgs/yolo_msgs/msg/detail/key_point3_d_array__type_support.hpp
[11.302s] -- Installing: /home/nicks1811/muas_ros_workspace/install/yolo_msgs/include/yolo_msgs/yolo_msgs/msg/detail/key_point2_d_array__builder.hpp
[11.302s] -- Installing: /home/nicks1811/muas_ros_workspace/install/yolo_msgs/include/yolo_msgs/yolo_msgs/msg/detail/vector2__struct.hpp
[11.303s] -- Installing: /home/nicks1811/muas_ros_workspace/install/yolo_msgs/include/yolo_msgs/yolo_msgs/msg/detail/bounding_box3_d__builder.hpp
[11.303s] -- Installing: /home/nicks1811/muas_ros_workspace/install/yolo_msgs/include/yolo_msgs/yolo_msgs/msg/detail/vector2__builder.hpp
[11.303s] -- Installing: /home/nicks1811/muas_ros_workspace/install/yolo_msgs/include/yolo_msgs/yolo_msgs/msg/detail/detection_array__type_support.hpp
[11.303s] -- Installing: /home/nicks1811/muas_ros_workspace/install/yolo_msgs/include/yolo_msgs/yolo_msgs/msg/detail/bounding_box3_d__struct.hpp
[11.303s] -- Installing: /home/nicks1811/muas_ros_workspace/install/yolo_msgs/include/yolo_msgs/yolo_msgs/msg/detail/pose2_d__struct.hpp
[11.303s] -- Installing: /home/nicks1811/muas_ros_workspace/install/yolo_msgs/include/yolo_msgs/yolo_msgs/msg/detail/key_point3_d__struct.hpp
[11.303s] -- Installing: /home/nicks1811/muas_ros_workspace/install/yolo_msgs/include/yolo_msgs/yolo_msgs/msg/detail/key_point2_d__struct.hpp
[11.303s] -- Installing: /home/nicks1811/muas_ros_workspace/install/yolo_msgs/include/yolo_msgs/yolo_msgs/msg/detail/detection_array__traits.hpp
[11.303s] -- Installing: /home/nicks1811/muas_ros_workspace/install/yolo_msgs/include/yolo_msgs/yolo_msgs/msg/detail/key_point3_d__type_support.hpp
[11.303s] -- Installing: /home/nicks1811/muas_ros_workspace/install/yolo_msgs/include/yolo_msgs/yolo_msgs/msg/detail/point2_d__type_support.hpp
[11.304s] -- Installing: /home/nicks1811/muas_ros_workspace/install/yolo_msgs/include/yolo_msgs/yolo_msgs/msg/detail/point2_d__struct.hpp
[11.304s] -- Installing: /home/nicks1811/muas_ros_workspace/install/yolo_msgs/include/yolo_msgs/yolo_msgs/msg/detail/bounding_box3_d__traits.hpp
[11.304s] -- Installing: /home/nicks1811/muas_ros_workspace/install/yolo_msgs/include/yolo_msgs/yolo_msgs/msg/detail/mask__traits.hpp
[11.304s] -- Installing: /home/nicks1811/muas_ros_workspace/install/yolo_msgs/include/yolo_msgs/yolo_msgs/msg/detail/bounding_box2_d__type_support.hpp
[11.304s] -- Installing: /home/nicks1811/muas_ros_workspace/install/yolo_msgs/include/yolo_msgs/yolo_msgs/msg/detail/bounding_box2_d__traits.hpp
[11.304s] -- Installing: /home/nicks1811/muas_ros_workspace/install/yolo_msgs/include/yolo_msgs/yolo_msgs/msg/detail/key_point2_d__traits.hpp
[11.304s] -- Installing: /home/nicks1811/muas_ros_workspace/install/yolo_msgs/include/yolo_msgs/yolo_msgs/msg/detail/bounding_box2_d__struct.hpp
[11.304s] -- Installing: /home/nicks1811/muas_ros_workspace/install/yolo_msgs/include/yolo_msgs/yolo_msgs/msg/detail/vector2__traits.hpp
[11.304s] -- Installing: /home/nicks1811/muas_ros_workspace/install/yolo_msgs/include/yolo_msgs/yolo_msgs/msg/detail/mask__struct.hpp
[11.304s] -- Installing: /home/nicks1811/muas_ros_workspace/install/yolo_msgs/include/yolo_msgs/yolo_msgs/msg/detail/pose2_d__builder.hpp
[11.305s] -- Installing: /home/nicks1811/muas_ros_workspace/install/yolo_msgs/include/yolo_msgs/yolo_msgs/msg/detail/detection_array__builder.hpp
[11.305s] -- Installing: /home/nicks1811/muas_ros_workspace/install/yolo_msgs/include/yolo_msgs/yolo_msgs/msg/detail/key_point2_d_array__struct.hpp
[11.305s] -- Installing: /home/nicks1811/muas_ros_workspace/install/yolo_msgs/include/yolo_msgs/yolo_msgs/msg/detail/key_point3_d_array__traits.hpp
[11.305s] -- Installing: /home/nicks1811/muas_ros_workspace/install/yolo_msgs/include/yolo_msgs/yolo_msgs/msg/detail/vector2__type_support.hpp
[11.305s] -- Installing: /home/nicks1811/muas_ros_workspace/install/yolo_msgs/include/yolo_msgs/yolo_msgs/msg/detail/point2_d__builder.hpp
[11.305s] -- Installing: /home/nicks1811/muas_ros_workspace/install/yolo_msgs/include/yolo_msgs/yolo_msgs/msg/detail/detection_array__struct.hpp
[11.305s] -- Installing: /home/nicks1811/muas_ros_workspace/install/yolo_msgs/include/yolo_msgs/yolo_msgs/msg/detail/pose2_d__traits.hpp
[11.305s] -- Installing: /home/nicks1811/muas_ros_workspace/install/yolo_msgs/include/yolo_msgs/yolo_msgs/msg/detail/mask__type_support.hpp
[11.305s] -- Installing: /home/nicks1811/muas_ros_workspace/install/yolo_msgs/include/yolo_msgs/yolo_msgs/msg/rosidl_generator_cpp__visibility_control.hpp
[11.305s] -- Installing: /home/nicks1811/muas_ros_workspace/install/yolo_msgs/include/yolo_msgs/yolo_msgs/msg/pose2_d.hpp
[11.306s] -- Installing: /home/nicks1811/muas_ros_workspace/install/yolo_msgs/include/yolo_msgs/yolo_msgs/msg/key_point3_d_array.hpp
[11.306s] -- Installing: /home/nicks1811/muas_ros_workspace/install/yolo_msgs/include/yolo_msgs/yolo_msgs/msg/key_point2_d.hpp
[11.306s] -- Installing: /home/nicks1811/muas_ros_workspace/install/yolo_msgs/include/yolo_msgs/yolo_msgs/msg/bounding_box2_d.hpp
[11.306s] -- Installing: /home/nicks1811/muas_ros_workspace/install/yolo_msgs/include/yolo_msgs/yolo_msgs/msg/key_point3_d.hpp
[11.306s] -- Installing: /home/nicks1811/muas_ros_workspace/install/yolo_msgs/include/yolo_msgs/yolo_msgs/msg/point2_d.hpp
[11.306s] -- Installing: /home/nicks1811/muas_ros_workspace/install/yolo_msgs/include/yolo_msgs/yolo_msgs/msg/detection.hpp
[11.306s] -- Installing: /home/nicks1811/muas_ros_workspace/install/yolo_msgs/include/yolo_msgs/yolo_msgs/msg/vector2.hpp
[11.306s] -- Installing: /home/nicks1811/muas_ros_workspace/install/yolo_msgs/include/yolo_msgs/yolo_msgs/msg/key_point2_d_array.hpp
[11.306s] -- Up-to-date: /home/nicks1811/muas_ros_workspace/install/yolo_msgs/include/yolo_msgs/yolo_msgs
[11.306s] -- Up-to-date: /home/nicks1811/muas_ros_workspace/install/yolo_msgs/include/yolo_msgs/yolo_msgs/srv
[11.306s] -- Up-to-date: /home/nicks1811/muas_ros_workspace/install/yolo_msgs/include/yolo_msgs/yolo_msgs/srv/detail
[11.306s] -- Installing: /home/nicks1811/muas_ros_workspace/install/yolo_msgs/include/yolo_msgs/yolo_msgs/srv/detail/set_classes__rosidl_typesupport_fastrtps_cpp.hpp
[11.306s] -- Installing: /home/nicks1811/muas_ros_workspace/install/yolo_msgs/include/yolo_msgs/yolo_msgs/srv/detail/dds_fastrtps
[11.306s] -- Up-to-date: /home/nicks1811/muas_ros_workspace/install/yolo_msgs/include/yolo_msgs/yolo_msgs/msg
[11.306s] -- Installing: /home/nicks1811/muas_ros_workspace/install/yolo_msgs/include/yolo_msgs/yolo_msgs/msg/rosidl_typesupport_fastrtps_cpp__visibility_control.h
[11.306s] -- Up-to-date: /home/nicks1811/muas_ros_workspace/install/yolo_msgs/include/yolo_msgs/yolo_msgs/msg/detail
[11.306s] -- Installing: /home/nicks1811/muas_ros_workspace/install/yolo_msgs/include/yolo_msgs/yolo_msgs/msg/detail/pose2_d__rosidl_typesupport_fastrtps_cpp.hpp
[11.306s] -- Installing: /home/nicks1811/muas_ros_workspace/install/yolo_msgs/include/yolo_msgs/yolo_msgs/msg/detail/key_point3_d_array__rosidl_typesupport_fastrtps_cpp.hpp
[11.306s] -- Installing: /home/nicks1811/muas_ros_workspace/install/yolo_msgs/include/yolo_msgs/yolo_msgs/msg/detail/key_point2_d_array__rosidl_typesupport_fastrtps_cpp.hpp
[11.306s] -- Installing: /home/nicks1811/muas_ros_workspace/install/yolo_msgs/include/yolo_msgs/yolo_msgs/msg/detail/point2_d__rosidl_typesupport_fastrtps_cpp.hpp
[11.306s] -- Installing: /home/nicks1811/muas_ros_workspace/install/yolo_msgs/include/yolo_msgs/yolo_msgs/msg/detail/key_point2_d__rosidl_typesupport_fastrtps_cpp.hpp
[11.306s] -- Installing: /home/nicks1811/muas_ros_workspace/install/yolo_msgs/include/yolo_msgs/yolo_msgs/msg/detail/mask__rosidl_typesupport_fastrtps_cpp.hpp
[11.306s] -- Installing: /home/nicks1811/muas_ros_workspace/install/yolo_msgs/include/yolo_msgs/yolo_msgs/msg/detail/bounding_box2_d__rosidl_typesupport_fastrtps_cpp.hpp
[11.306s] -- Installing: /home/nicks1811/muas_ros_workspace/install/yolo_msgs/include/yolo_msgs/yolo_msgs/msg/detail/vector2__rosidl_typesupport_fastrtps_cpp.hpp
[11.306s] -- Installing: /home/nicks1811/muas_ros_workspace/install/yolo_msgs/include/yolo_msgs/yolo_msgs/msg/detail/detection__rosidl_typesupport_fastrtps_cpp.hpp
[11.306s] -- Installing: /home/nicks1811/muas_ros_workspace/install/yolo_msgs/include/yolo_msgs/yolo_msgs/msg/detail/bounding_box3_d__rosidl_typesupport_fastrtps_cpp.hpp
[11.307s] -- Installing: /home/nicks1811/muas_ros_workspace/install/yolo_msgs/include/yolo_msgs/yolo_msgs/msg/detail/detection_array__rosidl_typesupport_fastrtps_cpp.hpp
[11.307s] -- Installing: /home/nicks1811/muas_ros_workspace/install/yolo_msgs/include/yolo_msgs/yolo_msgs/msg/detail/key_point3_d__rosidl_typesupport_fastrtps_cpp.hpp
[11.307s] -- Installing: /home/nicks1811/muas_ros_workspace/install/yolo_msgs/include/yolo_msgs/yolo_msgs/msg/detail/dds_fastrtps
[11.307s] -- Installing: /home/nicks1811/muas_ros_workspace/install/yolo_msgs/lib/libyolo_msgs__rosidl_typesupport_fastrtps_cpp.so
[11.307s] -- Set runtime path of "/home/nicks1811/muas_ros_workspace/install/yolo_msgs/lib/libyolo_msgs__rosidl_typesupport_fastrtps_cpp.so" to ""
[11.307s] -- Up-to-date: /home/nicks1811/muas_ros_workspace/install/yolo_msgs/include/yolo_msgs/yolo_msgs
[11.307s] -- Up-to-date: /home/nicks1811/muas_ros_workspace/install/yolo_msgs/include/yolo_msgs/yolo_msgs/srv
[11.307s] -- Up-to-date: /home/nicks1811/muas_ros_workspace/install/yolo_msgs/include/yolo_msgs/yolo_msgs/srv/detail
[11.307s] -- Installing: /home/nicks1811/muas_ros_workspace/install/yolo_msgs/include/yolo_msgs/yolo_msgs/srv/detail/set_classes__rosidl_typesupport_introspection_cpp.hpp
[11.307s] -- Installing: /home/nicks1811/muas_ros_workspace/install/yolo_msgs/include/yolo_msgs/yolo_msgs/srv/detail/set_classes__type_support.cpp
[11.307s] -- Up-to-date: /home/nicks1811/muas_ros_workspace/install/yolo_msgs/include/yolo_msgs/yolo_msgs/msg
[11.307s] -- Up-to-date: /home/nicks1811/muas_ros_workspace/install/yolo_msgs/include/yolo_msgs/yolo_msgs/msg/detail
[11.307s] -- Installing: /home/nicks1811/muas_ros_workspace/install/yolo_msgs/include/yolo_msgs/yolo_msgs/msg/detail/mask__rosidl_typesupport_introspection_cpp.hpp
[11.307s] -- Installing: /home/nicks1811/muas_ros_workspace/install/yolo_msgs/include/yolo_msgs/yolo_msgs/msg/detail/pose2_d__rosidl_typesupport_introspection_cpp.hpp
[11.307s] -- Installing: /home/nicks1811/muas_ros_workspace/install/yolo_msgs/include/yolo_msgs/yolo_msgs/msg/detail/point2_d__rosidl_typesupport_introspection_cpp.hpp
[11.307s] -- Installing: /home/nicks1811/muas_ros_workspace/install/yolo_msgs/include/yolo_msgs/yolo_msgs/msg/detail/key_point3_d__type_support.cpp
[11.307s] -- Installing: /home/nicks1811/muas_ros_workspace/install/yolo_msgs/include/yolo_msgs/yolo_msgs/msg/detail/vector2__type_support.cpp
[11.307s] -- Installing: /home/nicks1811/muas_ros_workspace/install/yolo_msgs/include/yolo_msgs/yolo_msgs/msg/detail/key_point2_d__type_support.cpp
[11.307s] -- Installing: /home/nicks1811/muas_ros_workspace/install/yolo_msgs/include/yolo_msgs/yolo_msgs/msg/detail/detection_array__type_support.cpp
[11.307s] -- Installing: /home/nicks1811/muas_ros_workspace/install/yolo_msgs/include/yolo_msgs/yolo_msgs/msg/detail/pose2_d__type_support.cpp
[11.307s] -- Installing: /home/nicks1811/muas_ros_workspace/install/yolo_msgs/include/yolo_msgs/yolo_msgs/msg/detail/key_point3_d_array__rosidl_typesupport_introspection_cpp.hpp
[11.307s] -- Installing: /home/nicks1811/muas_ros_workspace/install/yolo_msgs/include/yolo_msgs/yolo_msgs/msg/detail/bounding_box2_d__type_support.cpp
[11.307s] -- Installing: /home/nicks1811/muas_ros_workspace/install/yolo_msgs/include/yolo_msgs/yolo_msgs/msg/detail/mask__type_support.cpp
[11.307s] -- Installing: /home/nicks1811/muas_ros_workspace/install/yolo_msgs/include/yolo_msgs/yolo_msgs/msg/detail/key_point2_d_array__type_support.cpp
[11.307s] -- Installing: /home/nicks1811/muas_ros_workspace/install/yolo_msgs/include/yolo_msgs/yolo_msgs/msg/detail/point2_d__type_support.cpp
[11.308s] -- Installing: /home/nicks1811/muas_ros_workspace/install/yolo_msgs/include/yolo_msgs/yolo_msgs/msg/detail/bounding_box3_d__type_support.cpp
[11.308s] -- Installing: /home/nicks1811/muas_ros_workspace/install/yolo_msgs/include/yolo_msgs/yolo_msgs/msg/detail/key_point2_d_array__rosidl_typesupport_introspection_cpp.hpp
[11.308s] -- Installing: /home/nicks1811/muas_ros_workspace/install/yolo_msgs/include/yolo_msgs/yolo_msgs/msg/detail/bounding_box3_d__rosidl_typesupport_introspection_cpp.hpp
[11.308s] -- Installing: /home/nicks1811/muas_ros_workspace/install/yolo_msgs/include/yolo_msgs/yolo_msgs/msg/detail/detection_array__rosidl_typesupport_introspection_cpp.hpp
[11.308s] -- Installing: /home/nicks1811/muas_ros_workspace/install/yolo_msgs/include/yolo_msgs/yolo_msgs/msg/detail/detection__type_support.cpp
[11.308s] -- Installing: /home/nicks1811/muas_ros_workspace/install/yolo_msgs/include/yolo_msgs/yolo_msgs/msg/detail/vector2__rosidl_typesupport_introspection_cpp.hpp
[11.308s] -- Installing: /home/nicks1811/muas_ros_workspace/install/yolo_msgs/include/yolo_msgs/yolo_msgs/msg/detail/key_point3_d__rosidl_typesupport_introspection_cpp.hpp
[11.308s] -- Installing: /home/nicks1811/muas_ros_workspace/install/yolo_msgs/include/yolo_msgs/yolo_msgs/msg/detail/bounding_box2_d__rosidl_typesupport_introspection_cpp.hpp
[11.308s] -- Installing: /home/nicks1811/muas_ros_workspace/install/yolo_msgs/include/yolo_msgs/yolo_msgs/msg/detail/key_point3_d_array__type_support.cpp
[11.308s] -- Installing: /home/nicks1811/muas_ros_workspace/install/yolo_msgs/include/yolo_msgs/yolo_msgs/msg/detail/detection__rosidl_typesupport_introspection_cpp.hpp
[11.308s] -- Installing: /home/nicks1811/muas_ros_workspace/install/yolo_msgs/include/yolo_msgs/yolo_msgs/msg/detail/key_point2_d__rosidl_typesupport_introspection_cpp.hpp
[11.308s] -- Installing: /home/nicks1811/muas_ros_workspace/install/yolo_msgs/lib/libyolo_msgs__rosidl_typesupport_introspection_cpp.so
[11.308s] -- Set runtime path of "/home/nicks1811/muas_ros_workspace/install/yolo_msgs/lib/libyolo_msgs__rosidl_typesupport_introspection_cpp.so" to ""
[11.308s] -- Installing: /home/nicks1811/muas_ros_workspace/install/yolo_msgs/lib/libyolo_msgs__rosidl_typesupport_cpp.so
[11.308s] -- Set runtime path of "/home/nicks1811/muas_ros_workspace/install/yolo_msgs/lib/libyolo_msgs__rosidl_typesupport_cpp.so" to ""
[11.308s] -- Installing: /home/nicks1811/muas_ros_workspace/install/yolo_msgs/share/yolo_msgs/environment/pythonpath.sh
[11.308s] -- Installing: /home/nicks1811/muas_ros_workspace/install/yolo_msgs/share/yolo_msgs/environment/pythonpath.dsv
[11.308s] -- Installing: /home/nicks1811/muas_ros_workspace/install/yolo_msgs/local/lib/python3.10/dist-packages/yolo_msgs-4.3.1-py3.10.egg-info
[11.308s] -- Installing: /home/nicks1811/muas_ros_workspace/install/yolo_msgs/local/lib/python3.10/dist-packages/yolo_msgs-4.3.1-py3.10.egg-info/PKG-INFO
[11.308s] -- Installing: /home/nicks1811/muas_ros_workspace/install/yolo_msgs/local/lib/python3.10/dist-packages/yolo_msgs-4.3.1-py3.10.egg-info/top_level.txt
[11.308s] -- Installing: /home/nicks1811/muas_ros_workspace/install/yolo_msgs/local/lib/python3.10/dist-packages/yolo_msgs-4.3.1-py3.10.egg-info/dependency_links.txt
[11.308s] -- Installing: /home/nicks1811/muas_ros_workspace/install/yolo_msgs/local/lib/python3.10/dist-packages/yolo_msgs-4.3.1-py3.10.egg-info/SOURCES.txt
[11.308s] -- Installing: /home/nicks1811/muas_ros_workspace/install/yolo_msgs/local/lib/python3.10/dist-packages/yolo_msgs
[11.308s] -- Installing: /home/nicks1811/muas_ros_workspace/install/yolo_msgs/local/lib/python3.10/dist-packages/yolo_msgs/_yolo_msgs_s.ep.rosidl_typesupport_c.c
[11.308s] -- Installing: /home/nicks1811/muas_ros_workspace/install/yolo_msgs/local/lib/python3.10/dist-packages/yolo_msgs/yolo_msgs_s__rosidl_typesupport_introspection_c.cpython-310-x86_64-linux-gnu.so
[11.309s] -- Installing: /home/nicks1811/muas_ros_workspace/install/yolo_msgs/local/lib/python3.10/dist-packages/yolo_msgs/libyolo_msgs__rosidl_generator_py.so
[11.309s] -- Installing: /home/nicks1811/muas_ros_workspace/install/yolo_msgs/local/lib/python3.10/dist-packages/yolo_msgs/_yolo_msgs_s.ep.rosidl_typesupport_introspection_c.c
[11.309s] -- Installing: /home/nicks1811/muas_ros_workspace/install/yolo_msgs/local/lib/python3.10/dist-packages/yolo_msgs/__init__.py
[11.309s] -- Installing: /home/nicks1811/muas_ros_workspace/install/yolo_msgs/local/lib/python3.10/dist-packages/yolo_msgs/yolo_msgs_s__rosidl_typesupport_c.cpython-310-x86_64-linux-gnu.so
[11.309s] -- Installing: /home/nicks1811/muas_ros_workspace/install/yolo_msgs/local/lib/python3.10/dist-packages/yolo_msgs/_yolo_msgs_s.ep.rosidl_typesupport_fastrtps_c.c
[11.309s] -- Installing: /home/nicks1811/muas_ros_workspace/install/yolo_msgs/local/lib/python3.10/dist-packages/yolo_msgs/srv
[11.309s] -- Installing: /home/nicks1811/muas_ros_workspace/install/yolo_msgs/local/lib/python3.10/dist-packages/yolo_msgs/srv/_set_classes.py
[11.309s] -- Installing: /home/nicks1811/muas_ros_workspace/install/yolo_msgs/local/lib/python3.10/dist-packages/yolo_msgs/srv/__init__.py
[11.309s] -- Installing: /home/nicks1811/muas_ros_workspace/install/yolo_msgs/local/lib/python3.10/dist-packages/yolo_msgs/srv/_set_classes_s.c
[11.309s] -- Installing: /home/nicks1811/muas_ros_workspace/install/yolo_msgs/local/lib/python3.10/dist-packages/yolo_msgs/msg
[11.309s] -- Installing: /home/nicks1811/muas_ros_workspace/install/yolo_msgs/local/lib/python3.10/dist-packages/yolo_msgs/msg/_vector2.py
[11.309s] -- Installing: /home/nicks1811/muas_ros_workspace/install/yolo_msgs/local/lib/python3.10/dist-packages/yolo_msgs/msg/_mask_s.c
[11.309s] -- Installing: /home/nicks1811/muas_ros_workspace/install/yolo_msgs/local/lib/python3.10/dist-packages/yolo_msgs/msg/_key_point2_d_array_s.c
[11.309s] -- Installing: /home/nicks1811/muas_ros_workspace/install/yolo_msgs/local/lib/python3.10/dist-packages/yolo_msgs/msg/_bounding_box2_d_s.c
[11.309s] -- Installing: /home/nicks1811/muas_ros_workspace/install/yolo_msgs/local/lib/python3.10/dist-packages/yolo_msgs/msg/_key_point3_d.py
[11.309s] -- Installing: /home/nicks1811/muas_ros_workspace/install/yolo_msgs/local/lib/python3.10/dist-packages/yolo_msgs/msg/_key_point2_d.py
[11.309s] -- Installing: /home/nicks1811/muas_ros_workspace/install/yolo_msgs/local/lib/python3.10/dist-packages/yolo_msgs/msg/_mask.py
[11.309s] -- Installing: /home/nicks1811/muas_ros_workspace/install/yolo_msgs/local/lib/python3.10/dist-packages/yolo_msgs/msg/_key_point2_d_array.py
[11.309s] -- Installing: /home/nicks1811/muas_ros_workspace/install/yolo_msgs/local/lib/python3.10/dist-packages/yolo_msgs/msg/_bounding_box3_d.py
[11.309s] -- Installing: /home/nicks1811/muas_ros_workspace/install/yolo_msgs/local/lib/python3.10/dist-packages/yolo_msgs/msg/_key_point3_d_array_s.c
[11.309s] -- Installing: /home/nicks1811/muas_ros_workspace/install/yolo_msgs/local/lib/python3.10/dist-packages/yolo_msgs/msg/_detection_array.py
[11.309s] -- Installing: /home/nicks1811/muas_ros_workspace/install/yolo_msgs/local/lib/python3.10/dist-packages/yolo_msgs/msg/_pose2_d_s.c
[11.309s] -- Installing: /home/nicks1811/muas_ros_workspace/install/yolo_msgs/local/lib/python3.10/dist-packages/yolo_msgs/msg/_bounding_box3_d_s.c
[11.309s] -- Installing: /home/nicks1811/muas_ros_workspace/install/yolo_msgs/local/lib/python3.10/dist-packages/yolo_msgs/msg/_key_point3_d_s.c
[11.309s] -- Installing: /home/nicks1811/muas_ros_workspace/install/yolo_msgs/local/lib/python3.10/dist-packages/yolo_msgs/msg/__init__.py
[11.310s] -- Installing: /home/nicks1811/muas_ros_workspace/install/yolo_msgs/local/lib/python3.10/dist-packages/yolo_msgs/msg/_detection.py
[11.310s] -- Installing: /home/nicks1811/muas_ros_workspace/install/yolo_msgs/local/lib/python3.10/dist-packages/yolo_msgs/msg/_bounding_box2_d.py
[11.310s] -- Installing: /home/nicks1811/muas_ros_workspace/install/yolo_msgs/local/lib/python3.10/dist-packages/yolo_msgs/msg/_point2_d.py
[11.310s] -- Installing: /home/nicks1811/muas_ros_workspace/install/yolo_msgs/local/lib/python3.10/dist-packages/yolo_msgs/msg/_key_point2_d_s.c
[11.310s] -- Installing: /home/nicks1811/muas_ros_workspace/install/yolo_msgs/local/lib/python3.10/dist-packages/yolo_msgs/msg/_detection_s.c
[11.310s] -- Installing: /home/nicks1811/muas_ros_workspace/install/yolo_msgs/local/lib/python3.10/dist-packages/yolo_msgs/msg/_vector2_s.c
[11.310s] -- Installing: /home/nicks1811/muas_ros_workspace/install/yolo_msgs/local/lib/python3.10/dist-packages/yolo_msgs/msg/_key_point3_d_array.py
[11.310s] -- Installing: /home/nicks1811/muas_ros_workspace/install/yolo_msgs/local/lib/python3.10/dist-packages/yolo_msgs/msg/_pose2_d.py
[11.310s] -- Installing: /home/nicks1811/muas_ros_workspace/install/yolo_msgs/local/lib/python3.10/dist-packages/yolo_msgs/msg/_point2_d_s.c
[11.310s] -- Installing: /home/nicks1811/muas_ros_workspace/install/yolo_msgs/local/lib/python3.10/dist-packages/yolo_msgs/msg/_detection_array_s.c
[11.310s] -- Installing: /home/nicks1811/muas_ros_workspace/install/yolo_msgs/local/lib/python3.10/dist-packages/yolo_msgs/yolo_msgs_s__rosidl_typesupport_fastrtps_c.cpython-310-x86_64-linux-gnu.so
[11.350s] Listing '/home/nicks1811/muas_ros_workspace/install/yolo_msgs/local/lib/python3.10/dist-packages/yolo_msgs'...
[11.350s] Compiling '/home/nicks1811/muas_ros_workspace/install/yolo_msgs/local/lib/python3.10/dist-packages/yolo_msgs/__init__.py'...
[11.350s] Listing '/home/nicks1811/muas_ros_workspace/install/yolo_msgs/local/lib/python3.10/dist-packages/yolo_msgs/msg'...
[11.350s] Compiling '/home/nicks1811/muas_ros_workspace/install/yolo_msgs/local/lib/python3.10/dist-packages/yolo_msgs/msg/__init__.py'...
[11.350s] Compiling '/home/nicks1811/muas_ros_workspace/install/yolo_msgs/local/lib/python3.10/dist-packages/yolo_msgs/msg/_bounding_box2_d.py'...
[11.350s] Compiling '/home/nicks1811/muas_ros_workspace/install/yolo_msgs/local/lib/python3.10/dist-packages/yolo_msgs/msg/_bounding_box3_d.py'...
[11.351s] Compiling '/home/nicks1811/muas_ros_workspace/install/yolo_msgs/local/lib/python3.10/dist-packages/yolo_msgs/msg/_detection.py'...
[11.351s] Compiling '/home/nicks1811/muas_ros_workspace/install/yolo_msgs/local/lib/python3.10/dist-packages/yolo_msgs/msg/_detection_array.py'...
[11.351s] Compiling '/home/nicks1811/muas_ros_workspace/install/yolo_msgs/local/lib/python3.10/dist-packages/yolo_msgs/msg/_key_point2_d.py'...
[11.351s] Compiling '/home/nicks1811/muas_ros_workspace/install/yolo_msgs/local/lib/python3.10/dist-packages/yolo_msgs/msg/_key_point2_d_array.py'...
[11.351s] Compiling '/home/nicks1811/muas_ros_workspace/install/yolo_msgs/local/lib/python3.10/dist-packages/yolo_msgs/msg/_key_point3_d.py'...
[11.351s] Compiling '/home/nicks1811/muas_ros_workspace/install/yolo_msgs/local/lib/python3.10/dist-packages/yolo_msgs/msg/_key_point3_d_array.py'...
[11.351s] Compiling '/home/nicks1811/muas_ros_workspace/install/yolo_msgs/local/lib/python3.10/dist-packages/yolo_msgs/msg/_mask.py'...
[11.351s] Compiling '/home/nicks1811/muas_ros_workspace/install/yolo_msgs/local/lib/python3.10/dist-packages/yolo_msgs/msg/_point2_d.py'...
[11.352s] Compiling '/home/nicks1811/muas_ros_workspace/install/yolo_msgs/local/lib/python3.10/dist-packages/yolo_msgs/msg/_pose2_d.py'...
[11.352s] Compiling '/home/nicks1811/muas_ros_workspace/install/yolo_msgs/local/lib/python3.10/dist-packages/yolo_msgs/msg/_vector2.py'...
[11.352s] Listing '/home/nicks1811/muas_ros_workspace/install/yolo_msgs/local/lib/python3.10/dist-packages/yolo_msgs/srv'...
[11.352s] Compiling '/home/nicks1811/muas_ros_workspace/install/yolo_msgs/local/lib/python3.10/dist-packages/yolo_msgs/srv/__init__.py'...
[11.352s] Compiling '/home/nicks1811/muas_ros_workspace/install/yolo_msgs/local/lib/python3.10/dist-packages/yolo_msgs/srv/_set_classes.py'...
[11.358s] -- Installing: /home/nicks1811/muas_ros_workspace/install/yolo_msgs/local/lib/python3.10/dist-packages/yolo_msgs/yolo_msgs_s__rosidl_typesupport_fastrtps_c.cpython-310-x86_64-linux-gnu.so
[11.358s] -- Set runtime path of "/home/nicks1811/muas_ros_workspace/install/yolo_msgs/local/lib/python3.10/dist-packages/yolo_msgs/yolo_msgs_s__rosidl_typesupport_fastrtps_c.cpython-310-x86_64-linux-gnu.so" to ""
[11.358s] -- Installing: /home/nicks1811/muas_ros_workspace/install/yolo_msgs/local/lib/python3.10/dist-packages/yolo_msgs/yolo_msgs_s__rosidl_typesupport_introspection_c.cpython-310-x86_64-linux-gnu.so
[11.359s] -- Set runtime path of "/home/nicks1811/muas_ros_workspace/install/yolo_msgs/local/lib/python3.10/dist-packages/yolo_msgs/yolo_msgs_s__rosidl_typesupport_introspection_c.cpython-310-x86_64-linux-gnu.so" to ""
[11.359s] -- Installing: /home/nicks1811/muas_ros_workspace/install/yolo_msgs/local/lib/python3.10/dist-packages/yolo_msgs/yolo_msgs_s__rosidl_typesupport_c.cpython-310-x86_64-linux-gnu.so
[11.359s] -- Set runtime path of "/home/nicks1811/muas_ros_workspace/install/yolo_msgs/local/lib/python3.10/dist-packages/yolo_msgs/yolo_msgs_s__rosidl_typesupport_c.cpython-310-x86_64-linux-gnu.so" to ""
[11.360s] -- Installing: /home/nicks1811/muas_ros_workspace/install/yolo_msgs/lib/libyolo_msgs__rosidl_generator_py.so
[11.360s] -- Set runtime path of "/home/nicks1811/muas_ros_workspace/install/yolo_msgs/lib/libyolo_msgs__rosidl_generator_py.so" to ""
[11.360s] -- Installing: /home/nicks1811/muas_ros_workspace/install/yolo_msgs/share/yolo_msgs/msg/Point2D.idl
[11.360s] -- Installing: /home/nicks1811/muas_ros_workspace/install/yolo_msgs/share/yolo_msgs/msg/Vector2.idl
[11.361s] -- Installing: /home/nicks1811/muas_ros_workspace/install/yolo_msgs/share/yolo_msgs/msg/Pose2D.idl
[11.361s] -- Installing: /home/nicks1811/muas_ros_workspace/install/yolo_msgs/share/yolo_msgs/msg/BoundingBox2D.idl
[11.361s] -- Installing: /home/nicks1811/muas_ros_workspace/install/yolo_msgs/share/yolo_msgs/msg/BoundingBox3D.idl
[11.362s] -- Installing: /home/nicks1811/muas_ros_workspace/install/yolo_msgs/share/yolo_msgs/msg/Mask.idl
[11.362s] -- Installing: /home/nicks1811/muas_ros_workspace/install/yolo_msgs/share/yolo_msgs/msg/KeyPoint2D.idl
[11.363s] -- Installing: /home/nicks1811/muas_ros_workspace/install/yolo_msgs/share/yolo_msgs/msg/KeyPoint2DArray.idl
[11.363s] -- Installing: /home/nicks1811/muas_ros_workspace/install/yolo_msgs/share/yolo_msgs/msg/KeyPoint3D.idl
[11.363s] -- Installing: /home/nicks1811/muas_ros_workspace/install/yolo_msgs/share/yolo_msgs/msg/KeyPoint3DArray.idl
[11.363s] -- Installing: /home/nicks1811/muas_ros_workspace/install/yolo_msgs/share/yolo_msgs/msg/Detection.idl
[11.364s] -- Installing: /home/nicks1811/muas_ros_workspace/install/yolo_msgs/share/yolo_msgs/msg/DetectionArray.idl
[11.364s] -- Installing: /home/nicks1811/muas_ros_workspace/install/yolo_msgs/share/yolo_msgs/srv/SetClasses.idl
[11.364s] -- Installing: /home/nicks1811/muas_ros_workspace/install/yolo_msgs/share/yolo_msgs/msg/Point2D.msg
[11.365s] -- Installing: /home/nicks1811/muas_ros_workspace/install/yolo_msgs/share/yolo_msgs/msg/Vector2.msg
[11.365s] -- Installing: /home/nicks1811/muas_ros_workspace/install/yolo_msgs/share/yolo_msgs/msg/Pose2D.msg
[11.365s] -- Installing: /home/nicks1811/muas_ros_workspace/install/yolo_msgs/share/yolo_msgs/msg/BoundingBox2D.msg
[11.365s] -- Installing: /home/nicks1811/muas_ros_workspace/install/yolo_msgs/share/yolo_msgs/msg/BoundingBox3D.msg
[11.366s] -- Installing: /home/nicks1811/muas_ros_workspace/install/yolo_msgs/share/yolo_msgs/msg/Mask.msg
[11.366s] -- Installing: /home/nicks1811/muas_ros_workspace/install/yolo_msgs/share/yolo_msgs/msg/KeyPoint2D.msg
[11.366s] -- Installing: /home/nicks1811/muas_ros_workspace/install/yolo_msgs/share/yolo_msgs/msg/KeyPoint2DArray.msg
[11.367s] -- Installing: /home/nicks1811/muas_ros_workspace/install/yolo_msgs/share/yolo_msgs/msg/KeyPoint3D.msg
[11.367s] -- Installing: /home/nicks1811/muas_ros_workspace/install/yolo_msgs/share/yolo_msgs/msg/KeyPoint3DArray.msg
[11.367s] -- Installing: /home/nicks1811/muas_ros_workspace/install/yolo_msgs/share/yolo_msgs/msg/Detection.msg
[11.368s] -- Installing: /home/nicks1811/muas_ros_workspace/install/yolo_msgs/share/yolo_msgs/msg/DetectionArray.msg
[11.368s] -- Installing: /home/nicks1811/muas_ros_workspace/install/yolo_msgs/share/yolo_msgs/srv/SetClasses.srv
[11.368s] -- Installing: /home/nicks1811/muas_ros_workspace/install/yolo_msgs/share/yolo_msgs/srv/SetClasses_Request.msg
[11.368s] -- Installing: /home/nicks1811/muas_ros_workspace/install/yolo_msgs/share/yolo_msgs/srv/SetClasses_Response.msg
[11.368s] -- Installing: /home/nicks1811/muas_ros_workspace/install/yolo_msgs/share/ament_index/resource_index/package_run_dependencies/yolo_msgs
[11.368s] -- Installing: /home/nicks1811/muas_ros_workspace/install/yolo_msgs/share/ament_index/resource_index/parent_prefix_path/yolo_msgs
[11.369s] -- Installing: /home/nicks1811/muas_ros_workspace/install/yolo_msgs/share/yolo_msgs/environment/ament_prefix_path.sh
[11.369s] -- Installing: /home/nicks1811/muas_ros_workspace/install/yolo_msgs/share/yolo_msgs/environment/ament_prefix_path.dsv
[11.370s] -- Installing: /home/nicks1811/muas_ros_workspace/install/yolo_msgs/share/yolo_msgs/environment/path.sh
[11.370s] -- Installing: /home/nicks1811/muas_ros_workspace/install/yolo_msgs/share/yolo_msgs/environment/path.dsv
[11.370s] -- Installing: /home/nicks1811/muas_ros_workspace/install/yolo_msgs/share/yolo_msgs/local_setup.bash
[11.370s] -- Installing: /home/nicks1811/muas_ros_workspace/install/yolo_msgs/share/yolo_msgs/local_setup.sh
[11.370s] -- Installing: /home/nicks1811/muas_ros_workspace/install/yolo_msgs/share/yolo_msgs/local_setup.zsh
[11.371s] -- Installing: /home/nicks1811/muas_ros_workspace/install/yolo_msgs/share/yolo_msgs/local_setup.dsv
[11.371s] -- Installing: /home/nicks1811/muas_ros_workspace/install/yolo_msgs/share/yolo_msgs/package.dsv
[11.371s] -- Installing: /home/nicks1811/muas_ros_workspace/install/yolo_msgs/share/ament_index/resource_index/packages/yolo_msgs
[11.372s] -- Installing: /home/nicks1811/muas_ros_workspace/install/yolo_msgs/share/yolo_msgs/cmake/export_yolo_msgs__rosidl_generator_cExport.cmake
[11.372s] -- Installing: /home/nicks1811/muas_ros_workspace/install/yolo_msgs/share/yolo_msgs/cmake/export_yolo_msgs__rosidl_generator_cExport-noconfig.cmake
[11.372s] -- Installing: /home/nicks1811/muas_ros_workspace/install/yolo_msgs/share/yolo_msgs/cmake/export_yolo_msgs__rosidl_typesupport_fastrtps_cExport.cmake
[11.372s] -- Installing: /home/nicks1811/muas_ros_workspace/install/yolo_msgs/share/yolo_msgs/cmake/export_yolo_msgs__rosidl_typesupport_fastrtps_cExport-noconfig.cmake
[11.373s] -- Installing: /home/nicks1811/muas_ros_workspace/install/yolo_msgs/share/yolo_msgs/cmake/yolo_msgs__rosidl_typesupport_introspection_cExport.cmake
[11.374s] -- Installing: /home/nicks1811/muas_ros_workspace/install/yolo_msgs/share/yolo_msgs/cmake/yolo_msgs__rosidl_typesupport_introspection_cExport-noconfig.cmake
[11.375s] -- Installing: /home/nicks1811/muas_ros_workspace/install/yolo_msgs/share/yolo_msgs/cmake/yolo_msgs__rosidl_typesupport_cExport.cmake
[11.375s] -- Installing: /home/nicks1811/muas_ros_workspace/install/yolo_msgs/share/yolo_msgs/cmake/yolo_msgs__rosidl_typesupport_cExport-noconfig.cmake
[11.375s] -- Installing: /home/nicks1811/muas_ros_workspace/install/yolo_msgs/share/yolo_msgs/cmake/export_yolo_msgs__rosidl_generator_cppExport.cmake
[11.376s] -- Installing: /home/nicks1811/muas_ros_workspace/install/yolo_msgs/share/yolo_msgs/cmake/export_yolo_msgs__rosidl_typesupport_fastrtps_cppExport.cmake
[11.376s] -- Installing: /home/nicks1811/muas_ros_workspace/install/yolo_msgs/share/yolo_msgs/cmake/export_yolo_msgs__rosidl_typesupport_fastrtps_cppExport-noconfig.cmake
[11.377s] -- Installing: /home/nicks1811/muas_ros_workspace/install/yolo_msgs/share/yolo_msgs/cmake/yolo_msgs__rosidl_typesupport_introspection_cppExport.cmake
[11.377s] -- Installing: /home/nicks1811/muas_ros_workspace/install/yolo_msgs/share/yolo_msgs/cmake/yolo_msgs__rosidl_typesupport_introspection_cppExport-noconfig.cmake
[11.377s] -- Installing: /home/nicks1811/muas_ros_workspace/install/yolo_msgs/share/yolo_msgs/cmake/yolo_msgs__rosidl_typesupport_cppExport.cmake
[11.378s] -- Installing: /home/nicks1811/muas_ros_workspace/install/yolo_msgs/share/yolo_msgs/cmake/yolo_msgs__rosidl_typesupport_cppExport-noconfig.cmake
[11.378s] -- Installing: /home/nicks1811/muas_ros_workspace/install/yolo_msgs/share/yolo_msgs/cmake/export_yolo_msgs__rosidl_generator_pyExport.cmake
[11.378s] -- Installing: /home/nicks1811/muas_ros_workspace/install/yolo_msgs/share/yolo_msgs/cmake/export_yolo_msgs__rosidl_generator_pyExport-noconfig.cmake
[11.379s] -- Installing: /home/nicks1811/muas_ros_workspace/install/yolo_msgs/share/yolo_msgs/cmake/rosidl_cmake-extras.cmake
[11.379s] -- Installing: /home/nicks1811/muas_ros_workspace/install/yolo_msgs/share/yolo_msgs/cmake/ament_cmake_export_dependencies-extras.cmake
[11.379s] -- Installing: /home/nicks1811/muas_ros_workspace/install/yolo_msgs/share/yolo_msgs/cmake/ament_cmake_export_include_directories-extras.cmake
[11.379s] -- Installing: /home/nicks1811/muas_ros_workspace/install/yolo_msgs/share/yolo_msgs/cmake/ament_cmake_export_libraries-extras.cmake
[11.379s] -- Installing: /home/nicks1811/muas_ros_workspace/install/yolo_msgs/share/yolo_msgs/cmake/ament_cmake_export_targets-extras.cmake
[11.380s] -- Installing: /home/nicks1811/muas_ros_workspace/install/yolo_msgs/share/yolo_msgs/cmake/rosidl_cmake_export_typesupport_targets-extras.cmake
[11.380s] -- Installing: /home/nicks1811/muas_ros_workspace/install/yolo_msgs/share/yolo_msgs/cmake/rosidl_cmake_export_typesupport_libraries-extras.cmake
[11.380s] -- Installing: /home/nicks1811/muas_ros_workspace/install/yolo_msgs/share/yolo_msgs/cmake/yolo_msgsConfig.cmake
[11.380s] -- Installing: /home/nicks1811/muas_ros_workspace/install/yolo_msgs/share/yolo_msgs/cmake/yolo_msgsConfig-version.cmake
[11.380s] -- Installing: /home/nicks1811/muas_ros_workspace/install/yolo_msgs/share/yolo_msgs/package.xml
[11.380s] Invoked command in '/home/nicks1811/muas_ros_workspace/build/yolo_msgs' returned '0': CMAKE_PREFIX_PATH=/home/nicks1811/muas_ros_workspace/install/vision_pkg:/home/nicks1811/muas_ros_workspace/install/gnc_trajectory:/opt/ros/humble:/home/nicks1811/muas_ros_workspace/install/gnc_msgs /usr/bin/cmake --install /home/nicks1811/muas_ros_workspace/build/yolo_msgs
