[0.184s] Invoking command in '/home/nicks1811/muas_ros_workspace/build/yolo_bringup': AMENT_PREFIX_PATH=/home/nicks1811/muas_ros_workspace/install/yolo_ros:/home/nicks1811/muas_ros_workspace/install/yolo_msgs:${AMENT_PREFIX_PATH} CMAKE_PREFIX_PATH=/home/nicks1811/muas_ros_workspace/install/yolo_msgs:/home/nicks1811/muas_ros_workspace/install/vision_pkg:/home/nicks1811/muas_ros_workspace/install/gnc_trajectory:/opt/ros/humble:/home/nicks1811/muas_ros_workspace/install/gnc_msgs LD_LIBRARY_PATH=/home/nicks1811/muas_ros_workspace/install/yolo_msgs/lib:${LD_LIBRARY_PATH} PYTHONPATH=/home/nicks1811/muas_ros_workspace/install/yolo_ros/lib/python3.10/site-packages:/home/nicks1811/muas_ros_workspace/install/yolo_msgs/local/lib/python3.10/dist-packages:${PYTHONPATH} /usr/bin/cmake /home/nicks1811/muas_ros_workspace/src/yolo_ros/yolo_bringup -DCMAKE_INSTALL_PREFIX=/home/nicks1811/muas_ros_workspace/install/yolo_bringup
[0.308s] -- The C compiler identification is GNU 11.4.0
[0.752s] -- The CXX compiler identification is GNU 11.4.0
[1.081s] -- Detecting C compiler ABI info
[1.195s] -- Detecting C compiler ABI info - done
[1.199s] -- Check for working C compiler: /usr/bin/cc - skipped
[1.199s] -- Detecting C compile features
[1.200s] -- Detecting C compile features - done
[1.201s] -- Detecting CXX compiler ABI info
[1.323s] -- Detecting CXX compiler ABI info - done
[1.327s] -- Check for working CXX compiler: /usr/bin/c++ - skipped
[1.327s] -- Detecting CXX compile features
[1.328s] -- Detecting CXX compile features - done
[1.329s] -- Found ament_cmake: 1.3.12 (/opt/ros/humble/share/ament_cmake/cmake)
[1.565s] -- Found Python3: /usr/bin/python3 (found version "3.10.12") found components: Interpreter 
[1.662s] -- Configuring done
[1.664s] -- Generating done
[1.666s] -- Build files have been written to: /home/nicks1811/muas_ros_workspace/build/yolo_bringup
[1.668s] Invoked command in '/home/nicks1811/muas_ros_workspace/build/yolo_bringup' returned '0': AMENT_PREFIX_PATH=/home/nicks1811/muas_ros_workspace/install/yolo_ros:/home/nicks1811/muas_ros_workspace/install/yolo_msgs:${AMENT_PREFIX_PATH} CMAKE_PREFIX_PATH=/home/nicks1811/muas_ros_workspace/install/yolo_msgs:/home/nicks1811/muas_ros_workspace/install/vision_pkg:/home/nicks1811/muas_ros_workspace/install/gnc_trajectory:/opt/ros/humble:/home/nicks1811/muas_ros_workspace/install/gnc_msgs LD_LIBRARY_PATH=/home/nicks1811/muas_ros_workspace/install/yolo_msgs/lib:${LD_LIBRARY_PATH} PYTHONPATH=/home/nicks1811/muas_ros_workspace/install/yolo_ros/lib/python3.10/site-packages:/home/nicks1811/muas_ros_workspace/install/yolo_msgs/local/lib/python3.10/dist-packages:${PYTHONPATH} /usr/bin/cmake /home/nicks1811/muas_ros_workspace/src/yolo_ros/yolo_bringup -DCMAKE_INSTALL_PREFIX=/home/nicks1811/muas_ros_workspace/install/yolo_bringup
[1.670s] Invoking command in '/home/nicks1811/muas_ros_workspace/build/yolo_bringup': AMENT_PREFIX_PATH=/home/nicks1811/muas_ros_workspace/install/yolo_ros:/home/nicks1811/muas_ros_workspace/install/yolo_msgs:${AMENT_PREFIX_PATH} CMAKE_PREFIX_PATH=/home/nicks1811/muas_ros_workspace/install/yolo_msgs:/home/nicks1811/muas_ros_workspace/install/vision_pkg:/home/nicks1811/muas_ros_workspace/install/gnc_trajectory:/opt/ros/humble:/home/nicks1811/muas_ros_workspace/install/gnc_msgs LD_LIBRARY_PATH=/home/nicks1811/muas_ros_workspace/install/yolo_msgs/lib:${LD_LIBRARY_PATH} PYTHONPATH=/home/nicks1811/muas_ros_workspace/install/yolo_ros/lib/python3.10/site-packages:/home/nicks1811/muas_ros_workspace/install/yolo_msgs/local/lib/python3.10/dist-packages:${PYTHONPATH} /usr/bin/cmake --build /home/nicks1811/muas_ros_workspace/build/yolo_bringup -- -j12 -l12
[1.693s] Invoked command in '/home/nicks1811/muas_ros_workspace/build/yolo_bringup' returned '0': AMENT_PREFIX_PATH=/home/nicks1811/muas_ros_workspace/install/yolo_ros:/home/nicks1811/muas_ros_workspace/install/yolo_msgs:${AMENT_PREFIX_PATH} CMAKE_PREFIX_PATH=/home/nicks1811/muas_ros_workspace/install/yolo_msgs:/home/nicks1811/muas_ros_workspace/install/vision_pkg:/home/nicks1811/muas_ros_workspace/install/gnc_trajectory:/opt/ros/humble:/home/nicks1811/muas_ros_workspace/install/gnc_msgs LD_LIBRARY_PATH=/home/nicks1811/muas_ros_workspace/install/yolo_msgs/lib:${LD_LIBRARY_PATH} PYTHONPATH=/home/nicks1811/muas_ros_workspace/install/yolo_ros/lib/python3.10/site-packages:/home/nicks1811/muas_ros_workspace/install/yolo_msgs/local/lib/python3.10/dist-packages:${PYTHONPATH} /usr/bin/cmake --build /home/nicks1811/muas_ros_workspace/build/yolo_bringup -- -j12 -l12
[1.693s] Invoking command in '/home/nicks1811/muas_ros_workspace/build/yolo_bringup': AMENT_PREFIX_PATH=/home/nicks1811/muas_ros_workspace/install/yolo_ros:/home/nicks1811/muas_ros_workspace/install/yolo_msgs:${AMENT_PREFIX_PATH} CMAKE_PREFIX_PATH=/home/nicks1811/muas_ros_workspace/install/yolo_msgs:/home/nicks1811/muas_ros_workspace/install/vision_pkg:/home/nicks1811/muas_ros_workspace/install/gnc_trajectory:/opt/ros/humble:/home/nicks1811/muas_ros_workspace/install/gnc_msgs LD_LIBRARY_PATH=/home/nicks1811/muas_ros_workspace/install/yolo_msgs/lib:${LD_LIBRARY_PATH} PYTHONPATH=/home/nicks1811/muas_ros_workspace/install/yolo_ros/lib/python3.10/site-packages:/home/nicks1811/muas_ros_workspace/install/yolo_msgs/local/lib/python3.10/dist-packages:${PYTHONPATH} /usr/bin/cmake --install /home/nicks1811/muas_ros_workspace/build/yolo_bringup
[1.698s] -- Install configuration: ""
[1.698s] -- Installing: /home/nicks1811/muas_ros_workspace/install/yolo_bringup/share/yolo_bringup//launch
[1.698s] -- Installing: /home/nicks1811/muas_ros_workspace/install/yolo_bringup/share/yolo_bringup//launch/yolo-world.launch.py
[1.700s] -- Installing: /home/nicks1811/muas_ros_workspace/install/yolo_bringup/share/yolo_bringup//launch/yoloe.launch.py
[1.701s] -- Installing: /home/nicks1811/muas_ros_workspace/install/yolo_bringup/share/yolo_bringup//launch/yolov10.launch.py
[1.701s] -- Installing: /home/nicks1811/muas_ros_workspace/install/yolo_bringup/share/yolo_bringup//launch/yolov5.launch.py
[1.702s] -- Installing: /home/nicks1811/muas_ros_workspace/install/yolo_bringup/share/yolo_bringup//launch/yolov9.launch.py
[1.702s] -- Installing: /home/nicks1811/muas_ros_workspace/install/yolo_bringup/share/yolo_bringup//launch/yolov8.launch.py
[1.703s] -- Installing: /home/nicks1811/muas_ros_workspace/install/yolo_bringup/share/yolo_bringup//launch/yolov11.launch.py
[1.703s] -- Installing: /home/nicks1811/muas_ros_workspace/install/yolo_bringup/share/yolo_bringup//launch/yolo.launch.py
[1.703s] -- Installing: /home/nicks1811/muas_ros_workspace/install/yolo_bringup/share/yolo_bringup//launch/yolov12.launch.py
[1.704s] -- Installing: /home/nicks1811/muas_ros_workspace/install/yolo_bringup/share/ament_index/resource_index/package_run_dependencies/yolo_bringup
[1.704s] -- Installing: /home/nicks1811/muas_ros_workspace/install/yolo_bringup/share/ament_index/resource_index/parent_prefix_path/yolo_bringup
[1.704s] -- Installing: /home/nicks1811/muas_ros_workspace/install/yolo_bringup/share/yolo_bringup/environment/ament_prefix_path.sh
[1.705s] -- Installing: /home/nicks1811/muas_ros_workspace/install/yolo_bringup/share/yolo_bringup/environment/ament_prefix_path.dsv
[1.705s] -- Installing: /home/nicks1811/muas_ros_workspace/install/yolo_bringup/share/yolo_bringup/environment/path.sh
[1.705s] -- Installing: /home/nicks1811/muas_ros_workspace/install/yolo_bringup/share/yolo_bringup/environment/path.dsv
[1.705s] -- Installing: /home/nicks1811/muas_ros_workspace/install/yolo_bringup/share/yolo_bringup/local_setup.bash
[1.705s] -- Installing: /home/nicks1811/muas_ros_workspace/install/yolo_bringup/share/yolo_bringup/local_setup.sh
[1.705s] -- Installing: /home/nicks1811/muas_ros_workspace/install/yolo_bringup/share/yolo_bringup/local_setup.zsh
[1.705s] -- Installing: /home/nicks1811/muas_ros_workspace/install/yolo_bringup/share/yolo_bringup/local_setup.dsv
[1.706s] -- Installing: /home/nicks1811/muas_ros_workspace/install/yolo_bringup/share/yolo_bringup/package.dsv
[1.706s] -- Installing: /home/nicks1811/muas_ros_workspace/install/yolo_bringup/share/ament_index/resource_index/packages/yolo_bringup
[1.706s] -- Installing: /home/nicks1811/muas_ros_workspace/install/yolo_bringup/share/yolo_bringup/cmake/yolo_bringupConfig.cmake
[1.706s] -- Installing: /home/nicks1811/muas_ros_workspace/install/yolo_bringup/share/yolo_bringup/cmake/yolo_bringupConfig-version.cmake
[1.706s] -- Installing: /home/nicks1811/muas_ros_workspace/install/yolo_bringup/share/yolo_bringup/package.xml
[1.707s] Invoked command in '/home/nicks1811/muas_ros_workspace/build/yolo_bringup' returned '0': AMENT_PREFIX_PATH=/home/nicks1811/muas_ros_workspace/install/yolo_ros:/home/nicks1811/muas_ros_workspace/install/yolo_msgs:${AMENT_PREFIX_PATH} CMAKE_PREFIX_PATH=/home/nicks1811/muas_ros_workspace/install/yolo_msgs:/home/nicks1811/muas_ros_workspace/install/vision_pkg:/home/nicks1811/muas_ros_workspace/install/gnc_trajectory:/opt/ros/humble:/home/nicks1811/muas_ros_workspace/install/gnc_msgs LD_LIBRARY_PATH=/home/nicks1811/muas_ros_workspace/install/yolo_msgs/lib:${LD_LIBRARY_PATH} PYTHONPATH=/home/nicks1811/muas_ros_workspace/install/yolo_ros/lib/python3.10/site-packages:/home/nicks1811/muas_ros_workspace/install/yolo_msgs/local/lib/python3.10/dist-packages:${PYTHONPATH} /usr/bin/cmake --install /home/nicks1811/muas_ros_workspace/build/yolo_bringup
