[0.031s] Invoking command in '/home/nicks1811/muas_ros_workspace/build/vision_pkg': CMAKE_PREFIX_PATH=/opt/ros/humble /usr/bin/cmake /home/nicks1811/muas_ros_workspace/src/vision_pkg -DCMAKE_INSTALL_PREFIX=/home/nicks1811/muas_ros_workspace/install/vision_pkg
[0.624s] -- The C compiler identification is GNU 11.4.0
[1.254s] -- The CXX compiler identification is GNU 11.4.0
[1.457s] -- Detecting C compiler ABI info
[1.655s] -- Detecting C compiler ABI info - done
[1.665s] -- Check for working C compiler: /usr/bin/cc - skipped
[1.668s] -- Detecting C compile features
[1.670s] -- Detecting C compile features - done
[1.677s] -- Detecting CXX compiler ABI info
[1.884s] -- Detecting CXX compiler ABI info - done
[1.894s] -- Check for working CXX compiler: /usr/bin/c++ - skipped
[1.894s] -- Detecting CXX compile features
[1.895s] -- Detecting CXX compile features - done
[1.921s] -- Found ament_cmake: 1.3.12 (/opt/ros/humble/share/ament_cmake/cmake)
[2.467s] -- Found Python3: /usr/bin/python3 (found version "3.10.12") found components: Interpreter 
[2.627s] -- Found ament_lint_auto: 0.12.14 (/opt/ros/humble/share/ament_lint_auto/cmake)
[2.747s] -- Added test 'cppcheck' to perform static code analysis on C / C++ code
[2.747s] -- Configured cppcheck include dirs: $<BUILD_INTERFACE:/home/nicks1811/muas_ros_workspace/src/vision_pkg/include>
[2.747s] -- Configured cppcheck exclude dirs and/or files: 
[2.749s] -- Added test 'lint_cmake' to check CMake code style
[2.751s] -- Added test 'uncrustify' to check C / C++ code style
[2.751s] -- Configured uncrustify additional arguments: 
[2.752s] -- Added test 'xmllint' to check XML markup files
[2.756s] -- Configuring done
[2.763s] -- Generating done
[2.765s] -- Build files have been written to: /home/nicks1811/muas_ros_workspace/build/vision_pkg
[2.771s] Invoked command in '/home/nicks1811/muas_ros_workspace/build/vision_pkg' returned '0': CMAKE_PREFIX_PATH=/opt/ros/humble /usr/bin/cmake /home/nicks1811/muas_ros_workspace/src/vision_pkg -DCMAKE_INSTALL_PREFIX=/home/nicks1811/muas_ros_workspace/install/vision_pkg
[2.773s] Invoking command in '/home/nicks1811/muas_ros_workspace/build/vision_pkg': CMAKE_PREFIX_PATH=/opt/ros/humble /usr/bin/cmake --build /home/nicks1811/muas_ros_workspace/build/vision_pkg -- -j12 -l12
[2.824s] [ 50%] [32mBuilding CXX object CMakeFiles/my_node.dir/src/my_node.cpp.o[0m
[2.884s] [100%] [32m[1mLinking CXX executable my_node[0m
[3.046s] [100%] Built target my_node
[3.058s] Invoked command in '/home/nicks1811/muas_ros_workspace/build/vision_pkg' returned '0': CMAKE_PREFIX_PATH=/opt/ros/humble /usr/bin/cmake --build /home/nicks1811/muas_ros_workspace/build/vision_pkg -- -j12 -l12
[3.069s] Invoking command in '/home/nicks1811/muas_ros_workspace/build/vision_pkg': CMAKE_PREFIX_PATH=/opt/ros/humble /usr/bin/cmake --install /home/nicks1811/muas_ros_workspace/build/vision_pkg
[3.077s] -- Install configuration: ""
[3.078s] -- Installing: /home/nicks1811/muas_ros_workspace/install/vision_pkg/lib/vision_pkg/my_node
[3.079s] -- Installing: /home/nicks1811/muas_ros_workspace/install/vision_pkg/share/ament_index/resource_index/package_run_dependencies/vision_pkg
[3.079s] -- Installing: /home/nicks1811/muas_ros_workspace/install/vision_pkg/share/ament_index/resource_index/parent_prefix_path/vision_pkg
[3.080s] -- Installing: /home/nicks1811/muas_ros_workspace/install/vision_pkg/share/vision_pkg/environment/ament_prefix_path.sh
[3.080s] -- Installing: /home/nicks1811/muas_ros_workspace/install/vision_pkg/share/vision_pkg/environment/ament_prefix_path.dsv
[3.081s] -- Installing: /home/nicks1811/muas_ros_workspace/install/vision_pkg/share/vision_pkg/environment/path.sh
[3.081s] -- Installing: /home/nicks1811/muas_ros_workspace/install/vision_pkg/share/vision_pkg/environment/path.dsv
[3.081s] -- Installing: /home/nicks1811/muas_ros_workspace/install/vision_pkg/share/vision_pkg/local_setup.bash
[3.081s] -- Installing: /home/nicks1811/muas_ros_workspace/install/vision_pkg/share/vision_pkg/local_setup.sh
[3.081s] -- Installing: /home/nicks1811/muas_ros_workspace/install/vision_pkg/share/vision_pkg/local_setup.zsh
[3.082s] -- Installing: /home/nicks1811/muas_ros_workspace/install/vision_pkg/share/vision_pkg/local_setup.dsv
[3.082s] -- Installing: /home/nicks1811/muas_ros_workspace/install/vision_pkg/share/vision_pkg/package.dsv
[3.082s] -- Installing: /home/nicks1811/muas_ros_workspace/install/vision_pkg/share/ament_index/resource_index/packages/vision_pkg
[3.082s] -- Installing: /home/nicks1811/muas_ros_workspace/install/vision_pkg/share/vision_pkg/cmake/vision_pkgConfig.cmake
[3.083s] -- Installing: /home/nicks1811/muas_ros_workspace/install/vision_pkg/share/vision_pkg/cmake/vision_pkgConfig-version.cmake
[3.083s] -- Installing: /home/nicks1811/muas_ros_workspace/install/vision_pkg/share/vision_pkg/package.xml
[3.085s] Invoked command in '/home/nicks1811/muas_ros_workspace/build/vision_pkg' returned '0': CMAKE_PREFIX_PATH=/opt/ros/humble /usr/bin/cmake --install /home/nicks1811/muas_ros_workspace/build/vision_pkg
